[Simulation Monitor: 112]
[2024-10-26 12:39:31.423 +0200] [PROCESS] [cadence.virtuoso.ade.simulationMonitor] - Simulation Monitor has successfully started up. Trying to set up communication channels to other components ... {"hostname": "cae-europractice1.othr.de", "processid": 643175, "logfile": "/home/cae3/Desktop/ADC/ASIC_ADC/Cadence_sky/logs_cae3/logs0/Job112.log"}
[2024-10-26 12:39:31.424 +0200] [PROCESS] [cadence.virtuoso.ade.simulationMonitor] - Communication channels have been successfully set up. Start processing events ... {"hostname": "cae-europractice1.othr.de", "processid": 643175, "logfile": "/home/cae3/Desktop/ADC/ASIC_ADC/Cadence_sky/logs_cae3/logs0/Job112.log"}
[2024-10-26 12:39:31.424 +0200] [PROCESS] [cadence.virtuoso.ade.simulationMonitor] - Considering to start history {"hostname": "cae-europractice1.othr.de", "processid": 643175, "history": "ExplorerRun.0", "logfile": "/home/cae3/Desktop/ADC/ASIC_ADC/Cadence_sky/logs_cae3/logs0/Job112.log"}
[2024-10-26 12:39:31.427 +0200] [PROCESS] [cadence.virtuoso.ade.simulationMonitor] - HostInfo:
Host name (type):	cae-europractice1.othr.de (x86_64)
Operating system:	Linux 5.15.0-210.163.7.el8uek.x86_64 #2 SMP Tue Sep 10 18:31:09 PDT 2024 {"hostname": "cae-europractice1.othr.de", "processid": 643175, "history": "ExplorerRun.0", "logfile": "/home/cae3/Desktop/ADC/ASIC_ADC/Cadence_sky/logs_cae3/logs0/Job112.log", "nodename": "cae-europractice1.othr.de", "domainname": "(none)", "machine": "x86_64", "sysname": "Linux", "release": "5.15.0-210.163.7.el8uek.x86_64", "version": "#2 SMP Tue Sep 10 18:31:09 PDT 2024"}
[2024-10-26 12:39:31.427 +0200] [PROCESS] [cadence.virtuoso.ade.simulationMonitor] - UsageInfo:
pid=643175
totalPhysicalMemory=31.061058GB,Used=23.010269GB,totalVirtualMemory=31.061058GB,Used=23.010269GB
Cpu: Cores=16, Load average:0.370000,0.310000,0.320000 {"hostname": "cae-europractice1.othr.de", "processid": 643175, "history": "ExplorerRun.0", "logfile": "/home/cae3/Desktop/ADC/ASIC_ADC/Cadence_sky/logs_cae3/logs0/Job112.log", "pid": "643175", "totalPhysicalMemory": "31.061058", "physicalMemoryUsed": "23.010269", "totalVirtualMemory": "31.061058", "virtualMemoryUsed": "23.010269", "cpuCores": "16", "processes": "3147", "loadAverage1": "0.370000", "loadAverage5": "0.310000", "loadAverage15": "0.320000", "loadAverage1Percent": "0.023125"}
[2024-10-26 12:39:31.427 +0200] [EVENT] [cadence.virtuoso.ade.simulationMonitor] - NewPoint {"history": "ExplorerRun.0", "point": 1, "testname": "ADC_TB_single_1", "cornername": "Nominal", "event": "NewPoint", "EventSource": "Simulation Monitor", "HistoryName": "ExplorerRun.0", "logFile": "/home/cae3/Desktop/ADC/ASIC_ADC/Cadence_sky/logs_cae3/logs0/Job112.log", "logFileSize": "1592"}
[2024-10-26 12:39:31.530 +0200] [EVENT] [cadence.virtuoso.ade.simulationMonitor] - NewPoint {"history": "ExplorerRun.0", "point": 1, "testname": "ADC_TB_single_1", "cornername": "Nominal", "event": "NewPoint", "EventSource": "spectre", "HistoryName": "ExplorerRun.0", "logFile": "/home/cae3/simulation/ADC/TB_single/maestro/results/maestro/ExplorerRun.0/1/ADC_TB_single_1/psf/spectre.out", "logFileSize": "-1"}
[2024-10-26 12:39:31.546 +0200] [PROCESS] [cadence.virtuoso.ade.simulationMonitor] - Simulator launched {"hostname": "cae-europractice1.othr.de", "processid": 643175, "history": "ExplorerRun.0", "testname": "ADC_TB_single_1", "cornername": "Nominal", "point": 1, "logfile": "/home/cae3/Desktop/ADC/ASIC_ADC/Cadence_sky/logs_cae3/logs0/Job112.log", "simid": "1", "event": "launch", "category": "simulation"}
[2024-10-26 12:39:31.550 +0200] [PROCESS] [cadence.virtuoso.ade.simulationMonitor] - Expression evaluator launched {"hostname": "cae-europractice1.othr.de", "processid": 643175, "history": "ExplorerRun.0", "testname": "ADC_TB_single_1", "cornername": "Nominal", "point": 1, "logfile": "/home/cae3/Desktop/ADC/ASIC_ADC/Cadence_sky/logs_cae3/logs0/Job112.log"}
[2024-10-26 12:39:31.707 +0200] [PROCESS] [cadence.virtuoso.ade.simulationMonitor] - Started Simulation {"hostname": "cae-europractice1.othr.de", "processid": 643175, "history": "ExplorerRun.0", "testname": "ADC_TB_single_1", "cornername": "Nominal", "point": 1, "logfile": "/home/cae3/Desktop/ADC/ASIC_ADC/Cadence_sky/logs_cae3/logs0/Job112.log", "event": "start", "category": "simulation"}
[2024-10-26 12:39:48.213 +0200] [INFO] [cadence.virtuoso.ade.simulationMonitor] - Peak resident memory used = 182 Mbytes. {"history": "ExplorerRun.0", "point": 1, "testname": "ADC_TB_single_1", "cornername": "Nominal"}
[2024-10-26 12:39:48.213 +0200] [INFO] [cadence.virtuoso.ade.simulationMonitor] - Peak resident memory used = 193 Mbytes. {"history": "ExplorerRun.0", "point": 1, "testname": "ADC_TB_single_1", "cornername": "Nominal"}
[2024-10-26 12:39:48.213 +0200] [INFO] [cadence.virtuoso.ade.simulationMonitor] - Notice from spectre during hierarchy flattening.
    The value 'psf' specified for the 'checklimitdest' option will no longer be supported in future releases. Use 'spectre -h' to see other recommended values for the 'checklimitdest' option. {"history": "ExplorerRun.0", "point": 1, "testname": "ADC_TB_single_1", "cornername": "Nominal"}
[2024-10-26 12:39:48.213 +0200] [INFO] [cadence.virtuoso.ade.simulationMonitor] - Peak resident memory used = 194 Mbytes. {"history": "ExplorerRun.0", "point": 1, "testname": "ADC_TB_single_1", "cornername": "Nominal"}
[2024-10-26 12:39:53.216 +0200] [INFO] [cadence.virtuoso.ade.simulationMonitor] - Notice from spectre during initial setup.
    Multithreading is disabled due to the size of the design being too small. {"history": "ExplorerRun.0", "point": 1, "testname": "ADC_TB_single_1", "cornername": "Nominal"}
[2024-10-26 12:39:53.216 +0200] [INFO] [cadence.virtuoso.ade.simulationMonitor] -               nodes 10 {"history": "ExplorerRun.0", "point": 1, "testname": "ADC_TB_single_1", "cornername": "Nominal"}
[2024-10-26 12:39:53.216 +0200] [INFO] [cadence.virtuoso.ade.simulationMonitor] - Notice from spectre during initial setup.
    APS enabled. {"history": "ExplorerRun.0", "point": 1, "testname": "ADC_TB_single_1", "cornername": "Nominal"}
[2024-10-26 12:39:53.216 +0200] [INFO] [cadence.virtuoso.ade.simulationMonitor] - Peak resident memory used = 198 Mbytes. {"history": "ExplorerRun.0", "point": 1, "testname": "ADC_TB_single_1", "cornername": "Nominal"}
[2024-10-26 12:39:53.216 +0200] [INFO] [cadence.virtuoso.ade.simulationMonitor] -    -   (APS) Multi-threading. The recommended number of threads is 1, consider adding +mt=1 on command line. {"history": "ExplorerRun.0", "point": 1, "testname": "ADC_TB_single_1", "cornername": "Nominal"}
[2024-10-26 12:39:53.216 +0200] [INFO] [cadence.virtuoso.ade.simulationMonitor] - Total time required for dc analysis `dcOp': CPU = 2.245 ms, elapsed = 3.1929 ms, util. = 70.3%. {"history": "ExplorerRun.0", "point": 1, "testname": "ADC_TB_single_1", "cornername": "Nominal"}
[2024-10-26 12:39:53.216 +0200] [INFO] [cadence.virtuoso.ade.simulationMonitor] - Peak resident memory used = 200 Mbytes. {"history": "ExplorerRun.0", "point": 1, "testname": "ADC_TB_single_1", "cornername": "Nominal"}
[2024-10-26 12:39:53.217 +0200] [INFO] [cadence.virtuoso.ade.simulationMonitor] - Notice from spectre at dc = 3.6 mV during DC analysis `dc'.
    GminDC = 1 pS is large enough to noticeably affect the DC solution.
        dV(div_out) = 137.561 uV
        Use the `gmin_check' option to eliminate or expand this report. {"history": "ExplorerRun.0", "point": 1, "testname": "ADC_TB_single_1", "cornername": "Nominal"}
[2024-10-26 12:39:53.217 +0200] [INFO] [cadence.virtuoso.ade.simulationMonitor] - Notice from spectre at dc = 7.2 mV during DC analysis `dc'.
    GminDC = 1 pS is large enough to noticeably affect the DC solution.
        dV(div_out) = 280.956 uV
        Use the `gmin_check' option to eliminate or expand this report. {"history": "ExplorerRun.0", "point": 1, "testname": "ADC_TB_single_1", "cornername": "Nominal"}
[2024-10-26 12:39:53.217 +0200] [INFO] [cadence.virtuoso.ade.simulationMonitor] - Notice from spectre at dc = 10.8 mV during DC analysis `dc'.
    GminDC = 1 pS is large enough to noticeably affect the DC solution.
        dV(div_out) = 430.159 uV
        Use the `gmin_check' option to eliminate or expand this report. {"history": "ExplorerRun.0", "point": 1, "testname": "ADC_TB_single_1", "cornername": "Nominal"}
[2024-10-26 12:39:53.217 +0200] [INFO] [cadence.virtuoso.ade.simulationMonitor] - Notice from spectre at dc = 14.4 mV during DC analysis `dc'.
    GminDC = 1 pS is large enough to noticeably affect the DC solution.
        dV(div_out) = 585.124 uV
        Use the `gmin_check' option to eliminate or expand this report. {"history": "ExplorerRun.0", "point": 1, "testname": "ADC_TB_single_1", "cornername": "Nominal"}
[2024-10-26 12:39:53.217 +0200] [INFO] [cadence.virtuoso.ade.simulationMonitor] - Notice from spectre at dc = 18 mV during DC analysis `dc'.
    GminDC = 1 pS is large enough to noticeably affect the DC solution.
        Further occurrences of this notice will be suppressed.
        dV(div_out) = 745.797 uV
        Further occurrences of this notice will be suppressed.
        Use the `gmin_check' option to eliminate or expand this report.
        Further occurrences of this notice will be suppressed. {"history": "ExplorerRun.0", "point": 1, "testname": "ADC_TB_single_1", "cornername": "Nominal"}
[2024-10-26 12:39:53.217 +0200] [INFO] [cadence.virtuoso.ade.simulationMonitor] - Notice from spectre at dc = 1.8 V during DC analysis `dc'.
    The value of parameter 'dc' has been reset to the original value 0.6. {"history": "ExplorerRun.0", "point": 1, "testname": "ADC_TB_single_1", "cornername": "Nominal"}
[2024-10-26 12:39:53.217 +0200] [INFO] [cadence.virtuoso.ade.simulationMonitor] - Total time required for dc analysis `dc': CPU = 53.379 ms, elapsed = 54.4779 ms, util. = 98%. {"history": "ExplorerRun.0", "point": 1, "testname": "ADC_TB_single_1", "cornername": "Nominal"}
[2024-10-26 12:39:53.217 +0200] [INFO] [cadence.virtuoso.ade.simulationMonitor] - Peak resident memory used = 201 Mbytes. {"history": "ExplorerRun.0", "point": 1, "testname": "ADC_TB_single_1", "cornername": "Nominal"}
[2024-10-26 12:39:53.217 +0200] [INFO] [cadence.virtuoso.ade.simulationMonitor] - Notice from spectre.
    151 notices suppressed. {"history": "ExplorerRun.0", "point": 1, "testname": "ADC_TB_single_1", "cornername": "Nominal"}
[2024-10-26 12:39:53.718 +0200] [INFO] [cadence.virtuoso.ade.simulationMonitor] - Time used: CPU = 792 ms, elapsed = 21.1 s, util. = 3.76%. {"history": "ExplorerRun.0", "point": 1, "testname": "ADC_TB_single_1", "cornername": "Nominal"}
[2024-10-26 12:39:53.718 +0200] [INFO] [cadence.virtuoso.ade.simulationMonitor] - Time spent in licensing: elapsed = 428 ms. {"history": "ExplorerRun.0", "point": 1, "testname": "ADC_TB_single_1", "cornername": "Nominal"}
[2024-10-26 12:39:53.718 +0200] [INFO] [cadence.virtuoso.ade.simulationMonitor] - Peak memory used = 209 Mbytes. {"history": "ExplorerRun.0", "point": 1, "testname": "ADC_TB_single_1", "cornername": "Nominal"}
[2024-10-26 12:39:53.718 +0200] [PROCESS] [cadence.virtuoso.ade.simulationMonitor] - Simulation started at: 12:39:32 PM, Sat Oct 26, 2024, ended at: 12:39:53 PM, Sat Oct 26, 2024, with elapsed time (wall clock): 21.1 s. {"history": "ExplorerRun.0", "point": 1, "testname": "ADC_TB_single_1", "cornername": "Nominal"}
[2024-10-26 12:39:53.718 +0200] [PROCESS] [cadence.virtuoso.ade.simulationMonitor] - spectre completes with 0 errors, 0 warnings, and 11 notices. {"history": "ExplorerRun.0", "point": 1, "testname": "ADC_TB_single_1", "cornername": "Nominal"}
[2024-10-26 12:39:53.718 +0200] [PROCESS] [cadence.virtuoso.ade.simulationMonitor] - Finished simulating for one point {"hostname": "cae-europractice1.othr.de", "processid": 643175, "history": "ExplorerRun.0", "testname": "ADC_TB_single_1", "cornername": "Nominal", "point": 1, "logfile": "/home/cae3/Desktop/ADC/ASIC_ADC/Cadence_sky/logs_cae3/logs0/Job112.log", "simid": "1", "event": "finish", "category": "simulation"}
[2024-10-26 12:39:53.719 +0200] [PROCESS] [cadence.virtuoso.ade.simulationMonitor] - Simulator exited {"hostname": "cae-europractice1.othr.de", "processid": 643175, "history": "ExplorerRun.0", "testname": "ADC_TB_single_1", "cornername": "Nominal", "point": 1, "logfile": "/home/cae3/Desktop/ADC/ASIC_ADC/Cadence_sky/logs_cae3/logs0/Job112.log", "exitStatus": "0"}
[2024-10-26 12:39:53.719 +0200] [PROCESS] [cadence.virtuoso.ade.simulationMonitor] - Finished Simulation {"hostname": "cae-europractice1.othr.de", "processid": 643175, "history": "ExplorerRun.0", "testname": "ADC_TB_single_1", "cornername": "Nominal", "point": 1, "logfile": "/home/cae3/Desktop/ADC/ASIC_ADC/Cadence_sky/logs_cae3/logs0/Job112.log", "simid": "1", "event": "finish", "category": "simulation"}
[2024-10-26 12:39:54.727 +0200] [PROCESS] [cadence.virtuoso.ade.simulationMonitor] - Point Finished {"hostname": "cae-europractice1.othr.de", "processid": 643175, "history": "ExplorerRun.0", "testname": "ADC_TB_single_1", "cornername": "Nominal", "point": 1, "logfile": "/home/cae3/Desktop/ADC/ASIC_ADC/Cadence_sky/logs_cae3/logs0/Job112.log"}
[2024-10-26 12:44:55.168 +0200] [PROCESS] [cadence.virtuoso.ade.simulationMonitor] - Current memory used: 82.6523 MBytes, peak memory used: 82.6523 MBytes {"hostname": "cae-europractice1.othr.de", "processid": 643175, "history": "ExplorerRun.0", "testname": "ADC_TB_single_1", "cornername": "Nominal", "point": 1, "logfile": "/home/cae3/Desktop/ADC/ASIC_ADC/Cadence_sky/logs_cae3/logs0/Job112.log"}
[2024-10-26 12:44:55.168 +0200] [PROCESS] [cadence.virtuoso.ade.simulationMonitor] - Simulation Monitor process exits. {"hostname": "cae-europractice1.othr.de", "processid": 643175, "history": "ExplorerRun.0", "testname": "ADC_TB_single_1", "cornername": "Nominal", "point": 1, "logfile": "/home/cae3/Desktop/ADC/ASIC_ADC/Cadence_sky/logs_cae3/logs0/Job112.log"}
