[Simulation Monitor: 110]
[2024-10-26 12:09:12.916 +0200] [PROCESS] [cadence.virtuoso.ade.simulationMonitor] - Simulation Monitor has successfully started up. Trying to set up communication channels to other components ... {"hostname": "cae-europractice1.othr.de", "processid": 635505, "logfile": "/home/cae3/Desktop/ADC/ASIC_ADC/Cadence_sky/logs_cae3/logs0/Job110.log"}
[2024-10-26 12:09:12.917 +0200] [PROCESS] [cadence.virtuoso.ade.simulationMonitor] - Communication channels have been successfully set up. Start processing events ... {"hostname": "cae-europractice1.othr.de", "processid": 635505, "logfile": "/home/cae3/Desktop/ADC/ASIC_ADC/Cadence_sky/logs_cae3/logs0/Job110.log"}
[2024-10-26 12:09:12.917 +0200] [PROCESS] [cadence.virtuoso.ade.simulationMonitor] - Considering to start history {"hostname": "cae-europractice1.othr.de", "processid": 635505, "history": "ExplorerRun.0", "logfile": "/home/cae3/Desktop/ADC/ASIC_ADC/Cadence_sky/logs_cae3/logs0/Job110.log"}
[2024-10-26 12:09:12.921 +0200] [PROCESS] [cadence.virtuoso.ade.simulationMonitor] - HostInfo:
Host name (type):	cae-europractice1.othr.de (x86_64)
Operating system:	Linux 5.15.0-210.163.7.el8uek.x86_64 #2 SMP Tue Sep 10 18:31:09 PDT 2024 {"hostname": "cae-europractice1.othr.de", "processid": 635505, "history": "ExplorerRun.0", "logfile": "/home/cae3/Desktop/ADC/ASIC_ADC/Cadence_sky/logs_cae3/logs0/Job110.log", "nodename": "cae-europractice1.othr.de", "domainname": "(none)", "machine": "x86_64", "sysname": "Linux", "release": "5.15.0-210.163.7.el8uek.x86_64", "version": "#2 SMP Tue Sep 10 18:31:09 PDT 2024"}
[2024-10-26 12:09:12.921 +0200] [PROCESS] [cadence.virtuoso.ade.simulationMonitor] - UsageInfo:
pid=635505
totalPhysicalMemory=31.061058GB,Used=22.863316GB,totalVirtualMemory=31.061058GB,Used=22.863316GB
Cpu: Cores=16, Load average:0.260000,0.250000,0.240000 {"hostname": "cae-europractice1.othr.de", "processid": 635505, "history": "ExplorerRun.0", "logfile": "/home/cae3/Desktop/ADC/ASIC_ADC/Cadence_sky/logs_cae3/logs0/Job110.log", "pid": "635505", "totalPhysicalMemory": "31.061058", "physicalMemoryUsed": "22.863316", "totalVirtualMemory": "31.061058", "virtualMemoryUsed": "22.863316", "cpuCores": "16", "processes": "3146", "loadAverage1": "0.260000", "loadAverage5": "0.250000", "loadAverage15": "0.240000", "loadAverage1Percent": "0.016250"}
[2024-10-26 12:09:12.922 +0200] [EVENT] [cadence.virtuoso.ade.simulationMonitor] - NewPoint {"history": "ExplorerRun.0", "point": 1, "testname": "ADC_TB_single_1", "cornername": "Nominal", "event": "NewPoint", "EventSource": "Simulation Monitor", "HistoryName": "ExplorerRun.0", "logFile": "/home/cae3/Desktop/ADC/ASIC_ADC/Cadence_sky/logs_cae3/logs0/Job110.log", "logFileSize": "2343"}
[2024-10-26 12:09:13.028 +0200] [EVENT] [cadence.virtuoso.ade.simulationMonitor] - NewPoint {"history": "ExplorerRun.0", "point": 1, "testname": "ADC_TB_single_1", "cornername": "Nominal", "event": "NewPoint", "EventSource": "spectre", "HistoryName": "ExplorerRun.0", "logFile": "/home/cae3/simulation/ADC/TB_single/maestro/results/maestro/ExplorerRun.0/1/ADC_TB_single_1/psf/spectre.out", "logFileSize": "-1"}
[2024-10-26 12:09:13.064 +0200] [PROCESS] [cadence.virtuoso.ade.simulationMonitor] - Simulator launched {"hostname": "cae-europractice1.othr.de", "processid": 635505, "history": "ExplorerRun.0", "testname": "ADC_TB_single_1", "cornername": "Nominal", "point": 1, "logfile": "/home/cae3/Desktop/ADC/ASIC_ADC/Cadence_sky/logs_cae3/logs0/Job110.log", "simid": "1", "event": "launch", "category": "simulation"}
[2024-10-26 12:09:13.078 +0200] [PROCESS] [cadence.virtuoso.ade.simulationMonitor] - Expression evaluator launched {"hostname": "cae-europractice1.othr.de", "processid": 635505, "history": "ExplorerRun.0", "testname": "ADC_TB_single_1", "cornername": "Nominal", "point": 1, "logfile": "/home/cae3/Desktop/ADC/ASIC_ADC/Cadence_sky/logs_cae3/logs0/Job110.log"}
[2024-10-26 12:09:13.244 +0200] [PROCESS] [cadence.virtuoso.ade.simulationMonitor] - Started Simulation {"hostname": "cae-europractice1.othr.de", "processid": 635505, "history": "ExplorerRun.0", "testname": "ADC_TB_single_1", "cornername": "Nominal", "point": 1, "logfile": "/home/cae3/Desktop/ADC/ASIC_ADC/Cadence_sky/logs_cae3/logs0/Job110.log", "event": "start", "category": "simulation"}
[2024-10-26 12:09:27.749 +0200] [PROCESS] [cadence.virtuoso.ade.simulationMonitor] - Simulation cancelled {"hostname": "cae-europractice1.othr.de", "processid": 635505, "history": "ExplorerRun.0", "testname": "ADC_TB_single_1", "cornername": "Nominal", "point": 1, "logfile": "/home/cae3/Desktop/ADC/ASIC_ADC/Cadence_sky/logs_cae3/logs0/Job110.log"}
[2024-10-26 12:09:27.750 +0200] [INFO] [cadence.virtuoso.ade.simulationMonitor] - SimulationMonitor has terminated the  process '635559', reason: 'the simulation point gets cancelled by GUI' {"history": "ExplorerRun.0", "point": 1, "testname": "ADC_TB_single_1", "cornername": "Nominal"}
[2024-10-26 12:09:27.900 +0200] [PROCESS] [cadence.virtuoso.ade.simulationMonitor] - Finished simulating for one point {"hostname": "cae-europractice1.othr.de", "processid": 635505, "history": "ExplorerRun.0", "testname": "ADC_TB_single_1", "cornername": "Nominal", "point": 1, "logfile": "/home/cae3/Desktop/ADC/ASIC_ADC/Cadence_sky/logs_cae3/logs0/Job110.log", "simid": "1", "event": "finish", "category": "simulation"}
[2024-10-26 12:09:27.901 +0200] [PROCESS] [cadence.virtuoso.ade.simulationMonitor] - Simulator exited {"hostname": "cae-europractice1.othr.de", "processid": 635505, "history": "ExplorerRun.0", "testname": "ADC_TB_single_1", "cornername": "Nominal", "point": 1, "logfile": "/home/cae3/Desktop/ADC/ASIC_ADC/Cadence_sky/logs_cae3/logs0/Job110.log", "exitStatus": "0"}
[2024-10-26 12:09:27.901 +0200] [PROCESS] [cadence.virtuoso.ade.simulationMonitor] - Finished Simulation {"hostname": "cae-europractice1.othr.de", "processid": 635505, "history": "ExplorerRun.0", "testname": "ADC_TB_single_1", "cornername": "Nominal", "point": 1, "logfile": "/home/cae3/Desktop/ADC/ASIC_ADC/Cadence_sky/logs_cae3/logs0/Job110.log", "simid": "1", "event": "finish", "category": "simulation"}
[2024-10-26 12:09:31.171 +0200] [INFO] [cadence.virtuoso.ade.simulationMonitor] - SimulationMonitor has terminated the vds process '635560', reason: 'Force to stop the expression evalutor process because of new run' {"history": "ExplorerRun.0", "point": 1, "testname": "ADC_TB_single_1", "cornername": "Nominal"}
[2024-10-26 12:09:31.171 +0200] [PROCESS] [cadence.virtuoso.ade.simulationMonitor] - HostInfo:
Host name (type):	cae-europractice1.othr.de (x86_64)
Operating system:	Linux 5.15.0-210.163.7.el8uek.x86_64 #2 SMP Tue Sep 10 18:31:09 PDT 2024 {"hostname": "cae-europractice1.othr.de", "processid": 635505, "history": "ExplorerRun.0", "testname": "ADC_TB_single_1", "cornername": "Nominal", "point": 1, "logfile": "/home/cae3/Desktop/ADC/ASIC_ADC/Cadence_sky/logs_cae3/logs0/Job110.log", "nodename": "cae-europractice1.othr.de", "domainname": "(none)", "machine": "x86_64", "sysname": "Linux", "release": "5.15.0-210.163.7.el8uek.x86_64", "version": "#2 SMP Tue Sep 10 18:31:09 PDT 2024"}
[2024-10-26 12:09:31.171 +0200] [PROCESS] [cadence.virtuoso.ade.simulationMonitor] - UsageInfo:
pid=635505
totalPhysicalMemory=31.061058GB,Used=22.923870GB,totalVirtualMemory=31.061058GB,Used=22.923870GB
Cpu: Cores=16, Load average:0.480000,0.300000,0.260000 {"hostname": "cae-europractice1.othr.de", "processid": 635505, "history": "ExplorerRun.0", "testname": "ADC_TB_single_1", "cornername": "Nominal", "point": 1, "logfile": "/home/cae3/Desktop/ADC/ASIC_ADC/Cadence_sky/logs_cae3/logs0/Job110.log", "pid": "635505", "totalPhysicalMemory": "31.061058", "physicalMemoryUsed": "22.923870", "totalVirtualMemory": "31.061058", "virtualMemoryUsed": "22.923870", "cpuCores": "16", "processes": "3157", "loadAverage1": "0.480000", "loadAverage5": "0.300000", "loadAverage15": "0.260000", "loadAverage1Percent": "0.030000"}
[2024-10-26 12:09:31.172 +0200] [EVENT] [cadence.virtuoso.ade.simulationMonitor] - NewPoint {"history": "ExplorerRun.0", "point": 1, "testname": "ADC_TB_single_1", "cornername": "Nominal", "event": "NewPoint", "EventSource": "Simulation Monitor", "HistoryName": "ExplorerRun.0", "logFile": "/home/cae3/Desktop/ADC/ASIC_ADC/Cadence_sky/logs_cae3/logs0/Job110.log", "logFileSize": "7129"}
[2024-10-26 12:09:31.277 +0200] [EVENT] [cadence.virtuoso.ade.simulationMonitor] - NewPoint {"history": "ExplorerRun.0", "point": 1, "testname": "ADC_TB_single_1", "cornername": "Nominal", "event": "NewPoint", "EventSource": "spectre", "HistoryName": "ExplorerRun.0", "logFile": "/home/cae3/simulation/ADC/TB_single/maestro/results/maestro/ExplorerRun.0/1/ADC_TB_single_1/psf/spectre.out", "logFileSize": "-1"}
[2024-10-26 12:09:31.290 +0200] [PROCESS] [cadence.virtuoso.ade.simulationMonitor] - Simulator launched {"hostname": "cae-europractice1.othr.de", "processid": 635505, "history": "ExplorerRun.0", "testname": "ADC_TB_single_1", "cornername": "Nominal", "point": 1, "logfile": "/home/cae3/Desktop/ADC/ASIC_ADC/Cadence_sky/logs_cae3/logs0/Job110.log", "simid": "2", "event": "launch", "category": "simulation"}
[2024-10-26 12:09:31.293 +0200] [PROCESS] [cadence.virtuoso.ade.simulationMonitor] - Expression evaluator launched {"hostname": "cae-europractice1.othr.de", "processid": 635505, "history": "ExplorerRun.0", "testname": "ADC_TB_single_1", "cornername": "Nominal", "point": 1, "logfile": "/home/cae3/Desktop/ADC/ASIC_ADC/Cadence_sky/logs_cae3/logs0/Job110.log"}
[2024-10-26 12:09:31.420 +0200] [PROCESS] [cadence.virtuoso.ade.simulationMonitor] - Started Simulation {"hostname": "cae-europractice1.othr.de", "processid": 635505, "history": "ExplorerRun.0", "testname": "ADC_TB_single_1", "cornername": "Nominal", "point": 1, "logfile": "/home/cae3/Desktop/ADC/ASIC_ADC/Cadence_sky/logs_cae3/logs0/Job110.log", "event": "start", "category": "simulation"}
[2024-10-26 12:09:47.926 +0200] [INFO] [cadence.virtuoso.ade.simulationMonitor] - Peak resident memory used = 180 Mbytes. {"history": "ExplorerRun.0", "point": 1, "testname": "ADC_TB_single_1", "cornername": "Nominal"}
[2024-10-26 12:09:47.926 +0200] [INFO] [cadence.virtuoso.ade.simulationMonitor] - Peak resident memory used = 192 Mbytes. {"history": "ExplorerRun.0", "point": 1, "testname": "ADC_TB_single_1", "cornername": "Nominal"}
[2024-10-26 12:09:47.927 +0200] [INFO] [cadence.virtuoso.ade.simulationMonitor] - Notice from spectre during hierarchy flattening.
    The value 'psf' specified for the 'checklimitdest' option will no longer be supported in future releases. Use 'spectre -h' to see other recommended values for the 'checklimitdest' option. {"history": "ExplorerRun.0", "point": 1, "testname": "ADC_TB_single_1", "cornername": "Nominal"}
[2024-10-26 12:09:47.927 +0200] [INFO] [cadence.virtuoso.ade.simulationMonitor] - Peak resident memory used = 193 Mbytes. {"history": "ExplorerRun.0", "point": 1, "testname": "ADC_TB_single_1", "cornername": "Nominal"}
[2024-10-26 12:09:52.929 +0200] [INFO] [cadence.virtuoso.ade.simulationMonitor] - Notice from spectre during initial setup.
    Multithreading is disabled due to the size of the design being too small. {"history": "ExplorerRun.0", "point": 1, "testname": "ADC_TB_single_1", "cornername": "Nominal"}
[2024-10-26 12:09:52.929 +0200] [INFO] [cadence.virtuoso.ade.simulationMonitor] -               nodes 10 {"history": "ExplorerRun.0", "point": 1, "testname": "ADC_TB_single_1", "cornername": "Nominal"}
[2024-10-26 12:09:52.929 +0200] [INFO] [cadence.virtuoso.ade.simulationMonitor] - Notice from spectre during initial setup.
    APS enabled. {"history": "ExplorerRun.0", "point": 1, "testname": "ADC_TB_single_1", "cornername": "Nominal"}
[2024-10-26 12:09:52.929 +0200] [INFO] [cadence.virtuoso.ade.simulationMonitor] - Peak resident memory used = 196 Mbytes. {"history": "ExplorerRun.0", "point": 1, "testname": "ADC_TB_single_1", "cornername": "Nominal"}
[2024-10-26 12:09:52.930 +0200] [INFO] [cadence.virtuoso.ade.simulationMonitor] -    -   (APS) Multi-threading. The recommended number of threads is 1, consider adding +mt=1 on command line. {"history": "ExplorerRun.0", "point": 1, "testname": "ADC_TB_single_1", "cornername": "Nominal"}
[2024-10-26 12:09:53.430 +0200] [INFO] [cadence.virtuoso.ade.simulationMonitor] - Notice from spectre during DC analysis `dcOp'.
    Bad pivoting is found during DC analysis. Option dc_pivot_check=yes is recommended for possible improvement of convergence. {"history": "ExplorerRun.0", "point": 1, "testname": "ADC_TB_single_1", "cornername": "Nominal"}
[2024-10-26 12:09:53.430 +0200] [INFO] [cadence.virtuoso.ade.simulationMonitor] - Total time required for dc analysis `dcOp': CPU = 3.923 ms, elapsed = 45.3489 ms, util. = 8.65%. {"history": "ExplorerRun.0", "point": 1, "testname": "ADC_TB_single_1", "cornername": "Nominal"}
[2024-10-26 12:09:53.430 +0200] [INFO] [cadence.virtuoso.ade.simulationMonitor] - Peak resident memory used = 198 Mbytes. {"history": "ExplorerRun.0", "point": 1, "testname": "ADC_TB_single_1", "cornername": "Nominal"}
[2024-10-26 12:09:53.430 +0200] [INFO] [cadence.virtuoso.ade.simulationMonitor] - Notice from spectre at dc = 0 V during DC analysis `dc'.
    Bad pivoting is found during DC analysis. Option dc_pivot_check=yes is recommended for possible improvement of convergence. {"history": "ExplorerRun.0", "point": 1, "testname": "ADC_TB_single_1", "cornername": "Nominal"}
[2024-10-26 12:09:53.431 +0200] [INFO] [cadence.virtuoso.ade.simulationMonitor] - Notice from spectre at dc = 3.6 mV during DC analysis `dc'.
    GminDC = 1 pS is large enough to noticeably affect the DC solution.
        dV(div_out) = 137.561 uV
        Use the `gmin_check' option to eliminate or expand this report.
    Bad pivoting is found during DC analysis. Option dc_pivot_check=yes is recommended for possible improvement of convergence. {"history": "ExplorerRun.0", "point": 1, "testname": "ADC_TB_single_1", "cornername": "Nominal"}
[2024-10-26 12:09:53.431 +0200] [INFO] [cadence.virtuoso.ade.simulationMonitor] - Notice from spectre at dc = 7.2 mV during DC analysis `dc'.
    GminDC = 1 pS is large enough to noticeably affect the DC solution.
        dV(div_out) = 280.956 uV
        Use the `gmin_check' option to eliminate or expand this report.
    Bad pivoting is found during DC analysis. Option dc_pivot_check=yes is recommended for possible improvement of convergence. {"history": "ExplorerRun.0", "point": 1, "testname": "ADC_TB_single_1", "cornername": "Nominal"}
[2024-10-26 12:09:53.431 +0200] [INFO] [cadence.virtuoso.ade.simulationMonitor] - Notice from spectre at dc = 10.8 mV during DC analysis `dc'.
    GminDC = 1 pS is large enough to noticeably affect the DC solution.
        dV(div_out) = 430.159 uV
        Use the `gmin_check' option to eliminate or expand this report.
    Bad pivoting is found during DC analysis. Option dc_pivot_check=yes is recommended for possible improvement of convergence. {"history": "ExplorerRun.0", "point": 1, "testname": "ADC_TB_single_1", "cornername": "Nominal"}
[2024-10-26 12:09:53.431 +0200] [INFO] [cadence.virtuoso.ade.simulationMonitor] - Notice from spectre at dc = 14.4 mV during DC analysis `dc'.
    GminDC = 1 pS is large enough to noticeably affect the DC solution.
        dV(div_out) = 585.124 uV
        Use the `gmin_check' option to eliminate or expand this report.
    Bad pivoting is found during DC analysis. Option dc_pivot_check=yes is recommended for possible improvement of convergence.
        Further occurrences of this notice will be suppressed. {"history": "ExplorerRun.0", "point": 1, "testname": "ADC_TB_single_1", "cornername": "Nominal"}
[2024-10-26 12:09:53.431 +0200] [INFO] [cadence.virtuoso.ade.simulationMonitor] - Notice from spectre at dc = 18 mV during DC analysis `dc'.
    GminDC = 1 pS is large enough to noticeably affect the DC solution.
        Further occurrences of this notice will be suppressed.
        dV(div_out) = 745.797 uV
        Further occurrences of this notice will be suppressed.
        Use the `gmin_check' option to eliminate or expand this report.
        Further occurrences of this notice will be suppressed. {"history": "ExplorerRun.0", "point": 1, "testname": "ADC_TB_single_1", "cornername": "Nominal"}
[2024-10-26 12:09:53.431 +0200] [INFO] [cadence.virtuoso.ade.simulationMonitor] - Notice from spectre at dc = 1.8 V during DC analysis `dc'.
    The value of parameter 'dc' has been reset to the original value 0.6. {"history": "ExplorerRun.0", "point": 1, "testname": "ADC_TB_single_1", "cornername": "Nominal"}
[2024-10-26 12:09:53.431 +0200] [INFO] [cadence.virtuoso.ade.simulationMonitor] - Total time required for dc analysis `dc': CPU = 57.514 ms, elapsed = 58.5482 ms, util. = 98.2%. {"history": "ExplorerRun.0", "point": 1, "testname": "ADC_TB_single_1", "cornername": "Nominal"}
[2024-10-26 12:09:53.431 +0200] [INFO] [cadence.virtuoso.ade.simulationMonitor] - Peak resident memory used = 199 Mbytes. {"history": "ExplorerRun.0", "point": 1, "testname": "ADC_TB_single_1", "cornername": "Nominal"}
[2024-10-26 12:09:53.431 +0200] [INFO] [cadence.virtuoso.ade.simulationMonitor] - Notice from spectre.
    647 notices suppressed. {"history": "ExplorerRun.0", "point": 1, "testname": "ADC_TB_single_1", "cornername": "Nominal"}
[2024-10-26 12:09:53.431 +0200] [INFO] [cadence.virtuoso.ade.simulationMonitor] - Time used: CPU = 855 ms, elapsed = 21.2 s, util. = 4.04%. {"history": "ExplorerRun.0", "point": 1, "testname": "ADC_TB_single_1", "cornername": "Nominal"}
[2024-10-26 12:09:53.431 +0200] [INFO] [cadence.virtuoso.ade.simulationMonitor] - Time spent in licensing: elapsed = 27.9 ms. {"history": "ExplorerRun.0", "point": 1, "testname": "ADC_TB_single_1", "cornername": "Nominal"}
[2024-10-26 12:09:53.432 +0200] [INFO] [cadence.virtuoso.ade.simulationMonitor] - Peak memory used = 207 Mbytes. {"history": "ExplorerRun.0", "point": 1, "testname": "ADC_TB_single_1", "cornername": "Nominal"}
[2024-10-26 12:09:53.432 +0200] [PROCESS] [cadence.virtuoso.ade.simulationMonitor] - Simulation started at: 12:09:31 PM, Sat Oct 26, 2024, ended at: 12:09:52 PM, Sat Oct 26, 2024, with elapsed time (wall clock): 21.2 s. {"history": "ExplorerRun.0", "point": 1, "testname": "ADC_TB_single_1", "cornername": "Nominal"}
[2024-10-26 12:09:53.432 +0200] [PROCESS] [cadence.virtuoso.ade.simulationMonitor] - spectre completes with 0 errors, 0 warnings, and 17 notices. {"history": "ExplorerRun.0", "point": 1, "testname": "ADC_TB_single_1", "cornername": "Nominal"}
[2024-10-26 12:09:53.432 +0200] [PROCESS] [cadence.virtuoso.ade.simulationMonitor] - Finished simulating for one point {"hostname": "cae-europractice1.othr.de", "processid": 635505, "history": "ExplorerRun.0", "testname": "ADC_TB_single_1", "cornername": "Nominal", "point": 1, "logfile": "/home/cae3/Desktop/ADC/ASIC_ADC/Cadence_sky/logs_cae3/logs0/Job110.log", "simid": "2", "event": "finish", "category": "simulation"}
[2024-10-26 12:09:53.432 +0200] [PROCESS] [cadence.virtuoso.ade.simulationMonitor] - Simulator exited {"hostname": "cae-europractice1.othr.de", "processid": 635505, "history": "ExplorerRun.0", "testname": "ADC_TB_single_1", "cornername": "Nominal", "point": 1, "logfile": "/home/cae3/Desktop/ADC/ASIC_ADC/Cadence_sky/logs_cae3/logs0/Job110.log", "exitStatus": "0"}
[2024-10-26 12:09:53.432 +0200] [PROCESS] [cadence.virtuoso.ade.simulationMonitor] - Finished Simulation {"hostname": "cae-europractice1.othr.de", "processid": 635505, "history": "ExplorerRun.0", "testname": "ADC_TB_single_1", "cornername": "Nominal", "point": 1, "logfile": "/home/cae3/Desktop/ADC/ASIC_ADC/Cadence_sky/logs_cae3/logs0/Job110.log", "simid": "2", "event": "finish", "category": "simulation"}
[2024-10-26 12:09:54.433 +0200] [PROCESS] [cadence.virtuoso.ade.simulationMonitor] - Point Finished {"hostname": "cae-europractice1.othr.de", "processid": 635505, "history": "ExplorerRun.0", "testname": "ADC_TB_single_1", "cornername": "Nominal", "point": 1, "logfile": "/home/cae3/Desktop/ADC/ASIC_ADC/Cadence_sky/logs_cae3/logs0/Job110.log"}
[2024-10-26 12:09:55.436 +0200] [PROCESS] [cadence.virtuoso.ade.simulationMonitor] - Stay with the runId '27', Linger time '300', currentRunSyn '55', currentTestSyn '56' {"hostname": "cae-europractice1.othr.de", "processid": 635505, "history": "ExplorerRun.0", "testname": "ADC_TB_single_1", "cornername": "Nominal", "point": 1, "logfile": "/home/cae3/Desktop/ADC/ASIC_ADC/Cadence_sky/logs_cae3/logs0/Job110.log"}
[2024-10-26 12:14:55.273 +0200] [PROCESS] [cadence.virtuoso.ade.simulationMonitor] - Current memory used: 81.1875 MBytes, peak memory used: 81.1875 MBytes {"hostname": "cae-europractice1.othr.de", "processid": 635505, "history": "ExplorerRun.0", "testname": "ADC_TB_single_1", "cornername": "Nominal", "point": 1, "logfile": "/home/cae3/Desktop/ADC/ASIC_ADC/Cadence_sky/logs_cae3/logs0/Job110.log"}
[2024-10-26 12:14:55.273 +0200] [PROCESS] [cadence.virtuoso.ade.simulationMonitor] - Simulation Monitor process exits. {"hostname": "cae-europractice1.othr.de", "processid": 635505, "history": "ExplorerRun.0", "testname": "ADC_TB_single_1", "cornername": "Nominal", "point": 1, "logfile": "/home/cae3/Desktop/ADC/ASIC_ADC/Cadence_sky/logs_cae3/logs0/Job110.log"}
