[Simulation Monitor: 2]
[2024-10-13 01:06:44.389 +0200] [PROCESS] [cadence.virtuoso.ade.simulationMonitor] - Simulation Monitor has successfully started up. Trying to set up communication channels to other components ... {"hostname": "cae-europractice1.othr.de", "processid": 698521, "logfile": "/home/cae3/Desktop/ADC/Cadence_Sky/logs_cae3/logs0/Job2.log"}
[2024-10-13 01:06:44.390 +0200] [PROCESS] [cadence.virtuoso.ade.simulationMonitor] - Communication channels have been successfully set up. Start processing events ... {"hostname": "cae-europractice1.othr.de", "processid": 698521, "logfile": "/home/cae3/Desktop/ADC/Cadence_Sky/logs_cae3/logs0/Job2.log"}
[2024-10-13 01:06:44.390 +0200] [PROCESS] [cadence.virtuoso.ade.simulationMonitor] - Considering to start history {"hostname": "cae-europractice1.othr.de", "processid": 698521, "history": "ExplorerRun.0", "logfile": "/home/cae3/Desktop/ADC/Cadence_Sky/logs_cae3/logs0/Job2.log"}
[2024-10-13 01:06:44.392 +0200] [PROCESS] [cadence.virtuoso.ade.simulationMonitor] - HostInfo:
Host name (type):	cae-europractice1.othr.de (x86_64)
Operating system:	Linux 5.15.0-210.163.7.el8uek.x86_64 #2 SMP Tue Sep 10 18:31:09 PDT 2024 {"hostname": "cae-europractice1.othr.de", "processid": 698521, "history": "ExplorerRun.0", "logfile": "/home/cae3/Desktop/ADC/Cadence_Sky/logs_cae3/logs0/Job2.log", "nodename": "cae-europractice1.othr.de", "domainname": "(none)", "machine": "x86_64", "sysname": "Linux", "release": "5.15.0-210.163.7.el8uek.x86_64", "version": "#2 SMP Tue Sep 10 18:31:09 PDT 2024"}
[2024-10-13 01:06:44.392 +0200] [PROCESS] [cadence.virtuoso.ade.simulationMonitor] - UsageInfo:
pid=698521
totalPhysicalMemory=31.061058GB,Used=27.652554GB,totalVirtualMemory=31.061058GB,Used=27.652554GB
Cpu: Cores=16, Load average:0.440000,0.320000,0.230000 {"hostname": "cae-europractice1.othr.de", "processid": 698521, "history": "ExplorerRun.0", "logfile": "/home/cae3/Desktop/ADC/Cadence_Sky/logs_cae3/logs0/Job2.log", "pid": "698521", "totalPhysicalMemory": "31.061058", "physicalMemoryUsed": "27.652554", "totalVirtualMemory": "31.061058", "virtualMemoryUsed": "27.652554", "cpuCores": "16", "processes": "2395", "loadAverage1": "0.440000", "loadAverage5": "0.320000", "loadAverage15": "0.230000", "loadAverage1Percent": "0.027500"}
[2024-10-13 01:06:44.392 +0200] [EVENT] [cadence.virtuoso.ade.simulationMonitor] - NewPoint {"history": "ExplorerRun.0", "point": 1, "testname": "ADC_inv_tb_YT_1", "cornername": "Nominal", "event": "NewPoint", "EventSource": "Simulation Monitor", "HistoryName": "ExplorerRun.0", "logFile": "/home/cae3/Desktop/ADC/Cadence_Sky/logs_cae3/logs0/Job2.log", "logFileSize": "2286"}
[2024-10-13 01:06:44.495 +0200] [EVENT] [cadence.virtuoso.ade.simulationMonitor] - NewPoint {"history": "ExplorerRun.0", "point": 1, "testname": "ADC_inv_tb_YT_1", "cornername": "Nominal", "event": "NewPoint", "EventSource": "spectre", "HistoryName": "ExplorerRun.0", "logFile": "/home/cae3/simulation/ADC/inv_tb_YT/maestro/results/maestro/ExplorerRun.0/1/ADC_inv_tb_YT_1/psf/spectre.out", "logFileSize": "-1"}
[2024-10-13 01:06:44.513 +0200] [PROCESS] [cadence.virtuoso.ade.simulationMonitor] - Simulator launched {"hostname": "cae-europractice1.othr.de", "processid": 698521, "history": "ExplorerRun.0", "testname": "ADC_inv_tb_YT_1", "cornername": "Nominal", "point": 1, "logfile": "/home/cae3/Desktop/ADC/Cadence_Sky/logs_cae3/logs0/Job2.log", "simid": "1", "event": "launch", "category": "simulation"}
[2024-10-13 01:06:44.517 +0200] [PROCESS] [cadence.virtuoso.ade.simulationMonitor] - Expression evaluator launched {"hostname": "cae-europractice1.othr.de", "processid": 698521, "history": "ExplorerRun.0", "testname": "ADC_inv_tb_YT_1", "cornername": "Nominal", "point": 1, "logfile": "/home/cae3/Desktop/ADC/Cadence_Sky/logs_cae3/logs0/Job2.log"}
[2024-10-13 01:06:44.614 +0200] [PROCESS] [cadence.virtuoso.ade.simulationMonitor] - Started Simulation {"hostname": "cae-europractice1.othr.de", "processid": 698521, "history": "ExplorerRun.0", "testname": "ADC_inv_tb_YT_1", "cornername": "Nominal", "point": 1, "logfile": "/home/cae3/Desktop/ADC/Cadence_Sky/logs_cae3/logs0/Job2.log", "event": "start", "category": "simulation"}
[2024-10-13 01:07:01.622 +0200] [INFO] [cadence.virtuoso.ade.simulationMonitor] - Peak resident memory used = 165 Mbytes. {"history": "ExplorerRun.0", "point": 1, "testname": "ADC_inv_tb_YT_1", "cornername": "Nominal"}
[2024-10-13 01:07:01.622 +0200] [INFO] [cadence.virtuoso.ade.simulationMonitor] - Peak resident memory used = 177 Mbytes. {"history": "ExplorerRun.0", "point": 1, "testname": "ADC_inv_tb_YT_1", "cornername": "Nominal"}
[2024-10-13 01:07:01.622 +0200] [INFO] [cadence.virtuoso.ade.simulationMonitor] - Notice from spectre during hierarchy flattening.
    The value 'psf' specified for the 'checklimitdest' option will no longer be supported in future releases. Use 'spectre -h' to see other recommended values for the 'checklimitdest' option. {"history": "ExplorerRun.0", "point": 1, "testname": "ADC_inv_tb_YT_1", "cornername": "Nominal"}
[2024-10-13 01:07:01.622 +0200] [INFO] [cadence.virtuoso.ade.simulationMonitor] - Peak resident memory used = 178 Mbytes. {"history": "ExplorerRun.0", "point": 1, "testname": "ADC_inv_tb_YT_1", "cornername": "Nominal"}
[2024-10-13 01:07:06.624 +0200] [INFO] [cadence.virtuoso.ade.simulationMonitor] - Notice from spectre during initial setup.
    Multithreading is disabled due to the size of the design being too small. {"history": "ExplorerRun.0", "point": 1, "testname": "ADC_inv_tb_YT_1", "cornername": "Nominal"}
[2024-10-13 01:07:06.625 +0200] [INFO] [cadence.virtuoso.ade.simulationMonitor] -               nodes 3 {"history": "ExplorerRun.0", "point": 1, "testname": "ADC_inv_tb_YT_1", "cornername": "Nominal"}
[2024-10-13 01:07:06.625 +0200] [INFO] [cadence.virtuoso.ade.simulationMonitor] - Notice from spectre during initial setup.
    APS enabled. {"history": "ExplorerRun.0", "point": 1, "testname": "ADC_inv_tb_YT_1", "cornername": "Nominal"}
[2024-10-13 01:07:06.625 +0200] [INFO] [cadence.virtuoso.ade.simulationMonitor] - Peak resident memory used = 180 Mbytes. {"history": "ExplorerRun.0", "point": 1, "testname": "ADC_inv_tb_YT_1", "cornername": "Nominal"}
[2024-10-13 01:07:06.625 +0200] [INFO] [cadence.virtuoso.ade.simulationMonitor] -    -   (APS) Multi-threading. The recommended number of threads is 1, consider adding +mt=1 on command line. {"history": "ExplorerRun.0", "point": 1, "testname": "ADC_inv_tb_YT_1", "cornername": "Nominal"}
[2024-10-13 01:07:06.625 +0200] [INFO] [cadence.virtuoso.ade.simulationMonitor] - Total time required for dc analysis `dcOp': CPU = 2.562 ms, elapsed = 3.27897 ms, util. = 78.1%. {"history": "ExplorerRun.0", "point": 1, "testname": "ADC_inv_tb_YT_1", "cornername": "Nominal"}
[2024-10-13 01:07:06.625 +0200] [INFO] [cadence.virtuoso.ade.simulationMonitor] - Peak resident memory used = 183 Mbytes. {"history": "ExplorerRun.0", "point": 1, "testname": "ADC_inv_tb_YT_1", "cornername": "Nominal"}
[2024-10-13 01:07:06.625 +0200] [INFO] [cadence.virtuoso.ade.simulationMonitor] - Notice from spectre at dc = 1.8 V during DC analysis `dc'.
    The value of parameter 'dc' has been reset to the original value 0.6. {"history": "ExplorerRun.0", "point": 1, "testname": "ADC_inv_tb_YT_1", "cornername": "Nominal"}
[2024-10-13 01:07:06.625 +0200] [INFO] [cadence.virtuoso.ade.simulationMonitor] - Total time required for dc analysis `dc': CPU = 6.663 ms, elapsed = 8.04901 ms, util. = 82.8%. {"history": "ExplorerRun.0", "point": 1, "testname": "ADC_inv_tb_YT_1", "cornername": "Nominal"}
[2024-10-13 01:07:06.625 +0200] [INFO] [cadence.virtuoso.ade.simulationMonitor] - Peak resident memory used = 184 Mbytes. {"history": "ExplorerRun.0", "point": 1, "testname": "ADC_inv_tb_YT_1", "cornername": "Nominal"}
[2024-10-13 01:07:06.625 +0200] [INFO] [cadence.virtuoso.ade.simulationMonitor] - Time used: CPU = 786 ms, elapsed = 21 s, util. = 3.74%. {"history": "ExplorerRun.0", "point": 1, "testname": "ADC_inv_tb_YT_1", "cornername": "Nominal"}
[2024-10-13 01:07:06.626 +0200] [INFO] [cadence.virtuoso.ade.simulationMonitor] - Time spent in licensing: elapsed = 429 ms. {"history": "ExplorerRun.0", "point": 1, "testname": "ADC_inv_tb_YT_1", "cornername": "Nominal"}
[2024-10-13 01:07:06.626 +0200] [INFO] [cadence.virtuoso.ade.simulationMonitor] - Peak memory used = 192 Mbytes. {"history": "ExplorerRun.0", "point": 1, "testname": "ADC_inv_tb_YT_1", "cornername": "Nominal"}
[2024-10-13 01:07:06.626 +0200] [PROCESS] [cadence.virtuoso.ade.simulationMonitor] - Simulation started at: 1:06:45 AM, Sun Oct 13, 2024, ended at: 1:07:06 AM, Sun Oct 13, 2024, with elapsed time (wall clock): 21 s. {"history": "ExplorerRun.0", "point": 1, "testname": "ADC_inv_tb_YT_1", "cornername": "Nominal"}
[2024-10-13 01:07:06.626 +0200] [PROCESS] [cadence.virtuoso.ade.simulationMonitor] - spectre completes with 0 errors, 0 warnings, and 5 notices. {"history": "ExplorerRun.0", "point": 1, "testname": "ADC_inv_tb_YT_1", "cornername": "Nominal"}
[2024-10-13 01:07:06.626 +0200] [PROCESS] [cadence.virtuoso.ade.simulationMonitor] - Finished simulating for one point {"hostname": "cae-europractice1.othr.de", "processid": 698521, "history": "ExplorerRun.0", "testname": "ADC_inv_tb_YT_1", "cornername": "Nominal", "point": 1, "logfile": "/home/cae3/Desktop/ADC/Cadence_Sky/logs_cae3/logs0/Job2.log", "simid": "1", "event": "finish", "category": "simulation"}
[2024-10-13 01:07:06.626 +0200] [PROCESS] [cadence.virtuoso.ade.simulationMonitor] - Simulator exited {"hostname": "cae-europractice1.othr.de", "processid": 698521, "history": "ExplorerRun.0", "testname": "ADC_inv_tb_YT_1", "cornername": "Nominal", "point": 1, "logfile": "/home/cae3/Desktop/ADC/Cadence_Sky/logs_cae3/logs0/Job2.log", "exitStatus": "0"}
[2024-10-13 01:07:06.626 +0200] [PROCESS] [cadence.virtuoso.ade.simulationMonitor] - Finished Simulation {"hostname": "cae-europractice1.othr.de", "processid": 698521, "history": "ExplorerRun.0", "testname": "ADC_inv_tb_YT_1", "cornername": "Nominal", "point": 1, "logfile": "/home/cae3/Desktop/ADC/Cadence_Sky/logs_cae3/logs0/Job2.log", "simid": "1", "event": "finish", "category": "simulation"}
[2024-10-13 01:07:07.627 +0200] [PROCESS] [cadence.virtuoso.ade.simulationMonitor] - Point Finished {"hostname": "cae-europractice1.othr.de", "processid": 698521, "history": "ExplorerRun.0", "testname": "ADC_inv_tb_YT_1", "cornername": "Nominal", "point": 1, "logfile": "/home/cae3/Desktop/ADC/Cadence_Sky/logs_cae3/logs0/Job2.log"}
[2024-10-13 01:12:08.053 +0200] [PROCESS] [cadence.virtuoso.ade.simulationMonitor] - Current memory used: 79.8594 MBytes, peak memory used: 79.8594 MBytes {"hostname": "cae-europractice1.othr.de", "processid": 698521, "history": "ExplorerRun.0", "testname": "ADC_inv_tb_YT_1", "cornername": "Nominal", "point": 1, "logfile": "/home/cae3/Desktop/ADC/Cadence_Sky/logs_cae3/logs0/Job2.log"}
[2024-10-13 01:12:08.053 +0200] [PROCESS] [cadence.virtuoso.ade.simulationMonitor] - Simulation Monitor process exits. {"hostname": "cae-europractice1.othr.de", "processid": 698521, "history": "ExplorerRun.0", "testname": "ADC_inv_tb_YT_1", "cornername": "Nominal", "point": 1, "logfile": "/home/cae3/Desktop/ADC/Cadence_Sky/logs_cae3/logs0/Job2.log"}
