[Simulation Monitor: 25]
[2024-10-20 20:41:22.414 +0200] [PROCESS] [cadence.virtuoso.ade.simulationMonitor] - Simulation Monitor has successfully started up. Trying to set up communication channels to other components ... {"hostname": "cae-europractice1.othr.de", "processid": 1990081, "logfile": "/home/cae3/Desktop/ADC/ASIC_ADC/Cadence_sky/logs_cae3/logs0/Job25.log"}
[2024-10-20 20:41:22.415 +0200] [PROCESS] [cadence.virtuoso.ade.simulationMonitor] - Communication channels have been successfully set up. Start processing events ... {"hostname": "cae-europractice1.othr.de", "processid": 1990081, "logfile": "/home/cae3/Desktop/ADC/ASIC_ADC/Cadence_sky/logs_cae3/logs0/Job25.log"}
[2024-10-20 20:41:22.415 +0200] [PROCESS] [cadence.virtuoso.ade.simulationMonitor] - Considering to start history {"hostname": "cae-europractice1.othr.de", "processid": 1990081, "history": "Interactive.0", "logfile": "/home/cae3/Desktop/ADC/ASIC_ADC/Cadence_sky/logs_cae3/logs0/Job25.log"}
[2024-10-20 20:41:22.417 +0200] [PROCESS] [cadence.virtuoso.ade.simulationMonitor] - HostInfo:
Host name (type):	cae-europractice1.othr.de (x86_64)
Operating system:	Linux 5.15.0-210.163.7.el8uek.x86_64 #2 SMP Tue Sep 10 18:31:09 PDT 2024 {"hostname": "cae-europractice1.othr.de", "processid": 1990081, "history": "Interactive.0", "logfile": "/home/cae3/Desktop/ADC/ASIC_ADC/Cadence_sky/logs_cae3/logs0/Job25.log", "nodename": "cae-europractice1.othr.de", "domainname": "(none)", "machine": "x86_64", "sysname": "Linux", "release": "5.15.0-210.163.7.el8uek.x86_64", "version": "#2 SMP Tue Sep 10 18:31:09 PDT 2024"}
[2024-10-20 20:41:22.417 +0200] [PROCESS] [cadence.virtuoso.ade.simulationMonitor] - UsageInfo:
pid=1990081
totalPhysicalMemory=31.061058GB,Used=26.325504GB,totalVirtualMemory=31.061058GB,Used=26.325504GB
Cpu: Cores=16, Load average:0.580000,0.440000,0.390000 {"hostname": "cae-europractice1.othr.de", "processid": 1990081, "history": "Interactive.0", "logfile": "/home/cae3/Desktop/ADC/ASIC_ADC/Cadence_sky/logs_cae3/logs0/Job25.log", "pid": "1990081", "totalPhysicalMemory": "31.061058", "physicalMemoryUsed": "26.325504", "totalVirtualMemory": "31.061058", "virtualMemoryUsed": "26.325504", "cpuCores": "16", "processes": "3483", "loadAverage1": "0.580000", "loadAverage5": "0.440000", "loadAverage15": "0.390000", "loadAverage1Percent": "0.036250"}
[2024-10-20 20:41:22.417 +0200] [EVENT] [cadence.virtuoso.ade.simulationMonitor] - NewPoint {"history": "Interactive.0", "point": 1, "testname": "ADC_inv_tb_YT_1", "cornername": "Nominal", "event": "NewPoint", "EventSource": "Simulation Monitor", "HistoryName": "Interactive.0", "logFile": "/home/cae3/Desktop/ADC/ASIC_ADC/Cadence_sky/logs_cae3/logs0/Job25.log", "logFileSize": "2344"}
[2024-10-20 20:41:22.520 +0200] [EVENT] [cadence.virtuoso.ade.simulationMonitor] - NewPoint {"history": "Interactive.0", "point": 1, "testname": "ADC_inv_tb_YT_1", "cornername": "Nominal", "event": "NewPoint", "EventSource": "spectre", "HistoryName": "Interactive.0", "logFile": "/home/cae3/simulation/ADC/inv_tb_Wt_pre/maestro/results/maestro/Interactive.0/1/ADC_inv_tb_YT_1/psf/spectre.out", "logFileSize": "-1"}
[2024-10-20 20:41:22.535 +0200] [PROCESS] [cadence.virtuoso.ade.simulationMonitor] - Simulator launched {"hostname": "cae-europractice1.othr.de", "processid": 1990081, "history": "Interactive.0", "testname": "ADC_inv_tb_YT_1", "cornername": "Nominal", "point": 1, "logfile": "/home/cae3/Desktop/ADC/ASIC_ADC/Cadence_sky/logs_cae3/logs0/Job25.log", "simid": "1", "event": "launch", "category": "simulation"}
[2024-10-20 20:41:22.537 +0200] [PROCESS] [cadence.virtuoso.ade.simulationMonitor] - Expression evaluator launched {"hostname": "cae-europractice1.othr.de", "processid": 1990081, "history": "Interactive.0", "testname": "ADC_inv_tb_YT_1", "cornername": "Nominal", "point": 1, "logfile": "/home/cae3/Desktop/ADC/ASIC_ADC/Cadence_sky/logs_cae3/logs0/Job25.log"}
[2024-10-20 20:41:22.660 +0200] [PROCESS] [cadence.virtuoso.ade.simulationMonitor] - Started Simulation {"hostname": "cae-europractice1.othr.de", "processid": 1990081, "history": "Interactive.0", "testname": "ADC_inv_tb_YT_1", "cornername": "Nominal", "point": 1, "logfile": "/home/cae3/Desktop/ADC/ASIC_ADC/Cadence_sky/logs_cae3/logs0/Job25.log", "event": "start", "category": "simulation"}
[2024-10-20 20:41:39.667 +0200] [INFO] [cadence.virtuoso.ade.simulationMonitor] - Peak resident memory used = 177 Mbytes. {"history": "Interactive.0", "point": 1, "testname": "ADC_inv_tb_YT_1", "cornername": "Nominal"}
[2024-10-20 20:41:39.668 +0200] [ERROR] [cadence.virtuoso.ade.simulationMonitor] -     ERROR (SFE-1997): "netlist" 7: Cannot run the simulation, because I11.NM0 in parameter `l': Unknown parameter `nL' has been specified in expression `nL' Correct the expression and rerun the simulation. {"history": "Interactive.0", "point": 1, "testname": "ADC_inv_tb_YT_1", "cornername": "Nominal"}
[2024-10-20 20:41:39.668 +0200] [ERROR] [cadence.virtuoso.ade.simulationMonitor] -     ERROR (SFE-1997): "netlist" 7: Cannot run the simulation, because I11.NM0 in parameter `w': Unknown parameter `nW' has been specified in expression `(nW)/(1)' Correct the expression and rerun the simulation. {"history": "Interactive.0", "point": 1, "testname": "ADC_inv_tb_YT_1", "cornername": "Nominal"}
[2024-10-20 20:41:39.668 +0200] [ERROR] [cadence.virtuoso.ade.simulationMonitor] -     ERROR (SFE-1997): "netlist" 7: Cannot run the simulation, because I11.NM0 in parameter `ad': Unknown parameter `nW' has been specified in expression `(((nW)/(1))<289.5e-9)?((floor((1)/2.0)*(((((230e-9)-60e-9)+80e-9)*290e-9)+(((nW)/(1))*150e-9)))+((((1)/2)-floor((1)/2) !=0)?((((175e-9>(((230e-9)-60e-9)+80e-9))?175e-9:(((230e-9)-60e-9)+80e-9))*290e-9)+(((nW)/(1))*75e-9)):0))/1:((floor((1)/2.0)*((((230e-9)-60e-9)+110e-9)*((nW)/(1))))+((((1)/2)-floor((1)/2) !=0)?(((250e-9>(((230e-9)-60e-9)+95e-9))?250e-9:(... {"history": "Interactive.0", "point": 1, "testname": "ADC_inv_tb_YT_1", "cornername": "Nominal"}
[2024-10-20 20:41:39.668 +0200] [ERROR] [cadence.virtuoso.ade.simulationMonitor] -     ERROR (SFE-1997): "netlist" 7: Cannot run the simulation, because I11.NM0 in parameter `as': Unknown parameter `nW' has been specified in expression `(((nW)/(1))<289.5e-9)?(((((175e-9>(((230e-9)-60e-9)+80e-9))?175e-9:(((230e-9)-60e-9)+80e-9))*290e-9)+(((nW)/(1))*75e-9))+(floor(((1)-1)/2.0)*(((((230e-9)-60e-9)+80e-9)*290e-9)+(((nW)/(1))*150e-9)))+((((1)/2)-floor((1)/2)==0)?((((175e-9>(((230e-9)-60e-9)+80e-9))?175e-9:(((230e-9)-60e-9)+80e-9))*290e-9)+(((nW)/(1))*75e-9)):0))/1:((((250e-9>(((230e-9)-60e-9)... {"history": "Interactive.0", "point": 1, "testname": "ADC_inv_tb_YT_1", "cornername": "Nominal"}
[2024-10-20 20:41:39.668 +0200] [ERROR] [cadence.virtuoso.ade.simulationMonitor] -     ERROR (SFE-1997): "netlist" 7: Cannot run the simulation, because I11.NM0 in parameter `pd': Unknown parameter `nW' has been specified in expression `(((nW)/(1))<289.5e-9)?((floor((1)/2.0)*((2*(((230e-9)-60e-9)+80e-9))+880e-9))+((((1)/2)-floor((1)/2) !=0)?((2*((175e-9>(((230e-9)-60e-9)+80e-9))?175e-9:(((230e-9)-60e-9)+80e-9)))+730e-9):0))/1:((floor((1)/2.0)*((2*(((230e-9)-60e-9)+110e-9))+(2*((nW)/(1)))))+((((1)/2)-floor((1)/2) !=0)?((2*((250e-9>(((230e-9)-60e-9)+95e-9))?250e-9:(((230e-9)-60e-9)+95e-9))... {"history": "Interactive.0", "point": 1, "testname": "ADC_inv_tb_YT_1", "cornername": "Nominal"}
[2024-10-20 20:41:39.668 +0200] [ERROR] [cadence.virtuoso.ade.simulationMonitor] -     ERROR (SFE-1997): "netlist" 7: Cannot run the simulation, because I11.NM0 in parameter `ps': Unknown parameter `nW' has been specified in expression `(((nW)/(1))<289.5e-9)?(((2*((175e-9>(((230e-9)-60e-9)+80e-9))?175e-9:(((230e-9)-60e-9)+80e-9)))+730e-9)+(floor(((1)-1)/2.0)*((2*(((230e-9)-60e-9)+80e-9))+880e-9))+((((1)/2)-floor((1)/2)==0)?((2*((175e-9>(((230e-9)-60e-9)+80e-9))?175e-9:(((230e-9)-60e-9)+80e-9)))+730e-9):0))/1:(((2*((250e-9>(((230e-9)-60e-9)+95e-9))?250e-9:(((230e-9)-60e-9)+95e-9)))+(2*((n... {"history": "Interactive.0", "point": 1, "testname": "ADC_inv_tb_YT_1", "cornername": "Nominal"}
[2024-10-20 20:41:39.669 +0200] [ERROR] [cadence.virtuoso.ade.simulationMonitor] -     ERROR (SFE-1997): "netlist" 12: Cannot run the simulation, because I11.PM0 in parameter `l': Unknown parameter `pL' has been specified in expression `pL' Correct the expression and rerun the simulation. {"history": "Interactive.0", "point": 1, "testname": "ADC_inv_tb_YT_1", "cornername": "Nominal"}
[2024-10-20 20:41:39.669 +0200] [ERROR] [cadence.virtuoso.ade.simulationMonitor] -     ERROR (SFE-1997): "netlist" 12: Cannot run the simulation, because I11.PM0 in parameter `w': Unknown parameter `pW' has been specified in expression `(pW)/(1)' Correct the expression and rerun the simulation. {"history": "Interactive.0", "point": 1, "testname": "ADC_inv_tb_YT_1", "cornername": "Nominal"}
[2024-10-20 20:41:39.669 +0200] [ERROR] [cadence.virtuoso.ade.simulationMonitor] -     ERROR (SFE-1997): "netlist" 12: Cannot run the simulation, because I11.PM0 in parameter `ad': Unknown parameter `pW' has been specified in expression `(((pW)/(1))<289.5e-9)?((floor((1)/2.0)*(((((230e-9)-60e-9)+80e-9)*290e-9)+(((pW)/(1))*150e-9)))+((((1)/2)-floor((1)/2) !=0)?((((175e-9>(((230e-9)-60e-9)+80e-9))?175e-9:(((230e-9)-60e-9)+80e-9))*290e-9)+(((pW)/(1))*75e-9)):0))/1:((floor((1)/2.0)*((((230e-9)-60e-9)+110e-9)*((pW)/(1))))+((((1)/2)-floor((1)/2) !=0)?(((250e-9>(((230e-9)-60e-9)+95e-9))?250e-9:... {"history": "Interactive.0", "point": 1, "testname": "ADC_inv_tb_YT_1", "cornername": "Nominal"}
[2024-10-20 20:41:39.669 +0200] [ERROR] [cadence.virtuoso.ade.simulationMonitor] -     ERROR (SFE-1997): "netlist" 12: Cannot run the simulation, because I11.PM0 in parameter `as': Unknown parameter `pW' has been specified in expression `(((pW)/(1))<289.5e-9)?(((((175e-9>(((230e-9)-60e-9)+80e-9))?175e-9:(((230e-9)-60e-9)+80e-9))*290e-9)+(((pW)/(1))*75e-9))+(floor(((1)-1)/2.0)*(((((230e-9)-60e-9)+80e-9)*290e-9)+(((pW)/(1))*150e-9)))+((((1)/2)-floor((1)/2)==0)?((((175e-9>(((230e-9)-60e-9)+80e-9))?175e-9:(((230e-9)-60e-9)+80e-9))*290e-9)+(((pW)/(1))*75e-9)):0))/1:((((250e-9>(((230e-9)-60e-9... {"history": "Interactive.0", "point": 1, "testname": "ADC_inv_tb_YT_1", "cornername": "Nominal"}
[2024-10-20 20:41:39.669 +0200] [ERROR] [cadence.virtuoso.ade.simulationMonitor] -     ERROR (SFE-1997): "netlist" 12: Cannot run the simulation, because I11.PM0 in parameter `pd': Unknown parameter `pW' has been specified in expression `(((pW)/(1))<289.5e-9)?((floor((1)/2.0)*((2*(((230e-9)-60e-9)+80e-9))+880e-9))+((((1)/2)-floor((1)/2) !=0)?((2*((175e-9>(((230e-9)-60e-9)+80e-9))?175e-9:(((230e-9)-60e-9)+80e-9)))+730e-9):0))/1:((floor((1)/2.0)*((2*(((230e-9)-60e-9)+110e-9))+(2*((pW)/(1)))))+((((1)/2)-floor((1)/2) !=0)?((2*((250e-9>(((230e-9)-60e-9)+95e-9))?250e-9:(((230e-9)-60e-9)+95e-9)... {"history": "Interactive.0", "point": 1, "testname": "ADC_inv_tb_YT_1", "cornername": "Nominal"}
[2024-10-20 20:41:39.669 +0200] [ERROR] [cadence.virtuoso.ade.simulationMonitor] -     ERROR (SFE-1997): "netlist" 12: Cannot run the simulation, because I11.PM0 in parameter `ps': Unknown parameter `pW' has been specified in expression `(((pW)/(1))<289.5e-9)?(((2*((175e-9>(((230e-9)-60e-9)+80e-9))?175e-9:(((230e-9)-60e-9)+80e-9)))+730e-9)+(floor(((1)-1)/2.0)*((2*(((230e-9)-60e-9)+80e-9))+880e-9))+((((1)/2)-floor((1)/2)==0)?((2*((175e-9>(((230e-9)-60e-9)+80e-9))?175e-9:(((230e-9)-60e-9)+80e-9)))+730e-9):0))/1:(((2*((250e-9>(((230e-9)-60e-9)+95e-9))?250e-9:(((230e-9)-60e-9)+95e-9)))+(2*((... {"history": "Interactive.0", "point": 1, "testname": "ADC_inv_tb_YT_1", "cornername": "Nominal"}
[2024-10-20 20:41:39.669 +0200] [ERROR] [cadence.virtuoso.ade.simulationMonitor] -     ERROR (SFE-1997): "netlist" 7: Cannot run the simulation, because I11.NM0 in parameter `l': Unknown parameter `nL' has been specified in expression `nL' Correct the expression and rerun the simulation. {"history": "Interactive.0", "point": 1, "testname": "ADC_inv_tb_YT_1", "cornername": "Nominal"}
[2024-10-20 20:41:39.669 +0200] [ERROR] [cadence.virtuoso.ade.simulationMonitor] -     ERROR (SFE-1997): "netlist" 7: Cannot run the simulation, because I11.NM0 in parameter `l': Unknown parameter `nL' has been specified in expression `nL' Correct the expression and rerun the simulation. {"history": "Interactive.0", "point": 1, "testname": "ADC_inv_tb_YT_1", "cornername": "Nominal"}
[2024-10-20 20:41:39.669 +0200] [ERROR] [cadence.virtuoso.ade.simulationMonitor] -     ERROR (SFE-1997): "netlist" 7: Cannot run the simulation, because I11.NM0 in parameter `l': Unknown parameter `nL' has been specified in expression `nL' Correct the expression and rerun the simulation. {"history": "Interactive.0", "point": 1, "testname": "ADC_inv_tb_YT_1", "cornername": "Nominal"}
[2024-10-20 20:41:39.669 +0200] [ERROR] [cadence.virtuoso.ade.simulationMonitor] -     ERROR (SFE-1997): "netlist" 12: Cannot run the simulation, because I11.PM0 in parameter `l': Unknown parameter `pL' has been specified in expression `pL' Correct the expression and rerun the simulation. {"history": "Interactive.0", "point": 1, "testname": "ADC_inv_tb_YT_1", "cornername": "Nominal"}
[2024-10-20 20:41:39.669 +0200] [ERROR] [cadence.virtuoso.ade.simulationMonitor] -     ERROR (SFE-1997): "netlist" 12: Cannot run the simulation, because I11.PM0 in parameter `l': Unknown parameter `pL' has been specified in expression `pL' Correct the expression and rerun the simulation. {"history": "Interactive.0", "point": 1, "testname": "ADC_inv_tb_YT_1", "cornername": "Nominal"}
[2024-10-20 20:41:39.670 +0200] [ERROR] [cadence.virtuoso.ade.simulationMonitor] -     ERROR (SFE-1997): "netlist" 12: Cannot run the simulation, because I11.PM0 in parameter `l': Unknown parameter `pL' has been specified in expression `pL' Correct the expression and rerun the simulation. {"history": "Interactive.0", "point": 1, "testname": "ADC_inv_tb_YT_1", "cornername": "Nominal"}
[2024-10-20 20:41:39.670 +0200] [ERROR] [cadence.virtuoso.ade.simulationMonitor] -     ERROR (SFE-1997): "netlist" 12: Cannot run the simulation, because I11.PM0 in parameter `l': Unknown parameter `pL' has been specified in expression `pL' Correct the expression and rerun the simulation. {"history": "Interactive.0", "point": 1, "testname": "ADC_inv_tb_YT_1", "cornername": "Nominal"}
[2024-10-20 20:41:39.670 +0200] [INFO] [cadence.virtuoso.ade.simulationMonitor] - Peak resident memory used = 189 Mbytes. {"history": "Interactive.0", "point": 1, "testname": "ADC_inv_tb_YT_1", "cornername": "Nominal"}
[2024-10-20 20:41:39.670 +0200] [INFO] [cadence.virtuoso.ade.simulationMonitor] - Time used: CPU = 701 ms, elapsed = 15.9 s, util. = 4.41%. {"history": "Interactive.0", "point": 1, "testname": "ADC_inv_tb_YT_1", "cornername": "Nominal"}
[2024-10-20 20:41:39.670 +0200] [INFO] [cadence.virtuoso.ade.simulationMonitor] - Time spent in licensing: elapsed = 429 ms. {"history": "Interactive.0", "point": 1, "testname": "ADC_inv_tb_YT_1", "cornername": "Nominal"}
[2024-10-20 20:41:39.670 +0200] [INFO] [cadence.virtuoso.ade.simulationMonitor] - Peak memory used = 191 Mbytes. {"history": "Interactive.0", "point": 1, "testname": "ADC_inv_tb_YT_1", "cornername": "Nominal"}
[2024-10-20 20:41:39.670 +0200] [PROCESS] [cadence.virtuoso.ade.simulationMonitor] - Simulation started at: 8:41:23 PM, Sun Oct 20, 2024, ended at: 8:41:39 PM, Sun Oct 20, 2024, with elapsed time (wall clock): 15.9 s. {"history": "Interactive.0", "point": 1, "testname": "ADC_inv_tb_YT_1", "cornername": "Nominal"}
[2024-10-20 20:41:39.670 +0200] [PROCESS] [cadence.virtuoso.ade.simulationMonitor] - spectre completes with 19 errors, 0 warnings, and 0 notices. {"history": "Interactive.0", "point": 1, "testname": "ADC_inv_tb_YT_1", "cornername": "Nominal"}
[2024-10-20 20:41:39.670 +0200] [FATAL] [cadence.virtuoso.ade.simulationMonitor] - spectre terminated prematurely due to fatal error. {"history": "Interactive.0", "point": 1, "testname": "ADC_inv_tb_YT_1", "cornername": "Nominal"}
[2024-10-20 20:41:39.670 +0200] [PROCESS] [cadence.virtuoso.ade.simulationMonitor] - Finished simulating for one point {"hostname": "cae-europractice1.othr.de", "processid": 1990081, "history": "Interactive.0", "testname": "ADC_inv_tb_YT_1", "cornername": "Nominal", "point": 1, "logfile": "/home/cae3/Desktop/ADC/ASIC_ADC/Cadence_sky/logs_cae3/logs0/Job25.log", "simid": "1", "event": "finish", "category": "simulation"}
[2024-10-20 20:41:39.671 +0200] [ERROR] [cadence.virtuoso.ade.simulationMonitor] - While simulating run Interactive.0, point 1, test ADC_inv_tb_YT_1, received error:
Simulation Error:
 The simulator process returned a non-zero exit code, indicating failure.
The simulator could have crashed or intentionally returned to indicate an error.
Check the simulator log file for more information.  Common causes:
1. Simulator may have crashed during exit even after reporting success in log file.
2. Abrupt automatic simulator termination (e.g., SIGKILL) because the simulator process has
   exceeded ... {"history": "Interactive.0", "point": 1, "testname": "ADC_inv_tb_YT_1", "cornername": "Nominal"}
[2024-10-20 20:41:39.671 +0200] [PROCESS] [cadence.virtuoso.ade.simulationMonitor] - Finished Simulation {"hostname": "cae-europractice1.othr.de", "processid": 1990081, "history": "Interactive.0", "testname": "ADC_inv_tb_YT_1", "cornername": "Nominal", "point": 1, "logfile": "/home/cae3/Desktop/ADC/ASIC_ADC/Cadence_sky/logs_cae3/logs0/Job25.log", "simid": "1", "event": "finish", "category": "simulation"}
[2024-10-20 20:41:39.675 +0200] [PROCESS] [cadence.virtuoso.ade.simulationMonitor] - HostInfo:
Host name (type):	cae-europractice1.othr.de (x86_64)
Operating system:	Linux 5.15.0-210.163.7.el8uek.x86_64 #2 SMP Tue Sep 10 18:31:09 PDT 2024 {"hostname": "cae-europractice1.othr.de", "processid": 1990081, "history": "Interactive.0", "testname": "ADC_inv_tb_YT_1", "cornername": "Nominal", "point": 1, "logfile": "/home/cae3/Desktop/ADC/ASIC_ADC/Cadence_sky/logs_cae3/logs0/Job25.log", "nodename": "cae-europractice1.othr.de", "domainname": "(none)", "machine": "x86_64", "sysname": "Linux", "release": "5.15.0-210.163.7.el8uek.x86_64", "version": "#2 SMP Tue Sep 10 18:31:09 PDT 2024"}
[2024-10-20 20:41:39.675 +0200] [PROCESS] [cadence.virtuoso.ade.simulationMonitor] - UsageInfo:
pid=1990081
totalPhysicalMemory=31.061058GB,Used=26.553204GB,totalVirtualMemory=31.061058GB,Used=26.553204GB
Cpu: Cores=16, Load average:0.520000,0.430000,0.380000 {"hostname": "cae-europractice1.othr.de", "processid": 1990081, "history": "Interactive.0", "testname": "ADC_inv_tb_YT_1", "cornername": "Nominal", "point": 1, "logfile": "/home/cae3/Desktop/ADC/ASIC_ADC/Cadence_sky/logs_cae3/logs0/Job25.log", "pid": "1990081", "totalPhysicalMemory": "31.061058", "physicalMemoryUsed": "26.553204", "totalVirtualMemory": "31.061058", "virtualMemoryUsed": "26.553204", "cpuCores": "16", "processes": "3498", "loadAverage1": "0.520000", "loadAverage5": "0.430000", "loadAverage15": "0.380000", "loadAverage1Percent": "0.032500"}
[2024-10-20 20:41:39.675 +0200] [EVENT] [cadence.virtuoso.ade.simulationMonitor] - NewPoint {"history": "Interactive.0", "point": 1, "testname": "ADC_TB_single_1", "cornername": "Nominal", "event": "NewPoint", "EventSource": "Simulation Monitor", "HistoryName": "Interactive.0", "logFile": "/home/cae3/Desktop/ADC/ASIC_ADC/Cadence_sky/logs_cae3/logs0/Job25.log", "logFileSize": "19053"}
[2024-10-20 20:41:39.781 +0200] [EVENT] [cadence.virtuoso.ade.simulationMonitor] - NewPoint {"history": "Interactive.0", "point": 1, "testname": "ADC_TB_single_1", "cornername": "Nominal", "event": "NewPoint", "EventSource": "spectre", "HistoryName": "Interactive.0", "logFile": "/home/cae3/simulation/ADC/inv_tb_Wt_pre/maestro/results/maestro/Interactive.0/1/ADC_TB_single_1/psf/spectre.out", "logFileSize": "-1"}
[2024-10-20 20:41:39.797 +0200] [PROCESS] [cadence.virtuoso.ade.simulationMonitor] - Simulator launched {"hostname": "cae-europractice1.othr.de", "processid": 1990081, "history": "Interactive.0", "testname": "ADC_TB_single_1", "cornername": "Nominal", "point": 1, "logfile": "/home/cae3/Desktop/ADC/ASIC_ADC/Cadence_sky/logs_cae3/logs0/Job25.log", "simid": "2", "event": "launch", "category": "simulation"}
[2024-10-20 20:41:39.938 +0200] [PROCESS] [cadence.virtuoso.ade.simulationMonitor] - Started Simulation {"hostname": "cae-europractice1.othr.de", "processid": 1990081, "history": "Interactive.0", "testname": "ADC_TB_single_1", "cornername": "Nominal", "point": 1, "logfile": "/home/cae3/Desktop/ADC/ASIC_ADC/Cadence_sky/logs_cae3/logs0/Job25.log", "event": "start", "category": "simulation"}
[2024-10-20 20:41:56.445 +0200] [INFO] [cadence.virtuoso.ade.simulationMonitor] - Peak resident memory used = 180 Mbytes. {"history": "Interactive.0", "point": 1, "testname": "ADC_TB_single_1", "cornername": "Nominal"}
[2024-10-20 20:41:56.445 +0200] [INFO] [cadence.virtuoso.ade.simulationMonitor] - Peak resident memory used = 191 Mbytes. {"history": "Interactive.0", "point": 1, "testname": "ADC_TB_single_1", "cornername": "Nominal"}
[2024-10-20 20:41:56.445 +0200] [INFO] [cadence.virtuoso.ade.simulationMonitor] - Notice from spectre during hierarchy flattening.
    The value 'psf' specified for the 'checklimitdest' option will no longer be supported in future releases. Use 'spectre -h' to see other recommended values for the 'checklimitdest' option. {"history": "Interactive.0", "point": 1, "testname": "ADC_TB_single_1", "cornername": "Nominal"}
[2024-10-20 20:41:56.445 +0200] [INFO] [cadence.virtuoso.ade.simulationMonitor] - Peak resident memory used = 191 Mbytes. {"history": "Interactive.0", "point": 1, "testname": "ADC_TB_single_1", "cornername": "Nominal"}
[2024-10-20 20:42:01.448 +0200] [INFO] [cadence.virtuoso.ade.simulationMonitor] - Notice from spectre during initial setup.
    Multithreading is disabled due to the size of the design being too small. {"history": "Interactive.0", "point": 1, "testname": "ADC_TB_single_1", "cornername": "Nominal"}
[2024-10-20 20:42:01.449 +0200] [INFO] [cadence.virtuoso.ade.simulationMonitor] -               nodes 5 {"history": "Interactive.0", "point": 1, "testname": "ADC_TB_single_1", "cornername": "Nominal"}
[2024-10-20 20:42:01.449 +0200] [INFO] [cadence.virtuoso.ade.simulationMonitor] - Notice from spectre during initial setup.
    APS enabled. {"history": "Interactive.0", "point": 1, "testname": "ADC_TB_single_1", "cornername": "Nominal"}
[2024-10-20 20:42:01.449 +0200] [INFO] [cadence.virtuoso.ade.simulationMonitor] - Peak resident memory used = 195 Mbytes. {"history": "Interactive.0", "point": 1, "testname": "ADC_TB_single_1", "cornername": "Nominal"}
[2024-10-20 20:42:01.449 +0200] [INFO] [cadence.virtuoso.ade.simulationMonitor] -    -   (APS) Multi-threading. The recommended number of threads is 1, consider adding +mt=1 on command line. {"history": "Interactive.0", "point": 1, "testname": "ADC_TB_single_1", "cornername": "Nominal"}
[2024-10-20 20:42:01.449 +0200] [INFO] [cadence.virtuoso.ade.simulationMonitor] - Total time required for dc analysis `dcOp': CPU = 3.038 ms, elapsed = 3.80611 ms, util. = 79.8%. {"history": "Interactive.0", "point": 1, "testname": "ADC_TB_single_1", "cornername": "Nominal"}
[2024-10-20 20:42:01.449 +0200] [INFO] [cadence.virtuoso.ade.simulationMonitor] - Peak resident memory used = 196 Mbytes. {"history": "Interactive.0", "point": 1, "testname": "ADC_TB_single_1", "cornername": "Nominal"}
[2024-10-20 20:42:01.449 +0200] [INFO] [cadence.virtuoso.ade.simulationMonitor] - Notice from spectre at dc = 3.6 mV during DC analysis `dc'.
    GminDC = 1 pS is large enough to noticeably affect the DC solution.
        dV(div_out) = 137.561 uV
        Use the `gmin_check' option to eliminate or expand this report. {"history": "Interactive.0", "point": 1, "testname": "ADC_TB_single_1", "cornername": "Nominal"}
[2024-10-20 20:42:01.449 +0200] [INFO] [cadence.virtuoso.ade.simulationMonitor] - Notice from spectre at dc = 7.2 mV during DC analysis `dc'.
    GminDC = 1 pS is large enough to noticeably affect the DC solution.
        dV(div_out) = 280.956 uV
        Use the `gmin_check' option to eliminate or expand this report. {"history": "Interactive.0", "point": 1, "testname": "ADC_TB_single_1", "cornername": "Nominal"}
[2024-10-20 20:42:01.449 +0200] [INFO] [cadence.virtuoso.ade.simulationMonitor] - Notice from spectre at dc = 10.8 mV during DC analysis `dc'.
    GminDC = 1 pS is large enough to noticeably affect the DC solution.
        dV(div_out) = 430.159 uV
        Use the `gmin_check' option to eliminate or expand this report. {"history": "Interactive.0", "point": 1, "testname": "ADC_TB_single_1", "cornername": "Nominal"}
[2024-10-20 20:42:01.449 +0200] [INFO] [cadence.virtuoso.ade.simulationMonitor] - Notice from spectre at dc = 14.4 mV during DC analysis `dc'.
    GminDC = 1 pS is large enough to noticeably affect the DC solution.
        dV(div_out) = 585.124 uV
        Use the `gmin_check' option to eliminate or expand this report. {"history": "Interactive.0", "point": 1, "testname": "ADC_TB_single_1", "cornername": "Nominal"}
[2024-10-20 20:42:01.449 +0200] [INFO] [cadence.virtuoso.ade.simulationMonitor] - Notice from spectre at dc = 18 mV during DC analysis `dc'.
    GminDC = 1 pS is large enough to noticeably affect the DC solution.
        Further occurrences of this notice will be suppressed.
        dV(div_out) = 745.797 uV
        Further occurrences of this notice will be suppressed.
        Use the `gmin_check' option to eliminate or expand this report.
        Further occurrences of this notice will be suppressed. {"history": "Interactive.0", "point": 1, "testname": "ADC_TB_single_1", "cornername": "Nominal"}
[2024-10-20 20:42:01.450 +0200] [INFO] [cadence.virtuoso.ade.simulationMonitor] - Notice from spectre at dc = 1.8 V during DC analysis `dc'.
    The value of parameter 'dc' has been reset to the original value 0.6. {"history": "Interactive.0", "point": 1, "testname": "ADC_TB_single_1", "cornername": "Nominal"}
[2024-10-20 20:42:01.450 +0200] [INFO] [cadence.virtuoso.ade.simulationMonitor] - Total time required for dc analysis `dc': CPU = 39.226 ms, elapsed = 40.091 ms, util. = 97.8%. {"history": "Interactive.0", "point": 1, "testname": "ADC_TB_single_1", "cornername": "Nominal"}
[2024-10-20 20:42:01.450 +0200] [INFO] [cadence.virtuoso.ade.simulationMonitor] - Peak resident memory used = 199 Mbytes. {"history": "Interactive.0", "point": 1, "testname": "ADC_TB_single_1", "cornername": "Nominal"}
[2024-10-20 20:42:01.450 +0200] [INFO] [cadence.virtuoso.ade.simulationMonitor] - Notice from spectre.
    151 notices suppressed. {"history": "Interactive.0", "point": 1, "testname": "ADC_TB_single_1", "cornername": "Nominal"}
[2024-10-20 20:42:01.450 +0200] [INFO] [cadence.virtuoso.ade.simulationMonitor] - Time used: CPU = 786 ms, elapsed = 20.7 s, util. = 3.8%. {"history": "Interactive.0", "point": 1, "testname": "ADC_TB_single_1", "cornername": "Nominal"}
[2024-10-20 20:42:01.450 +0200] [INFO] [cadence.virtuoso.ade.simulationMonitor] - Time spent in licensing: elapsed = 21 ms. {"history": "Interactive.0", "point": 1, "testname": "ADC_TB_single_1", "cornername": "Nominal"}
[2024-10-20 20:42:01.450 +0200] [INFO] [cadence.virtuoso.ade.simulationMonitor] - Peak memory used = 207 Mbytes. {"history": "Interactive.0", "point": 1, "testname": "ADC_TB_single_1", "cornername": "Nominal"}
[2024-10-20 20:42:01.450 +0200] [PROCESS] [cadence.virtuoso.ade.simulationMonitor] - Simulation started at: 8:41:40 PM, Sun Oct 20, 2024, ended at: 8:42:01 PM, Sun Oct 20, 2024, with elapsed time (wall clock): 20.7 s. {"history": "Interactive.0", "point": 1, "testname": "ADC_TB_single_1", "cornername": "Nominal"}
[2024-10-20 20:42:01.450 +0200] [PROCESS] [cadence.virtuoso.ade.simulationMonitor] - spectre completes with 0 errors, 0 warnings, and 11 notices. {"history": "Interactive.0", "point": 1, "testname": "ADC_TB_single_1", "cornername": "Nominal"}
[2024-10-20 20:42:01.450 +0200] [PROCESS] [cadence.virtuoso.ade.simulationMonitor] - Finished simulating for one point {"hostname": "cae-europractice1.othr.de", "processid": 1990081, "history": "Interactive.0", "testname": "ADC_TB_single_1", "cornername": "Nominal", "point": 1, "logfile": "/home/cae3/Desktop/ADC/ASIC_ADC/Cadence_sky/logs_cae3/logs0/Job25.log", "simid": "2", "event": "finish", "category": "simulation"}
[2024-10-20 20:42:01.450 +0200] [PROCESS] [cadence.virtuoso.ade.simulationMonitor] - Simulator exited {"hostname": "cae-europractice1.othr.de", "processid": 1990081, "history": "Interactive.0", "testname": "ADC_TB_single_1", "cornername": "Nominal", "point": 1, "logfile": "/home/cae3/Desktop/ADC/ASIC_ADC/Cadence_sky/logs_cae3/logs0/Job25.log", "exitStatus": "0"}
[2024-10-20 20:42:01.450 +0200] [PROCESS] [cadence.virtuoso.ade.simulationMonitor] - Finished Simulation {"hostname": "cae-europractice1.othr.de", "processid": 1990081, "history": "Interactive.0", "testname": "ADC_TB_single_1", "cornername": "Nominal", "point": 1, "logfile": "/home/cae3/Desktop/ADC/ASIC_ADC/Cadence_sky/logs_cae3/logs0/Job25.log", "simid": "2", "event": "finish", "category": "simulation"}
[2024-10-20 20:42:02.452 +0200] [PROCESS] [cadence.virtuoso.ade.simulationMonitor] - Point Finished {"hostname": "cae-europractice1.othr.de", "processid": 1990081, "history": "Interactive.0", "testname": "ADC_TB_single_1", "cornername": "Nominal", "point": 1, "logfile": "/home/cae3/Desktop/ADC/ASIC_ADC/Cadence_sky/logs_cae3/logs0/Job25.log"}
[2024-10-20 20:42:03.455 +0200] [PROCESS] [cadence.virtuoso.ade.simulationMonitor] - Stay with the runId '0', Linger time '300', currentRunSyn '1', currentTestSyn '3' {"hostname": "cae-europractice1.othr.de", "processid": 1990081, "history": "Interactive.0", "testname": "ADC_TB_single_1", "cornername": "Nominal", "point": 1, "logfile": "/home/cae3/Desktop/ADC/ASIC_ADC/Cadence_sky/logs_cae3/logs0/Job25.log"}
[2024-10-20 20:47:03.269 +0200] [PROCESS] [cadence.virtuoso.ade.simulationMonitor] - Current memory used: 82.8867 MBytes, peak memory used: 82.8867 MBytes {"hostname": "cae-europractice1.othr.de", "processid": 1990081, "history": "Interactive.0", "testname": "ADC_TB_single_1", "cornername": "Nominal", "point": 1, "logfile": "/home/cae3/Desktop/ADC/ASIC_ADC/Cadence_sky/logs_cae3/logs0/Job25.log"}
[2024-10-20 20:47:03.269 +0200] [PROCESS] [cadence.virtuoso.ade.simulationMonitor] - Simulation Monitor process exits. {"hostname": "cae-europractice1.othr.de", "processid": 1990081, "history": "Interactive.0", "testname": "ADC_TB_single_1", "cornername": "Nominal", "point": 1, "logfile": "/home/cae3/Desktop/ADC/ASIC_ADC/Cadence_sky/logs_cae3/logs0/Job25.log"}
