*Info*    Exporting services from client ... 

*Info*    Client has finished starting ... 



*Info*    Configuring the session ...

	Library      = ADC
	Cell         = inv_tb_YT
	View         = schematic
	Simulator    = spectre
	State Path   = $AXL_SETUPDB_DIR/test_states
	State Name   = ExplorerRun.0
	Results DB   = /home/cae3/Desktop/ADC/ASIC_ADC/Cadence_sky/ADC/inv_tb_YT/DC#2dSweep/results/maestro/ExplorerRun.0.rdb
	Results Dir  = /home/cae3/simulation/ADC/inv_tb_YT/DC-Sweep/results/maestro/ExplorerRun.0/1/ADC_inv_tb_YT_1
	Results Loc  = /home/cae3/simulation/ADC/inv_tb_YT/DC-Sweep/results/maestro
	Project Dir  = /home/cae3/simulation
	Setup DB loc = /home/cae3/Desktop/ADC/ASIC_ADC/Cadence_sky/ADC/inv_tb_YT/DC#2dSweep
	File Encoding = 0



*Info*    The auto suspension is disabled.

*Info*    The simulation mode in Spectre has been changed from
          'interactive' to 'batch' mode because only single point in
          one group..






*Info*    Run start for Point ID (0 1) on testbench [ ADC_inv_tb_YT_1
          ].

Resetting statistical vars

*Info*    Setting parameter values ...

Setting var n15L = "1u"
Setting var n15W = "420n"
Setting var p15L = "150n"
Setting var p15W = "1u"
Setting var temperature = "27"
Setting temp(T) = 27

*Info*    Netlist Directory =
          /home/cae3/simulation/ADC/inv_tb_YT/DC-Sweep/results/maestro/ExplorerRun.0/1/ADC_inv_tb_YT_1/netlist


*Info*    Data Directory    =
          /home/cae3/simulation/ADC/inv_tb_YT/DC-Sweep/results/maestro/ExplorerRun.0/1/ADC_inv_tb_YT_1


*Info*    Creating Netlist for Point ID (0 1)

generate netlist...
Begin Incremental Netlisting Oct 21 15:14:02 2024
WARNING (OSSHNL-941): Failed to open the sameCellNamesInMultipleLibs file '/dev/shm/rttsim_yb0405/ADC/inv_tb_YT/schematic/spectre/netlist/ihnl/sameCellNamesInMultipleLibs', in the append mode.
Ensure that you have the write permission for the mentioned file.

End netlisting Oct 21 15:14:02 2024

	The netlist is up to date.
	Time taken to compare the design with netlist:   0.0s
      ...successful.
compose simulator input file...
      ...successful.

*Info*    Running simulation on testbench [ ADC_inv_tb_YT_1 ] for
          Point ID (0 1).

Delete psf data in /home/cae3/simulation/ADC/inv_tb_YT/DC-Sweep/results/maestro/ExplorerRun.0/1/ADC_inv_tb_YT_1/psf.
compose simulator input file...
      ...successful.
start simulator if needed...
      ...successful.
simulate...
To view the simulator output, right-click on the test name, result 
name, or any value in the "Results" tab of the Outputs section and 
choose "Output Log" menu option.
INFO (ADE-3071): Simulation completed successfully.
reading simulation data...
      ...successful.
*Info*    Client has finished evaluating ... 


*Info*    Run complete for Point ID (0 1) on testbench [
          ADC_inv_tb_YT_1 ].





Simulation design variables differ from those on the cellView,
they have been saved in the file "/tmp/saved-design-variables".
To save future changes, copy variables to cellView before exiting.
