[Simulation Monitor: 5]
[2024-10-13 01:00:02.419 +0200] [PROCESS] [cadence.virtuoso.ade.simulationMonitor] - Simulation Monitor has successfully started up. Trying to set up communication channels to other components ... {"hostname": "cae-europractice1.othr.de", "processid": 696076, "logfile": "/home/cae3/Desktop/ADC/Cadence_Sky/logs_cae3/logs0/Job5.log"}
[2024-10-13 01:00:02.420 +0200] [PROCESS] [cadence.virtuoso.ade.simulationMonitor] - Communication channels have been successfully set up. Start processing events ... {"hostname": "cae-europractice1.othr.de", "processid": 696076, "logfile": "/home/cae3/Desktop/ADC/Cadence_Sky/logs_cae3/logs0/Job5.log"}
[2024-10-13 01:00:02.420 +0200] [PROCESS] [cadence.virtuoso.ade.simulationMonitor] - Considering to start history {"hostname": "cae-europractice1.othr.de", "processid": 696076, "history": "ExplorerRun.0", "logfile": "/home/cae3/Desktop/ADC/Cadence_Sky/logs_cae3/logs0/Job5.log"}
[2024-10-13 01:00:02.423 +0200] [PROCESS] [cadence.virtuoso.ade.simulationMonitor] - HostInfo:
Host name (type):	cae-europractice1.othr.de (x86_64)
Operating system:	Linux 5.15.0-210.163.7.el8uek.x86_64 #2 SMP Tue Sep 10 18:31:09 PDT 2024 {"hostname": "cae-europractice1.othr.de", "processid": 696076, "history": "ExplorerRun.0", "logfile": "/home/cae3/Desktop/ADC/Cadence_Sky/logs_cae3/logs0/Job5.log", "nodename": "cae-europractice1.othr.de", "domainname": "(none)", "machine": "x86_64", "sysname": "Linux", "release": "5.15.0-210.163.7.el8uek.x86_64", "version": "#2 SMP Tue Sep 10 18:31:09 PDT 2024"}
[2024-10-13 01:00:02.423 +0200] [PROCESS] [cadence.virtuoso.ade.simulationMonitor] - UsageInfo:
pid=696076
totalPhysicalMemory=31.061058GB,Used=27.409370GB,totalVirtualMemory=31.061058GB,Used=27.409370GB
Cpu: Cores=16, Load average:0.140000,0.170000,0.180000 {"hostname": "cae-europractice1.othr.de", "processid": 696076, "history": "ExplorerRun.0", "logfile": "/home/cae3/Desktop/ADC/Cadence_Sky/logs_cae3/logs0/Job5.log", "pid": "696076", "totalPhysicalMemory": "31.061058", "physicalMemoryUsed": "27.409370", "totalVirtualMemory": "31.061058", "virtualMemoryUsed": "27.409370", "cpuCores": "16", "processes": "2354", "loadAverage1": "0.140000", "loadAverage5": "0.170000", "loadAverage15": "0.180000", "loadAverage1Percent": "0.008750"}
[2024-10-13 01:00:02.423 +0200] [EVENT] [cadence.virtuoso.ade.simulationMonitor] - NewPoint {"history": "ExplorerRun.0", "point": 1, "testname": "ADC_inv_tb_YT_1", "cornername": "Nominal", "event": "NewPoint", "EventSource": "Simulation Monitor", "HistoryName": "ExplorerRun.0", "logFile": "/home/cae3/Desktop/ADC/Cadence_Sky/logs_cae3/logs0/Job5.log", "logFileSize": "2286"}
[2024-10-13 01:00:02.526 +0200] [EVENT] [cadence.virtuoso.ade.simulationMonitor] - NewPoint {"history": "ExplorerRun.0", "point": 1, "testname": "ADC_inv_tb_YT_1", "cornername": "Nominal", "event": "NewPoint", "EventSource": "spectre", "HistoryName": "ExplorerRun.0", "logFile": "/home/cae3/simulation/ADC/inv_tb_YT/maestro/results/maestro/ExplorerRun.0/1/ADC_inv_tb_YT_1/psf/spectre.out", "logFileSize": "-1"}
[2024-10-13 01:00:02.541 +0200] [PROCESS] [cadence.virtuoso.ade.simulationMonitor] - Simulator launched {"hostname": "cae-europractice1.othr.de", "processid": 696076, "history": "ExplorerRun.0", "testname": "ADC_inv_tb_YT_1", "cornername": "Nominal", "point": 1, "logfile": "/home/cae3/Desktop/ADC/Cadence_Sky/logs_cae3/logs0/Job5.log", "simid": "1", "event": "launch", "category": "simulation"}
[2024-10-13 01:00:02.544 +0200] [PROCESS] [cadence.virtuoso.ade.simulationMonitor] - Expression evaluator launched {"hostname": "cae-europractice1.othr.de", "processid": 696076, "history": "ExplorerRun.0", "testname": "ADC_inv_tb_YT_1", "cornername": "Nominal", "point": 1, "logfile": "/home/cae3/Desktop/ADC/Cadence_Sky/logs_cae3/logs0/Job5.log"}
[2024-10-13 01:00:02.667 +0200] [PROCESS] [cadence.virtuoso.ade.simulationMonitor] - Started Simulation {"hostname": "cae-europractice1.othr.de", "processid": 696076, "history": "ExplorerRun.0", "testname": "ADC_inv_tb_YT_1", "cornername": "Nominal", "point": 1, "logfile": "/home/cae3/Desktop/ADC/Cadence_Sky/logs_cae3/logs0/Job5.log", "event": "start", "category": "simulation"}
[2024-10-13 01:00:19.173 +0200] [INFO] [cadence.virtuoso.ade.simulationMonitor] - Peak resident memory used = 166 Mbytes. {"history": "ExplorerRun.0", "point": 1, "testname": "ADC_inv_tb_YT_1", "cornername": "Nominal"}
[2024-10-13 01:00:19.173 +0200] [INFO] [cadence.virtuoso.ade.simulationMonitor] - Peak resident memory used = 177 Mbytes. {"history": "ExplorerRun.0", "point": 1, "testname": "ADC_inv_tb_YT_1", "cornername": "Nominal"}
[2024-10-13 01:00:19.173 +0200] [INFO] [cadence.virtuoso.ade.simulationMonitor] - Notice from spectre during hierarchy flattening.
    The value 'psf' specified for the 'checklimitdest' option will no longer be supported in future releases. Use 'spectre -h' to see other recommended values for the 'checklimitdest' option. {"history": "ExplorerRun.0", "point": 1, "testname": "ADC_inv_tb_YT_1", "cornername": "Nominal"}
[2024-10-13 01:00:19.173 +0200] [INFO] [cadence.virtuoso.ade.simulationMonitor] - Peak resident memory used = 178 Mbytes. {"history": "ExplorerRun.0", "point": 1, "testname": "ADC_inv_tb_YT_1", "cornername": "Nominal"}
[2024-10-13 01:00:24.175 +0200] [INFO] [cadence.virtuoso.ade.simulationMonitor] - Notice from spectre during initial setup.
    Multithreading is disabled due to the size of the design being too small. {"history": "ExplorerRun.0", "point": 1, "testname": "ADC_inv_tb_YT_1", "cornername": "Nominal"}
[2024-10-13 01:00:24.176 +0200] [INFO] [cadence.virtuoso.ade.simulationMonitor] -               nodes 3 {"history": "ExplorerRun.0", "point": 1, "testname": "ADC_inv_tb_YT_1", "cornername": "Nominal"}
[2024-10-13 01:00:24.176 +0200] [INFO] [cadence.virtuoso.ade.simulationMonitor] - Notice from spectre during initial setup.
    APS enabled. {"history": "ExplorerRun.0", "point": 1, "testname": "ADC_inv_tb_YT_1", "cornername": "Nominal"}
[2024-10-13 01:00:24.176 +0200] [INFO] [cadence.virtuoso.ade.simulationMonitor] - Peak resident memory used = 181 Mbytes. {"history": "ExplorerRun.0", "point": 1, "testname": "ADC_inv_tb_YT_1", "cornername": "Nominal"}
[2024-10-13 01:00:24.176 +0200] [INFO] [cadence.virtuoso.ade.simulationMonitor] -    -   (APS) Multi-threading. The recommended number of threads is 1, consider adding +mt=1 on command line. {"history": "ExplorerRun.0", "point": 1, "testname": "ADC_inv_tb_YT_1", "cornername": "Nominal"}
[2024-10-13 01:00:24.176 +0200] [INFO] [cadence.virtuoso.ade.simulationMonitor] - Total time required for dc analysis `dcOp': CPU = 2.63 ms, elapsed = 3.24607 ms, util. = 81%. {"history": "ExplorerRun.0", "point": 1, "testname": "ADC_inv_tb_YT_1", "cornername": "Nominal"}
[2024-10-13 01:00:24.176 +0200] [INFO] [cadence.virtuoso.ade.simulationMonitor] - Peak resident memory used = 184 Mbytes. {"history": "ExplorerRun.0", "point": 1, "testname": "ADC_inv_tb_YT_1", "cornername": "Nominal"}
[2024-10-13 01:00:24.176 +0200] [INFO] [cadence.virtuoso.ade.simulationMonitor] - Notice from spectre at dc = 1.8 V during DC analysis `dc'.
    The value of parameter 'dc' has been reset to the original value 0.6. {"history": "ExplorerRun.0", "point": 1, "testname": "ADC_inv_tb_YT_1", "cornername": "Nominal"}
[2024-10-13 01:00:24.176 +0200] [INFO] [cadence.virtuoso.ade.simulationMonitor] - Total time required for dc analysis `dc': CPU = 6.83 ms, elapsed = 7.32803 ms, util. = 93.2%. {"history": "ExplorerRun.0", "point": 1, "testname": "ADC_inv_tb_YT_1", "cornername": "Nominal"}
[2024-10-13 01:00:24.176 +0200] [INFO] [cadence.virtuoso.ade.simulationMonitor] - Peak resident memory used = 185 Mbytes. {"history": "ExplorerRun.0", "point": 1, "testname": "ADC_inv_tb_YT_1", "cornername": "Nominal"}
[2024-10-13 01:00:24.677 +0200] [INFO] [cadence.virtuoso.ade.simulationMonitor] - Time used: CPU = 765 ms, elapsed = 21 s, util. = 3.65%. {"history": "ExplorerRun.0", "point": 1, "testname": "ADC_inv_tb_YT_1", "cornername": "Nominal"}
[2024-10-13 01:00:24.677 +0200] [INFO] [cadence.virtuoso.ade.simulationMonitor] - Time spent in licensing: elapsed = 419 ms. {"history": "ExplorerRun.0", "point": 1, "testname": "ADC_inv_tb_YT_1", "cornername": "Nominal"}
[2024-10-13 01:00:24.677 +0200] [INFO] [cadence.virtuoso.ade.simulationMonitor] - Peak memory used = 193 Mbytes. {"history": "ExplorerRun.0", "point": 1, "testname": "ADC_inv_tb_YT_1", "cornername": "Nominal"}
[2024-10-13 01:00:24.677 +0200] [PROCESS] [cadence.virtuoso.ade.simulationMonitor] - Simulation started at: 1:00:03 AM, Sun Oct 13, 2024, ended at: 1:00:24 AM, Sun Oct 13, 2024, with elapsed time (wall clock): 21 s. {"history": "ExplorerRun.0", "point": 1, "testname": "ADC_inv_tb_YT_1", "cornername": "Nominal"}
[2024-10-13 01:00:24.677 +0200] [PROCESS] [cadence.virtuoso.ade.simulationMonitor] - spectre completes with 0 errors, 0 warnings, and 5 notices. {"history": "ExplorerRun.0", "point": 1, "testname": "ADC_inv_tb_YT_1", "cornername": "Nominal"}
[2024-10-13 01:00:24.678 +0200] [PROCESS] [cadence.virtuoso.ade.simulationMonitor] - Finished simulating for one point {"hostname": "cae-europractice1.othr.de", "processid": 696076, "history": "ExplorerRun.0", "testname": "ADC_inv_tb_YT_1", "cornername": "Nominal", "point": 1, "logfile": "/home/cae3/Desktop/ADC/Cadence_Sky/logs_cae3/logs0/Job5.log", "simid": "1", "event": "finish", "category": "simulation"}
[2024-10-13 01:00:24.678 +0200] [PROCESS] [cadence.virtuoso.ade.simulationMonitor] - Simulator exited {"hostname": "cae-europractice1.othr.de", "processid": 696076, "history": "ExplorerRun.0", "testname": "ADC_inv_tb_YT_1", "cornername": "Nominal", "point": 1, "logfile": "/home/cae3/Desktop/ADC/Cadence_Sky/logs_cae3/logs0/Job5.log", "exitStatus": "0"}
[2024-10-13 01:00:24.678 +0200] [PROCESS] [cadence.virtuoso.ade.simulationMonitor] - Finished Simulation {"hostname": "cae-europractice1.othr.de", "processid": 696076, "history": "ExplorerRun.0", "testname": "ADC_inv_tb_YT_1", "cornername": "Nominal", "point": 1, "logfile": "/home/cae3/Desktop/ADC/Cadence_Sky/logs_cae3/logs0/Job5.log", "simid": "1", "event": "finish", "category": "simulation"}
[2024-10-13 01:00:25.679 +0200] [PROCESS] [cadence.virtuoso.ade.simulationMonitor] - Point Finished {"hostname": "cae-europractice1.othr.de", "processid": 696076, "history": "ExplorerRun.0", "testname": "ADC_inv_tb_YT_1", "cornername": "Nominal", "point": 1, "logfile": "/home/cae3/Desktop/ADC/Cadence_Sky/logs_cae3/logs0/Job5.log"}
[2024-10-13 01:05:02.850 +0200] [PROCESS] [cadence.virtuoso.ade.simulationMonitor] - get signal Terminated<15> from user:cae3, which pid:696070:/eda/cadence/2023-24/RHELx86/IC_23.10.020/tools/bin/64bit/cdsServIpc {"hostname": "cae-europractice1.othr.de", "processid": 696076, "history": "ExplorerRun.0", "testname": "ADC_inv_tb_YT_1", "cornername": "Nominal", "point": 1, "logfile": "/home/cae3/Desktop/ADC/Cadence_Sky/logs_cae3/logs0/Job5.log", "signal": "15", "signalName": "Terminated", "which": "/eda/cadence/2023-24/RHELx86/IC_23.10.020/tools/bin/64bit/cdsServIpc", "pid": "696070", "user": "cae3", "uid": "1005"}
[2024-10-13 01:05:02.850 +0200] [INFO] [cadence.virtuoso.ade.simulationMonitor] - SimulationMonitor has terminated the  process '696116', reason: 'simulationMonitor is handling signal 15' {"history": "ExplorerRun.0", "point": 1, "testname": "ADC_inv_tb_YT_1", "cornername": "Nominal"}
