[Simulation Monitor: 6]
[2024-10-13 01:20:55.404 +0200] [PROCESS] [cadence.virtuoso.ade.simulationMonitor] - Simulation Monitor has successfully started up. Trying to set up communication channels to other components ... {"hostname": "cae-europractice1.othr.de", "processid": 703395, "logfile": "/home/cae3/Desktop/ADC/Cadence_Sky/logs_cae3/logs0/Job6.log"}
[2024-10-13 01:20:55.405 +0200] [PROCESS] [cadence.virtuoso.ade.simulationMonitor] - Communication channels have been successfully set up. Start processing events ... {"hostname": "cae-europractice1.othr.de", "processid": 703395, "logfile": "/home/cae3/Desktop/ADC/Cadence_Sky/logs_cae3/logs0/Job6.log"}
[2024-10-13 01:20:55.405 +0200] [PROCESS] [cadence.virtuoso.ade.simulationMonitor] - Considering to start history {"hostname": "cae-europractice1.othr.de", "processid": 703395, "history": "Interactive.0", "logfile": "/home/cae3/Desktop/ADC/Cadence_Sky/logs_cae3/logs0/Job6.log"}
[2024-10-13 01:20:55.408 +0200] [PROCESS] [cadence.virtuoso.ade.simulationMonitor] - HostInfo:
Host name (type):	cae-europractice1.othr.de (x86_64)
Operating system:	Linux 5.15.0-210.163.7.el8uek.x86_64 #2 SMP Tue Sep 10 18:31:09 PDT 2024 {"hostname": "cae-europractice1.othr.de", "processid": 703395, "history": "Interactive.0", "logfile": "/home/cae3/Desktop/ADC/Cadence_Sky/logs_cae3/logs0/Job6.log", "nodename": "cae-europractice1.othr.de", "domainname": "(none)", "machine": "x86_64", "sysname": "Linux", "release": "5.15.0-210.163.7.el8uek.x86_64", "version": "#2 SMP Tue Sep 10 18:31:09 PDT 2024"}
[2024-10-13 01:20:55.408 +0200] [PROCESS] [cadence.virtuoso.ade.simulationMonitor] - UsageInfo:
pid=703395
totalPhysicalMemory=31.061058GB,Used=27.701359GB,totalVirtualMemory=31.061058GB,Used=27.701359GB
Cpu: Cores=16, Load average:0.200000,0.280000,0.270000 {"hostname": "cae-europractice1.othr.de", "processid": 703395, "history": "Interactive.0", "logfile": "/home/cae3/Desktop/ADC/Cadence_Sky/logs_cae3/logs0/Job6.log", "pid": "703395", "totalPhysicalMemory": "31.061058", "physicalMemoryUsed": "27.701359", "totalVirtualMemory": "31.061058", "virtualMemoryUsed": "27.701359", "cpuCores": "16", "processes": "2387", "loadAverage1": "0.200000", "loadAverage5": "0.280000", "loadAverage15": "0.270000", "loadAverage1Percent": "0.012500"}
[2024-10-13 01:20:55.408 +0200] [EVENT] [cadence.virtuoso.ade.simulationMonitor] - NewPoint {"history": "Interactive.0", "point": 1, "testname": "ADC_inv_tb_YT_1", "cornername": "Nominal", "event": "NewPoint", "EventSource": "Simulation Monitor", "HistoryName": "Interactive.0", "logFile": "/home/cae3/Desktop/ADC/Cadence_Sky/logs_cae3/logs0/Job6.log", "logFileSize": "2286"}
[2024-10-13 01:20:55.511 +0200] [EVENT] [cadence.virtuoso.ade.simulationMonitor] - NewPoint {"history": "Interactive.0", "point": 1, "testname": "ADC_inv_tb_YT_1", "cornername": "Nominal", "event": "NewPoint", "EventSource": "spectre", "HistoryName": "Interactive.0", "logFile": "/home/cae3/simulation/ADC/inv_tb_YT/maestro/results/maestro/Interactive.0/1/ADC_inv_tb_YT_1/psf/spectre.out", "logFileSize": "-1"}
[2024-10-13 01:20:55.525 +0200] [PROCESS] [cadence.virtuoso.ade.simulationMonitor] - Simulator launched {"hostname": "cae-europractice1.othr.de", "processid": 703395, "history": "Interactive.0", "testname": "ADC_inv_tb_YT_1", "cornername": "Nominal", "point": 1, "logfile": "/home/cae3/Desktop/ADC/Cadence_Sky/logs_cae3/logs0/Job6.log", "simid": "1", "event": "launch", "category": "simulation"}
[2024-10-13 01:20:55.527 +0200] [PROCESS] [cadence.virtuoso.ade.simulationMonitor] - Expression evaluator launched {"hostname": "cae-europractice1.othr.de", "processid": 703395, "history": "Interactive.0", "testname": "ADC_inv_tb_YT_1", "cornername": "Nominal", "point": 1, "logfile": "/home/cae3/Desktop/ADC/Cadence_Sky/logs_cae3/logs0/Job6.log"}
[2024-10-13 01:20:55.645 +0200] [PROCESS] [cadence.virtuoso.ade.simulationMonitor] - Started Simulation {"hostname": "cae-europractice1.othr.de", "processid": 703395, "history": "Interactive.0", "testname": "ADC_inv_tb_YT_1", "cornername": "Nominal", "point": 1, "logfile": "/home/cae3/Desktop/ADC/Cadence_Sky/logs_cae3/logs0/Job6.log", "event": "start", "category": "simulation"}
[2024-10-13 01:21:12.152 +0200] [INFO] [cadence.virtuoso.ade.simulationMonitor] - Peak resident memory used = 165 Mbytes. {"history": "Interactive.0", "point": 1, "testname": "ADC_inv_tb_YT_1", "cornername": "Nominal"}
[2024-10-13 01:21:12.152 +0200] [INFO] [cadence.virtuoso.ade.simulationMonitor] - Peak resident memory used = 177 Mbytes. {"history": "Interactive.0", "point": 1, "testname": "ADC_inv_tb_YT_1", "cornername": "Nominal"}
[2024-10-13 01:21:12.152 +0200] [INFO] [cadence.virtuoso.ade.simulationMonitor] - Notice from spectre during hierarchy flattening.
    The value 'psf' specified for the 'checklimitdest' option will no longer be supported in future releases. Use 'spectre -h' to see other recommended values for the 'checklimitdest' option. {"history": "Interactive.0", "point": 1, "testname": "ADC_inv_tb_YT_1", "cornername": "Nominal"}
[2024-10-13 01:21:12.152 +0200] [INFO] [cadence.virtuoso.ade.simulationMonitor] - Peak resident memory used = 177 Mbytes. {"history": "Interactive.0", "point": 1, "testname": "ADC_inv_tb_YT_1", "cornername": "Nominal"}
[2024-10-13 01:21:17.155 +0200] [INFO] [cadence.virtuoso.ade.simulationMonitor] - Notice from spectre during initial setup.
    Multithreading is disabled due to the size of the design being too small. {"history": "Interactive.0", "point": 1, "testname": "ADC_inv_tb_YT_1", "cornername": "Nominal"}
[2024-10-13 01:21:17.155 +0200] [INFO] [cadence.virtuoso.ade.simulationMonitor] -               nodes 3 {"history": "Interactive.0", "point": 1, "testname": "ADC_inv_tb_YT_1", "cornername": "Nominal"}
[2024-10-13 01:21:17.155 +0200] [INFO] [cadence.virtuoso.ade.simulationMonitor] - Notice from spectre during initial setup.
    APS enabled. {"history": "Interactive.0", "point": 1, "testname": "ADC_inv_tb_YT_1", "cornername": "Nominal"}
[2024-10-13 01:21:17.155 +0200] [INFO] [cadence.virtuoso.ade.simulationMonitor] - Peak resident memory used = 181 Mbytes. {"history": "Interactive.0", "point": 1, "testname": "ADC_inv_tb_YT_1", "cornername": "Nominal"}
[2024-10-13 01:21:17.155 +0200] [INFO] [cadence.virtuoso.ade.simulationMonitor] -    -   (APS) Multi-threading. The recommended number of threads is 1, consider adding +mt=1 on command line. {"history": "Interactive.0", "point": 1, "testname": "ADC_inv_tb_YT_1", "cornername": "Nominal"}
[2024-10-13 01:21:17.155 +0200] [INFO] [cadence.virtuoso.ade.simulationMonitor] - Total time required for dc analysis `dcOp': CPU = 2.679 ms, elapsed = 3.72195 ms, util. = 72%. {"history": "Interactive.0", "point": 1, "testname": "ADC_inv_tb_YT_1", "cornername": "Nominal"}
[2024-10-13 01:21:17.155 +0200] [INFO] [cadence.virtuoso.ade.simulationMonitor] - Peak resident memory used = 182 Mbytes. {"history": "Interactive.0", "point": 1, "testname": "ADC_inv_tb_YT_1", "cornername": "Nominal"}
[2024-10-13 01:21:17.656 +0200] [INFO] [cadence.virtuoso.ade.simulationMonitor] - Notice from spectre at dc = 1.8 V during DC analysis `dc'.
    The value of parameter 'dc' has been reset to the original value 0.6. {"history": "Interactive.0", "point": 1, "testname": "ADC_inv_tb_YT_1", "cornername": "Nominal"}
[2024-10-13 01:21:17.656 +0200] [INFO] [cadence.virtuoso.ade.simulationMonitor] - Total time required for dc analysis `dc': CPU = 6.577 ms, elapsed = 10.2961 ms, util. = 63.9%. {"history": "Interactive.0", "point": 1, "testname": "ADC_inv_tb_YT_1", "cornername": "Nominal"}
[2024-10-13 01:21:17.656 +0200] [INFO] [cadence.virtuoso.ade.simulationMonitor] - Peak resident memory used = 184 Mbytes. {"history": "Interactive.0", "point": 1, "testname": "ADC_inv_tb_YT_1", "cornername": "Nominal"}
[2024-10-13 01:21:17.656 +0200] [INFO] [cadence.virtuoso.ade.simulationMonitor] - Time used: CPU = 772 ms, elapsed = 21 s, util. = 3.68%. {"history": "Interactive.0", "point": 1, "testname": "ADC_inv_tb_YT_1", "cornername": "Nominal"}
[2024-10-13 01:21:17.656 +0200] [INFO] [cadence.virtuoso.ade.simulationMonitor] - Time spent in licensing: elapsed = 430 ms. {"history": "Interactive.0", "point": 1, "testname": "ADC_inv_tb_YT_1", "cornername": "Nominal"}
[2024-10-13 01:21:17.656 +0200] [INFO] [cadence.virtuoso.ade.simulationMonitor] - Peak memory used = 192 Mbytes. {"history": "Interactive.0", "point": 1, "testname": "ADC_inv_tb_YT_1", "cornername": "Nominal"}
[2024-10-13 01:21:17.656 +0200] [PROCESS] [cadence.virtuoso.ade.simulationMonitor] - Simulation started at: 1:20:56 AM, Sun Oct 13, 2024, ended at: 1:21:17 AM, Sun Oct 13, 2024, with elapsed time (wall clock): 21 s. {"history": "Interactive.0", "point": 1, "testname": "ADC_inv_tb_YT_1", "cornername": "Nominal"}
[2024-10-13 01:21:17.656 +0200] [PROCESS] [cadence.virtuoso.ade.simulationMonitor] - spectre completes with 0 errors, 0 warnings, and 5 notices. {"history": "Interactive.0", "point": 1, "testname": "ADC_inv_tb_YT_1", "cornername": "Nominal"}
[2024-10-13 01:21:17.657 +0200] [PROCESS] [cadence.virtuoso.ade.simulationMonitor] - Finished simulating for one point {"hostname": "cae-europractice1.othr.de", "processid": 703395, "history": "Interactive.0", "testname": "ADC_inv_tb_YT_1", "cornername": "Nominal", "point": 1, "logfile": "/home/cae3/Desktop/ADC/Cadence_Sky/logs_cae3/logs0/Job6.log", "simid": "1", "event": "finish", "category": "simulation"}
[2024-10-13 01:21:17.657 +0200] [PROCESS] [cadence.virtuoso.ade.simulationMonitor] - Simulator exited {"hostname": "cae-europractice1.othr.de", "processid": 703395, "history": "Interactive.0", "testname": "ADC_inv_tb_YT_1", "cornername": "Nominal", "point": 1, "logfile": "/home/cae3/Desktop/ADC/Cadence_Sky/logs_cae3/logs0/Job6.log", "exitStatus": "0"}
[2024-10-13 01:21:17.657 +0200] [PROCESS] [cadence.virtuoso.ade.simulationMonitor] - Finished Simulation {"hostname": "cae-europractice1.othr.de", "processid": 703395, "history": "Interactive.0", "testname": "ADC_inv_tb_YT_1", "cornername": "Nominal", "point": 1, "logfile": "/home/cae3/Desktop/ADC/Cadence_Sky/logs_cae3/logs0/Job6.log", "simid": "1", "event": "finish", "category": "simulation"}
[2024-10-13 01:21:18.664 +0200] [PROCESS] [cadence.virtuoso.ade.simulationMonitor] - Point Finished {"hostname": "cae-europractice1.othr.de", "processid": 703395, "history": "Interactive.0", "testname": "ADC_inv_tb_YT_1", "cornername": "Nominal", "point": 1, "logfile": "/home/cae3/Desktop/ADC/Cadence_Sky/logs_cae3/logs0/Job6.log"}
[2024-10-13 01:22:11.572 +0200] [PROCESS] [cadence.virtuoso.ade.simulationMonitor] - get signal Terminated<15> from user:cae3, which pid:703390:/eda/cadence/2023-24/RHELx86/IC_23.10.020/tools/bin/64bit/cdsServIpc {"hostname": "cae-europractice1.othr.de", "processid": 703395, "history": "Interactive.0", "testname": "ADC_inv_tb_YT_1", "cornername": "Nominal", "point": 1, "logfile": "/home/cae3/Desktop/ADC/Cadence_Sky/logs_cae3/logs0/Job6.log", "signal": "15", "signalName": "Terminated", "which": "/eda/cadence/2023-24/RHELx86/IC_23.10.020/tools/bin/64bit/cdsServIpc", "pid": "703390", "user": "cae3", "uid": "1005"}
[2024-10-13 01:22:11.573 +0200] [INFO] [cadence.virtuoso.ade.simulationMonitor] - SimulationMonitor has terminated the  process '703435', reason: 'simulationMonitor is handling signal 15' {"history": "Interactive.0", "point": 1, "testname": "ADC_inv_tb_YT_1", "cornername": "Nominal"}
