[Simulation Monitor: 7]
[2024-10-16 22:23:10.417 +0200] [PROCESS] [cadence.virtuoso.ade.simulationMonitor] - Simulation Monitor has successfully started up. Trying to set up communication channels to other components ... {"hostname": "cae-europractice1.othr.de", "processid": 1255424, "logfile": "/home/cae3/Desktop/ADC/ASIC_ADC/Cadence_sky/logs_cae3/logs0/Job7.log"}
[2024-10-16 22:23:10.418 +0200] [PROCESS] [cadence.virtuoso.ade.simulationMonitor] - Communication channels have been successfully set up. Start processing events ... {"hostname": "cae-europractice1.othr.de", "processid": 1255424, "logfile": "/home/cae3/Desktop/ADC/ASIC_ADC/Cadence_sky/logs_cae3/logs0/Job7.log"}
[2024-10-16 22:23:10.418 +0200] [PROCESS] [cadence.virtuoso.ade.simulationMonitor] - Considering to start history {"hostname": "cae-europractice1.othr.de", "processid": 1255424, "history": "Interactive.0", "logfile": "/home/cae3/Desktop/ADC/ASIC_ADC/Cadence_sky/logs_cae3/logs0/Job7.log"}
[2024-10-16 22:23:10.420 +0200] [PROCESS] [cadence.virtuoso.ade.simulationMonitor] - Started History {"hostname": "cae-europractice1.othr.de", "processid": 1255424, "history": "ExplorerRun.0", "testname": "ADC_TB_single_1", "cornername": "Nominal", "point": 1, "logfile": "/home/cae3/Desktop/ADC/ASIC_ADC/Cadence_sky/logs_cae3/logs0/Job7.log"}
[2024-10-16 22:23:10.420 +0200] [PROCESS] [cadence.virtuoso.ade.simulationMonitor] - HostInfo:
Host name (type):	cae-europractice1.othr.de (x86_64)
Operating system:	Linux 5.15.0-210.163.7.el8uek.x86_64 #2 SMP Tue Sep 10 18:31:09 PDT 2024 {"hostname": "cae-europractice1.othr.de", "processid": 1255424, "history": "ExplorerRun.0", "testname": "ADC_TB_single_1", "cornername": "Nominal", "point": 1, "logfile": "/home/cae3/Desktop/ADC/ASIC_ADC/Cadence_sky/logs_cae3/logs0/Job7.log", "nodename": "cae-europractice1.othr.de", "domainname": "(none)", "machine": "x86_64", "sysname": "Linux", "release": "5.15.0-210.163.7.el8uek.x86_64", "version": "#2 SMP Tue Sep 10 18:31:09 PDT 2024"}
[2024-10-16 22:23:10.420 +0200] [PROCESS] [cadence.virtuoso.ade.simulationMonitor] - UsageInfo:
pid=1255424
totalPhysicalMemory=31.061058GB,Used=29.253891GB,totalVirtualMemory=31.061058GB,Used=29.253891GB
Cpu: Cores=16, Load average:0.410000,0.400000,0.410000 {"hostname": "cae-europractice1.othr.de", "processid": 1255424, "history": "ExplorerRun.0", "testname": "ADC_TB_single_1", "cornername": "Nominal", "point": 1, "logfile": "/home/cae3/Desktop/ADC/ASIC_ADC/Cadence_sky/logs_cae3/logs0/Job7.log", "pid": "1255424", "totalPhysicalMemory": "31.061058", "physicalMemoryUsed": "29.253891", "totalVirtualMemory": "31.061058", "virtualMemoryUsed": "29.253891", "cpuCores": "16", "processes": "3607", "loadAverage1": "0.410000", "loadAverage5": "0.400000", "loadAverage15": "0.410000", "loadAverage1Percent": "0.025625"}
[2024-10-16 22:23:10.420 +0200] [EVENT] [cadence.virtuoso.ade.simulationMonitor] - NewPoint {"history": "ExplorerRun.0", "point": 1, "testname": "ADC_TB_single_1", "cornername": "Nominal", "event": "NewPoint", "EventSource": "Simulation Monitor", "HistoryName": "ExplorerRun.0", "logFile": "/home/cae3/Desktop/ADC/ASIC_ADC/Cadence_sky/logs_cae3/logs0/Job7.log", "logFileSize": "2818"}
[2024-10-16 22:23:10.523 +0200] [EVENT] [cadence.virtuoso.ade.simulationMonitor] - NewPoint {"history": "ExplorerRun.0", "point": 1, "testname": "ADC_TB_single_1", "cornername": "Nominal", "event": "NewPoint", "EventSource": "spectre", "HistoryName": "ExplorerRun.0", "logFile": "/home/cae3/simulation/ADC/TB_single/maestro/results/maestro/ExplorerRun.0/1/ADC_TB_single_1/psf/spectre.out", "logFileSize": "-1"}
[2024-10-16 22:23:10.538 +0200] [PROCESS] [cadence.virtuoso.ade.simulationMonitor] - Simulator launched {"hostname": "cae-europractice1.othr.de", "processid": 1255424, "history": "ExplorerRun.0", "testname": "ADC_TB_single_1", "cornername": "Nominal", "point": 1, "logfile": "/home/cae3/Desktop/ADC/ASIC_ADC/Cadence_sky/logs_cae3/logs0/Job7.log", "simid": "1", "event": "launch", "category": "simulation"}
[2024-10-16 22:23:10.540 +0200] [PROCESS] [cadence.virtuoso.ade.simulationMonitor] - Expression evaluator launched {"hostname": "cae-europractice1.othr.de", "processid": 1255424, "history": "ExplorerRun.0", "testname": "ADC_TB_single_1", "cornername": "Nominal", "point": 1, "logfile": "/home/cae3/Desktop/ADC/ASIC_ADC/Cadence_sky/logs_cae3/logs0/Job7.log"}
[2024-10-16 22:23:10.711 +0200] [PROCESS] [cadence.virtuoso.ade.simulationMonitor] - Started Simulation {"hostname": "cae-europractice1.othr.de", "processid": 1255424, "history": "ExplorerRun.0", "testname": "ADC_TB_single_1", "cornername": "Nominal", "point": 1, "logfile": "/home/cae3/Desktop/ADC/ASIC_ADC/Cadence_sky/logs_cae3/logs0/Job7.log", "event": "start", "category": "simulation"}
[2024-10-16 22:23:27.217 +0200] [INFO] [cadence.virtuoso.ade.simulationMonitor] - Peak resident memory used = 165 Mbytes. {"history": "ExplorerRun.0", "point": 1, "testname": "ADC_TB_single_1", "cornername": "Nominal"}
[2024-10-16 22:23:27.217 +0200] [INFO] [cadence.virtuoso.ade.simulationMonitor] - Peak resident memory used = 177 Mbytes. {"history": "ExplorerRun.0", "point": 1, "testname": "ADC_TB_single_1", "cornername": "Nominal"}
[2024-10-16 22:23:27.217 +0200] [INFO] [cadence.virtuoso.ade.simulationMonitor] - Notice from spectre during hierarchy flattening.
    The value 'psf' specified for the 'checklimitdest' option will no longer be supported in future releases. Use 'spectre -h' to see other recommended values for the 'checklimitdest' option. {"history": "ExplorerRun.0", "point": 1, "testname": "ADC_TB_single_1", "cornername": "Nominal"}
[2024-10-16 22:23:27.218 +0200] [INFO] [cadence.virtuoso.ade.simulationMonitor] - Peak resident memory used = 178 Mbytes. {"history": "ExplorerRun.0", "point": 1, "testname": "ADC_TB_single_1", "cornername": "Nominal"}
[2024-10-16 22:23:32.220 +0200] [INFO] [cadence.virtuoso.ade.simulationMonitor] - Notice from spectre during initial setup.
    Multithreading is disabled due to the size of the design being too small. {"history": "ExplorerRun.0", "point": 1, "testname": "ADC_TB_single_1", "cornername": "Nominal"}
[2024-10-16 22:23:32.220 +0200] [INFO] [cadence.virtuoso.ade.simulationMonitor] -               nodes 5 {"history": "ExplorerRun.0", "point": 1, "testname": "ADC_TB_single_1", "cornername": "Nominal"}
[2024-10-16 22:23:32.220 +0200] [INFO] [cadence.virtuoso.ade.simulationMonitor] - Notice from spectre during initial setup.
    APS enabled. {"history": "ExplorerRun.0", "point": 1, "testname": "ADC_TB_single_1", "cornername": "Nominal"}
[2024-10-16 22:23:32.220 +0200] [INFO] [cadence.virtuoso.ade.simulationMonitor] - Peak resident memory used = 181 Mbytes. {"history": "ExplorerRun.0", "point": 1, "testname": "ADC_TB_single_1", "cornername": "Nominal"}
[2024-10-16 22:23:32.220 +0200] [INFO] [cadence.virtuoso.ade.simulationMonitor] -    -   (APS) Multi-threading. The recommended number of threads is 1, consider adding +mt=1 on command line. {"history": "ExplorerRun.0", "point": 1, "testname": "ADC_TB_single_1", "cornername": "Nominal"}
[2024-10-16 22:23:32.221 +0200] [INFO] [cadence.virtuoso.ade.simulationMonitor] - Total time required for dc analysis `dcOp': CPU = 2.971 ms, elapsed = 3.84402 ms, util. = 77.3%. {"history": "ExplorerRun.0", "point": 1, "testname": "ADC_TB_single_1", "cornername": "Nominal"}
[2024-10-16 22:23:32.221 +0200] [INFO] [cadence.virtuoso.ade.simulationMonitor] - Peak resident memory used = 182 Mbytes. {"history": "ExplorerRun.0", "point": 1, "testname": "ADC_TB_single_1", "cornername": "Nominal"}
[2024-10-16 22:23:32.221 +0200] [INFO] [cadence.virtuoso.ade.simulationMonitor] - Notice from spectre at dc = 3.6 mV during DC analysis `dc'.
    GminDC = 1 pS is large enough to noticeably affect the DC solution.
        dV(div_out) = 137.561 uV
        Use the `gmin_check' option to eliminate or expand this report. {"history": "ExplorerRun.0", "point": 1, "testname": "ADC_TB_single_1", "cornername": "Nominal"}
[2024-10-16 22:23:32.221 +0200] [INFO] [cadence.virtuoso.ade.simulationMonitor] - Notice from spectre at dc = 7.2 mV during DC analysis `dc'.
    GminDC = 1 pS is large enough to noticeably affect the DC solution.
        dV(div_out) = 280.956 uV
        Use the `gmin_check' option to eliminate or expand this report. {"history": "ExplorerRun.0", "point": 1, "testname": "ADC_TB_single_1", "cornername": "Nominal"}
[2024-10-16 22:23:32.221 +0200] [INFO] [cadence.virtuoso.ade.simulationMonitor] - Notice from spectre at dc = 10.8 mV during DC analysis `dc'.
    GminDC = 1 pS is large enough to noticeably affect the DC solution.
        dV(div_out) = 430.159 uV
        Use the `gmin_check' option to eliminate or expand this report. {"history": "ExplorerRun.0", "point": 1, "testname": "ADC_TB_single_1", "cornername": "Nominal"}
[2024-10-16 22:23:32.221 +0200] [INFO] [cadence.virtuoso.ade.simulationMonitor] - Notice from spectre at dc = 14.4 mV during DC analysis `dc'.
    GminDC = 1 pS is large enough to noticeably affect the DC solution.
        dV(div_out) = 585.124 uV
        Use the `gmin_check' option to eliminate or expand this report. {"history": "ExplorerRun.0", "point": 1, "testname": "ADC_TB_single_1", "cornername": "Nominal"}
[2024-10-16 22:23:32.221 +0200] [INFO] [cadence.virtuoso.ade.simulationMonitor] - Notice from spectre at dc = 18 mV during DC analysis `dc'.
    GminDC = 1 pS is large enough to noticeably affect the DC solution.
        Further occurrences of this notice will be suppressed.
        dV(div_out) = 745.797 uV
        Further occurrences of this notice will be suppressed.
        Use the `gmin_check' option to eliminate or expand this report.
        Further occurrences of this notice will be suppressed. {"history": "ExplorerRun.0", "point": 1, "testname": "ADC_TB_single_1", "cornername": "Nominal"}
[2024-10-16 22:23:32.221 +0200] [INFO] [cadence.virtuoso.ade.simulationMonitor] - Notice from spectre at dc = 1.8 V during DC analysis `dc'.
    The value of parameter 'dc' has been reset to the original value 0.6. {"history": "ExplorerRun.0", "point": 1, "testname": "ADC_TB_single_1", "cornername": "Nominal"}
[2024-10-16 22:23:32.221 +0200] [INFO] [cadence.virtuoso.ade.simulationMonitor] - Total time required for dc analysis `dc': CPU = 38.995 ms, elapsed = 39.9508 ms, util. = 97.6%. {"history": "ExplorerRun.0", "point": 1, "testname": "ADC_TB_single_1", "cornername": "Nominal"}
[2024-10-16 22:23:32.221 +0200] [INFO] [cadence.virtuoso.ade.simulationMonitor] - Peak resident memory used = 184 Mbytes. {"history": "ExplorerRun.0", "point": 1, "testname": "ADC_TB_single_1", "cornername": "Nominal"}
[2024-10-16 22:23:32.221 +0200] [INFO] [cadence.virtuoso.ade.simulationMonitor] - Notice from spectre.
    151 notices suppressed. {"history": "ExplorerRun.0", "point": 1, "testname": "ADC_TB_single_1", "cornername": "Nominal"}
[2024-10-16 22:23:32.221 +0200] [INFO] [cadence.virtuoso.ade.simulationMonitor] - Time used: CPU = 820 ms, elapsed = 21 s, util. = 3.89%. {"history": "ExplorerRun.0", "point": 1, "testname": "ADC_TB_single_1", "cornername": "Nominal"}
[2024-10-16 22:23:32.221 +0200] [INFO] [cadence.virtuoso.ade.simulationMonitor] - Time spent in licensing: elapsed = 429 ms. {"history": "ExplorerRun.0", "point": 1, "testname": "ADC_TB_single_1", "cornername": "Nominal"}
[2024-10-16 22:23:32.221 +0200] [INFO] [cadence.virtuoso.ade.simulationMonitor] - Peak memory used = 192 Mbytes. {"history": "ExplorerRun.0", "point": 1, "testname": "ADC_TB_single_1", "cornername": "Nominal"}
[2024-10-16 22:23:32.222 +0200] [PROCESS] [cadence.virtuoso.ade.simulationMonitor] - Simulation started at: 10:23:11 PM, Wed Oct 16, 2024, ended at: 10:23:32 PM, Wed Oct 16, 2024, with elapsed time (wall clock): 21 s. {"history": "ExplorerRun.0", "point": 1, "testname": "ADC_TB_single_1", "cornername": "Nominal"}
[2024-10-16 22:23:32.222 +0200] [PROCESS] [cadence.virtuoso.ade.simulationMonitor] - spectre completes with 0 errors, 0 warnings, and 11 notices. {"history": "ExplorerRun.0", "point": 1, "testname": "ADC_TB_single_1", "cornername": "Nominal"}
[2024-10-16 22:23:32.222 +0200] [PROCESS] [cadence.virtuoso.ade.simulationMonitor] - Finished simulating for one point {"hostname": "cae-europractice1.othr.de", "processid": 1255424, "history": "ExplorerRun.0", "testname": "ADC_TB_single_1", "cornername": "Nominal", "point": 1, "logfile": "/home/cae3/Desktop/ADC/ASIC_ADC/Cadence_sky/logs_cae3/logs0/Job7.log", "simid": "1", "event": "finish", "category": "simulation"}
[2024-10-16 22:23:32.222 +0200] [PROCESS] [cadence.virtuoso.ade.simulationMonitor] - Simulator exited {"hostname": "cae-europractice1.othr.de", "processid": 1255424, "history": "ExplorerRun.0", "testname": "ADC_TB_single_1", "cornername": "Nominal", "point": 1, "logfile": "/home/cae3/Desktop/ADC/ASIC_ADC/Cadence_sky/logs_cae3/logs0/Job7.log", "exitStatus": "0"}
[2024-10-16 22:23:32.222 +0200] [PROCESS] [cadence.virtuoso.ade.simulationMonitor] - Finished Simulation {"hostname": "cae-europractice1.othr.de", "processid": 1255424, "history": "ExplorerRun.0", "testname": "ADC_TB_single_1", "cornername": "Nominal", "point": 1, "logfile": "/home/cae3/Desktop/ADC/ASIC_ADC/Cadence_sky/logs_cae3/logs0/Job7.log", "simid": "1", "event": "finish", "category": "simulation"}
[2024-10-16 22:23:33.223 +0200] [PROCESS] [cadence.virtuoso.ade.simulationMonitor] - Point Finished {"hostname": "cae-europractice1.othr.de", "processid": 1255424, "history": "ExplorerRun.0", "testname": "ADC_TB_single_1", "cornername": "Nominal", "point": 1, "logfile": "/home/cae3/Desktop/ADC/ASIC_ADC/Cadence_sky/logs_cae3/logs0/Job7.log"}
[2024-10-16 22:23:34.225 +0200] [PROCESS] [cadence.virtuoso.ade.simulationMonitor] - Stay with the runId '4', Linger time '300', currentRunSyn '9', currentTestSyn '10' {"hostname": "cae-europractice1.othr.de", "processid": 1255424, "history": "ExplorerRun.0", "testname": "ADC_TB_single_1", "cornername": "Nominal", "point": 1, "logfile": "/home/cae3/Desktop/ADC/ASIC_ADC/Cadence_sky/logs_cae3/logs0/Job7.log"}
[2024-10-16 22:27:41.949 +0200] [INFO] [cadence.virtuoso.ade.simulationMonitor] - SimulationMonitor has terminated the vds process '1255462', reason: 'Force to stop the expression evalutor process because of new run' {"history": "ExplorerRun.0", "point": 1, "testname": "ADC_TB_single_1", "cornername": "Nominal"}
[2024-10-16 22:27:41.949 +0200] [PROCESS] [cadence.virtuoso.ade.simulationMonitor] - HostInfo:
Host name (type):	cae-europractice1.othr.de (x86_64)
Operating system:	Linux 5.15.0-210.163.7.el8uek.x86_64 #2 SMP Tue Sep 10 18:31:09 PDT 2024 {"hostname": "cae-europractice1.othr.de", "processid": 1255424, "history": "ExplorerRun.0", "testname": "ADC_TB_single_1", "cornername": "Nominal", "point": 1, "logfile": "/home/cae3/Desktop/ADC/ASIC_ADC/Cadence_sky/logs_cae3/logs0/Job7.log", "nodename": "cae-europractice1.othr.de", "domainname": "(none)", "machine": "x86_64", "sysname": "Linux", "release": "5.15.0-210.163.7.el8uek.x86_64", "version": "#2 SMP Tue Sep 10 18:31:09 PDT 2024"}
[2024-10-16 22:27:41.950 +0200] [PROCESS] [cadence.virtuoso.ade.simulationMonitor] - UsageInfo:
pid=1255424
totalPhysicalMemory=31.061058GB,Used=29.275799GB,totalVirtualMemory=31.061058GB,Used=29.275799GB
Cpu: Cores=16, Load average:0.450000,0.330000,0.370000 {"hostname": "cae-europractice1.othr.de", "processid": 1255424, "history": "ExplorerRun.0", "testname": "ADC_TB_single_1", "cornername": "Nominal", "point": 1, "logfile": "/home/cae3/Desktop/ADC/ASIC_ADC/Cadence_sky/logs_cae3/logs0/Job7.log", "pid": "1255424", "totalPhysicalMemory": "31.061058", "physicalMemoryUsed": "29.275799", "totalVirtualMemory": "31.061058", "virtualMemoryUsed": "29.275799", "cpuCores": "16", "processes": "3622", "loadAverage1": "0.450000", "loadAverage5": "0.330000", "loadAverage15": "0.370000", "loadAverage1Percent": "0.028125"}
[2024-10-16 22:27:41.950 +0200] [EVENT] [cadence.virtuoso.ade.simulationMonitor] - NewPoint {"history": "ExplorerRun.0", "point": 1, "testname": "ADC_TB_single_1", "cornername": "Nominal", "event": "NewPoint", "EventSource": "Simulation Monitor", "HistoryName": "ExplorerRun.0", "logFile": "/home/cae3/Desktop/ADC/ASIC_ADC/Cadence_sky/logs_cae3/logs0/Job7.log", "logFileSize": "15878"}
[2024-10-16 22:27:42.056 +0200] [EVENT] [cadence.virtuoso.ade.simulationMonitor] - NewPoint {"history": "ExplorerRun.0", "point": 1, "testname": "ADC_TB_single_1", "cornername": "Nominal", "event": "NewPoint", "EventSource": "spectre", "HistoryName": "ExplorerRun.0", "logFile": "/home/cae3/simulation/ADC/TB_single/maestro/results/maestro/ExplorerRun.0/1/ADC_TB_single_1/psf/spectre.out", "logFileSize": "-1"}
[2024-10-16 22:27:42.075 +0200] [PROCESS] [cadence.virtuoso.ade.simulationMonitor] - Simulator launched {"hostname": "cae-europractice1.othr.de", "processid": 1255424, "history": "ExplorerRun.0", "testname": "ADC_TB_single_1", "cornername": "Nominal", "point": 1, "logfile": "/home/cae3/Desktop/ADC/ASIC_ADC/Cadence_sky/logs_cae3/logs0/Job7.log", "simid": "2", "event": "launch", "category": "simulation"}
[2024-10-16 22:27:42.080 +0200] [PROCESS] [cadence.virtuoso.ade.simulationMonitor] - Expression evaluator launched {"hostname": "cae-europractice1.othr.de", "processid": 1255424, "history": "ExplorerRun.0", "testname": "ADC_TB_single_1", "cornername": "Nominal", "point": 1, "logfile": "/home/cae3/Desktop/ADC/ASIC_ADC/Cadence_sky/logs_cae3/logs0/Job7.log"}
[2024-10-16 22:27:42.257 +0200] [PROCESS] [cadence.virtuoso.ade.simulationMonitor] - Started Simulation {"hostname": "cae-europractice1.othr.de", "processid": 1255424, "history": "ExplorerRun.0", "testname": "ADC_TB_single_1", "cornername": "Nominal", "point": 1, "logfile": "/home/cae3/Desktop/ADC/ASIC_ADC/Cadence_sky/logs_cae3/logs0/Job7.log", "event": "start", "category": "simulation"}
[2024-10-16 22:27:58.763 +0200] [INFO] [cadence.virtuoso.ade.simulationMonitor] - Peak resident memory used = 165 Mbytes. {"history": "ExplorerRun.0", "point": 1, "testname": "ADC_TB_single_1", "cornername": "Nominal"}
[2024-10-16 22:27:58.763 +0200] [INFO] [cadence.virtuoso.ade.simulationMonitor] - Peak resident memory used = 177 Mbytes. {"history": "ExplorerRun.0", "point": 1, "testname": "ADC_TB_single_1", "cornername": "Nominal"}
[2024-10-16 22:27:58.763 +0200] [INFO] [cadence.virtuoso.ade.simulationMonitor] - Notice from spectre during hierarchy flattening.
    The value 'psf' specified for the 'checklimitdest' option will no longer be supported in future releases. Use 'spectre -h' to see other recommended values for the 'checklimitdest' option. {"history": "ExplorerRun.0", "point": 1, "testname": "ADC_TB_single_1", "cornername": "Nominal"}
[2024-10-16 22:27:58.763 +0200] [INFO] [cadence.virtuoso.ade.simulationMonitor] - Peak resident memory used = 178 Mbytes. {"history": "ExplorerRun.0", "point": 1, "testname": "ADC_TB_single_1", "cornername": "Nominal"}
[2024-10-16 22:28:03.766 +0200] [INFO] [cadence.virtuoso.ade.simulationMonitor] - Notice from spectre during initial setup.
    Multithreading is disabled due to the size of the design being too small. {"history": "ExplorerRun.0", "point": 1, "testname": "ADC_TB_single_1", "cornername": "Nominal"}
[2024-10-16 22:28:03.766 +0200] [INFO] [cadence.virtuoso.ade.simulationMonitor] -               nodes 5 {"history": "ExplorerRun.0", "point": 1, "testname": "ADC_TB_single_1", "cornername": "Nominal"}
[2024-10-16 22:28:03.766 +0200] [INFO] [cadence.virtuoso.ade.simulationMonitor] - Notice from spectre during initial setup.
    APS enabled. {"history": "ExplorerRun.0", "point": 1, "testname": "ADC_TB_single_1", "cornername": "Nominal"}
[2024-10-16 22:28:03.766 +0200] [INFO] [cadence.virtuoso.ade.simulationMonitor] - Peak resident memory used = 181 Mbytes. {"history": "ExplorerRun.0", "point": 1, "testname": "ADC_TB_single_1", "cornername": "Nominal"}
[2024-10-16 22:28:03.766 +0200] [INFO] [cadence.virtuoso.ade.simulationMonitor] -    -   (APS) Multi-threading. The recommended number of threads is 1, consider adding +mt=1 on command line. {"history": "ExplorerRun.0", "point": 1, "testname": "ADC_TB_single_1", "cornername": "Nominal"}
[2024-10-16 22:28:03.766 +0200] [INFO] [cadence.virtuoso.ade.simulationMonitor] - Total time required for dc analysis `dcOp': CPU = 2.88 ms, elapsed = 3.70502 ms, util. = 77.7%. {"history": "ExplorerRun.0", "point": 1, "testname": "ADC_TB_single_1", "cornername": "Nominal"}
[2024-10-16 22:28:03.766 +0200] [INFO] [cadence.virtuoso.ade.simulationMonitor] - Peak resident memory used = 182 Mbytes. {"history": "ExplorerRun.0", "point": 1, "testname": "ADC_TB_single_1", "cornername": "Nominal"}
[2024-10-16 22:28:03.766 +0200] [INFO] [cadence.virtuoso.ade.simulationMonitor] - Notice from spectre at dc = 3.6 mV during DC analysis `dc'.
    GminDC = 1 pS is large enough to noticeably affect the DC solution.
        dV(div_out) = 137.561 uV
        Use the `gmin_check' option to eliminate or expand this report. {"history": "ExplorerRun.0", "point": 1, "testname": "ADC_TB_single_1", "cornername": "Nominal"}
[2024-10-16 22:28:03.766 +0200] [INFO] [cadence.virtuoso.ade.simulationMonitor] - Notice from spectre at dc = 7.2 mV during DC analysis `dc'.
    GminDC = 1 pS is large enough to noticeably affect the DC solution.
        dV(div_out) = 280.956 uV
        Use the `gmin_check' option to eliminate or expand this report. {"history": "ExplorerRun.0", "point": 1, "testname": "ADC_TB_single_1", "cornername": "Nominal"}
[2024-10-16 22:28:03.767 +0200] [INFO] [cadence.virtuoso.ade.simulationMonitor] - Notice from spectre at dc = 10.8 mV during DC analysis `dc'.
    GminDC = 1 pS is large enough to noticeably affect the DC solution.
        dV(div_out) = 430.159 uV
        Use the `gmin_check' option to eliminate or expand this report. {"history": "ExplorerRun.0", "point": 1, "testname": "ADC_TB_single_1", "cornername": "Nominal"}
[2024-10-16 22:28:03.767 +0200] [INFO] [cadence.virtuoso.ade.simulationMonitor] - Notice from spectre at dc = 14.4 mV during DC analysis `dc'.
    GminDC = 1 pS is large enough to noticeably affect the DC solution.
        dV(div_out) = 585.124 uV
        Use the `gmin_check' option to eliminate or expand this report. {"history": "ExplorerRun.0", "point": 1, "testname": "ADC_TB_single_1", "cornername": "Nominal"}
[2024-10-16 22:28:03.767 +0200] [INFO] [cadence.virtuoso.ade.simulationMonitor] - Notice from spectre at dc = 18 mV during DC analysis `dc'.
    GminDC = 1 pS is large enough to noticeably affect the DC solution.
        Further occurrences of this notice will be suppressed.
        dV(div_out) = 745.797 uV
        Further occurrences of this notice will be suppressed.
        Use the `gmin_check' option to eliminate or expand this report.
        Further occurrences of this notice will be suppressed. {"history": "ExplorerRun.0", "point": 1, "testname": "ADC_TB_single_1", "cornername": "Nominal"}
[2024-10-16 22:28:03.767 +0200] [INFO] [cadence.virtuoso.ade.simulationMonitor] - Notice from spectre at dc = 1.8 V during DC analysis `dc'.
    The value of parameter 'dc' has been reset to the original value 0.6. {"history": "ExplorerRun.0", "point": 1, "testname": "ADC_TB_single_1", "cornername": "Nominal"}
[2024-10-16 22:28:03.767 +0200] [INFO] [cadence.virtuoso.ade.simulationMonitor] - Total time required for dc analysis `dc': CPU = 38.821 ms, elapsed = 39.783 ms, util. = 97.6%. {"history": "ExplorerRun.0", "point": 1, "testname": "ADC_TB_single_1", "cornername": "Nominal"}
[2024-10-16 22:28:03.767 +0200] [INFO] [cadence.virtuoso.ade.simulationMonitor] - Peak resident memory used = 184 Mbytes. {"history": "ExplorerRun.0", "point": 1, "testname": "ADC_TB_single_1", "cornername": "Nominal"}
[2024-10-16 22:28:03.767 +0200] [INFO] [cadence.virtuoso.ade.simulationMonitor] - Notice from spectre.
    151 notices suppressed. {"history": "ExplorerRun.0", "point": 1, "testname": "ADC_TB_single_1", "cornername": "Nominal"}
[2024-10-16 22:28:03.767 +0200] [INFO] [cadence.virtuoso.ade.simulationMonitor] - Time used: CPU = 754 ms, elapsed = 20.8 s, util. = 3.63%. {"history": "ExplorerRun.0", "point": 1, "testname": "ADC_TB_single_1", "cornername": "Nominal"}
[2024-10-16 22:28:03.767 +0200] [INFO] [cadence.virtuoso.ade.simulationMonitor] - Time spent in licensing: elapsed = 22.3 ms. {"history": "ExplorerRun.0", "point": 1, "testname": "ADC_TB_single_1", "cornername": "Nominal"}
[2024-10-16 22:28:03.767 +0200] [INFO] [cadence.virtuoso.ade.simulationMonitor] - Peak memory used = 192 Mbytes. {"history": "ExplorerRun.0", "point": 1, "testname": "ADC_TB_single_1", "cornername": "Nominal"}
[2024-10-16 22:28:03.767 +0200] [PROCESS] [cadence.virtuoso.ade.simulationMonitor] - Simulation started at: 10:27:42 PM, Wed Oct 16, 2024, ended at: 10:28:03 PM, Wed Oct 16, 2024, with elapsed time (wall clock): 20.8 s. {"history": "ExplorerRun.0", "point": 1, "testname": "ADC_TB_single_1", "cornername": "Nominal"}
[2024-10-16 22:28:03.767 +0200] [PROCESS] [cadence.virtuoso.ade.simulationMonitor] - spectre completes with 0 errors, 0 warnings, and 11 notices. {"history": "ExplorerRun.0", "point": 1, "testname": "ADC_TB_single_1", "cornername": "Nominal"}
[2024-10-16 22:28:03.767 +0200] [PROCESS] [cadence.virtuoso.ade.simulationMonitor] - Finished simulating for one point {"hostname": "cae-europractice1.othr.de", "processid": 1255424, "history": "ExplorerRun.0", "testname": "ADC_TB_single_1", "cornername": "Nominal", "point": 1, "logfile": "/home/cae3/Desktop/ADC/ASIC_ADC/Cadence_sky/logs_cae3/logs0/Job7.log", "simid": "2", "event": "finish", "category": "simulation"}
[2024-10-16 22:28:03.767 +0200] [PROCESS] [cadence.virtuoso.ade.simulationMonitor] - Simulator exited {"hostname": "cae-europractice1.othr.de", "processid": 1255424, "history": "ExplorerRun.0", "testname": "ADC_TB_single_1", "cornername": "Nominal", "point": 1, "logfile": "/home/cae3/Desktop/ADC/ASIC_ADC/Cadence_sky/logs_cae3/logs0/Job7.log", "exitStatus": "0"}
[2024-10-16 22:28:03.767 +0200] [PROCESS] [cadence.virtuoso.ade.simulationMonitor] - Finished Simulation {"hostname": "cae-europractice1.othr.de", "processid": 1255424, "history": "ExplorerRun.0", "testname": "ADC_TB_single_1", "cornername": "Nominal", "point": 1, "logfile": "/home/cae3/Desktop/ADC/ASIC_ADC/Cadence_sky/logs_cae3/logs0/Job7.log", "simid": "2", "event": "finish", "category": "simulation"}
[2024-10-16 22:28:04.768 +0200] [PROCESS] [cadence.virtuoso.ade.simulationMonitor] - Point Finished {"hostname": "cae-europractice1.othr.de", "processid": 1255424, "history": "ExplorerRun.0", "testname": "ADC_TB_single_1", "cornername": "Nominal", "point": 1, "logfile": "/home/cae3/Desktop/ADC/ASIC_ADC/Cadence_sky/logs_cae3/logs0/Job7.log"}
[2024-10-16 22:32:51.779 +0200] [INFO] [cadence.virtuoso.ade.simulationMonitor] - SimulationMonitor has terminated the vds process '1256807', reason: 'Force to stop the expression evalutor process because of new run' {"history": "ExplorerRun.0", "point": 1, "testname": "ADC_TB_single_1", "cornername": "Nominal"}
[2024-10-16 22:32:51.779 +0200] [PROCESS] [cadence.virtuoso.ade.simulationMonitor] - HostInfo:
Host name (type):	cae-europractice1.othr.de (x86_64)
Operating system:	Linux 5.15.0-210.163.7.el8uek.x86_64 #2 SMP Tue Sep 10 18:31:09 PDT 2024 {"hostname": "cae-europractice1.othr.de", "processid": 1255424, "history": "ExplorerRun.0", "testname": "ADC_TB_single_1", "cornername": "Nominal", "point": 1, "logfile": "/home/cae3/Desktop/ADC/ASIC_ADC/Cadence_sky/logs_cae3/logs0/Job7.log", "nodename": "cae-europractice1.othr.de", "domainname": "(none)", "machine": "x86_64", "sysname": "Linux", "release": "5.15.0-210.163.7.el8uek.x86_64", "version": "#2 SMP Tue Sep 10 18:31:09 PDT 2024"}
[2024-10-16 22:32:51.779 +0200] [PROCESS] [cadence.virtuoso.ade.simulationMonitor] - UsageInfo:
pid=1255424
totalPhysicalMemory=31.061058GB,Used=29.290405GB,totalVirtualMemory=31.061058GB,Used=29.290405GB
Cpu: Cores=16, Load average:0.330000,0.310000,0.350000 {"hostname": "cae-europractice1.othr.de", "processid": 1255424, "history": "ExplorerRun.0", "testname": "ADC_TB_single_1", "cornername": "Nominal", "point": 1, "logfile": "/home/cae3/Desktop/ADC/ASIC_ADC/Cadence_sky/logs_cae3/logs0/Job7.log", "pid": "1255424", "totalPhysicalMemory": "31.061058", "physicalMemoryUsed": "29.290405", "totalVirtualMemory": "31.061058", "virtualMemoryUsed": "29.290405", "cpuCores": "16", "processes": "3629", "loadAverage1": "0.330000", "loadAverage5": "0.310000", "loadAverage15": "0.350000", "loadAverage1Percent": "0.020625"}
[2024-10-16 22:32:51.779 +0200] [EVENT] [cadence.virtuoso.ade.simulationMonitor] - NewPoint {"history": "ExplorerRun.0", "point": 1, "testname": "ADC_TB_single_1", "cornername": "Nominal", "event": "NewPoint", "EventSource": "Simulation Monitor", "HistoryName": "ExplorerRun.0", "logFile": "/home/cae3/Desktop/ADC/ASIC_ADC/Cadence_sky/logs_cae3/logs0/Job7.log", "logFileSize": "27711"}
[2024-10-16 22:32:51.883 +0200] [EVENT] [cadence.virtuoso.ade.simulationMonitor] - NewPoint {"history": "ExplorerRun.0", "point": 1, "testname": "ADC_TB_single_1", "cornername": "Nominal", "event": "NewPoint", "EventSource": "spectre", "HistoryName": "ExplorerRun.0", "logFile": "/home/cae3/simulation/ADC/TB_single/maestro/results/maestro/ExplorerRun.0/1/ADC_TB_single_1/psf/spectre.out", "logFileSize": "-1"}
[2024-10-16 22:32:51.894 +0200] [PROCESS] [cadence.virtuoso.ade.simulationMonitor] - Simulator launched {"hostname": "cae-europractice1.othr.de", "processid": 1255424, "history": "ExplorerRun.0", "testname": "ADC_TB_single_1", "cornername": "Nominal", "point": 1, "logfile": "/home/cae3/Desktop/ADC/ASIC_ADC/Cadence_sky/logs_cae3/logs0/Job7.log", "simid": "3", "event": "launch", "category": "simulation"}
[2024-10-16 22:32:51.898 +0200] [PROCESS] [cadence.virtuoso.ade.simulationMonitor] - Expression evaluator launched {"hostname": "cae-europractice1.othr.de", "processid": 1255424, "history": "ExplorerRun.0", "testname": "ADC_TB_single_1", "cornername": "Nominal", "point": 1, "logfile": "/home/cae3/Desktop/ADC/ASIC_ADC/Cadence_sky/logs_cae3/logs0/Job7.log"}
[2024-10-16 22:32:52.092 +0200] [PROCESS] [cadence.virtuoso.ade.simulationMonitor] - Started Simulation {"hostname": "cae-europractice1.othr.de", "processid": 1255424, "history": "ExplorerRun.0", "testname": "ADC_TB_single_1", "cornername": "Nominal", "point": 1, "logfile": "/home/cae3/Desktop/ADC/ASIC_ADC/Cadence_sky/logs_cae3/logs0/Job7.log", "event": "start", "category": "simulation"}
[2024-10-16 22:33:08.602 +0200] [INFO] [cadence.virtuoso.ade.simulationMonitor] - Peak resident memory used = 165 Mbytes. {"history": "ExplorerRun.0", "point": 1, "testname": "ADC_TB_single_1", "cornername": "Nominal"}
[2024-10-16 22:33:08.602 +0200] [INFO] [cadence.virtuoso.ade.simulationMonitor] - Peak resident memory used = 177 Mbytes. {"history": "ExplorerRun.0", "point": 1, "testname": "ADC_TB_single_1", "cornername": "Nominal"}
[2024-10-16 22:33:08.602 +0200] [INFO] [cadence.virtuoso.ade.simulationMonitor] - Notice from spectre during hierarchy flattening.
    The value 'psf' specified for the 'checklimitdest' option will no longer be supported in future releases. Use 'spectre -h' to see other recommended values for the 'checklimitdest' option. {"history": "ExplorerRun.0", "point": 1, "testname": "ADC_TB_single_1", "cornername": "Nominal"}
[2024-10-16 22:33:08.603 +0200] [INFO] [cadence.virtuoso.ade.simulationMonitor] - Peak resident memory used = 178 Mbytes. {"history": "ExplorerRun.0", "point": 1, "testname": "ADC_TB_single_1", "cornername": "Nominal"}
[2024-10-16 22:33:13.605 +0200] [INFO] [cadence.virtuoso.ade.simulationMonitor] - Notice from spectre during initial setup.
    Multithreading is disabled due to the size of the design being too small. {"history": "ExplorerRun.0", "point": 1, "testname": "ADC_TB_single_1", "cornername": "Nominal"}
[2024-10-16 22:33:13.605 +0200] [INFO] [cadence.virtuoso.ade.simulationMonitor] -               nodes 5 {"history": "ExplorerRun.0", "point": 1, "testname": "ADC_TB_single_1", "cornername": "Nominal"}
[2024-10-16 22:33:13.605 +0200] [INFO] [cadence.virtuoso.ade.simulationMonitor] - Notice from spectre during initial setup.
    APS enabled. {"history": "ExplorerRun.0", "point": 1, "testname": "ADC_TB_single_1", "cornername": "Nominal"}
[2024-10-16 22:33:13.605 +0200] [INFO] [cadence.virtuoso.ade.simulationMonitor] - Peak resident memory used = 182 Mbytes. {"history": "ExplorerRun.0", "point": 1, "testname": "ADC_TB_single_1", "cornername": "Nominal"}
[2024-10-16 22:33:13.606 +0200] [INFO] [cadence.virtuoso.ade.simulationMonitor] -    -   (APS) Multi-threading. The recommended number of threads is 1, consider adding +mt=1 on command line. {"history": "ExplorerRun.0", "point": 1, "testname": "ADC_TB_single_1", "cornername": "Nominal"}
[2024-10-16 22:33:13.606 +0200] [INFO] [cadence.virtuoso.ade.simulationMonitor] - Total time required for dc analysis `dcOp': CPU = 2.953 ms, elapsed = 3.72505 ms, util. = 79.3%. {"history": "ExplorerRun.0", "point": 1, "testname": "ADC_TB_single_1", "cornername": "Nominal"}
[2024-10-16 22:33:13.606 +0200] [INFO] [cadence.virtuoso.ade.simulationMonitor] - Peak resident memory used = 182 Mbytes. {"history": "ExplorerRun.0", "point": 1, "testname": "ADC_TB_single_1", "cornername": "Nominal"}
[2024-10-16 22:33:13.606 +0200] [INFO] [cadence.virtuoso.ade.simulationMonitor] - Notice from spectre at dc = 3.6 mV during DC analysis `dc'.
    GminDC = 1 pS is large enough to noticeably affect the DC solution.
        dV(div_out) = 137.561 uV
        Use the `gmin_check' option to eliminate or expand this report. {"history": "ExplorerRun.0", "point": 1, "testname": "ADC_TB_single_1", "cornername": "Nominal"}
[2024-10-16 22:33:13.606 +0200] [INFO] [cadence.virtuoso.ade.simulationMonitor] - Notice from spectre at dc = 7.2 mV during DC analysis `dc'.
    GminDC = 1 pS is large enough to noticeably affect the DC solution.
        dV(div_out) = 280.956 uV
        Use the `gmin_check' option to eliminate or expand this report. {"history": "ExplorerRun.0", "point": 1, "testname": "ADC_TB_single_1", "cornername": "Nominal"}
[2024-10-16 22:33:13.606 +0200] [INFO] [cadence.virtuoso.ade.simulationMonitor] - Notice from spectre at dc = 10.8 mV during DC analysis `dc'.
    GminDC = 1 pS is large enough to noticeably affect the DC solution.
        dV(div_out) = 430.159 uV
        Use the `gmin_check' option to eliminate or expand this report. {"history": "ExplorerRun.0", "point": 1, "testname": "ADC_TB_single_1", "cornername": "Nominal"}
[2024-10-16 22:33:13.606 +0200] [INFO] [cadence.virtuoso.ade.simulationMonitor] - Notice from spectre at dc = 14.4 mV during DC analysis `dc'.
    GminDC = 1 pS is large enough to noticeably affect the DC solution.
        dV(div_out) = 585.124 uV
        Use the `gmin_check' option to eliminate or expand this report. {"history": "ExplorerRun.0", "point": 1, "testname": "ADC_TB_single_1", "cornername": "Nominal"}
[2024-10-16 22:33:13.606 +0200] [INFO] [cadence.virtuoso.ade.simulationMonitor] - Notice from spectre at dc = 18 mV during DC analysis `dc'.
    GminDC = 1 pS is large enough to noticeably affect the DC solution.
        Further occurrences of this notice will be suppressed.
        dV(div_out) = 745.797 uV
        Further occurrences of this notice will be suppressed.
        Use the `gmin_check' option to eliminate or expand this report.
        Further occurrences of this notice will be suppressed. {"history": "ExplorerRun.0", "point": 1, "testname": "ADC_TB_single_1", "cornername": "Nominal"}
[2024-10-16 22:33:13.606 +0200] [INFO] [cadence.virtuoso.ade.simulationMonitor] - Notice from spectre at dc = 1.8 V during DC analysis `dc'.
    The value of parameter 'dc' has been reset to the original value 0.6. {"history": "ExplorerRun.0", "point": 1, "testname": "ADC_TB_single_1", "cornername": "Nominal"}
[2024-10-16 22:33:13.606 +0200] [INFO] [cadence.virtuoso.ade.simulationMonitor] - Total time required for dc analysis `dc': CPU = 32.813 ms, elapsed = 33.658 ms, util. = 97.5%. {"history": "ExplorerRun.0", "point": 1, "testname": "ADC_TB_single_1", "cornername": "Nominal"}
[2024-10-16 22:33:13.606 +0200] [INFO] [cadence.virtuoso.ade.simulationMonitor] - Peak resident memory used = 184 Mbytes. {"history": "ExplorerRun.0", "point": 1, "testname": "ADC_TB_single_1", "cornername": "Nominal"}
[2024-10-16 22:33:13.607 +0200] [INFO] [cadence.virtuoso.ade.simulationMonitor] - Notice from spectre.
    151 notices suppressed. {"history": "ExplorerRun.0", "point": 1, "testname": "ADC_TB_single_1", "cornername": "Nominal"}
[2024-10-16 22:33:13.607 +0200] [INFO] [cadence.virtuoso.ade.simulationMonitor] - Time used: CPU = 781 ms, elapsed = 20.8 s, util. = 3.76%. {"history": "ExplorerRun.0", "point": 1, "testname": "ADC_TB_single_1", "cornername": "Nominal"}
[2024-10-16 22:33:13.607 +0200] [INFO] [cadence.virtuoso.ade.simulationMonitor] - Time spent in licensing: elapsed = 21.3 ms. {"history": "ExplorerRun.0", "point": 1, "testname": "ADC_TB_single_1", "cornername": "Nominal"}
[2024-10-16 22:33:13.607 +0200] [INFO] [cadence.virtuoso.ade.simulationMonitor] - Peak memory used = 192 Mbytes. {"history": "ExplorerRun.0", "point": 1, "testname": "ADC_TB_single_1", "cornername": "Nominal"}
[2024-10-16 22:33:13.607 +0200] [PROCESS] [cadence.virtuoso.ade.simulationMonitor] - Simulation started at: 10:32:52 PM, Wed Oct 16, 2024, ended at: 10:33:13 PM, Wed Oct 16, 2024, with elapsed time (wall clock): 20.8 s. {"history": "ExplorerRun.0", "point": 1, "testname": "ADC_TB_single_1", "cornername": "Nominal"}
[2024-10-16 22:33:13.607 +0200] [PROCESS] [cadence.virtuoso.ade.simulationMonitor] - spectre completes with 0 errors, 0 warnings, and 11 notices. {"history": "ExplorerRun.0", "point": 1, "testname": "ADC_TB_single_1", "cornername": "Nominal"}
[2024-10-16 22:33:13.607 +0200] [PROCESS] [cadence.virtuoso.ade.simulationMonitor] - Finished simulating for one point {"hostname": "cae-europractice1.othr.de", "processid": 1255424, "history": "ExplorerRun.0", "testname": "ADC_TB_single_1", "cornername": "Nominal", "point": 1, "logfile": "/home/cae3/Desktop/ADC/ASIC_ADC/Cadence_sky/logs_cae3/logs0/Job7.log", "simid": "3", "event": "finish", "category": "simulation"}
[2024-10-16 22:33:13.607 +0200] [PROCESS] [cadence.virtuoso.ade.simulationMonitor] - Simulator exited {"hostname": "cae-europractice1.othr.de", "processid": 1255424, "history": "ExplorerRun.0", "testname": "ADC_TB_single_1", "cornername": "Nominal", "point": 1, "logfile": "/home/cae3/Desktop/ADC/ASIC_ADC/Cadence_sky/logs_cae3/logs0/Job7.log", "exitStatus": "0"}
[2024-10-16 22:33:13.608 +0200] [PROCESS] [cadence.virtuoso.ade.simulationMonitor] - Finished Simulation {"hostname": "cae-europractice1.othr.de", "processid": 1255424, "history": "ExplorerRun.0", "testname": "ADC_TB_single_1", "cornername": "Nominal", "point": 1, "logfile": "/home/cae3/Desktop/ADC/ASIC_ADC/Cadence_sky/logs_cae3/logs0/Job7.log", "simid": "3", "event": "finish", "category": "simulation"}
[2024-10-16 22:33:14.609 +0200] [PROCESS] [cadence.virtuoso.ade.simulationMonitor] - Point Finished {"hostname": "cae-europractice1.othr.de", "processid": 1255424, "history": "ExplorerRun.0", "testname": "ADC_TB_single_1", "cornername": "Nominal", "point": 1, "logfile": "/home/cae3/Desktop/ADC/ASIC_ADC/Cadence_sky/logs_cae3/logs0/Job7.log"}
[2024-10-16 22:38:15.069 +0200] [PROCESS] [cadence.virtuoso.ade.simulationMonitor] - Current memory used: 79.8945 MBytes, peak memory used: 79.8945 MBytes {"hostname": "cae-europractice1.othr.de", "processid": 1255424, "history": "ExplorerRun.0", "testname": "ADC_TB_single_1", "cornername": "Nominal", "point": 1, "logfile": "/home/cae3/Desktop/ADC/ASIC_ADC/Cadence_sky/logs_cae3/logs0/Job7.log"}
[2024-10-16 22:38:15.069 +0200] [PROCESS] [cadence.virtuoso.ade.simulationMonitor] - Simulation Monitor process exits. {"hostname": "cae-europractice1.othr.de", "processid": 1255424, "history": "ExplorerRun.0", "testname": "ADC_TB_single_1", "cornername": "Nominal", "point": 1, "logfile": "/home/cae3/Desktop/ADC/ASIC_ADC/Cadence_sky/logs_cae3/logs0/Job7.log"}
