[Simulation Monitor: 83]
[2024-10-23 23:29:31.335 +0200] [PROCESS] [cadence.virtuoso.ade.simulationMonitor] - Simulation Monitor has successfully started up. Trying to set up communication channels to other components ... {"hostname": "cae-europractice1.othr.de", "processid": 3813917, "logfile": "/home/cae3/Desktop/ADC/ASIC_ADC/Cadence_sky/logs_cae3/logs0/Job83.log"}
[2024-10-23 23:29:31.336 +0200] [PROCESS] [cadence.virtuoso.ade.simulationMonitor] - Communication channels have been successfully set up. Start processing events ... {"hostname": "cae-europractice1.othr.de", "processid": 3813917, "logfile": "/home/cae3/Desktop/ADC/ASIC_ADC/Cadence_sky/logs_cae3/logs0/Job83.log"}
[2024-10-23 23:29:31.336 +0200] [PROCESS] [cadence.virtuoso.ade.simulationMonitor] - Considering to start history {"hostname": "cae-europractice1.othr.de", "processid": 3813917, "history": "ExplorerRun.0", "logfile": "/home/cae3/Desktop/ADC/ASIC_ADC/Cadence_sky/logs_cae3/logs0/Job83.log"}
[2024-10-23 23:29:31.338 +0200] [PROCESS] [cadence.virtuoso.ade.simulationMonitor] - HostInfo:
Host name (type):	cae-europractice1.othr.de (x86_64)
Operating system:	Linux 5.15.0-210.163.7.el8uek.x86_64 #2 SMP Tue Sep 10 18:31:09 PDT 2024 {"hostname": "cae-europractice1.othr.de", "processid": 3813917, "history": "ExplorerRun.0", "logfile": "/home/cae3/Desktop/ADC/ASIC_ADC/Cadence_sky/logs_cae3/logs0/Job83.log", "nodename": "cae-europractice1.othr.de", "domainname": "(none)", "machine": "x86_64", "sysname": "Linux", "release": "5.15.0-210.163.7.el8uek.x86_64", "version": "#2 SMP Tue Sep 10 18:31:09 PDT 2024"}
[2024-10-23 23:29:31.338 +0200] [PROCESS] [cadence.virtuoso.ade.simulationMonitor] - UsageInfo:
pid=3813917
totalPhysicalMemory=31.061058GB,Used=24.555553GB,totalVirtualMemory=31.061058GB,Used=24.555553GB
Cpu: Cores=16, Load average:0.710000,0.360000,0.320000 {"hostname": "cae-europractice1.othr.de", "processid": 3813917, "history": "ExplorerRun.0", "logfile": "/home/cae3/Desktop/ADC/ASIC_ADC/Cadence_sky/logs_cae3/logs0/Job83.log", "pid": "3813917", "totalPhysicalMemory": "31.061058", "physicalMemoryUsed": "24.555553", "totalVirtualMemory": "31.061058", "virtualMemoryUsed": "24.555553", "cpuCores": "16", "processes": "3481", "loadAverage1": "0.710000", "loadAverage5": "0.360000", "loadAverage15": "0.320000", "loadAverage1Percent": "0.044375"}
[2024-10-23 23:29:31.338 +0200] [EVENT] [cadence.virtuoso.ade.simulationMonitor] - NewPoint {"history": "ExplorerRun.0", "point": 1, "testname": "ADC_TB_single_1", "cornername": "Nominal", "event": "NewPoint", "EventSource": "Simulation Monitor", "HistoryName": "ExplorerRun.0", "logFile": "/home/cae3/Desktop/ADC/ASIC_ADC/Cadence_sky/logs_cae3/logs0/Job83.log", "logFileSize": "2344"}
[2024-10-23 23:29:31.442 +0200] [EVENT] [cadence.virtuoso.ade.simulationMonitor] - NewPoint {"history": "ExplorerRun.0", "point": 1, "testname": "ADC_TB_single_1", "cornername": "Nominal", "event": "NewPoint", "EventSource": "spectre", "HistoryName": "ExplorerRun.0", "logFile": "/home/cae3/simulation/ADC/TB_single/maestro/results/maestro/ExplorerRun.0/1/ADC_TB_single_1/psf/spectre.out", "logFileSize": "-1"}
[2024-10-23 23:29:31.456 +0200] [PROCESS] [cadence.virtuoso.ade.simulationMonitor] - Simulator launched {"hostname": "cae-europractice1.othr.de", "processid": 3813917, "history": "ExplorerRun.0", "testname": "ADC_TB_single_1", "cornername": "Nominal", "point": 1, "logfile": "/home/cae3/Desktop/ADC/ASIC_ADC/Cadence_sky/logs_cae3/logs0/Job83.log", "simid": "1", "event": "launch", "category": "simulation"}
[2024-10-23 23:29:31.458 +0200] [PROCESS] [cadence.virtuoso.ade.simulationMonitor] - Expression evaluator launched {"hostname": "cae-europractice1.othr.de", "processid": 3813917, "history": "ExplorerRun.0", "testname": "ADC_TB_single_1", "cornername": "Nominal", "point": 1, "logfile": "/home/cae3/Desktop/ADC/ASIC_ADC/Cadence_sky/logs_cae3/logs0/Job83.log"}
[2024-10-23 23:29:31.638 +0200] [PROCESS] [cadence.virtuoso.ade.simulationMonitor] - Started Simulation {"hostname": "cae-europractice1.othr.de", "processid": 3813917, "history": "ExplorerRun.0", "testname": "ADC_TB_single_1", "cornername": "Nominal", "point": 1, "logfile": "/home/cae3/Desktop/ADC/ASIC_ADC/Cadence_sky/logs_cae3/logs0/Job83.log", "event": "start", "category": "simulation"}
[2024-10-23 23:29:49.145 +0200] [INFO] [cadence.virtuoso.ade.simulationMonitor] - Peak resident memory used = 164 Mbytes. {"history": "ExplorerRun.0", "point": 1, "testname": "ADC_TB_single_1", "cornername": "Nominal"}
[2024-10-23 23:29:49.145 +0200] [INFO] [cadence.virtuoso.ade.simulationMonitor] - Peak resident memory used = 176 Mbytes. {"history": "ExplorerRun.0", "point": 1, "testname": "ADC_TB_single_1", "cornername": "Nominal"}
[2024-10-23 23:29:49.145 +0200] [INFO] [cadence.virtuoso.ade.simulationMonitor] - Notice from spectre during hierarchy flattening.
    The value 'psf' specified for the 'checklimitdest' option will no longer be supported in future releases. Use 'spectre -h' to see other recommended values for the 'checklimitdest' option. {"history": "ExplorerRun.0", "point": 1, "testname": "ADC_TB_single_1", "cornername": "Nominal"}
[2024-10-23 23:29:49.145 +0200] [INFO] [cadence.virtuoso.ade.simulationMonitor] - Peak resident memory used = 178 Mbytes. {"history": "ExplorerRun.0", "point": 1, "testname": "ADC_TB_single_1", "cornername": "Nominal"}
[2024-10-23 23:29:54.147 +0200] [INFO] [cadence.virtuoso.ade.simulationMonitor] - Notice from spectre during initial setup.
    Multithreading is disabled due to the size of the design being too small. {"history": "ExplorerRun.0", "point": 1, "testname": "ADC_TB_single_1", "cornername": "Nominal"}
[2024-10-23 23:29:54.148 +0200] [INFO] [cadence.virtuoso.ade.simulationMonitor] -               nodes 10 {"history": "ExplorerRun.0", "point": 1, "testname": "ADC_TB_single_1", "cornername": "Nominal"}
[2024-10-23 23:29:54.148 +0200] [INFO] [cadence.virtuoso.ade.simulationMonitor] - Notice from spectre during initial setup.
    APS enabled. {"history": "ExplorerRun.0", "point": 1, "testname": "ADC_TB_single_1", "cornername": "Nominal"}
[2024-10-23 23:29:54.148 +0200] [INFO] [cadence.virtuoso.ade.simulationMonitor] - Peak resident memory used = 181 Mbytes. {"history": "ExplorerRun.0", "point": 1, "testname": "ADC_TB_single_1", "cornername": "Nominal"}
[2024-10-23 23:29:54.148 +0200] [INFO] [cadence.virtuoso.ade.simulationMonitor] -    -   (APS) Multi-threading. The recommended number of threads is 1, consider adding +mt=1 on command line. {"history": "ExplorerRun.0", "point": 1, "testname": "ADC_TB_single_1", "cornername": "Nominal"}
[2024-10-23 23:29:54.148 +0200] [INFO] [cadence.virtuoso.ade.simulationMonitor] - Notice from spectre during DC analysis `dcOp'.
    Bad pivoting is found during DC analysis. Option dc_pivot_check=yes is recommended for possible improvement of convergence. {"history": "ExplorerRun.0", "point": 1, "testname": "ADC_TB_single_1", "cornername": "Nominal"}
[2024-10-23 23:29:54.148 +0200] [INFO] [cadence.virtuoso.ade.simulationMonitor] - Total time required for dc analysis `dcOp': CPU = 2.951 ms, elapsed = 4.70805 ms, util. = 62.7%. {"history": "ExplorerRun.0", "point": 1, "testname": "ADC_TB_single_1", "cornername": "Nominal"}
[2024-10-23 23:29:54.148 +0200] [INFO] [cadence.virtuoso.ade.simulationMonitor] - Peak resident memory used = 183 Mbytes. {"history": "ExplorerRun.0", "point": 1, "testname": "ADC_TB_single_1", "cornername": "Nominal"}
[2024-10-23 23:29:54.148 +0200] [INFO] [cadence.virtuoso.ade.simulationMonitor] - Notice from spectre at dc = 0 V during DC analysis `dc'.
    Bad pivoting is found during DC analysis. Option dc_pivot_check=yes is recommended for possible improvement of convergence. {"history": "ExplorerRun.0", "point": 1, "testname": "ADC_TB_single_1", "cornername": "Nominal"}
[2024-10-23 23:29:54.148 +0200] [INFO] [cadence.virtuoso.ade.simulationMonitor] - Notice from spectre at dc = 3.6 mV during DC analysis `dc'.
    GminDC = 1 pS is large enough to noticeably affect the DC solution.
        dV(div_out) = 137.561 uV
        Use the `gmin_check' option to eliminate or expand this report.
    Bad pivoting is found during DC analysis. Option dc_pivot_check=yes is recommended for possible improvement of convergence. {"history": "ExplorerRun.0", "point": 1, "testname": "ADC_TB_single_1", "cornername": "Nominal"}
[2024-10-23 23:29:54.148 +0200] [INFO] [cadence.virtuoso.ade.simulationMonitor] - Notice from spectre at dc = 7.2 mV during DC analysis `dc'.
    GminDC = 1 pS is large enough to noticeably affect the DC solution.
        dV(div_out) = 280.956 uV
        Use the `gmin_check' option to eliminate or expand this report.
    Bad pivoting is found during DC analysis. Option dc_pivot_check=yes is recommended for possible improvement of convergence. {"history": "ExplorerRun.0", "point": 1, "testname": "ADC_TB_single_1", "cornername": "Nominal"}
[2024-10-23 23:29:54.149 +0200] [INFO] [cadence.virtuoso.ade.simulationMonitor] - Notice from spectre at dc = 10.8 mV during DC analysis `dc'.
    GminDC = 1 pS is large enough to noticeably affect the DC solution.
        dV(div_out) = 430.159 uV
        Use the `gmin_check' option to eliminate or expand this report.
    Bad pivoting is found during DC analysis. Option dc_pivot_check=yes is recommended for possible improvement of convergence. {"history": "ExplorerRun.0", "point": 1, "testname": "ADC_TB_single_1", "cornername": "Nominal"}
[2024-10-23 23:29:54.149 +0200] [INFO] [cadence.virtuoso.ade.simulationMonitor] - Notice from spectre at dc = 14.4 mV during DC analysis `dc'.
    GminDC = 1 pS is large enough to noticeably affect the DC solution.
        dV(div_out) = 585.124 uV
        Use the `gmin_check' option to eliminate or expand this report.
    Bad pivoting is found during DC analysis. Option dc_pivot_check=yes is recommended for possible improvement of convergence.
        Further occurrences of this notice will be suppressed. {"history": "ExplorerRun.0", "point": 1, "testname": "ADC_TB_single_1", "cornername": "Nominal"}
[2024-10-23 23:29:54.149 +0200] [INFO] [cadence.virtuoso.ade.simulationMonitor] - Notice from spectre at dc = 18 mV during DC analysis `dc'.
    GminDC = 1 pS is large enough to noticeably affect the DC solution.
        Further occurrences of this notice will be suppressed.
        dV(div_out) = 745.797 uV
        Further occurrences of this notice will be suppressed.
        Use the `gmin_check' option to eliminate or expand this report.
        Further occurrences of this notice will be suppressed. {"history": "ExplorerRun.0", "point": 1, "testname": "ADC_TB_single_1", "cornername": "Nominal"}
[2024-10-23 23:29:54.149 +0200] [INFO] [cadence.virtuoso.ade.simulationMonitor] - Notice from spectre at dc = 1.8 V during DC analysis `dc'.
    The value of parameter 'dc' has been reset to the original value 0.6. {"history": "ExplorerRun.0", "point": 1, "testname": "ADC_TB_single_1", "cornername": "Nominal"}
[2024-10-23 23:29:54.149 +0200] [INFO] [cadence.virtuoso.ade.simulationMonitor] - Total time required for dc analysis `dc': CPU = 39.569 ms, elapsed = 40.4279 ms, util. = 97.9%. {"history": "ExplorerRun.0", "point": 1, "testname": "ADC_TB_single_1", "cornername": "Nominal"}
[2024-10-23 23:29:54.149 +0200] [INFO] [cadence.virtuoso.ade.simulationMonitor] - Peak resident memory used = 184 Mbytes. {"history": "ExplorerRun.0", "point": 1, "testname": "ADC_TB_single_1", "cornername": "Nominal"}
[2024-10-23 23:29:54.149 +0200] [INFO] [cadence.virtuoso.ade.simulationMonitor] - Notice from spectre.
    647 notices suppressed. {"history": "ExplorerRun.0", "point": 1, "testname": "ADC_TB_single_1", "cornername": "Nominal"}
[2024-10-23 23:29:54.149 +0200] [INFO] [cadence.virtuoso.ade.simulationMonitor] - Time used: CPU = 835 ms, elapsed = 21.7 s, util. = 3.85%. {"history": "ExplorerRun.0", "point": 1, "testname": "ADC_TB_single_1", "cornername": "Nominal"}
[2024-10-23 23:29:54.149 +0200] [INFO] [cadence.virtuoso.ade.simulationMonitor] - Time spent in licensing: elapsed = 632 ms. {"history": "ExplorerRun.0", "point": 1, "testname": "ADC_TB_single_1", "cornername": "Nominal"}
[2024-10-23 23:29:54.149 +0200] [INFO] [cadence.virtuoso.ade.simulationMonitor] - Peak memory used = 192 Mbytes. {"history": "ExplorerRun.0", "point": 1, "testname": "ADC_TB_single_1", "cornername": "Nominal"}
[2024-10-23 23:29:54.149 +0200] [PROCESS] [cadence.virtuoso.ade.simulationMonitor] - Simulation started at: 11:29:31 PM, Wed Oct 23, 2024, ended at: 11:29:53 PM, Wed Oct 23, 2024, with elapsed time (wall clock): 21.7 s. {"history": "ExplorerRun.0", "point": 1, "testname": "ADC_TB_single_1", "cornername": "Nominal"}
[2024-10-23 23:29:54.150 +0200] [PROCESS] [cadence.virtuoso.ade.simulationMonitor] - spectre completes with 0 errors, 0 warnings, and 17 notices. {"history": "ExplorerRun.0", "point": 1, "testname": "ADC_TB_single_1", "cornername": "Nominal"}
[2024-10-23 23:29:54.150 +0200] [PROCESS] [cadence.virtuoso.ade.simulationMonitor] - Finished simulating for one point {"hostname": "cae-europractice1.othr.de", "processid": 3813917, "history": "ExplorerRun.0", "testname": "ADC_TB_single_1", "cornername": "Nominal", "point": 1, "logfile": "/home/cae3/Desktop/ADC/ASIC_ADC/Cadence_sky/logs_cae3/logs0/Job83.log", "simid": "1", "event": "finish", "category": "simulation"}
[2024-10-23 23:29:54.150 +0200] [PROCESS] [cadence.virtuoso.ade.simulationMonitor] - Simulator exited {"hostname": "cae-europractice1.othr.de", "processid": 3813917, "history": "ExplorerRun.0", "testname": "ADC_TB_single_1", "cornername": "Nominal", "point": 1, "logfile": "/home/cae3/Desktop/ADC/ASIC_ADC/Cadence_sky/logs_cae3/logs0/Job83.log", "exitStatus": "0"}
[2024-10-23 23:29:54.150 +0200] [PROCESS] [cadence.virtuoso.ade.simulationMonitor] - Finished Simulation {"hostname": "cae-europractice1.othr.de", "processid": 3813917, "history": "ExplorerRun.0", "testname": "ADC_TB_single_1", "cornername": "Nominal", "point": 1, "logfile": "/home/cae3/Desktop/ADC/ASIC_ADC/Cadence_sky/logs_cae3/logs0/Job83.log", "simid": "1", "event": "finish", "category": "simulation"}
[2024-10-23 23:29:55.151 +0200] [PROCESS] [cadence.virtuoso.ade.simulationMonitor] - Point Finished {"hostname": "cae-europractice1.othr.de", "processid": 3813917, "history": "ExplorerRun.0", "testname": "ADC_TB_single_1", "cornername": "Nominal", "point": 1, "logfile": "/home/cae3/Desktop/ADC/ASIC_ADC/Cadence_sky/logs_cae3/logs0/Job83.log"}
[2024-10-23 23:29:56.154 +0200] [PROCESS] [cadence.virtuoso.ade.simulationMonitor] - Stay with the runId '14', Linger time '300', currentRunSyn '29', currentTestSyn '30' {"hostname": "cae-europractice1.othr.de", "processid": 3813917, "history": "ExplorerRun.0", "testname": "ADC_TB_single_1", "cornername": "Nominal", "point": 1, "logfile": "/home/cae3/Desktop/ADC/ASIC_ADC/Cadence_sky/logs_cae3/logs0/Job83.log"}
[2024-10-23 23:32:35.835 +0200] [INFO] [cadence.virtuoso.ade.simulationMonitor] - SimulationMonitor has terminated the vds process '3813982', reason: 'Force to stop the expression evalutor process because of new run' {"history": "ExplorerRun.0", "point": 1, "testname": "ADC_TB_single_1", "cornername": "Nominal"}
[2024-10-23 23:32:35.835 +0200] [PROCESS] [cadence.virtuoso.ade.simulationMonitor] - HostInfo:
Host name (type):	cae-europractice1.othr.de (x86_64)
Operating system:	Linux 5.15.0-210.163.7.el8uek.x86_64 #2 SMP Tue Sep 10 18:31:09 PDT 2024 {"hostname": "cae-europractice1.othr.de", "processid": 3813917, "history": "ExplorerRun.0", "testname": "ADC_TB_single_1", "cornername": "Nominal", "point": 1, "logfile": "/home/cae3/Desktop/ADC/ASIC_ADC/Cadence_sky/logs_cae3/logs0/Job83.log", "nodename": "cae-europractice1.othr.de", "domainname": "(none)", "machine": "x86_64", "sysname": "Linux", "release": "5.15.0-210.163.7.el8uek.x86_64", "version": "#2 SMP Tue Sep 10 18:31:09 PDT 2024"}
[2024-10-23 23:32:35.835 +0200] [PROCESS] [cadence.virtuoso.ade.simulationMonitor] - UsageInfo:
pid=3813917
totalPhysicalMemory=31.061058GB,Used=24.657066GB,totalVirtualMemory=31.061058GB,Used=24.657066GB
Cpu: Cores=16, Load average:1.250000,0.550000,0.390000 {"hostname": "cae-europractice1.othr.de", "processid": 3813917, "history": "ExplorerRun.0", "testname": "ADC_TB_single_1", "cornername": "Nominal", "point": 1, "logfile": "/home/cae3/Desktop/ADC/ASIC_ADC/Cadence_sky/logs_cae3/logs0/Job83.log", "pid": "3813917", "totalPhysicalMemory": "31.061058", "physicalMemoryUsed": "24.657066", "totalVirtualMemory": "31.061058", "virtualMemoryUsed": "24.657066", "cpuCores": "16", "processes": "3481", "loadAverage1": "1.250000", "loadAverage5": "0.550000", "loadAverage15": "0.390000", "loadAverage1Percent": "0.078125"}
[2024-10-23 23:32:35.835 +0200] [EVENT] [cadence.virtuoso.ade.simulationMonitor] - NewPoint {"history": "ExplorerRun.0", "point": 1, "testname": "ADC_TB_single_1", "cornername": "Nominal", "event": "NewPoint", "EventSource": "Simulation Monitor", "HistoryName": "ExplorerRun.0", "logFile": "/home/cae3/Desktop/ADC/ASIC_ADC/Cadence_sky/logs_cae3/logs0/Job83.log", "logFileSize": "15894"}
[2024-10-23 23:32:35.938 +0200] [EVENT] [cadence.virtuoso.ade.simulationMonitor] - NewPoint {"history": "ExplorerRun.0", "point": 1, "testname": "ADC_TB_single_1", "cornername": "Nominal", "event": "NewPoint", "EventSource": "spectre", "HistoryName": "ExplorerRun.0", "logFile": "/home/cae3/simulation/ADC/TB_single/maestro/results/maestro/ExplorerRun.0/1/ADC_TB_single_1/psf/spectre.out", "logFileSize": "-1"}
[2024-10-23 23:32:35.948 +0200] [PROCESS] [cadence.virtuoso.ade.simulationMonitor] - Simulator launched {"hostname": "cae-europractice1.othr.de", "processid": 3813917, "history": "ExplorerRun.0", "testname": "ADC_TB_single_1", "cornername": "Nominal", "point": 1, "logfile": "/home/cae3/Desktop/ADC/ASIC_ADC/Cadence_sky/logs_cae3/logs0/Job83.log", "simid": "2", "event": "launch", "category": "simulation"}
[2024-10-23 23:32:35.953 +0200] [PROCESS] [cadence.virtuoso.ade.simulationMonitor] - Expression evaluator launched {"hostname": "cae-europractice1.othr.de", "processid": 3813917, "history": "ExplorerRun.0", "testname": "ADC_TB_single_1", "cornername": "Nominal", "point": 1, "logfile": "/home/cae3/Desktop/ADC/ASIC_ADC/Cadence_sky/logs_cae3/logs0/Job83.log"}
[2024-10-23 23:32:36.097 +0200] [PROCESS] [cadence.virtuoso.ade.simulationMonitor] - Started Simulation {"hostname": "cae-europractice1.othr.de", "processid": 3813917, "history": "ExplorerRun.0", "testname": "ADC_TB_single_1", "cornername": "Nominal", "point": 1, "logfile": "/home/cae3/Desktop/ADC/ASIC_ADC/Cadence_sky/logs_cae3/logs0/Job83.log", "event": "start", "category": "simulation"}
[2024-10-23 23:32:52.605 +0200] [INFO] [cadence.virtuoso.ade.simulationMonitor] - Peak resident memory used = 166 Mbytes. {"history": "ExplorerRun.0", "point": 1, "testname": "ADC_TB_single_1", "cornername": "Nominal"}
[2024-10-23 23:32:52.605 +0200] [INFO] [cadence.virtuoso.ade.simulationMonitor] - Peak resident memory used = 179 Mbytes. {"history": "ExplorerRun.0", "point": 1, "testname": "ADC_TB_single_1", "cornername": "Nominal"}
[2024-10-23 23:32:52.605 +0200] [INFO] [cadence.virtuoso.ade.simulationMonitor] - Notice from spectre during hierarchy flattening.
    The value 'psf' specified for the 'checklimitdest' option will no longer be supported in future releases. Use 'spectre -h' to see other recommended values for the 'checklimitdest' option. {"history": "ExplorerRun.0", "point": 1, "testname": "ADC_TB_single_1", "cornername": "Nominal"}
[2024-10-23 23:32:52.605 +0200] [INFO] [cadence.virtuoso.ade.simulationMonitor] - Peak resident memory used = 180 Mbytes. {"history": "ExplorerRun.0", "point": 1, "testname": "ADC_TB_single_1", "cornername": "Nominal"}
[2024-10-23 23:32:57.608 +0200] [INFO] [cadence.virtuoso.ade.simulationMonitor] - Notice from spectre during initial setup.
    Multithreading is disabled due to the size of the design being too small. {"history": "ExplorerRun.0", "point": 1, "testname": "ADC_TB_single_1", "cornername": "Nominal"}
[2024-10-23 23:32:57.608 +0200] [INFO] [cadence.virtuoso.ade.simulationMonitor] -               nodes 10 {"history": "ExplorerRun.0", "point": 1, "testname": "ADC_TB_single_1", "cornername": "Nominal"}
[2024-10-23 23:32:57.608 +0200] [INFO] [cadence.virtuoso.ade.simulationMonitor] - Notice from spectre during initial setup.
    APS enabled. {"history": "ExplorerRun.0", "point": 1, "testname": "ADC_TB_single_1", "cornername": "Nominal"}
[2024-10-23 23:32:57.608 +0200] [INFO] [cadence.virtuoso.ade.simulationMonitor] - Peak resident memory used = 184 Mbytes. {"history": "ExplorerRun.0", "point": 1, "testname": "ADC_TB_single_1", "cornername": "Nominal"}
[2024-10-23 23:32:57.608 +0200] [INFO] [cadence.virtuoso.ade.simulationMonitor] -    -   (APS) Multi-threading. The recommended number of threads is 1, consider adding +mt=1 on command line. {"history": "ExplorerRun.0", "point": 1, "testname": "ADC_TB_single_1", "cornername": "Nominal"}
[2024-10-23 23:32:57.608 +0200] [INFO] [cadence.virtuoso.ade.simulationMonitor] - Notice from spectre during DC analysis `dcOp'.
    Bad pivoting is found during DC analysis. Option dc_pivot_check=yes is recommended for possible improvement of convergence. {"history": "ExplorerRun.0", "point": 1, "testname": "ADC_TB_single_1", "cornername": "Nominal"}
[2024-10-23 23:32:57.608 +0200] [INFO] [cadence.virtuoso.ade.simulationMonitor] - Total time required for dc analysis `dcOp': CPU = 2.169 ms, elapsed = 2.96617 ms, util. = 73.1%. {"history": "ExplorerRun.0", "point": 1, "testname": "ADC_TB_single_1", "cornername": "Nominal"}
[2024-10-23 23:32:57.608 +0200] [INFO] [cadence.virtuoso.ade.simulationMonitor] - Peak resident memory used = 186 Mbytes. {"history": "ExplorerRun.0", "point": 1, "testname": "ADC_TB_single_1", "cornername": "Nominal"}
[2024-10-23 23:32:57.609 +0200] [INFO] [cadence.virtuoso.ade.simulationMonitor] - Notice from spectre at dc = 0 V during DC analysis `dc'.
    Bad pivoting is found during DC analysis. Option dc_pivot_check=yes is recommended for possible improvement of convergence. {"history": "ExplorerRun.0", "point": 1, "testname": "ADC_TB_single_1", "cornername": "Nominal"}
[2024-10-23 23:32:57.609 +0200] [INFO] [cadence.virtuoso.ade.simulationMonitor] - Notice from spectre at dc = 3.6 mV during DC analysis `dc'.
    GminDC = 1 pS is large enough to noticeably affect the DC solution.
        dV(div_out) = 137.561 uV
        Use the `gmin_check' option to eliminate or expand this report.
    Bad pivoting is found during DC analysis. Option dc_pivot_check=yes is recommended for possible improvement of convergence. {"history": "ExplorerRun.0", "point": 1, "testname": "ADC_TB_single_1", "cornername": "Nominal"}
[2024-10-23 23:32:57.609 +0200] [INFO] [cadence.virtuoso.ade.simulationMonitor] - Notice from spectre at dc = 7.2 mV during DC analysis `dc'.
    GminDC = 1 pS is large enough to noticeably affect the DC solution.
        dV(div_out) = 280.956 uV
        Use the `gmin_check' option to eliminate or expand this report.
    Bad pivoting is found during DC analysis. Option dc_pivot_check=yes is recommended for possible improvement of convergence. {"history": "ExplorerRun.0", "point": 1, "testname": "ADC_TB_single_1", "cornername": "Nominal"}
[2024-10-23 23:32:57.609 +0200] [INFO] [cadence.virtuoso.ade.simulationMonitor] - Notice from spectre at dc = 10.8 mV during DC analysis `dc'.
    GminDC = 1 pS is large enough to noticeably affect the DC solution.
        dV(div_out) = 430.159 uV
        Use the `gmin_check' option to eliminate or expand this report.
    Bad pivoting is found during DC analysis. Option dc_pivot_check=yes is recommended for possible improvement of convergence. {"history": "ExplorerRun.0", "point": 1, "testname": "ADC_TB_single_1", "cornername": "Nominal"}
[2024-10-23 23:32:57.609 +0200] [INFO] [cadence.virtuoso.ade.simulationMonitor] - Notice from spectre at dc = 14.4 mV during DC analysis `dc'.
    GminDC = 1 pS is large enough to noticeably affect the DC solution.
        dV(div_out) = 585.124 uV
        Use the `gmin_check' option to eliminate or expand this report.
    Bad pivoting is found during DC analysis. Option dc_pivot_check=yes is recommended for possible improvement of convergence.
        Further occurrences of this notice will be suppressed. {"history": "ExplorerRun.0", "point": 1, "testname": "ADC_TB_single_1", "cornername": "Nominal"}
[2024-10-23 23:32:57.609 +0200] [INFO] [cadence.virtuoso.ade.simulationMonitor] - Notice from spectre at dc = 18 mV during DC analysis `dc'.
    GminDC = 1 pS is large enough to noticeably affect the DC solution.
        Further occurrences of this notice will be suppressed.
        dV(div_out) = 745.797 uV
        Further occurrences of this notice will be suppressed.
        Use the `gmin_check' option to eliminate or expand this report.
        Further occurrences of this notice will be suppressed. {"history": "ExplorerRun.0", "point": 1, "testname": "ADC_TB_single_1", "cornername": "Nominal"}
[2024-10-23 23:32:57.609 +0200] [INFO] [cadence.virtuoso.ade.simulationMonitor] - Notice from spectre at dc = 1.8 V during DC analysis `dc'.
    The value of parameter 'dc' has been reset to the original value 0.6. {"history": "ExplorerRun.0", "point": 1, "testname": "ADC_TB_single_1", "cornername": "Nominal"}
[2024-10-23 23:32:57.609 +0200] [INFO] [cadence.virtuoso.ade.simulationMonitor] - Total time required for dc analysis `dc': CPU = 34.57 ms, elapsed = 35.3251 ms, util. = 97.9%. {"history": "ExplorerRun.0", "point": 1, "testname": "ADC_TB_single_1", "cornername": "Nominal"}
[2024-10-23 23:32:57.609 +0200] [INFO] [cadence.virtuoso.ade.simulationMonitor] - Peak resident memory used = 187 Mbytes. {"history": "ExplorerRun.0", "point": 1, "testname": "ADC_TB_single_1", "cornername": "Nominal"}
[2024-10-23 23:32:57.609 +0200] [INFO] [cadence.virtuoso.ade.simulationMonitor] - Notice from spectre.
    647 notices suppressed. {"history": "ExplorerRun.0", "point": 1, "testname": "ADC_TB_single_1", "cornername": "Nominal"}
[2024-10-23 23:32:57.610 +0200] [INFO] [cadence.virtuoso.ade.simulationMonitor] - Time used: CPU = 767 ms, elapsed = 20.8 s, util. = 3.69%. {"history": "ExplorerRun.0", "point": 1, "testname": "ADC_TB_single_1", "cornername": "Nominal"}
[2024-10-23 23:32:57.610 +0200] [INFO] [cadence.virtuoso.ade.simulationMonitor] - Time spent in licensing: elapsed = 20.1 ms. {"history": "ExplorerRun.0", "point": 1, "testname": "ADC_TB_single_1", "cornername": "Nominal"}
[2024-10-23 23:32:57.610 +0200] [INFO] [cadence.virtuoso.ade.simulationMonitor] - Peak memory used = 195 Mbytes. {"history": "ExplorerRun.0", "point": 1, "testname": "ADC_TB_single_1", "cornername": "Nominal"}
[2024-10-23 23:32:57.610 +0200] [PROCESS] [cadence.virtuoso.ade.simulationMonitor] - Simulation started at: 11:32:36 PM, Wed Oct 23, 2024, ended at: 11:32:57 PM, Wed Oct 23, 2024, with elapsed time (wall clock): 20.8 s. {"history": "ExplorerRun.0", "point": 1, "testname": "ADC_TB_single_1", "cornername": "Nominal"}
[2024-10-23 23:32:57.610 +0200] [PROCESS] [cadence.virtuoso.ade.simulationMonitor] - spectre completes with 0 errors, 0 warnings, and 17 notices. {"history": "ExplorerRun.0", "point": 1, "testname": "ADC_TB_single_1", "cornername": "Nominal"}
[2024-10-23 23:32:57.610 +0200] [PROCESS] [cadence.virtuoso.ade.simulationMonitor] - Finished simulating for one point {"hostname": "cae-europractice1.othr.de", "processid": 3813917, "history": "ExplorerRun.0", "testname": "ADC_TB_single_1", "cornername": "Nominal", "point": 1, "logfile": "/home/cae3/Desktop/ADC/ASIC_ADC/Cadence_sky/logs_cae3/logs0/Job83.log", "simid": "2", "event": "finish", "category": "simulation"}
[2024-10-23 23:32:57.610 +0200] [PROCESS] [cadence.virtuoso.ade.simulationMonitor] - Simulator exited {"hostname": "cae-europractice1.othr.de", "processid": 3813917, "history": "ExplorerRun.0", "testname": "ADC_TB_single_1", "cornername": "Nominal", "point": 1, "logfile": "/home/cae3/Desktop/ADC/ASIC_ADC/Cadence_sky/logs_cae3/logs0/Job83.log", "exitStatus": "0"}
[2024-10-23 23:32:57.610 +0200] [PROCESS] [cadence.virtuoso.ade.simulationMonitor] - Finished Simulation {"hostname": "cae-europractice1.othr.de", "processid": 3813917, "history": "ExplorerRun.0", "testname": "ADC_TB_single_1", "cornername": "Nominal", "point": 1, "logfile": "/home/cae3/Desktop/ADC/ASIC_ADC/Cadence_sky/logs_cae3/logs0/Job83.log", "simid": "2", "event": "finish", "category": "simulation"}
[2024-10-23 23:32:58.611 +0200] [PROCESS] [cadence.virtuoso.ade.simulationMonitor] - Point Finished {"hostname": "cae-europractice1.othr.de", "processid": 3813917, "history": "ExplorerRun.0", "testname": "ADC_TB_single_1", "cornername": "Nominal", "point": 1, "logfile": "/home/cae3/Desktop/ADC/ASIC_ADC/Cadence_sky/logs_cae3/logs0/Job83.log"}
[2024-10-23 23:37:59.068 +0200] [PROCESS] [cadence.virtuoso.ade.simulationMonitor] - Current memory used: 79.6055 MBytes, peak memory used: 79.6055 MBytes {"hostname": "cae-europractice1.othr.de", "processid": 3813917, "history": "ExplorerRun.0", "testname": "ADC_TB_single_1", "cornername": "Nominal", "point": 1, "logfile": "/home/cae3/Desktop/ADC/ASIC_ADC/Cadence_sky/logs_cae3/logs0/Job83.log"}
[2024-10-23 23:37:59.068 +0200] [PROCESS] [cadence.virtuoso.ade.simulationMonitor] - Simulation Monitor process exits. {"hostname": "cae-europractice1.othr.de", "processid": 3813917, "history": "ExplorerRun.0", "testname": "ADC_TB_single_1", "cornername": "Nominal", "point": 1, "logfile": "/home/cae3/Desktop/ADC/ASIC_ADC/Cadence_sky/logs_cae3/logs0/Job83.log"}
