[Simulation Monitor: 9]
[2024-10-13 01:27:54.422 +0200] [PROCESS] [cadence.virtuoso.ade.simulationMonitor] - Simulation Monitor has successfully started up. Trying to set up communication channels to other components ... {"hostname": "cae-europractice1.othr.de", "processid": 705830, "logfile": "/home/cae3/Desktop/ADC/Cadence_Sky/logs_cae3/logs0/Job9.log"}
[2024-10-13 01:27:54.423 +0200] [PROCESS] [cadence.virtuoso.ade.simulationMonitor] - Communication channels have been successfully set up. Start processing events ... {"hostname": "cae-europractice1.othr.de", "processid": 705830, "logfile": "/home/cae3/Desktop/ADC/Cadence_Sky/logs_cae3/logs0/Job9.log"}
[2024-10-13 01:27:54.424 +0200] [PROCESS] [cadence.virtuoso.ade.simulationMonitor] - Considering to start history {"hostname": "cae-europractice1.othr.de", "processid": 705830, "history": "ExplorerRun.0", "logfile": "/home/cae3/Desktop/ADC/Cadence_Sky/logs_cae3/logs0/Job9.log"}
[2024-10-13 01:27:54.425 +0200] [PROCESS] [cadence.virtuoso.ade.simulationMonitor] - HostInfo:
Host name (type):	cae-europractice1.othr.de (x86_64)
Operating system:	Linux 5.15.0-210.163.7.el8uek.x86_64 #2 SMP Tue Sep 10 18:31:09 PDT 2024 {"hostname": "cae-europractice1.othr.de", "processid": 705830, "history": "ExplorerRun.0", "logfile": "/home/cae3/Desktop/ADC/Cadence_Sky/logs_cae3/logs0/Job9.log", "nodename": "cae-europractice1.othr.de", "domainname": "(none)", "machine": "x86_64", "sysname": "Linux", "release": "5.15.0-210.163.7.el8uek.x86_64", "version": "#2 SMP Tue Sep 10 18:31:09 PDT 2024"}
[2024-10-13 01:27:54.425 +0200] [PROCESS] [cadence.virtuoso.ade.simulationMonitor] - UsageInfo:
pid=705830
totalPhysicalMemory=31.061058GB,Used=27.718655GB,totalVirtualMemory=31.061058GB,Used=27.718655GB
Cpu: Cores=16, Load average:0.130000,0.200000,0.230000 {"hostname": "cae-europractice1.othr.de", "processid": 705830, "history": "ExplorerRun.0", "logfile": "/home/cae3/Desktop/ADC/Cadence_Sky/logs_cae3/logs0/Job9.log", "pid": "705830", "totalPhysicalMemory": "31.061058", "physicalMemoryUsed": "27.718655", "totalVirtualMemory": "31.061058", "virtualMemoryUsed": "27.718655", "cpuCores": "16", "processes": "2386", "loadAverage1": "0.130000", "loadAverage5": "0.200000", "loadAverage15": "0.230000", "loadAverage1Percent": "0.008125"}
[2024-10-13 01:27:54.426 +0200] [EVENT] [cadence.virtuoso.ade.simulationMonitor] - NewPoint {"history": "ExplorerRun.0", "point": 1, "testname": "ADC_inv_tb_YT_1", "cornername": "Nominal", "event": "NewPoint", "EventSource": "Simulation Monitor", "HistoryName": "ExplorerRun.0", "logFile": "/home/cae3/Desktop/ADC/Cadence_Sky/logs_cae3/logs0/Job9.log", "logFileSize": "2286"}
[2024-10-13 01:27:54.530 +0200] [EVENT] [cadence.virtuoso.ade.simulationMonitor] - NewPoint {"history": "ExplorerRun.0", "point": 1, "testname": "ADC_inv_tb_YT_1", "cornername": "Nominal", "event": "NewPoint", "EventSource": "spectre", "HistoryName": "ExplorerRun.0", "logFile": "/home/cae3/simulation/ADC/inv_tb_YT/maestro/results/maestro/ExplorerRun.0/1/ADC_inv_tb_YT_1/psf/spectre.out", "logFileSize": "-1"}
[2024-10-13 01:27:54.542 +0200] [PROCESS] [cadence.virtuoso.ade.simulationMonitor] - Simulator launched {"hostname": "cae-europractice1.othr.de", "processid": 705830, "history": "ExplorerRun.0", "testname": "ADC_inv_tb_YT_1", "cornername": "Nominal", "point": 1, "logfile": "/home/cae3/Desktop/ADC/Cadence_Sky/logs_cae3/logs0/Job9.log", "simid": "1", "event": "launch", "category": "simulation"}
[2024-10-13 01:27:54.546 +0200] [PROCESS] [cadence.virtuoso.ade.simulationMonitor] - Expression evaluator launched {"hostname": "cae-europractice1.othr.de", "processid": 705830, "history": "ExplorerRun.0", "testname": "ADC_inv_tb_YT_1", "cornername": "Nominal", "point": 1, "logfile": "/home/cae3/Desktop/ADC/Cadence_Sky/logs_cae3/logs0/Job9.log"}
[2024-10-13 01:27:54.634 +0200] [PROCESS] [cadence.virtuoso.ade.simulationMonitor] - Started Simulation {"hostname": "cae-europractice1.othr.de", "processid": 705830, "history": "ExplorerRun.0", "testname": "ADC_inv_tb_YT_1", "cornername": "Nominal", "point": 1, "logfile": "/home/cae3/Desktop/ADC/Cadence_Sky/logs_cae3/logs0/Job9.log", "event": "start", "category": "simulation"}
[2024-10-13 01:28:11.140 +0200] [INFO] [cadence.virtuoso.ade.simulationMonitor] - Peak resident memory used = 165 Mbytes. {"history": "ExplorerRun.0", "point": 1, "testname": "ADC_inv_tb_YT_1", "cornername": "Nominal"}
[2024-10-13 01:28:11.140 +0200] [INFO] [cadence.virtuoso.ade.simulationMonitor] - Peak resident memory used = 177 Mbytes. {"history": "ExplorerRun.0", "point": 1, "testname": "ADC_inv_tb_YT_1", "cornername": "Nominal"}
[2024-10-13 01:28:11.140 +0200] [INFO] [cadence.virtuoso.ade.simulationMonitor] - Notice from spectre during hierarchy flattening.
    The value 'psf' specified for the 'checklimitdest' option will no longer be supported in future releases. Use 'spectre -h' to see other recommended values for the 'checklimitdest' option. {"history": "ExplorerRun.0", "point": 1, "testname": "ADC_inv_tb_YT_1", "cornername": "Nominal"}
[2024-10-13 01:28:11.140 +0200] [INFO] [cadence.virtuoso.ade.simulationMonitor] - Peak resident memory used = 177 Mbytes. {"history": "ExplorerRun.0", "point": 1, "testname": "ADC_inv_tb_YT_1", "cornername": "Nominal"}
[2024-10-13 01:28:16.142 +0200] [INFO] [cadence.virtuoso.ade.simulationMonitor] - Notice from spectre during initial setup.
    Multithreading is disabled due to the size of the design being too small. {"history": "ExplorerRun.0", "point": 1, "testname": "ADC_inv_tb_YT_1", "cornername": "Nominal"}
[2024-10-13 01:28:16.143 +0200] [INFO] [cadence.virtuoso.ade.simulationMonitor] -               nodes 3 {"history": "ExplorerRun.0", "point": 1, "testname": "ADC_inv_tb_YT_1", "cornername": "Nominal"}
[2024-10-13 01:28:16.143 +0200] [INFO] [cadence.virtuoso.ade.simulationMonitor] - Notice from spectre during initial setup.
    APS enabled. {"history": "ExplorerRun.0", "point": 1, "testname": "ADC_inv_tb_YT_1", "cornername": "Nominal"}
[2024-10-13 01:28:16.143 +0200] [INFO] [cadence.virtuoso.ade.simulationMonitor] - Peak resident memory used = 181 Mbytes. {"history": "ExplorerRun.0", "point": 1, "testname": "ADC_inv_tb_YT_1", "cornername": "Nominal"}
[2024-10-13 01:28:16.143 +0200] [INFO] [cadence.virtuoso.ade.simulationMonitor] -    -   (APS) Multi-threading. The recommended number of threads is 1, consider adding +mt=1 on command line. {"history": "ExplorerRun.0", "point": 1, "testname": "ADC_inv_tb_YT_1", "cornername": "Nominal"}
[2024-10-13 01:28:16.143 +0200] [INFO] [cadence.virtuoso.ade.simulationMonitor] - Total time required for dc analysis `dcOp': CPU = 2.578 ms, elapsed = 3.51501 ms, util. = 73.3%. {"history": "ExplorerRun.0", "point": 1, "testname": "ADC_inv_tb_YT_1", "cornername": "Nominal"}
[2024-10-13 01:28:16.143 +0200] [INFO] [cadence.virtuoso.ade.simulationMonitor] - Peak resident memory used = 182 Mbytes. {"history": "ExplorerRun.0", "point": 1, "testname": "ADC_inv_tb_YT_1", "cornername": "Nominal"}
[2024-10-13 01:28:16.143 +0200] [INFO] [cadence.virtuoso.ade.simulationMonitor] - Notice from spectre at dc = 1.8 V during DC analysis `dc'.
    The value of parameter 'dc' has been reset to the original value 0.6. {"history": "ExplorerRun.0", "point": 1, "testname": "ADC_inv_tb_YT_1", "cornername": "Nominal"}
[2024-10-13 01:28:16.143 +0200] [INFO] [cadence.virtuoso.ade.simulationMonitor] - Total time required for dc analysis `dc': CPU = 6.562 ms, elapsed = 7.44486 ms, util. = 88.1%. {"history": "ExplorerRun.0", "point": 1, "testname": "ADC_inv_tb_YT_1", "cornername": "Nominal"}
[2024-10-13 01:28:16.143 +0200] [INFO] [cadence.virtuoso.ade.simulationMonitor] - Peak resident memory used = 184 Mbytes. {"history": "ExplorerRun.0", "point": 1, "testname": "ADC_inv_tb_YT_1", "cornername": "Nominal"}
[2024-10-13 01:28:16.644 +0200] [INFO] [cadence.virtuoso.ade.simulationMonitor] - Time used: CPU = 802 ms, elapsed = 21 s, util. = 3.81%. {"history": "ExplorerRun.0", "point": 1, "testname": "ADC_inv_tb_YT_1", "cornername": "Nominal"}
[2024-10-13 01:28:16.644 +0200] [INFO] [cadence.virtuoso.ade.simulationMonitor] - Time spent in licensing: elapsed = 427 ms. {"history": "ExplorerRun.0", "point": 1, "testname": "ADC_inv_tb_YT_1", "cornername": "Nominal"}
[2024-10-13 01:28:16.644 +0200] [INFO] [cadence.virtuoso.ade.simulationMonitor] - Peak memory used = 192 Mbytes. {"history": "ExplorerRun.0", "point": 1, "testname": "ADC_inv_tb_YT_1", "cornername": "Nominal"}
[2024-10-13 01:28:16.644 +0200] [PROCESS] [cadence.virtuoso.ade.simulationMonitor] - Simulation started at: 1:27:55 AM, Sun Oct 13, 2024, ended at: 1:28:16 AM, Sun Oct 13, 2024, with elapsed time (wall clock): 21 s. {"history": "ExplorerRun.0", "point": 1, "testname": "ADC_inv_tb_YT_1", "cornername": "Nominal"}
[2024-10-13 01:28:16.644 +0200] [PROCESS] [cadence.virtuoso.ade.simulationMonitor] - spectre completes with 0 errors, 0 warnings, and 5 notices. {"history": "ExplorerRun.0", "point": 1, "testname": "ADC_inv_tb_YT_1", "cornername": "Nominal"}
[2024-10-13 01:28:16.644 +0200] [PROCESS] [cadence.virtuoso.ade.simulationMonitor] - Finished simulating for one point {"hostname": "cae-europractice1.othr.de", "processid": 705830, "history": "ExplorerRun.0", "testname": "ADC_inv_tb_YT_1", "cornername": "Nominal", "point": 1, "logfile": "/home/cae3/Desktop/ADC/Cadence_Sky/logs_cae3/logs0/Job9.log", "simid": "1", "event": "finish", "category": "simulation"}
[2024-10-13 01:28:16.644 +0200] [PROCESS] [cadence.virtuoso.ade.simulationMonitor] - Simulator exited {"hostname": "cae-europractice1.othr.de", "processid": 705830, "history": "ExplorerRun.0", "testname": "ADC_inv_tb_YT_1", "cornername": "Nominal", "point": 1, "logfile": "/home/cae3/Desktop/ADC/Cadence_Sky/logs_cae3/logs0/Job9.log", "exitStatus": "0"}
[2024-10-13 01:28:16.644 +0200] [PROCESS] [cadence.virtuoso.ade.simulationMonitor] - Finished Simulation {"hostname": "cae-europractice1.othr.de", "processid": 705830, "history": "ExplorerRun.0", "testname": "ADC_inv_tb_YT_1", "cornername": "Nominal", "point": 1, "logfile": "/home/cae3/Desktop/ADC/Cadence_Sky/logs_cae3/logs0/Job9.log", "simid": "1", "event": "finish", "category": "simulation"}
[2024-10-13 01:28:17.645 +0200] [PROCESS] [cadence.virtuoso.ade.simulationMonitor] - Point Finished {"hostname": "cae-europractice1.othr.de", "processid": 705830, "history": "ExplorerRun.0", "testname": "ADC_inv_tb_YT_1", "cornername": "Nominal", "point": 1, "logfile": "/home/cae3/Desktop/ADC/Cadence_Sky/logs_cae3/logs0/Job9.log"}
[2024-10-13 01:33:18.079 +0200] [PROCESS] [cadence.virtuoso.ade.simulationMonitor] - Current memory used: 80.3594 MBytes, peak memory used: 80.3594 MBytes {"hostname": "cae-europractice1.othr.de", "processid": 705830, "history": "ExplorerRun.0", "testname": "ADC_inv_tb_YT_1", "cornername": "Nominal", "point": 1, "logfile": "/home/cae3/Desktop/ADC/Cadence_Sky/logs_cae3/logs0/Job9.log"}
[2024-10-13 01:33:18.079 +0200] [PROCESS] [cadence.virtuoso.ade.simulationMonitor] - Simulation Monitor process exits. {"hostname": "cae-europractice1.othr.de", "processid": 705830, "history": "ExplorerRun.0", "testname": "ADC_inv_tb_YT_1", "cornername": "Nominal", "point": 1, "logfile": "/home/cae3/Desktop/ADC/Cadence_Sky/logs_cae3/logs0/Job9.log"}
