\# Program start time:     UTC 2024.11.04 11:24:30.266
\# Local time: GMT+01:00 (UTC+01:00) 2024.11.04 12:24:30.266
\o Program:		@(#)$CDS: virtuoso version IC23.1-64b 09/20/2023 08:29 (cpgbld16) $
\o Hierarchy:		/mnt/cae_storage_sw/eda/cadence/2023-24/RHELx86/IC_23.10.020/tools.lnx86/dfII/
\o Sub version:		sub-version  IC23.1-64b.ISR2.29  (64-bit addresses)
\# Command line:	/eda/cadence/2023-24/RHELx86/IC_23.10.020/tools.lnx86/dfII/bin/64bit/virtuoso -beanhost cae-europractice1.othr.de -beanport 11478 -beanbinlog  -beanLogFile /home/cae3/Desktop/ADC/ASIC_ADC/Cadence_sky/logs_cae3/logs0/amps_Service43.log -mpssession virtuoso2817718 -mpshost cae-europractice1.othr.de -davinciService DaVinciService_2817718_1730254398 -axlSession fnxSession2 -axlServiceIdFlag 43 -uuid 4ef54e43-81fc-467c-9c77-201e9ebd2859 -heartbeat /dev/shm/swift-heartbeat.N1HtSyfaL8 -log /home/cae3/Desktop/ADC/ASIC_ADC/Cadence_sky/logs_cae3/logs0/Service43.log -adeBrokerAddress cae-europractice1.othr.de:36149 -noautostart -nographE -lscs 000175E1894CBE06FF0966E38F1FFC06BC4D03D0EC7EFC06BC4D66BB9E118E69D9383DB1CC43CF28867C66E3BF1FFC06BC4D66E38F1FFC06BC4D01CB21F352EADB6500001E83 -interactive -offlineExprEval -upfrontMode -fenixMode explorer -heartbeatTimeout  -lingerTimeout 300 -pointlifetime -1
\# Host name (type):	cae-europractice1.othr.de (x86_64)
\# Operating system:	Linux 5.15.0-210.163.7.el8uek.x86_64 #2 SMP Tue Sep 10 18:31:09 PDT 2024
\# Linux /etc/issue:	\S
\# Linux /etc/issue:	Kernel \r on an \m
\# X display name (WxH):	:2906 (1024x868)
\# Available geometry:			TL(0:0) BR(1023:867)
\# X server:			The X.Org Foundation
\# Depth of Visual (Root):	24 (24)
\# Number of Planes Used:	24
\# X version:		11.0 (vendor release 12011000)
\# X resource pool:	base 0x400000, mask 0x1fffff (2097151), shift 0
\# 			current id 0x0, current max 0x1ffffa (2097146)
\# Max data seg size:	     unlimited
\# Max process size:	     unlimited
\# Initial sbrk value:	        686 MB
\# Available memory:	     25,789 MB
\# System memory:	     31,807 MB
\# Maximum memory size:	     31,281 MB
\# Max mem available:	     25,949 MB
\# Initial memory used:	        160 MB
\#        process size:	      1,627 MB
\# Thread usage limits (effective/default):	maxthreads 127001/127001 maxload 16.00/16.00
\# Qt version:		5.15.9
\# Window Manager:	other
\# User Name:		cae3
\o Working Directory:	cae-europractice1.othr.de:/home/cae3/Desktop/ADC/ASIC_ADC/Cadence_sky
\# Process Id:		1595126
\o 
\o COPYRIGHT (C) 1992-2023  CADENCE DESIGN SYSTEMS INC.  ALL RIGHTS RESERVED.
\o           (C) 1992-2023  UNIX SYSTEMS Laboratories INC.,
\o                          Reproduced with permission.
\o 
\o This Cadence Design Systems program and online documentation are
\o proprietary/confidential information and may be disclosed/used only
\o as authorized in a license agreement controlling such use and disclosure.
\o 
\o           RESTRICTED RIGHTS NOTICE (SHORT FORM)
\o Use/reproduction/disclosure is subject to restriction
\o set forth at FAR 1252.227-19 or its equivalent.
\o Loading geView.cxt 
\o Loading menuBuilder.cxt 
\o Loading schView.cxt 
\o Loading selectSv.cxt 
\o Load shared object file /eda/cadence/2023-24/RHELx86/PEGASUSDFM_23.11.000/tools.lnx86/ret/lib/64bit/libretboot.so
\o Load shared object file /eda/cadence/2023-24/RHELx86/PEGASUSDFM_23.11.000/tools.lnx86/lpa/lib/64bit/libretclef.so
\o 
\o Load shared object file /eda/cadence/2023-24/RHELx86/PEGASUSDFM_23.11.000/tools.lnx86/lpa/lib/64bit/libretmb.so
\o 
\o Hotspot Browser 1.0.0 (May  5 2016 12:15:38)
\o Loading /eda/cadence/2023-24/RHELx86/PEGASUSDFM_23.11.000/tools.lnx86/mmg/bin/64bit/etc/context/6.1.0/64bit/ccp.cxt
\o Loading pegasusui.cxt
\o Loading wireEdit.cxt 
\o Loading pte2.cxt 
\o Loading xlUI.cxt 
\o Loading auCore.cxt 
\o Loading vhdl.cxt 
\o Loading seismic.cxt 
\o Loading ci.cxt 
\o Loading layers.cxt 
\o Loading drv.cxt 
\o Loading ams.cxt 
\o Loading oasis.cxt 
\o Loading analog.cxt 
\o Loading asimenv.cxt 
\o Loading dal.cxt 
\o Loading awv.cxt 
\o Loading socket.cxt 
\o Loading par.cxt 
\o Loading alvs.cxt 
\o Loading caa.cxt 
\o Loading amps.cxt 
\o Loading adexlCore.cxt 
\# Memory report: using         283 MB, process size 1,793 MB at UTC 2024.11.04 11:24:33.130
\o Loading adexl.cxt 
\o *Info*    Exporting services from client ... 
\o 
\o Loading adexlDM.cxt 
\o Loading cpf.cxt 
\o Loading cli.cxt 
\o Loading lp.cxt 
\o Loading sipLayout.cxt 
\o INFO (ELI-00333) Client process connection mode is LSCS.
\# [12:24:30.381796] Configured Lic search path (23.02-s003): 5280@hs-lic3.oth-regensburg.de:27003@hs-lic1.oth-regensburg.de:27003@hs-lic1.oth-regensburg.de:
\p > 
\o Loading tilp.cxt 
\o Loading validator.cxt 
\o Loading vrf.cxt 
\o Loading multiTechPlugin.cxt 
\o Loading exportDie.cxt 
\# Loading perfDiag...
\# (PerfDiag): Set GDB path to environment variable 'gdbPath' (gdb).
\# The Health Monitor tool is installed. You can access it from CIW - Tools - Diagnostic Center or use the shell command 'cdsPerfDiag -p 1595126' to open it when Virtuoso freezes.
\o Loading diagCenter.cxt 
\# (PerfDiag): Use backtrace from GLIBC.
\i _axlRunServices()
\# [12:24:34.262923] Periodic Lic check successful
\# [12:24:34.787209] Feature usage summary:
\o Loading simui.cxt 
\o [2024-11-04 12:24:34.813 +0100] [PROCESS] [cadence.virtuoso.ade.services] - Netlist Service has successfully started. Waiting for incoming messages ... {"jobid": "43", "hostname": "cae-europractice1.othr.de", "processid": 1595126, "logfile": "/home/cae3/Desktop/ADC/ASIC_ADC/Cadence_sky/logs_cae3/logs0/Service43.log"}
\o [2024-11-04 12:24:34.856 +0100] [EVENT] [cadence.virtuoso.ade.services.netlister] - NewPoint {"jobid": "43", "history": "ExplorerRun.0", "point": 0, "testname": "ADC_TB_single_1", "event": "NewPoint", "EventSource": "Netlist Service", "HistoryName": "ExplorerRun.0", "logFile": "/home/cae3/Desktop/ADC/ASIC_ADC/Cadence_sky/logs_cae3/logs0/Service43.log", "logFileSize": "5107"}
\# Memory report: using         411 MB, process size 2,309 MB at UTC 2024.11.04 11:24:35.959
\# Unzipping history /home/cae3/Desktop/ADC/ASIC_ADC/Cadence_sky/ADC/TB_single/maestro/history/ExplorerRun.0.zip::historyData.sdb
\o Loading vqp.cxt 
\o Loading vdsil.cxt 
\o *Warning* AXL Context Manager : job 43 is already registered. 
\o 
\o Loading hdlPkg.cxt 
\o 
\o 
\o *Info*    Configuring the session ...
\o 
\o 	Library      = ADC
\o 	Cell         = TB_single
\o 	View         = schematic
\o 	Simulator    = spectre
\o 	State Path   = $AXL_SETUPDB_DIR/test_states
\o 	State Name   = ExplorerRun.0
\o 	Results DB   = /home/cae3/Desktop/ADC/ASIC_ADC/Cadence_sky/ADC/TB_single/maestro/results/maestro/ExplorerRun.0.rdb
\o 	Results Dir  = /home/cae3/simulation/ADC/TB_single/maestro/results/maestro/ExplorerRun.0/1/ADC_TB_single_1
\o 	Results Loc  = /home/cae3/simulation/ADC/TB_single/maestro/results/maestro
\o 	Project Dir  = /home/cae3/simulation
\o 	Setup DB loc = /home/cae3/Desktop/ADC/ASIC_ADC/Cadence_sky/ADC/TB_single/maestro
\o 	File Encoding = 0
\o 
\o 
\o Loading viva.cxt 
\o Loading sky130_fd_pr_main/libInit.il ...
\o 	Loading sky130_fd_pr_main/loadCxt.ile ... done!
\o 	Loading context 'sky130_fd_pr_main' from library 'sky130_fd_pr_main' ... done!
\o 	Loading context 'pdkUtils' from library 'sky130_fd_pr_main' ... done!
\o 	Loading sky130_fd_pr_main/display.drf ... done!
\o 	Loading sky130_fd_pr_main/libInitCktPro.il ... done!
\o 	Loading sky130_fd_pr_main/libInitCustomExit.il ... 	Loading Environment Settings ...
\o Loading spectrei.cxt 
\o Loading devCheck.cxt 
\o Loading relXpert.cxt 
\o done!
\o Loaded sky130_fd_pr_main/libInit.il successfully!
\o Loading hspiceD.cxt 
\o Loading spectreinl.cxt 
\o Loading msgHandler.cxt 
\o Loading UltraSim.cxt 
\o Loading AMSOSS.cxt 
\o Loading AMS.cxt 
\# Unzipping history /home/cae3/Desktop/ADC/ASIC_ADC/Cadence_sky/ADC/TB_single/maestro/history/ExplorerRun.0.zip::historyData.sdb
\o 
\o *Info*    The auto suspension is disabled.
\o 
\o Loading elec.cxt 
\o [2024-11-04 12:24:37.811 +0100] [INFO] [cadence.virtuoso.ade.services.netlister] - Started preparing netlist {"jobid": "43", "history": "ExplorerRun.0", "point": 0, "testname": "ADC_TB_single_1", "testnameKey": "ADC_TB_single_1", "event": "start", "category": "design-netlist"}
\o Resetting statistical vars
\o 
\o *Info*    Setting parameter values ...
\o 
\o Setting var n15L = "210n"
\o Setting var n15W = "620n"
\o Setting var p15L = "150n"
\o Setting var p15W = "750n"
\o Loading monte.cxt 
\o Reusing AHDL Data dir
\o 
\o *Info*    Data Directory    =
\o           /home/cae3/simulation/ADC/TB_single/maestro/results/maestro/ExplorerRun.0/psf/ADC_TB_single_1
\o 
\o generate netlist...
\o Loading hnlInit.cxt 
\o Loading seCore.cxt 
\o Initializing the control file using cp:
\o     cp /mnt/cae_storage_sw/eda/cadence/2023-24/RHELx86/IC_23.10.020/tools.lnx86/dfII/etc/si/control.spectre /home/cae3/simulation/ADC/TB_single/maestro/results/maestro/ExplorerRun.0/psf/ADC_TB_single_1/netlist/control
\o Copying Spectre source file 'spectre.inp'
\o Copying Spectre command file 'spectre.sim'
\o Begin Incremental Netlisting Nov  4 12:24:37 2024
\o Loading json.cxt 
\o End netlisting Nov  4 12:24:39 2024
\o 
\o Netlisting Statistics:
\o 	Number of components:   67
\o 
\o 	Elapsed time:          2.0s (33.50/s)
\o Errors: 0	Warnings: 0
\o       ...successful.
\o compose simulator input file...
\o       ...successful.
\# Available memory:         26,109 MB at UTC 2024.11.04 11:24:40.913
\# Memory report: Maximum memory size now 26,610 MB at UTC 2024.11.04 11:24:40.913
\# Thread usage report: 11 active threads, active load 1.40 at UTC 2024.11.04 11:24:40.913
\o [2024-11-04 12:24:40.913 +0100] [INFO] [cadence.virtuoso.ade.services.netlister] - Finished preparing netlist {"jobid": "43", "history": "ExplorerRun.0", "point": 0, "testname": "ADC_TB_single_1", "testnameKey": "ADC_TB_single_1", "event": "finish", "category": "design-netlist"}
\o [2024-11-04 12:24:42.962 +0100] [EVENT] [cadence.virtuoso.ade.services.netlister] - NewPoint {"jobid": "43", "history": "ExplorerRun.0", "point": 1, "testname": "ADC_TB_single_1", "event": "NewPoint", "EventSource": "Netlist Service", "HistoryName": "ExplorerRun.0", "logFile": "/home/cae3/Desktop/ADC/ASIC_ADC/Cadence_sky/logs_cae3/logs0/Service43.log", "logFileSize": "9468"}
\o [2024-11-04 12:24:42.962 +0100] [INFO] [cadence.virtuoso.ade.services.netlister] - Started netlisting {"jobid": "43", "history": "ExplorerRun.0", "point": 1, "testname": "ADC_TB_single_1", "event": "start", "category": "point-netlist"}
\o Resetting statistical vars
\o 
\o *Info*    Setting parameter values ...
\o 
\o Setting var n15L = "210n"
\o Setting var n15W = "620n"
\o Setting var p15L = "150n"
\o Setting var p15W = "750n"
\o Setting var temperature = "27"
\o Setting temp(T) = 27
\o 
\o *Info*    Netlist Directory =
\o           /home/cae3/simulation/ADC/TB_single/maestro/results/maestro/ExplorerRun.0/1/ADC_TB_single_1/netlist
\o 
\o 
\o *Info*    Data Directory    =
\o           /home/cae3/simulation/ADC/TB_single/maestro/results/maestro/ExplorerRun.0/1/ADC_TB_single_1
\o 
\o Reusing AHDL Data dir
\o generate netlist...
\o Ignoring netlist creation since ignoreDesignChangesDuringRun is set to true
\o       ...successful.
\o compose simulator input file...
\# Memory report: using         523 MB, process size 2,423 MB at UTC 2024.11.04 11:24:44.114
\o       ...successful.
\o [2024-11-04 12:24:44.909 +0100] [PROCESS] [cadence.virtuoso.ade.services.netlister] - Current memory used: 829.2227 MBytes, peak memory used: 829.2227 MBytes {"jobid": "43", "hostname": "cae-europractice1.othr.de", "processid": 1595126, "history": "ExplorerRun.0", "testname": "ADC_TB_single_1", "point": 1, "logfile": "/home/cae3/Desktop/ADC/ASIC_ADC/Cadence_sky/logs_cae3/logs0/Service43.log"}
\o [2024-11-04 12:24:44.910 +0100] [INFO] [cadence.virtuoso.ade.services.netlister] - Finished netlisting {"jobid": "43", "history": "ExplorerRun.0", "point": 1, "testname": "ADC_TB_single_1", "event": "finish", "category": "point-netlist"}
\o [2024-11-04 12:24:45.914 +0100] [EVENT] [cadence.virtuoso.ade.services.netlister] - NewPoint {"jobid": "43", "history": "ExplorerRun.0", "point": 2, "testname": "ADC_TB_single_1", "event": "NewPoint", "EventSource": "Netlist Service", "HistoryName": "ExplorerRun.0", "logFile": "/home/cae3/Desktop/ADC/ASIC_ADC/Cadence_sky/logs_cae3/logs0/Service43.log", "logFileSize": "12042"}
\o [2024-11-04 12:24:45.915 +0100] [INFO] [cadence.virtuoso.ade.services.netlister] - Started netlisting {"jobid": "43", "history": "ExplorerRun.0", "point": 2, "testname": "ADC_TB_single_1", "event": "start", "category": "point-netlist"}
\o Resetting statistical vars
\o 
\o *Info*    Setting parameter values ...
\o 
\o Setting var n15L = "215n"
\o 
\o *Info*    Netlist Directory =
\o           /home/cae3/simulation/ADC/TB_single/maestro/results/maestro/ExplorerRun.0/2/ADC_TB_single_1/netlist
\o 
\o 
\o *Info*    Data Directory    =
\o           /home/cae3/simulation/ADC/TB_single/maestro/results/maestro/ExplorerRun.0/2/ADC_TB_single_1
\o 
\o Reusing AHDL Data dir
\o generate netlist...
\o Ignoring netlist creation since ignoreDesignChangesDuringRun is set to true
\o       ...successful.
\o compose simulator input file...
\o       ...successful.
\o [2024-11-04 12:24:47.470 +0100] [PROCESS] [cadence.virtuoso.ade.services.netlister] - Current memory used: 829.2227 MBytes, peak memory used: 829.2227 MBytes {"jobid": "43", "hostname": "cae-europractice1.othr.de", "processid": 1595126, "history": "ExplorerRun.0", "testname": "ADC_TB_single_1", "point": 2, "logfile": "/home/cae3/Desktop/ADC/ASIC_ADC/Cadence_sky/logs_cae3/logs0/Service43.log"}
\o [2024-11-04 12:24:47.471 +0100] [INFO] [cadence.virtuoso.ade.services.netlister] - Finished netlisting {"jobid": "43", "history": "ExplorerRun.0", "point": 2, "testname": "ADC_TB_single_1", "event": "finish", "category": "point-netlist"}
\o [2024-11-04 12:24:48.475 +0100] [EVENT] [cadence.virtuoso.ade.services.netlister] - NewPoint {"jobid": "43", "history": "ExplorerRun.0", "point": 3, "testname": "ADC_TB_single_1", "event": "NewPoint", "EventSource": "Netlist Service", "HistoryName": "ExplorerRun.0", "logFile": "/home/cae3/Desktop/ADC/ASIC_ADC/Cadence_sky/logs_cae3/logs0/Service43.log", "logFileSize": "13922"}
\o [2024-11-04 12:24:48.475 +0100] [INFO] [cadence.virtuoso.ade.services.netlister] - Started netlisting {"jobid": "43", "history": "ExplorerRun.0", "point": 3, "testname": "ADC_TB_single_1", "event": "start", "category": "point-netlist"}
\o Resetting statistical vars
\o 
\o *Info*    Setting parameter values ...
\o 
\o Setting var n15L = "220n"
\o 
\o *Info*    Netlist Directory =
\o           /home/cae3/simulation/ADC/TB_single/maestro/results/maestro/ExplorerRun.0/3/ADC_TB_single_1/netlist
\o 
\o 
\o *Info*    Data Directory    =
\o           /home/cae3/simulation/ADC/TB_single/maestro/results/maestro/ExplorerRun.0/3/ADC_TB_single_1
\o 
\o Reusing AHDL Data dir
\o generate netlist...
\o Ignoring netlist creation since ignoreDesignChangesDuringRun is set to true
\o       ...successful.
\o compose simulator input file...
\o       ...successful.
\o [2024-11-04 12:24:49.792 +0100] [PROCESS] [cadence.virtuoso.ade.services.netlister] - Current memory used: 829.2227 MBytes, peak memory used: 829.2227 MBytes {"jobid": "43", "hostname": "cae-europractice1.othr.de", "processid": 1595126, "history": "ExplorerRun.0", "testname": "ADC_TB_single_1", "point": 3, "logfile": "/home/cae3/Desktop/ADC/ASIC_ADC/Cadence_sky/logs_cae3/logs0/Service43.log"}
\o [2024-11-04 12:24:49.792 +0100] [INFO] [cadence.virtuoso.ade.services.netlister] - Finished netlisting {"jobid": "43", "history": "ExplorerRun.0", "point": 3, "testname": "ADC_TB_single_1", "event": "finish", "category": "point-netlist"}
\o [2024-11-04 12:24:50.795 +0100] [EVENT] [cadence.virtuoso.ade.services.netlister] - NewPoint {"jobid": "43", "history": "ExplorerRun.0", "point": 4, "testname": "ADC_TB_single_1", "event": "NewPoint", "EventSource": "Netlist Service", "HistoryName": "ExplorerRun.0", "logFile": "/home/cae3/Desktop/ADC/ASIC_ADC/Cadence_sky/logs_cae3/logs0/Service43.log", "logFileSize": "15802"}
\o [2024-11-04 12:24:50.796 +0100] [INFO] [cadence.virtuoso.ade.services.netlister] - Started netlisting {"jobid": "43", "history": "ExplorerRun.0", "point": 4, "testname": "ADC_TB_single_1", "event": "start", "category": "point-netlist"}
\o Resetting statistical vars
\o 
\o *Info*    Setting parameter values ...
\o 
\o Setting var n15L = "225n"
\o 
\o *Info*    Netlist Directory =
\o           /home/cae3/simulation/ADC/TB_single/maestro/results/maestro/ExplorerRun.0/4/ADC_TB_single_1/netlist
\o 
\o 
\o *Info*    Data Directory    =
\o           /home/cae3/simulation/ADC/TB_single/maestro/results/maestro/ExplorerRun.0/4/ADC_TB_single_1
\o 
\o Reusing AHDL Data dir
\o generate netlist...
\o Ignoring netlist creation since ignoreDesignChangesDuringRun is set to true
\o       ...successful.
\o compose simulator input file...
\o       ...successful.
\o [2024-11-04 12:24:52.283 +0100] [PROCESS] [cadence.virtuoso.ade.services.netlister] - Current memory used: 829.2227 MBytes, peak memory used: 829.2227 MBytes {"jobid": "43", "hostname": "cae-europractice1.othr.de", "processid": 1595126, "history": "ExplorerRun.0", "testname": "ADC_TB_single_1", "point": 4, "logfile": "/home/cae3/Desktop/ADC/ASIC_ADC/Cadence_sky/logs_cae3/logs0/Service43.log"}
\o [2024-11-04 12:24:52.284 +0100] [INFO] [cadence.virtuoso.ade.services.netlister] - Finished netlisting {"jobid": "43", "history": "ExplorerRun.0", "point": 4, "testname": "ADC_TB_single_1", "event": "finish", "category": "point-netlist"}
\o [2024-11-04 12:24:53.288 +0100] [EVENT] [cadence.virtuoso.ade.services.netlister] - NewPoint {"jobid": "43", "history": "ExplorerRun.0", "point": 5, "testname": "ADC_TB_single_1", "event": "NewPoint", "EventSource": "Netlist Service", "HistoryName": "ExplorerRun.0", "logFile": "/home/cae3/Desktop/ADC/ASIC_ADC/Cadence_sky/logs_cae3/logs0/Service43.log", "logFileSize": "17682"}
\o [2024-11-04 12:24:53.288 +0100] [INFO] [cadence.virtuoso.ade.services.netlister] - Started netlisting {"jobid": "43", "history": "ExplorerRun.0", "point": 5, "testname": "ADC_TB_single_1", "event": "start", "category": "point-netlist"}
\o Resetting statistical vars
\o 
\o *Info*    Setting parameter values ...
\o 
\o Setting var n15L = "230n"
\o 
\o *Info*    Netlist Directory =
\o           /home/cae3/simulation/ADC/TB_single/maestro/results/maestro/ExplorerRun.0/5/ADC_TB_single_1/netlist
\o 
\o 
\o *Info*    Data Directory    =
\o           /home/cae3/simulation/ADC/TB_single/maestro/results/maestro/ExplorerRun.0/5/ADC_TB_single_1
\o 
\o Reusing AHDL Data dir
\o generate netlist...
\o Ignoring netlist creation since ignoreDesignChangesDuringRun is set to true
\o       ...successful.
\o compose simulator input file...
\o       ...successful.
\o [2024-11-04 12:24:54.773 +0100] [PROCESS] [cadence.virtuoso.ade.services.netlister] - Current memory used: 829.8945 MBytes, peak memory used: 829.8945 MBytes {"jobid": "43", "hostname": "cae-europractice1.othr.de", "processid": 1595126, "history": "ExplorerRun.0", "testname": "ADC_TB_single_1", "point": 5, "logfile": "/home/cae3/Desktop/ADC/ASIC_ADC/Cadence_sky/logs_cae3/logs0/Service43.log"}
\o [2024-11-04 12:24:54.773 +0100] [INFO] [cadence.virtuoso.ade.services.netlister] - Finished netlisting {"jobid": "43", "history": "ExplorerRun.0", "point": 5, "testname": "ADC_TB_single_1", "event": "finish", "category": "point-netlist"}
\o [2024-11-04 12:24:55.778 +0100] [EVENT] [cadence.virtuoso.ade.services.netlister] - NewPoint {"jobid": "43", "history": "ExplorerRun.0", "point": 6, "testname": "ADC_TB_single_1", "event": "NewPoint", "EventSource": "Netlist Service", "HistoryName": "ExplorerRun.0", "logFile": "/home/cae3/Desktop/ADC/ASIC_ADC/Cadence_sky/logs_cae3/logs0/Service43.log", "logFileSize": "19562"}
\o [2024-11-04 12:24:55.778 +0100] [INFO] [cadence.virtuoso.ade.services.netlister] - Started netlisting {"jobid": "43", "history": "ExplorerRun.0", "point": 6, "testname": "ADC_TB_single_1", "event": "start", "category": "point-netlist"}
\o Resetting statistical vars
\o 
\o *Info*    Setting parameter values ...
\o 
\o Setting var n15L = "235n"
\o 
\o *Info*    Netlist Directory =
\o           /home/cae3/simulation/ADC/TB_single/maestro/results/maestro/ExplorerRun.0/6/ADC_TB_single_1/netlist
\o 
\o 
\o *Info*    Data Directory    =
\o           /home/cae3/simulation/ADC/TB_single/maestro/results/maestro/ExplorerRun.0/6/ADC_TB_single_1
\o 
\o Reusing AHDL Data dir
\o generate netlist...
\o Ignoring netlist creation since ignoreDesignChangesDuringRun is set to true
\o       ...successful.
\o compose simulator input file...
\o       ...successful.
\o [2024-11-04 12:24:57.369 +0100] [PROCESS] [cadence.virtuoso.ade.services.netlister] - Current memory used: 833.1836 MBytes, peak memory used: 833.1836 MBytes {"jobid": "43", "hostname": "cae-europractice1.othr.de", "processid": 1595126, "history": "ExplorerRun.0", "testname": "ADC_TB_single_1", "point": 6, "logfile": "/home/cae3/Desktop/ADC/ASIC_ADC/Cadence_sky/logs_cae3/logs0/Service43.log"}
\o [2024-11-04 12:24:57.369 +0100] [INFO] [cadence.virtuoso.ade.services.netlister] - Finished netlisting {"jobid": "43", "history": "ExplorerRun.0", "point": 6, "testname": "ADC_TB_single_1", "event": "finish", "category": "point-netlist"}
\o [2024-11-04 12:24:58.373 +0100] [EVENT] [cadence.virtuoso.ade.services.netlister] - NewPoint {"jobid": "43", "history": "ExplorerRun.0", "point": 7, "testname": "ADC_TB_single_1", "event": "NewPoint", "EventSource": "Netlist Service", "HistoryName": "ExplorerRun.0", "logFile": "/home/cae3/Desktop/ADC/ASIC_ADC/Cadence_sky/logs_cae3/logs0/Service43.log", "logFileSize": "21442"}
\o [2024-11-04 12:24:58.374 +0100] [INFO] [cadence.virtuoso.ade.services.netlister] - Started netlisting {"jobid": "43", "history": "ExplorerRun.0", "point": 7, "testname": "ADC_TB_single_1", "event": "start", "category": "point-netlist"}
\o Resetting statistical vars
\o 
\o *Info*    Setting parameter values ...
\o 
\o Setting var n15L = "240n"
\o 
\o *Info*    Netlist Directory =
\o           /home/cae3/simulation/ADC/TB_single/maestro/results/maestro/ExplorerRun.0/7/ADC_TB_single_1/netlist
\o 
\o 
\o *Info*    Data Directory    =
\o           /home/cae3/simulation/ADC/TB_single/maestro/results/maestro/ExplorerRun.0/7/ADC_TB_single_1
\o 
\o Reusing AHDL Data dir
\o generate netlist...
\o Ignoring netlist creation since ignoreDesignChangesDuringRun is set to true
\o       ...successful.
\o compose simulator input file...
\o       ...successful.
\o [2024-11-04 12:24:59.931 +0100] [PROCESS] [cadence.virtuoso.ade.services.netlister] - Current memory used: 833.1836 MBytes, peak memory used: 833.1836 MBytes {"jobid": "43", "hostname": "cae-europractice1.othr.de", "processid": 1595126, "history": "ExplorerRun.0", "testname": "ADC_TB_single_1", "point": 7, "logfile": "/home/cae3/Desktop/ADC/ASIC_ADC/Cadence_sky/logs_cae3/logs0/Service43.log"}
\o [2024-11-04 12:24:59.932 +0100] [INFO] [cadence.virtuoso.ade.services.netlister] - Finished netlisting {"jobid": "43", "history": "ExplorerRun.0", "point": 7, "testname": "ADC_TB_single_1", "event": "finish", "category": "point-netlist"}
\o [2024-11-04 12:25:00.937 +0100] [EVENT] [cadence.virtuoso.ade.services.netlister] - NewPoint {"jobid": "43", "history": "ExplorerRun.0", "point": 8, "testname": "ADC_TB_single_1", "event": "NewPoint", "EventSource": "Netlist Service", "HistoryName": "ExplorerRun.0", "logFile": "/home/cae3/Desktop/ADC/ASIC_ADC/Cadence_sky/logs_cae3/logs0/Service43.log", "logFileSize": "23322"}
\o [2024-11-04 12:25:00.938 +0100] [INFO] [cadence.virtuoso.ade.services.netlister] - Started netlisting {"jobid": "43", "history": "ExplorerRun.0", "point": 8, "testname": "ADC_TB_single_1", "event": "start", "category": "point-netlist"}
\o Resetting statistical vars
\o 
\o *Info*    Setting parameter values ...
\o 
\o Setting var n15L = "245n"
\o 
\o *Info*    Netlist Directory =
\o           /home/cae3/simulation/ADC/TB_single/maestro/results/maestro/ExplorerRun.0/8/ADC_TB_single_1/netlist
\o 
\o 
\o *Info*    Data Directory    =
\o           /home/cae3/simulation/ADC/TB_single/maestro/results/maestro/ExplorerRun.0/8/ADC_TB_single_1
\o 
\o Reusing AHDL Data dir
\o generate netlist...
\o Ignoring netlist creation since ignoreDesignChangesDuringRun is set to true
\o       ...successful.
\o compose simulator input file...
\o       ...successful.
\o [2024-11-04 12:25:02.450 +0100] [PROCESS] [cadence.virtuoso.ade.services.netlister] - Current memory used: 833.1836 MBytes, peak memory used: 833.1836 MBytes {"jobid": "43", "hostname": "cae-europractice1.othr.de", "processid": 1595126, "history": "ExplorerRun.0", "testname": "ADC_TB_single_1", "point": 8, "logfile": "/home/cae3/Desktop/ADC/ASIC_ADC/Cadence_sky/logs_cae3/logs0/Service43.log"}
\o [2024-11-04 12:25:02.451 +0100] [INFO] [cadence.virtuoso.ade.services.netlister] - Finished netlisting {"jobid": "43", "history": "ExplorerRun.0", "point": 8, "testname": "ADC_TB_single_1", "event": "finish", "category": "point-netlist"}
\o [2024-11-04 12:25:03.456 +0100] [EVENT] [cadence.virtuoso.ade.services.netlister] - NewPoint {"jobid": "43", "history": "ExplorerRun.0", "point": 9, "testname": "ADC_TB_single_1", "event": "NewPoint", "EventSource": "Netlist Service", "HistoryName": "ExplorerRun.0", "logFile": "/home/cae3/Desktop/ADC/ASIC_ADC/Cadence_sky/logs_cae3/logs0/Service43.log", "logFileSize": "25202"}
\o [2024-11-04 12:25:03.456 +0100] [INFO] [cadence.virtuoso.ade.services.netlister] - Started netlisting {"jobid": "43", "history": "ExplorerRun.0", "point": 9, "testname": "ADC_TB_single_1", "event": "start", "category": "point-netlist"}
\o Resetting statistical vars
\o 
\o *Info*    Setting parameter values ...
\o 
\o Setting var n15L = "250n"
\o 
\o *Info*    Netlist Directory =
\o           /home/cae3/simulation/ADC/TB_single/maestro/results/maestro/ExplorerRun.0/9/ADC_TB_single_1/netlist
\o 
\o 
\o *Info*    Data Directory    =
\o           /home/cae3/simulation/ADC/TB_single/maestro/results/maestro/ExplorerRun.0/9/ADC_TB_single_1
\o 
\o Reusing AHDL Data dir
\o generate netlist...
\o Ignoring netlist creation since ignoreDesignChangesDuringRun is set to true
\o       ...successful.
\o compose simulator input file...
\o       ...successful.
\o [2024-11-04 12:25:04.909 +0100] [PROCESS] [cadence.virtuoso.ade.services.netlister] - Current memory used: 833.1836 MBytes, peak memory used: 833.1836 MBytes {"jobid": "43", "hostname": "cae-europractice1.othr.de", "processid": 1595126, "history": "ExplorerRun.0", "testname": "ADC_TB_single_1", "point": 9, "logfile": "/home/cae3/Desktop/ADC/ASIC_ADC/Cadence_sky/logs_cae3/logs0/Service43.log"}
\o [2024-11-04 12:25:04.910 +0100] [INFO] [cadence.virtuoso.ade.services.netlister] - Finished netlisting {"jobid": "43", "history": "ExplorerRun.0", "point": 9, "testname": "ADC_TB_single_1", "event": "finish", "category": "point-netlist"}
\o [2024-11-04 12:25:05.915 +0100] [EVENT] [cadence.virtuoso.ade.services.netlister] - NewPoint {"jobid": "43", "history": "ExplorerRun.0", "point": 10, "testname": "ADC_TB_single_1", "event": "NewPoint", "EventSource": "Netlist Service", "HistoryName": "ExplorerRun.0", "logFile": "/home/cae3/Desktop/ADC/ASIC_ADC/Cadence_sky/logs_cae3/logs0/Service43.log", "logFileSize": "27082"}
\o [2024-11-04 12:25:05.915 +0100] [INFO] [cadence.virtuoso.ade.services.netlister] - Started netlisting {"jobid": "43", "history": "ExplorerRun.0", "point": 10, "testname": "ADC_TB_single_1", "event": "start", "category": "point-netlist"}
\o Resetting statistical vars
\o 
\o *Info*    Setting parameter values ...
\o 
\o Setting var n15L = "255n"
\o 
\o *Info*    Netlist Directory =
\o           /home/cae3/simulation/ADC/TB_single/maestro/results/maestro/ExplorerRun.0/10/ADC_TB_single_1/netlist
\o 
\o 
\o *Info*    Data Directory    =
\o           /home/cae3/simulation/ADC/TB_single/maestro/results/maestro/ExplorerRun.0/10/ADC_TB_single_1
\o 
\o Reusing AHDL Data dir
\o generate netlist...
\o Ignoring netlist creation since ignoreDesignChangesDuringRun is set to true
\o       ...successful.
\o compose simulator input file...
\o       ...successful.
\o [2024-11-04 12:25:07.484 +0100] [PROCESS] [cadence.virtuoso.ade.services.netlister] - Current memory used: 833.1836 MBytes, peak memory used: 833.1836 MBytes {"jobid": "43", "hostname": "cae-europractice1.othr.de", "processid": 1595126, "history": "ExplorerRun.0", "testname": "ADC_TB_single_1", "point": 10, "logfile": "/home/cae3/Desktop/ADC/ASIC_ADC/Cadence_sky/logs_cae3/logs0/Service43.log"}
\o [2024-11-04 12:25:07.485 +0100] [INFO] [cadence.virtuoso.ade.services.netlister] - Finished netlisting {"jobid": "43", "history": "ExplorerRun.0", "point": 10, "testname": "ADC_TB_single_1", "event": "finish", "category": "point-netlist"}
\o [2024-11-04 12:25:08.489 +0100] [EVENT] [cadence.virtuoso.ade.services.netlister] - NewPoint {"jobid": "43", "history": "ExplorerRun.0", "point": 11, "testname": "ADC_TB_single_1", "event": "NewPoint", "EventSource": "Netlist Service", "HistoryName": "ExplorerRun.0", "logFile": "/home/cae3/Desktop/ADC/ASIC_ADC/Cadence_sky/logs_cae3/logs0/Service43.log", "logFileSize": "28968"}
\o [2024-11-04 12:25:08.489 +0100] [INFO] [cadence.virtuoso.ade.services.netlister] - Started netlisting {"jobid": "43", "history": "ExplorerRun.0", "point": 11, "testname": "ADC_TB_single_1", "event": "start", "category": "point-netlist"}
\o Resetting statistical vars
\o 
\o *Info*    Setting parameter values ...
\o 
\o Setting var n15L = "260n"
\o 
\o *Info*    Netlist Directory =
\o           /home/cae3/simulation/ADC/TB_single/maestro/results/maestro/ExplorerRun.0/11/ADC_TB_single_1/netlist
\o 
\o 
\o *Info*    Data Directory    =
\o           /home/cae3/simulation/ADC/TB_single/maestro/results/maestro/ExplorerRun.0/11/ADC_TB_single_1
\o 
\o Reusing AHDL Data dir
\o generate netlist...
\o Ignoring netlist creation since ignoreDesignChangesDuringRun is set to true
\o       ...successful.
\o compose simulator input file...
\o       ...successful.
\o [2024-11-04 12:25:10.040 +0100] [PROCESS] [cadence.virtuoso.ade.services.netlister] - Current memory used: 833.1836 MBytes, peak memory used: 833.1836 MBytes {"jobid": "43", "hostname": "cae-europractice1.othr.de", "processid": 1595126, "history": "ExplorerRun.0", "testname": "ADC_TB_single_1", "point": 11, "logfile": "/home/cae3/Desktop/ADC/ASIC_ADC/Cadence_sky/logs_cae3/logs0/Service43.log"}
\o [2024-11-04 12:25:10.041 +0100] [INFO] [cadence.virtuoso.ade.services.netlister] - Finished netlisting {"jobid": "43", "history": "ExplorerRun.0", "point": 11, "testname": "ADC_TB_single_1", "event": "finish", "category": "point-netlist"}
\o [2024-11-04 12:25:11.049 +0100] [EVENT] [cadence.virtuoso.ade.services.netlister] - NewPoint {"jobid": "43", "history": "ExplorerRun.0", "point": 12, "testname": "ADC_TB_single_1", "event": "NewPoint", "EventSource": "Netlist Service", "HistoryName": "ExplorerRun.0", "logFile": "/home/cae3/Desktop/ADC/ASIC_ADC/Cadence_sky/logs_cae3/logs0/Service43.log", "logFileSize": "30854"}
\o [2024-11-04 12:25:11.049 +0100] [INFO] [cadence.virtuoso.ade.services.netlister] - Started netlisting {"jobid": "43", "history": "ExplorerRun.0", "point": 12, "testname": "ADC_TB_single_1", "event": "start", "category": "point-netlist"}
\o Resetting statistical vars
\o 
\o *Info*    Setting parameter values ...
\o 
\o Setting var n15L = "265n"
\o 
\o *Info*    Netlist Directory =
\o           /home/cae3/simulation/ADC/TB_single/maestro/results/maestro/ExplorerRun.0/12/ADC_TB_single_1/netlist
\o 
\o 
\o *Info*    Data Directory    =
\o           /home/cae3/simulation/ADC/TB_single/maestro/results/maestro/ExplorerRun.0/12/ADC_TB_single_1
\o 
\o Reusing AHDL Data dir
\o generate netlist...
\o Ignoring netlist creation since ignoreDesignChangesDuringRun is set to true
\o       ...successful.
\o compose simulator input file...
\o       ...successful.
\o [2024-11-04 12:25:12.457 +0100] [PROCESS] [cadence.virtuoso.ade.services.netlister] - Current memory used: 833.1836 MBytes, peak memory used: 833.1836 MBytes {"jobid": "43", "hostname": "cae-europractice1.othr.de", "processid": 1595126, "history": "ExplorerRun.0", "testname": "ADC_TB_single_1", "point": 12, "logfile": "/home/cae3/Desktop/ADC/ASIC_ADC/Cadence_sky/logs_cae3/logs0/Service43.log"}
\o [2024-11-04 12:25:12.458 +0100] [INFO] [cadence.virtuoso.ade.services.netlister] - Finished netlisting {"jobid": "43", "history": "ExplorerRun.0", "point": 12, "testname": "ADC_TB_single_1", "event": "finish", "category": "point-netlist"}
\o [2024-11-04 12:25:13.462 +0100] [EVENT] [cadence.virtuoso.ade.services.netlister] - NewPoint {"jobid": "43", "history": "ExplorerRun.0", "point": 13, "testname": "ADC_TB_single_1", "event": "NewPoint", "EventSource": "Netlist Service", "HistoryName": "ExplorerRun.0", "logFile": "/home/cae3/Desktop/ADC/ASIC_ADC/Cadence_sky/logs_cae3/logs0/Service43.log", "logFileSize": "32740"}
\o [2024-11-04 12:25:13.463 +0100] [INFO] [cadence.virtuoso.ade.services.netlister] - Started netlisting {"jobid": "43", "history": "ExplorerRun.0", "point": 13, "testname": "ADC_TB_single_1", "event": "start", "category": "point-netlist"}
\o Resetting statistical vars
\o 
\o *Info*    Setting parameter values ...
\o 
\o Setting var n15L = "270n"
\o 
\o *Info*    Netlist Directory =
\o           /home/cae3/simulation/ADC/TB_single/maestro/results/maestro/ExplorerRun.0/13/ADC_TB_single_1/netlist
\o 
\o 
\o *Info*    Data Directory    =
\o           /home/cae3/simulation/ADC/TB_single/maestro/results/maestro/ExplorerRun.0/13/ADC_TB_single_1
\o 
\o Reusing AHDL Data dir
\o generate netlist...
\o Ignoring netlist creation since ignoreDesignChangesDuringRun is set to true
\o       ...successful.
\o compose simulator input file...
\o       ...successful.
\o [2024-11-04 12:25:14.998 +0100] [PROCESS] [cadence.virtuoso.ade.services.netlister] - Current memory used: 833.1836 MBytes, peak memory used: 833.1836 MBytes {"jobid": "43", "hostname": "cae-europractice1.othr.de", "processid": 1595126, "history": "ExplorerRun.0", "testname": "ADC_TB_single_1", "point": 13, "logfile": "/home/cae3/Desktop/ADC/ASIC_ADC/Cadence_sky/logs_cae3/logs0/Service43.log"}
\o [2024-11-04 12:25:14.999 +0100] [INFO] [cadence.virtuoso.ade.services.netlister] - Finished netlisting {"jobid": "43", "history": "ExplorerRun.0", "point": 13, "testname": "ADC_TB_single_1", "event": "finish", "category": "point-netlist"}
\o [2024-11-04 12:25:16.004 +0100] [EVENT] [cadence.virtuoso.ade.services.netlister] - NewPoint {"jobid": "43", "history": "ExplorerRun.0", "point": 14, "testname": "ADC_TB_single_1", "event": "NewPoint", "EventSource": "Netlist Service", "HistoryName": "ExplorerRun.0", "logFile": "/home/cae3/Desktop/ADC/ASIC_ADC/Cadence_sky/logs_cae3/logs0/Service43.log", "logFileSize": "34626"}
\o [2024-11-04 12:25:16.004 +0100] [INFO] [cadence.virtuoso.ade.services.netlister] - Started netlisting {"jobid": "43", "history": "ExplorerRun.0", "point": 14, "testname": "ADC_TB_single_1", "event": "start", "category": "point-netlist"}
\o Resetting statistical vars
\o 
\o *Info*    Setting parameter values ...
\o 
\o Setting var n15L = "275n"
\o 
\o *Info*    Netlist Directory =
\o           /home/cae3/simulation/ADC/TB_single/maestro/results/maestro/ExplorerRun.0/14/ADC_TB_single_1/netlist
\o 
\o 
\o *Info*    Data Directory    =
\o           /home/cae3/simulation/ADC/TB_single/maestro/results/maestro/ExplorerRun.0/14/ADC_TB_single_1
\o 
\o Reusing AHDL Data dir
\o generate netlist...
\o Ignoring netlist creation since ignoreDesignChangesDuringRun is set to true
\o       ...successful.
\o compose simulator input file...
\o       ...successful.
\o [2024-11-04 12:25:17.520 +0100] [PROCESS] [cadence.virtuoso.ade.services.netlister] - Current memory used: 833.1836 MBytes, peak memory used: 833.1836 MBytes {"jobid": "43", "hostname": "cae-europractice1.othr.de", "processid": 1595126, "history": "ExplorerRun.0", "testname": "ADC_TB_single_1", "point": 14, "logfile": "/home/cae3/Desktop/ADC/ASIC_ADC/Cadence_sky/logs_cae3/logs0/Service43.log"}
\o [2024-11-04 12:25:17.520 +0100] [INFO] [cadence.virtuoso.ade.services.netlister] - Finished netlisting {"jobid": "43", "history": "ExplorerRun.0", "point": 14, "testname": "ADC_TB_single_1", "event": "finish", "category": "point-netlist"}
\o [2024-11-04 12:25:18.524 +0100] [EVENT] [cadence.virtuoso.ade.services.netlister] - NewPoint {"jobid": "43", "history": "ExplorerRun.0", "point": 15, "testname": "ADC_TB_single_1", "event": "NewPoint", "EventSource": "Netlist Service", "HistoryName": "ExplorerRun.0", "logFile": "/home/cae3/Desktop/ADC/ASIC_ADC/Cadence_sky/logs_cae3/logs0/Service43.log", "logFileSize": "36512"}
\o [2024-11-04 12:25:18.525 +0100] [INFO] [cadence.virtuoso.ade.services.netlister] - Started netlisting {"jobid": "43", "history": "ExplorerRun.0", "point": 15, "testname": "ADC_TB_single_1", "event": "start", "category": "point-netlist"}
\o Resetting statistical vars
\o 
\o *Info*    Setting parameter values ...
\o 
\o Setting var n15L = "280n"
\o 
\o *Info*    Netlist Directory =
\o           /home/cae3/simulation/ADC/TB_single/maestro/results/maestro/ExplorerRun.0/15/ADC_TB_single_1/netlist
\o 
\o 
\o *Info*    Data Directory    =
\o           /home/cae3/simulation/ADC/TB_single/maestro/results/maestro/ExplorerRun.0/15/ADC_TB_single_1
\o 
\o Reusing AHDL Data dir
\o generate netlist...
\o Ignoring netlist creation since ignoreDesignChangesDuringRun is set to true
\o       ...successful.
\o compose simulator input file...
\o       ...successful.
\o [2024-11-04 12:25:20.028 +0100] [PROCESS] [cadence.virtuoso.ade.services.netlister] - Current memory used: 833.1836 MBytes, peak memory used: 833.1836 MBytes {"jobid": "43", "hostname": "cae-europractice1.othr.de", "processid": 1595126, "history": "ExplorerRun.0", "testname": "ADC_TB_single_1", "point": 15, "logfile": "/home/cae3/Desktop/ADC/ASIC_ADC/Cadence_sky/logs_cae3/logs0/Service43.log"}
\o [2024-11-04 12:25:20.029 +0100] [INFO] [cadence.virtuoso.ade.services.netlister] - Finished netlisting {"jobid": "43", "history": "ExplorerRun.0", "point": 15, "testname": "ADC_TB_single_1", "event": "finish", "category": "point-netlist"}
\o [2024-11-04 12:25:21.032 +0100] [EVENT] [cadence.virtuoso.ade.services.netlister] - NewPoint {"jobid": "43", "history": "ExplorerRun.0", "point": 16, "testname": "ADC_TB_single_1", "event": "NewPoint", "EventSource": "Netlist Service", "HistoryName": "ExplorerRun.0", "logFile": "/home/cae3/Desktop/ADC/ASIC_ADC/Cadence_sky/logs_cae3/logs0/Service43.log", "logFileSize": "38398"}
\o [2024-11-04 12:25:21.032 +0100] [INFO] [cadence.virtuoso.ade.services.netlister] - Started netlisting {"jobid": "43", "history": "ExplorerRun.0", "point": 16, "testname": "ADC_TB_single_1", "event": "start", "category": "point-netlist"}
\o Resetting statistical vars
\o 
\o *Info*    Setting parameter values ...
\o 
\o Setting var n15L = "285n"
\o 
\o *Info*    Netlist Directory =
\o           /home/cae3/simulation/ADC/TB_single/maestro/results/maestro/ExplorerRun.0/16/ADC_TB_single_1/netlist
\o 
\o 
\o *Info*    Data Directory    =
\o           /home/cae3/simulation/ADC/TB_single/maestro/results/maestro/ExplorerRun.0/16/ADC_TB_single_1
\o 
\o Reusing AHDL Data dir
\o generate netlist...
\o Ignoring netlist creation since ignoreDesignChangesDuringRun is set to true
\o       ...successful.
\o compose simulator input file...
\o       ...successful.
\o [2024-11-04 12:25:22.640 +0100] [PROCESS] [cadence.virtuoso.ade.services.netlister] - Current memory used: 833.1836 MBytes, peak memory used: 833.1836 MBytes {"jobid": "43", "hostname": "cae-europractice1.othr.de", "processid": 1595126, "history": "ExplorerRun.0", "testname": "ADC_TB_single_1", "point": 16, "logfile": "/home/cae3/Desktop/ADC/ASIC_ADC/Cadence_sky/logs_cae3/logs0/Service43.log"}
\o [2024-11-04 12:25:22.641 +0100] [INFO] [cadence.virtuoso.ade.services.netlister] - Finished netlisting {"jobid": "43", "history": "ExplorerRun.0", "point": 16, "testname": "ADC_TB_single_1", "event": "finish", "category": "point-netlist"}
\o [2024-11-04 12:25:23.645 +0100] [EVENT] [cadence.virtuoso.ade.services.netlister] - NewPoint {"jobid": "43", "history": "ExplorerRun.0", "point": 17, "testname": "ADC_TB_single_1", "event": "NewPoint", "EventSource": "Netlist Service", "HistoryName": "ExplorerRun.0", "logFile": "/home/cae3/Desktop/ADC/ASIC_ADC/Cadence_sky/logs_cae3/logs0/Service43.log", "logFileSize": "40284"}
\o [2024-11-04 12:25:23.645 +0100] [INFO] [cadence.virtuoso.ade.services.netlister] - Started netlisting {"jobid": "43", "history": "ExplorerRun.0", "point": 17, "testname": "ADC_TB_single_1", "event": "start", "category": "point-netlist"}
\o Resetting statistical vars
\o 
\o *Info*    Setting parameter values ...
\o 
\o Setting var n15L = "290n"
\o 
\o *Info*    Netlist Directory =
\o           /home/cae3/simulation/ADC/TB_single/maestro/results/maestro/ExplorerRun.0/17/ADC_TB_single_1/netlist
\o 
\o 
\o *Info*    Data Directory    =
\o           /home/cae3/simulation/ADC/TB_single/maestro/results/maestro/ExplorerRun.0/17/ADC_TB_single_1
\o 
\o Reusing AHDL Data dir
\o generate netlist...
\o Ignoring netlist creation since ignoreDesignChangesDuringRun is set to true
\o       ...successful.
\o compose simulator input file...
\o       ...successful.
\o [2024-11-04 12:25:25.197 +0100] [PROCESS] [cadence.virtuoso.ade.services.netlister] - Current memory used: 833.4961 MBytes, peak memory used: 833.4961 MBytes {"jobid": "43", "hostname": "cae-europractice1.othr.de", "processid": 1595126, "history": "ExplorerRun.0", "testname": "ADC_TB_single_1", "point": 17, "logfile": "/home/cae3/Desktop/ADC/ASIC_ADC/Cadence_sky/logs_cae3/logs0/Service43.log"}
\o [2024-11-04 12:25:25.198 +0100] [INFO] [cadence.virtuoso.ade.services.netlister] - Finished netlisting {"jobid": "43", "history": "ExplorerRun.0", "point": 17, "testname": "ADC_TB_single_1", "event": "finish", "category": "point-netlist"}
\o [2024-11-04 12:30:26.664 +0100] [PROCESS] [cadence.virtuoso.ade.services.netlister] - Netlist Service process exits. {"jobid": "43", "hostname": "cae-europractice1.othr.de", "processid": 1595126, "history": "ExplorerRun.0", "logfile": "/home/cae3/Desktop/ADC/ASIC_ADC/Cadence_sky/logs_cae3/logs0/Service43.log"}
\o Simulation design variables differ from those on the cellView,
\o they have been saved in the file "/tmp/saved-design-variables".
\o To save future changes, copy variables to cellView before exiting.
\# Lic Summary:
\# [12:30:27.161818] Cdslmd servers:5280@hs-lic3.oth-regensburg.de:27003@hs-lic1.oth-regensburg.de:27003@hs-lic1.oth-regensburg.de:
\# [12:30:27.686153] Feature usage summary:
\# Memory report: on exit            527 MB, process size 2,427 MB at UTC 2024.11.04 11:30:27.686
\# Memory report: peak usage         535 MB, process size 2,435 MB
