\# Program start time:     UTC 2024.10.30 23:33:33.849
\# Local time: GMT+01:00 (UTC+01:00) 2024.10.31 00:33:33.849
\o Program:		@(#)$CDS: virtuoso version IC23.1-64b 09/20/2023 08:29 (cpgbld16) $
\o Hierarchy:		/mnt/cae_storage_sw/eda/cadence/2023-24/RHELx86/IC_23.10.020/tools.lnx86/dfII/
\o Sub version:		sub-version  IC23.1-64b.ISR2.29  (64-bit addresses)
\# Command line:	/eda/cadence/2023-24/RHELx86/IC_23.10.020/tools.lnx86/dfII/bin/64bit/virtuoso -beanhost cae-europractice1.othr.de -beanport 11478 -beanbinlog  -beanLogFile /home/cae3/Desktop/ADC/ASIC_ADC/Cadence_sky/logs_cae3/logs0/amps_Service6.log -mpssession virtuoso2817718 -mpshost cae-europractice1.othr.de -davinciService DaVinciService_2817718_1730254398 -axlSession fnxSession1 -axlServiceIdFlag 6 -uuid 22ffc46a-396b-4c87-8369-2bbd78570753 -heartbeat /dev/shm/swift-heartbeat.gq5U1Vt789 -log /home/cae3/Desktop/ADC/ASIC_ADC/Cadence_sky/logs_cae3/logs0/Service6.log -adeBrokerAddress cae-europractice1.othr.de:36149 -noautostart -nographE -lscs 000175E1894CBE06FF0966E38F1FFC06BC4D03D0EC7EFC06BC4D66BB9E118E69D9383DB1CC43CF28867C66E3BF1FFC06BC4D66E38F1FFC06BC4D01C14D5A3E43DB6F00001E87 -interactive -offlineExprEval -upfrontMode -fenixMode explorer -heartbeatTimeout  -lingerTimeout 300 -pointlifetime -1
\# Host name (type):	cae-europractice1.othr.de (x86_64)
\# Operating system:	Linux 5.15.0-210.163.7.el8uek.x86_64 #2 SMP Tue Sep 10 18:31:09 PDT 2024
\# Linux /etc/issue:	\S
\# Linux /etc/issue:	Kernel \r on an \m
\# X display name (WxH):	:1148 (1024x868)
\# Available geometry:			TL(0:0) BR(1023:867)
\# X server:			The X.Org Foundation
\# Depth of Visual (Root):	24 (24)
\# Number of Planes Used:	24
\# X version:		11.0 (vendor release 12011000)
\# X resource pool:	base 0x400000, mask 0x1fffff (2097151), shift 0
\# 			current id 0x0, current max 0x1ffffa (2097146)
\# Max data seg size:	     unlimited
\# Max process size:	     unlimited
\# Initial sbrk value:	        706 MB
\# Available memory:	     26,336 MB
\# System memory:	     31,807 MB
\# Maximum memory size:	     31,261 MB
\# Max mem available:	     26,496 MB
\# Initial memory used:	        160 MB
\#        process size:	      1,627 MB
\# Thread usage limits (effective/default):	maxthreads 127001/127001 maxload 16.00/16.00
\# Qt version:		5.15.9
\# Window Manager:	other
\# User Name:		cae3
\o Working Directory:	cae-europractice1.othr.de:/home/cae3/Desktop/ADC/ASIC_ADC/Cadence_sky
\# Process Id:		3464418
\o 
\o COPYRIGHT (C) 1992-2023  CADENCE DESIGN SYSTEMS INC.  ALL RIGHTS RESERVED.
\o           (C) 1992-2023  UNIX SYSTEMS Laboratories INC.,
\o                          Reproduced with permission.
\o 
\o This Cadence Design Systems program and online documentation are
\o proprietary/confidential information and may be disclosed/used only
\o as authorized in a license agreement controlling such use and disclosure.
\o 
\o           RESTRICTED RIGHTS NOTICE (SHORT FORM)
\o Use/reproduction/disclosure is subject to restriction
\o set forth at FAR 1252.227-19 or its equivalent.
\o Loading geView.cxt 
\o Loading menuBuilder.cxt 
\o Loading schView.cxt 
\o Loading selectSv.cxt 
\o Load shared object file /eda/cadence/2023-24/RHELx86/PEGASUSDFM_23.11.000/tools.lnx86/ret/lib/64bit/libretboot.so
\o Load shared object file /eda/cadence/2023-24/RHELx86/PEGASUSDFM_23.11.000/tools.lnx86/lpa/lib/64bit/libretclef.so
\o 
\o Load shared object file /eda/cadence/2023-24/RHELx86/PEGASUSDFM_23.11.000/tools.lnx86/lpa/lib/64bit/libretmb.so
\o 
\o Hotspot Browser 1.0.0 (May  5 2016 12:15:38)
\o Loading /eda/cadence/2023-24/RHELx86/PEGASUSDFM_23.11.000/tools.lnx86/mmg/bin/64bit/etc/context/6.1.0/64bit/ccp.cxt
\o Loading pegasusui.cxt
\o Loading wireEdit.cxt 
\o Loading pte2.cxt 
\# Available memory:         26,363 MB at UTC 2024.10.30 23:33:49.182
\# Memory report: Maximum memory size now 26,596 MB at UTC 2024.10.30 23:33:49.182
\# Thread usage report: 10 active threads, active load 1.40 at UTC 2024.10.30 23:33:49.182
\o Loading xlUI.cxt 
\o Loading auCore.cxt 
\o Loading vhdl.cxt 
\o Loading seismic.cxt 
\o Loading ci.cxt 
\o Loading layers.cxt 
\o Loading drv.cxt 
\o Loading ams.cxt 
\o Loading oasis.cxt 
\o Loading analog.cxt 
\o Loading asimenv.cxt 
\o Loading dal.cxt 
\o Loading awv.cxt 
\o Loading socket.cxt 
\o Loading par.cxt 
\o Loading alvs.cxt 
\o Loading caa.cxt 
\o Loading amps.cxt 
\o Loading adexlCore.cxt 
\# Memory report: using         283 MB, process size 1,793 MB at UTC 2024.10.30 23:33:51.310
\o Loading adexl.cxt 
\o *Info*    Exporting services from client ... 
\o 
\o Loading adexlDM.cxt 
\o Loading cpf.cxt 
\o Loading cli.cxt 
\o Loading lp.cxt 
\o Loading sipLayout.cxt 
\o INFO (ELI-00333) Client process connection mode is LSCS.
\# [00:33:33.381796] Configured Lic search path (23.02-s003): 5280@hs-lic3.oth-regensburg.de:27003@hs-lic1.oth-regensburg.de:27003@hs-lic1.oth-regensburg.de:
\p > 
\o Loading tilp.cxt 
\o Loading validator.cxt 
\o Loading vrf.cxt 
\o Loading multiTechPlugin.cxt 
\o Loading exportDie.cxt 
\# Loading perfDiag...
\# (PerfDiag): Set GDB path to environment variable 'gdbPath' (gdb).
\# The Health Monitor tool is installed. You can access it from CIW - Tools - Diagnostic Center or use the shell command 'cdsPerfDiag -p 3464418' to open it when Virtuoso freezes.
\o Loading diagCenter.cxt 
\# (PerfDiag): Use backtrace from GLIBC.
\i _axlRunServices()
\# [00:33:53.310304] Periodic Lic check successful
\# [00:33:53.834593] Feature usage summary:
\o Loading simui.cxt 
\o [2024-10-31 00:33:53.869 +0100] [PROCESS] [cadence.virtuoso.ade.services] - Netlist Service has successfully started. Waiting for incoming messages ... {"jobid": "6", "hostname": "cae-europractice1.othr.de", "processid": 3464418, "logfile": "/home/cae3/Desktop/ADC/ASIC_ADC/Cadence_sky/logs_cae3/logs0/Service6.log"}
\# Memory report: using         410 MB, process size 2,309 MB at UTC 2024.10.30 23:33:57.920
\# Thread usage report: 11 active threads, active load 1.40 at UTC 2024.10.30 23:34:01.930
\o [2024-10-31 00:37:38.468 +0100] [PROCESS] [cadence.virtuoso.ade.services.netlister] - Netlist Service process exits. {"jobid": "6", "hostname": "cae-europractice1.othr.de", "processid": 3464418, "logfile": "/home/cae3/Desktop/ADC/ASIC_ADC/Cadence_sky/logs_cae3/logs0/Service6.log"}
\o 
\o Loading vdsil.cxt 
\o *Info*    Received signal SIGTERM.
\o 
\o 
\# Lic Summary:
\# [00:37:40.019650] Cdslmd servers:5280@hs-lic3.oth-regensburg.de:27003@hs-lic1.oth-regensburg.de:27003@hs-lic1.oth-regensburg.de:
\# [00:37:40.543968] Feature usage summary:
\# Memory report: on exit            410 MB, process size 2,309 MB at UTC 2024.10.30 23:37:40.544
\# Memory report: peak usage         410 MB, process size 2,309 MB
