[ADE GUI: 697246]
[2024-10-13 01:05:52.016 +0200] [PROCESS] [cadence.virtuoso.ade.gui] - /home/cae3/Desktop/ADC/Cadence_Sky/.tmp_cae3/.cmddir0/swiftLoggingService0 is starting {"logfile": "/home/cae3/Desktop/ADC/Cadence_Sky/logs_cae3/logs0/LoggingService0.log"}
[2024-10-13 01:05:52.141 +0200] [PROCESS] [cadence.virtuoso.ade.gui] - /home/cae3/Desktop/ADC/Cadence_Sky/.tmp_cae3/.cmddir0/swiftNetlistService1 is starting {"logfile": "/home/cae3/Desktop/ADC/Cadence_Sky/logs_cae3/logs0/Service1.log"}
[2024-10-13 01:05:52.142 +0200] [PROCESS] [cadence.virtuoso.ade.gui] - Logging Service '697703' is starting up on host 'cae-europractice1.othr.de' {"logfile": "/home/cae3/Desktop/ADC/Cadence_Sky/logs_cae3/logs0/LoggingService0.log"}
[2024-10-13 01:05:53.302 +0200] [PROCESS] [cadence.virtuoso.ade.gui] - Netlist Service '697725' is starting up on host 'cae-europractice1.othr.de' {"logfile": "/home/cae3/Desktop/ADC/Cadence_Sky/logs_cae3/logs0/Service1.log"}
[2024-10-13 01:06:38.010 +0200] [WARN] [cadence.virtuoso.ade.gui] - Following tests do not have any outputs selected for plotting:
ADC_inv_tb_YT_1
 {"detailed_message": "", "message_id": "EXPLORER-1617"}
[2024-10-13 01:06:38.440 +0200] [EVENT] [cadence.virtuoso.ade.gui] - AddLogFile {"history": "ExplorerRun.0", "event": "AddLogFile", "EventSource": "ADE GUI", "HistoryName": "ExplorerRun.0", "Points": "", "EventLogFile": "/home/cae3/Desktop/ADC/Cadence_Sky/logs_cae3/logs0/virtuoso_ade_debug.log", "EventTool": "ADE GUI", "EventTest": ""}
[2024-10-13 01:06:38.441 +0200] [EVENT] [cadence.virtuoso.ade.gui] - NewHistoryCreated {"history": "ExplorerRun.0", "event": "NewHistoryCreated", "EventSource": "ADE GUI", "HistoryName": "ExplorerRun.0", "WorkDir": "/home/cae3/Desktop/ADC/Cadence_Sky", "HistorySimDir": "/home/cae3/simulation/ADC/inv_tb_YT/maestro/results/maestro/ExplorerRun.0", "HistoryResultsDir": "/home/cae3/Desktop/ADC/Cadence_Sky/ADC/inv_tb_YT/maestro/results/maestro"}
[2024-10-13 01:06:38.441 +0200] [PROCESS] [cadence.virtuoso.ade.gui] - History Setup {"hostname": "cae-europractice1.othr.de", "processid": 697246, "history": "ExplorerRun.0", "logfile": "/home/cae3/Desktop/ADC/Cadence_Sky/logs_cae3/logs0/virtuoso_ade_debug.log", "jobmode": "LSCS", "runmode": "Single Run, Sweeps and Corners", "lib": "ADC", "cell": "inv_tb_YT", "view": "maestro", "icversion": "sub-version  IC23.1-64b.ISR2.29 ", "runstart": "Sun Oct 13 01:06:38 2024\n", "timezonelocal": "+000", "spectreversion": "unknown", "jobpolicyname": "", "maxjobs": "unknown", "ncjobpolicyname": "", "ncmaxjobs": "unknown", "numtests": "1", "runfinished": "unknown", "runelapsed": "-1", "numcorners": "1"}
[2024-10-13 01:06:39.096 +0200] [WARN] [cadence.virtuoso.ade.gui] - Could not find log file for Same Process Job 0. Log message for this job will be printed in the CDS log file. {"history": "ExplorerRun.0", "testname": "ADC_inv_tb_YT_1", "detailed_message": "", "message_id": "EXPLORER-5028"}
[2024-10-13 01:06:39.692 +0200] [EVENT] [cadence.virtuoso.ade.pointevaluator] - NewPoint {"history": "ExplorerRun.0", "point": 1, "testname": "ADC_inv_tb_YT_1", "event": "NewPoint", "EventSource": "ADE GUI", "HistoryName": "ExplorerRun.0", "logFile": "/home/cae3/Desktop/ADC/Cadence_Sky/logs_cae3/logs0/virtuoso_ade_debug.log", "logFileSize": "2936"}
[2024-10-13 01:06:39.693 +0200] [INFO] [cadence.virtuoso.ade.pointevaluator] - Started netlisting {"history": "ExplorerRun.0", "point": 1, "testname": "ADC_inv_tb_YT_1", "event": "start", "category": "point-netlist"}
[2024-10-13 01:06:41.139 +0200] [INFO] [cadence.virtuoso.ade.pointevaluator] - Finished netlisting {"history": "ExplorerRun.0", "point": 1, "testname": "ADC_inv_tb_YT_1", "event": "finish", "category": "point-netlist"}
[2024-10-13 01:06:41.139 +0200] [INFO] [cadence.virtuoso.ade.pointevaluator] - Submitted {"history": "ExplorerRun.0", "point": 1, "testname": "ADC_inv_tb_YT_1"}
[2024-10-13 01:06:43.994 +0200] [PROCESS] [cadence.virtuoso.ade.gui] - /home/cae3/Desktop/ADC/Cadence_Sky/.tmp_cae3/.cmddir0/swiftJob2 is starting {"logfile": "/home/cae3/Desktop/ADC/Cadence_Sky/logs_cae3/logs0/Job2.log"}
[2024-10-13 01:06:44.104 +0200] [PROCESS] [cadence.virtuoso.ade.gui] - Simulation Monitor process '698521' is starting up on host 'cae-europractice1.othr.de' {"logfile": "/home/cae3/Desktop/ADC/Cadence_Sky/logs_cae3/logs0/Job2.log"}
[2024-10-13 01:06:44.133 +0200] [PROCESS] [cadence.virtuoso.ade.gui] - 2024/10/13 01:06:44 System is not a supported distribution
2024/10/13 01:06:44 An error occurred. We don't recognize OS 
2024/10/13 01:06:44 WARNING This OS does not appear to be a Cadence supported Linux configuration.
2024/10/13 01:06:44 For more info, please run CheckSysConf in <cdsRoot/tools.lnx86/bin/checkSysConf <productId>
 {"logfile": "/home/cae3/Desktop/ADC/Cadence_Sky/logs_cae3/logs0/Job2.log"}
[2024-10-13 01:07:07.960 +0200] [INFO] [cadence.virtuoso.ade.gui] - Point completed {"history": "ExplorerRun.0", "point": 1, "testname": "ADC_inv_tb_YT_1"}
[2024-10-13 01:07:08.244 +0200] [EVENT] [cadence.virtuoso.ade.gui] - HistoryFinished {"history": "ExplorerRun.0", "point": 1, "testname": "ADC_inv_tb_YT_1", "event": "HistoryFinished", "EventSource": "ADE GUI", "HistoryName": "ExplorerRun.0"}
[2024-10-13 01:10:59.236 +0200] [PROCESS] [cadence.virtuoso.ade.gui] - Netlist Service '697725' stopped with exit code '0' {"logfile": "/home/cae3/Desktop/ADC/Cadence_Sky/logs_cae3/logs0/Service1.log"}
[2024-10-13 01:14:39.327 +0200] [WARN] [cadence.virtuoso.ade.gui] - Following tests do not have any outputs selected for plotting:
ADC_inv_tb_YT_1
 {"history": "ExplorerRun.0", "point": 1, "testname": "ADC_inv_tb_YT_1", "detailed_message": "", "message_id": "EXPLORER-1617"}
[2024-10-13 01:14:39.629 +0200] [EVENT] [cadence.virtuoso.ade.gui] - AddLogFile {"history": "ExplorerRun.0", "point": 1, "testname": "ADC_inv_tb_YT_1", "event": "AddLogFile", "EventSource": "ADE GUI", "HistoryName": "ExplorerRun.0", "Points": "", "EventLogFile": "/home/cae3/Desktop/ADC/Cadence_Sky/logs_cae3/logs0/virtuoso_ade_debug.log", "EventTool": "ADE GUI", "EventTest": ""}
[2024-10-13 01:14:39.630 +0200] [EVENT] [cadence.virtuoso.ade.gui] - NewHistoryCreated {"history": "ExplorerRun.0", "point": 1, "testname": "ADC_inv_tb_YT_1", "event": "NewHistoryCreated", "EventSource": "ADE GUI", "HistoryName": "ExplorerRun.0", "WorkDir": "/home/cae3/Desktop/ADC/Cadence_Sky", "HistorySimDir": "/home/cae3/simulation/ADC/inv_tb_YT/maestro/results/maestro/ExplorerRun.0", "HistoryResultsDir": "/home/cae3/Desktop/ADC/Cadence_Sky/ADC/inv_tb_YT/maestro/results/maestro"}
[2024-10-13 01:14:39.630 +0200] [PROCESS] [cadence.virtuoso.ade.gui] - History Setup {"hostname": "cae-europractice1.othr.de", "processid": 697246, "history": "ExplorerRun.0", "testname": "ADC_inv_tb_YT_1", "point": 1, "logfile": "/home/cae3/Desktop/ADC/Cadence_Sky/logs_cae3/logs0/virtuoso_ade_debug.log", "jobmode": "LSCS", "runmode": "Single Run, Sweeps and Corners", "lib": "ADC", "cell": "inv_tb_YT", "view": "maestro", "icversion": "sub-version  IC23.1-64b.ISR2.29 ", "runstart": "Sun Oct 13 01:14:39 2024\n", "timezonelocal": "+000", "spectreversion": "unknown", "jobpolicyname": "", "maxjobs": "unknown", "ncjobpolicyname": "", "ncmaxjobs": "unknown", "numtests": "1", "runfinished": "unknown", "runelapsed": "-1", "numcorners": "1"}
[2024-10-13 01:14:40.725 +0200] [EVENT] [cadence.virtuoso.ade.pointevaluator] - NewPoint {"history": "ExplorerRun.0", "point": 1, "testname": "ADC_inv_tb_YT_1", "event": "NewPoint", "EventSource": "ADE GUI", "HistoryName": "ExplorerRun.0", "logFile": "/home/cae3/Desktop/ADC/Cadence_Sky/logs_cae3/logs0/virtuoso_ade_debug.log", "logFileSize": "7304"}
[2024-10-13 01:14:40.726 +0200] [INFO] [cadence.virtuoso.ade.pointevaluator] - Started netlisting {"history": "ExplorerRun.0", "point": 1, "testname": "ADC_inv_tb_YT_1", "event": "start", "category": "point-netlist"}
[2024-10-13 01:14:41.970 +0200] [INFO] [cadence.virtuoso.ade.pointevaluator] - Finished netlisting {"history": "ExplorerRun.0", "point": 1, "testname": "ADC_inv_tb_YT_1", "event": "finish", "category": "point-netlist"}
[2024-10-13 01:14:41.970 +0200] [INFO] [cadence.virtuoso.ade.pointevaluator] - Submitted {"history": "ExplorerRun.0", "point": 1, "testname": "ADC_inv_tb_YT_1"}
[2024-10-13 01:14:44.983 +0200] [PROCESS] [cadence.virtuoso.ade.gui] - /home/cae3/Desktop/ADC/Cadence_Sky/.tmp_cae3/.cmddir0/swiftJob3 is starting {"logfile": "/home/cae3/Desktop/ADC/Cadence_Sky/logs_cae3/logs0/Job3.log"}
[2024-10-13 01:14:45.102 +0200] [PROCESS] [cadence.virtuoso.ade.gui] - Simulation Monitor process '700808' is starting up on host 'cae-europractice1.othr.de' {"logfile": "/home/cae3/Desktop/ADC/Cadence_Sky/logs_cae3/logs0/Job3.log"}
[2024-10-13 01:14:45.129 +0200] [PROCESS] [cadence.virtuoso.ade.gui] - 2024/10/13 01:14:45 System is not a supported distribution
2024/10/13 01:14:45 An error occurred. We don't recognize OS 
2024/10/13 01:14:45 WARNING This OS does not appear to be a Cadence supported Linux configuration.
2024/10/13 01:14:45 For more info, please run CheckSysConf in <cdsRoot/tools.lnx86/bin/checkSysConf <productId>
 {"logfile": "/home/cae3/Desktop/ADC/Cadence_Sky/logs_cae3/logs0/Job3.log"}
[2024-10-13 01:15:08.963 +0200] [INFO] [cadence.virtuoso.ade.gui] - Point completed {"history": "ExplorerRun.0", "point": 1, "testname": "ADC_inv_tb_YT_1"}
[2024-10-13 01:15:09.272 +0200] [EVENT] [cadence.virtuoso.ade.gui] - HistoryFinished {"history": "ExplorerRun.0", "point": 1, "testname": "ADC_inv_tb_YT_1", "event": "HistoryFinished", "EventSource": "ADE GUI", "HistoryName": "ExplorerRun.0"}
[2024-10-13 01:16:47.193 +0200] [WARN] [cadence.virtuoso.ade.gui] - Following tests do not have any outputs selected for plotting:
ADC_inv_tb_YT_1
 {"history": "ExplorerRun.0", "point": 1, "testname": "ADC_inv_tb_YT_1", "detailed_message": "", "message_id": "EXPLORER-1617"}
[2024-10-13 01:16:47.552 +0200] [EVENT] [cadence.virtuoso.ade.gui] - AddLogFile {"history": "ExplorerRun.0", "point": 1, "testname": "ADC_inv_tb_YT_1", "event": "AddLogFile", "EventSource": "ADE GUI", "HistoryName": "ExplorerRun.0", "Points": "", "EventLogFile": "/home/cae3/Desktop/ADC/Cadence_Sky/logs_cae3/logs0/virtuoso_ade_debug.log", "EventTool": "ADE GUI", "EventTest": ""}
[2024-10-13 01:16:47.553 +0200] [EVENT] [cadence.virtuoso.ade.gui] - NewHistoryCreated {"history": "ExplorerRun.0", "point": 1, "testname": "ADC_inv_tb_YT_1", "event": "NewHistoryCreated", "EventSource": "ADE GUI", "HistoryName": "ExplorerRun.0", "WorkDir": "/home/cae3/Desktop/ADC/Cadence_Sky", "HistorySimDir": "/home/cae3/simulation/ADC/inv_tb_YT/maestro/results/maestro/ExplorerRun.0", "HistoryResultsDir": "/home/cae3/Desktop/ADC/Cadence_Sky/ADC/inv_tb_YT/maestro/results/maestro"}
[2024-10-13 01:16:47.554 +0200] [PROCESS] [cadence.virtuoso.ade.gui] - History Setup {"hostname": "cae-europractice1.othr.de", "processid": 697246, "history": "ExplorerRun.0", "testname": "ADC_inv_tb_YT_1", "point": 1, "logfile": "/home/cae3/Desktop/ADC/Cadence_Sky/logs_cae3/logs0/virtuoso_ade_debug.log", "jobmode": "LSCS", "runmode": "Single Run, Sweeps and Corners", "lib": "ADC", "cell": "inv_tb_YT", "view": "maestro", "icversion": "sub-version  IC23.1-64b.ISR2.29 ", "runstart": "Sun Oct 13 01:16:47 2024\n", "timezonelocal": "+000", "spectreversion": "unknown", "jobpolicyname": "", "maxjobs": "unknown", "ncjobpolicyname": "", "ncmaxjobs": "unknown", "numtests": "1", "runfinished": "unknown", "runelapsed": "-1", "numcorners": "1"}
[2024-10-13 01:16:48.758 +0200] [EVENT] [cadence.virtuoso.ade.pointevaluator] - NewPoint {"history": "ExplorerRun.0", "point": 1, "testname": "ADC_inv_tb_YT_1", "event": "NewPoint", "EventSource": "ADE GUI", "HistoryName": "ExplorerRun.0", "logFile": "/home/cae3/Desktop/ADC/Cadence_Sky/logs_cae3/logs0/virtuoso_ade_debug.log", "logFileSize": "11470"}
[2024-10-13 01:16:48.759 +0200] [INFO] [cadence.virtuoso.ade.pointevaluator] - Started netlisting {"history": "ExplorerRun.0", "point": 1, "testname": "ADC_inv_tb_YT_1", "event": "start", "category": "point-netlist"}
[2024-10-13 01:16:49.987 +0200] [INFO] [cadence.virtuoso.ade.pointevaluator] - Finished netlisting {"history": "ExplorerRun.0", "point": 1, "testname": "ADC_inv_tb_YT_1", "event": "finish", "category": "point-netlist"}
[2024-10-13 01:16:49.988 +0200] [INFO] [cadence.virtuoso.ade.pointevaluator] - Submitted {"history": "ExplorerRun.0", "point": 1, "testname": "ADC_inv_tb_YT_1"}
[2024-10-13 01:17:12.963 +0200] [INFO] [cadence.virtuoso.ade.gui] - Point completed {"history": "ExplorerRun.0", "point": 1, "testname": "ADC_inv_tb_YT_1"}
[2024-10-13 01:17:13.298 +0200] [EVENT] [cadence.virtuoso.ade.gui] - HistoryFinished {"history": "ExplorerRun.0", "point": 1, "testname": "ADC_inv_tb_YT_1", "event": "HistoryFinished", "EventSource": "ADE GUI", "HistoryName": "ExplorerRun.0"}
[2024-10-13 01:18:52.941 +0200] [PROCESS] [cadence.virtuoso.ade.gui] - Logging Service '697703' stopped with exit code '0' {"logfile": "/home/cae3/Desktop/ADC/Cadence_Sky/logs_cae3/logs0/LoggingService0.log"}
[2024-10-13 01:19:17.384 +0200] [PROCESS] [cadence.virtuoso.ade.gui] - /home/cae3/Desktop/ADC/Cadence_Sky/.tmp_cae3/.cmddir0/swiftLoggingService4 is starting {"logfile": "/home/cae3/Desktop/ADC/Cadence_Sky/logs_cae3/logs0/LoggingService4.log"}
[2024-10-13 01:19:17.523 +0200] [PROCESS] [cadence.virtuoso.ade.gui] - /home/cae3/Desktop/ADC/Cadence_Sky/.tmp_cae3/.cmddir0/swiftNetlistService5 is starting {"logfile": "/home/cae3/Desktop/ADC/Cadence_Sky/logs_cae3/logs0/Service5.log"}
[2024-10-13 01:19:17.524 +0200] [PROCESS] [cadence.virtuoso.ade.gui] - Logging Service '702464' is starting up on host 'cae-europractice1.othr.de' {"logfile": "/home/cae3/Desktop/ADC/Cadence_Sky/logs_cae3/logs0/LoggingService4.log"}
[2024-10-13 01:19:18.108 +0200] [PROCESS] [cadence.virtuoso.ade.gui] - Netlist Service '702481' is starting up on host 'cae-europractice1.othr.de' {"logfile": "/home/cae3/Desktop/ADC/Cadence_Sky/logs_cae3/logs0/Service5.log"}
[2024-10-13 01:20:49.618 +0200] [EVENT] [cadence.virtuoso.ade.gui] - AddLogFile {"history": "Interactive.0", "event": "AddLogFile", "EventSource": "unknown", "HistoryName": "Interactive.0", "Points": "", "EventLogFile": "", "EventTool": "unknown", "EventTest": ""}
[2024-10-13 01:20:49.619 +0200] [EVENT] [cadence.virtuoso.ade.gui] - NewHistoryCreated {"history": "Interactive.0", "event": "NewHistoryCreated", "EventSource": "unknown", "HistoryName": "Interactive.0", "WorkDir": "/home/cae3/Desktop/ADC/Cadence_Sky", "HistorySimDir": "/home/cae3/simulation/ADC/inv_tb_YT/maestro/results/maestro/Interactive.0", "HistoryResultsDir": "/home/cae3/Desktop/ADC/Cadence_Sky/ADC/inv_tb_YT/maestro/results/maestro"}
[2024-10-13 01:20:49.619 +0200] [PROCESS] [cadence.virtuoso.ade.gui] - History Setup {"hostname": "cae-europractice1.othr.de", "processid": 697246, "history": "Interactive.0", "jobmode": "LSCS", "runmode": "Single Run, Sweeps and Corners", "lib": "ADC", "cell": "inv_tb_YT", "view": "maestro", "icversion": "sub-version  IC23.1-64b.ISR2.29 ", "runstart": "Sun Oct 13 01:20:49 2024\n", "timezonelocal": "+000", "spectreversion": "unknown", "jobpolicyname": "", "maxjobs": "unknown", "ncjobpolicyname": "", "ncmaxjobs": "unknown", "numtests": "1", "runfinished": "unknown", "runelapsed": "-1", "numcorners": "1"}
[2024-10-13 01:20:50.859 +0200] [EVENT] [cadence.virtuoso.ade.pointevaluator] - NewPoint {"history": "Interactive.0", "point": 1, "testname": "ADC_inv_tb_YT_1", "event": "NewPoint", "EventSource": "unknown", "HistoryName": "Interactive.0", "logFile": "", "logFileSize": "-1"}
[2024-10-13 01:20:50.860 +0200] [INFO] [cadence.virtuoso.ade.pointevaluator] - Started netlisting {"history": "Interactive.0", "point": 1, "testname": "ADC_inv_tb_YT_1", "event": "start", "category": "point-netlist"}
[2024-10-13 01:20:52.049 +0200] [INFO] [cadence.virtuoso.ade.pointevaluator] - Finished netlisting {"history": "Interactive.0", "point": 1, "testname": "ADC_inv_tb_YT_1", "event": "finish", "category": "point-netlist"}
[2024-10-13 01:20:52.050 +0200] [INFO] [cadence.virtuoso.ade.pointevaluator] - Submitted {"history": "Interactive.0", "point": 1, "testname": "ADC_inv_tb_YT_1"}
[2024-10-13 01:20:54.982 +0200] [PROCESS] [cadence.virtuoso.ade.gui] - /home/cae3/Desktop/ADC/Cadence_Sky/.tmp_cae3/.cmddir0/swiftJob6 is starting {"logfile": "/home/cae3/Desktop/ADC/Cadence_Sky/logs_cae3/logs0/Job6.log"}
[2024-10-13 01:20:55.101 +0200] [PROCESS] [cadence.virtuoso.ade.gui] - Simulation Monitor process '703395' is starting up on host 'cae-europractice1.othr.de' {"logfile": "/home/cae3/Desktop/ADC/Cadence_Sky/logs_cae3/logs0/Job6.log"}
[2024-10-13 01:20:55.137 +0200] [PROCESS] [cadence.virtuoso.ade.gui] - 2024/10/13 01:20:55 System is not a supported distribution
2024/10/13 01:20:55 An error occurred. We don't recognize OS 
2024/10/13 01:20:55 WARNING This OS does not appear to be a Cadence supported Linux configuration.
2024/10/13 01:20:55 For more info, please run CheckSysConf in <cdsRoot/tools.lnx86/bin/checkSysConf <productId>
 {"logfile": "/home/cae3/Desktop/ADC/Cadence_Sky/logs_cae3/logs0/Job6.log"}
[2024-10-13 01:21:18.467 +0200] [INFO] [cadence.virtuoso.ade.gui] - Point completed {"history": "Interactive.0", "point": 1, "testname": "ADC_inv_tb_YT_1"}
[2024-10-13 01:21:18.789 +0200] [EVENT] [cadence.virtuoso.ade.gui] - HistoryFinished {"history": "Interactive.0", "point": 1, "testname": "ADC_inv_tb_YT_1", "event": "HistoryFinished", "EventSource": "unknown", "HistoryName": "Interactive.0"}
[2024-10-13 01:22:18.031 +0200] [PROCESS] [cadence.virtuoso.ade.gui] - Logging Service '702464' stopped with exit code '0' {"logfile": "/home/cae3/Desktop/ADC/Cadence_Sky/logs_cae3/logs0/LoggingService4.log"}
[2024-10-13 01:23:24.360 +0200] [PROCESS] [cadence.virtuoso.ade.gui] - /home/cae3/Desktop/ADC/Cadence_Sky/.tmp_cae3/.cmddir0/swiftLoggingService7 is starting {"logfile": "/home/cae3/Desktop/ADC/Cadence_Sky/logs_cae3/logs0/LoggingService7.log"}
[2024-10-13 01:23:24.506 +0200] [PROCESS] [cadence.virtuoso.ade.gui] - /home/cae3/Desktop/ADC/Cadence_Sky/.tmp_cae3/.cmddir0/swiftNetlistService8 is starting {"logfile": "/home/cae3/Desktop/ADC/Cadence_Sky/logs_cae3/logs0/Service8.log"}
[2024-10-13 01:23:24.507 +0200] [PROCESS] [cadence.virtuoso.ade.gui] - Logging Service '704262' is starting up on host 'cae-europractice1.othr.de' {"logfile": "/home/cae3/Desktop/ADC/Cadence_Sky/logs_cae3/logs0/LoggingService7.log"}
[2024-10-13 01:23:25.511 +0200] [PROCESS] [cadence.virtuoso.ade.gui] - Netlist Service '704279' is starting up on host 'cae-europractice1.othr.de' {"logfile": "/home/cae3/Desktop/ADC/Cadence_Sky/logs_cae3/logs0/Service8.log"}
[2024-10-13 01:27:48.469 +0200] [EVENT] [cadence.virtuoso.ade.gui] - AddLogFile {"history": "ExplorerRun.0", "event": "AddLogFile", "EventSource": "unknown", "HistoryName": "ExplorerRun.0", "Points": "", "EventLogFile": "", "EventTool": "unknown", "EventTest": ""}
[2024-10-13 01:27:48.469 +0200] [EVENT] [cadence.virtuoso.ade.gui] - NewHistoryCreated {"history": "ExplorerRun.0", "event": "NewHistoryCreated", "EventSource": "unknown", "HistoryName": "ExplorerRun.0", "WorkDir": "/home/cae3/Desktop/ADC/Cadence_Sky", "HistorySimDir": "/home/cae3/simulation/ADC/inv_tb_YT/maestro/results/maestro/ExplorerRun.0", "HistoryResultsDir": "/home/cae3/Desktop/ADC/Cadence_Sky/ADC/inv_tb_YT/maestro/results/maestro"}
[2024-10-13 01:27:48.470 +0200] [PROCESS] [cadence.virtuoso.ade.gui] - History Setup {"hostname": "cae-europractice1.othr.de", "processid": 697246, "history": "ExplorerRun.0", "jobmode": "LSCS", "runmode": "Single Run, Sweeps and Corners", "lib": "ADC", "cell": "inv_tb_YT", "view": "maestro", "icversion": "sub-version  IC23.1-64b.ISR2.29 ", "runstart": "Sun Oct 13 01:27:48 2024\n", "timezonelocal": "+000", "spectreversion": "unknown", "jobpolicyname": "", "maxjobs": "unknown", "ncjobpolicyname": "", "ncmaxjobs": "unknown", "numtests": "1", "runfinished": "unknown", "runelapsed": "-1", "numcorners": "1"}
[2024-10-13 01:27:49.584 +0200] [EVENT] [cadence.virtuoso.ade.pointevaluator] - NewPoint {"history": "ExplorerRun.0", "point": 1, "testname": "ADC_inv_tb_YT_1", "event": "NewPoint", "EventSource": "unknown", "HistoryName": "ExplorerRun.0", "logFile": "", "logFileSize": "-1"}
[2024-10-13 01:27:49.584 +0200] [INFO] [cadence.virtuoso.ade.pointevaluator] - Started netlisting {"history": "ExplorerRun.0", "point": 1, "testname": "ADC_inv_tb_YT_1", "event": "start", "category": "point-netlist"}
[2024-10-13 01:27:50.724 +0200] [INFO] [cadence.virtuoso.ade.pointevaluator] - Finished netlisting {"history": "ExplorerRun.0", "point": 1, "testname": "ADC_inv_tb_YT_1", "event": "finish", "category": "point-netlist"}
[2024-10-13 01:27:50.724 +0200] [INFO] [cadence.virtuoso.ade.pointevaluator] - Submitted {"history": "ExplorerRun.0", "point": 1, "testname": "ADC_inv_tb_YT_1"}
[2024-10-13 01:27:53.983 +0200] [PROCESS] [cadence.virtuoso.ade.gui] - /home/cae3/Desktop/ADC/Cadence_Sky/.tmp_cae3/.cmddir0/swiftJob9 is starting {"logfile": "/home/cae3/Desktop/ADC/Cadence_Sky/logs_cae3/logs0/Job9.log"}
[2024-10-13 01:27:54.102 +0200] [PROCESS] [cadence.virtuoso.ade.gui] - Simulation Monitor process '705830' is starting up on host 'cae-europractice1.othr.de' {"logfile": "/home/cae3/Desktop/ADC/Cadence_Sky/logs_cae3/logs0/Job9.log"}
[2024-10-13 01:27:54.138 +0200] [PROCESS] [cadence.virtuoso.ade.gui] - 2024/10/13 01:27:54 System is not a supported distribution
2024/10/13 01:27:54 An error occurred. We don't recognize OS 
2024/10/13 01:27:54 WARNING This OS does not appear to be a Cadence supported Linux configuration.
2024/10/13 01:27:54 For more info, please run CheckSysConf in <cdsRoot/tools.lnx86/bin/checkSysConf <productId>
 {"logfile": "/home/cae3/Desktop/ADC/Cadence_Sky/logs_cae3/logs0/Job9.log"}
[2024-10-13 01:28:17.465 +0200] [INFO] [cadence.virtuoso.ade.gui] - Point completed {"history": "ExplorerRun.0", "point": 1, "testname": "ADC_inv_tb_YT_1"}
[2024-10-13 01:28:17.812 +0200] [EVENT] [cadence.virtuoso.ade.gui] - HistoryFinished {"history": "ExplorerRun.0", "point": 1, "testname": "ADC_inv_tb_YT_1", "event": "HistoryFinished", "EventSource": "unknown", "HistoryName": "ExplorerRun.0"}
[2024-10-13 01:28:32.657 +0200] [PROCESS] [cadence.virtuoso.ade.gui] - Netlist Service '704279' stopped with exit code '0' {"logfile": "/home/cae3/Desktop/ADC/Cadence_Sky/logs_cae3/logs0/Service8.log"}
[2024-10-13 01:43:35.682 +0200] [PROCESS] [cadence.virtuoso.ade.gui] - Logging Service '704262' stopped with exit code '0' {"logfile": "/home/cae3/Desktop/ADC/Cadence_Sky/logs_cae3/logs0/LoggingService7.log"}
