********************************************************************************
db2gds 23.11-s009 64 bit (Thu Aug 31 12:45:19 PDT 2023)
Build Ref No.: 028 Release Candidate (08-31-2023) [2311_pgs]

Copyright 2023 Cadence Design Systems, Inc.
All rights reserved worldwide.

Build O/S:       Linux x86_64 3.10.0-693.el7.x86_64
Executed on:     cae-europractice1.othr.de (Linux x86_64 5.15.0-210.163.7.el8uek.x86_64)
Process Id:      1956822
Starting Time:   Mon Dec  9 01:54:37 2024 (Mon Dec  9 00:54:37 2024 GMT)
With parameters: pre_therm_1956610 /home/cae3/Desktop/ADC/ASIC_ADC/Cadence_sky/DRC_LVS_run/svdb/pre_therm.agf pre_therm -lmap lmaprj4AIF -netmap /home/cae3/Desktop/ADC/ASIC_ADC/Cadence_sky/DRC_LVS_run/svdb/pre_therm.lnn -property_nqrc -gds_scale 1000 -vircolon 
********************************************************************************

Library name: pre_therm_1956610
GDSII file name: /home/cae3/Desktop/ADC/ASIC_ADC/Cadence_sky/DRC_LVS_run/svdb/pre_therm.agf
Cells to be written out: pre_therm
Source Library: pre_therm_1956610
Layer mapping file(GDS <- DMC): lmaprj4AIF
    38 (dt:0 tt:0) <- 38
    42 (dt:0 tt:0) <- 42
    44 (dt:0 tt:0) <- 44
    45 (dt:0 tt:0) <- 45
    46 (dt:0 tt:0) <- 46
    58 (dt:0 tt:0) <- 58
    47 (dt:0 tt:0) <- 47
    48 (dt:0 tt:0) <- 48
    49 (dt:0 tt:0) <- 49
    50 (dt:0 tt:0) <- 50
    51 (dt:0 tt:0) <- 51
    31 (dt:0 tt:0) <- 31
    34 (dt:0 tt:0) <- 34
    35 (dt:0 tt:0) <- 35
    36 (dt:0 tt:0) <- 36
    37 (dt:0 tt:0) <- 37
    39 (dt:0 tt:0) <- 39
    40 (dt:0 tt:0) <- 40
    41 (dt:0 tt:0) <- 41
    43 (dt:0 tt:0) <- 43
    52 (dt:0 tt:0) <- 52
    53 (dt:0 tt:0) <- 53
    54 (dt:0 tt:0) <- 54
    66 (dt:0 tt:0) <- 66
    67 (dt:0 tt:0) <- 67
    69 (dt:0 tt:0) <- 69
    70 (dt:0 tt:0) <- 70
    71 (dt:0 tt:0) <- 71
    2 (dt:0 tt:0) <- 2
    7 (dt:0 tt:0) <- 7
    8 (dt:0 tt:0) <- 8
    9 (dt:0 tt:0) <- 9
    11 (dt:0 tt:0) <- 11
    12 (dt:0 tt:0) <- 12
    15 (dt:0 tt:0) <- 15
    16 (dt:0 tt:0) <- 16
    17 (dt:0 tt:0) <- 17
    18 (dt:0 tt:0) <- 18
    20 (dt:0 tt:0) <- 20
    55 (dt:0 tt:0) <- 55
    56 (dt:0 tt:0) <- 56
    57 (dt:0 tt:0) <- 57
    59 (dt:0 tt:0) <- 59
    60 (dt:0 tt:0) <- 60
    61 (dt:0 tt:0) <- 61
    62 (dt:0 tt:0) <- 62
    63 (dt:0 tt:0) <- 63
    64 (dt:0 tt:0) <- 64
    65 (dt:0 tt:0) <- 65
    68 (dt:0 tt:0) <- 68
    19 (dt:0 tt:0) <- 19
    21 (dt:0 tt:0) <- 21
    22 (dt:0 tt:0) <- 22
    23 (dt:0 tt:0) <- 23
    24 (dt:0 tt:0) <- 24
    25 (dt:0 tt:0) <- 25
    26 (dt:0 tt:0) <- 26
    27 (dt:0 tt:0) <- 27
    28 (dt:0 tt:0) <- 28
    29 (dt:0 tt:0) <- 29
    30 (dt:0 tt:0) <- 30
    32 (dt:0 tt:0) <- 32
    33 (dt:0 tt:0) <- 33
Cell name case: PRESERVE
Option: output object property for new qrc flow


                Object Statistics of Cells                            
Cell Name         Box  Polygon     Path   Label Instance Array    Total
----------------------------------------------------------------------
pre_therm          20       22        0       0    72      0       114
M1M2_C_CDNS_733705663440        3        0        0       0     0      0         3
M2M3_C_CDNS_733705663441        4        0        0       0     0      0         4
M1M2_C_CDNS_733705663442        4        0        0       0     0      0         4
M3M4_C_CDNS_733705663443        4        0        0       0     0      0         4
inv01f             22        4        0       0     6      0        32
preampF            21        5        0       0     7      0        33
inv02f             22        4        0       0     6      0        32
preamp1F           23        4        0       0     5      0        32
inv03f             22        4        0       0     6      0        32
inv04f             22        4        0       0     6      0        32
inv05f             21        5        0       0     6      0        32
inv06f             22        4        0       0     6      0        32
inv07f             22        4        0       0     6      0        32
inv08f             21        5        0       0     6      0        32
inv09f             21        5        0       0     6      0        32
div_fixed          19        5        0       0     6      0        30
inv10f             22        4        0       0     6      0        32
inv11f             23        4        0       0     6      0        33
inv12f             22        4        0       0     6      0        32
inv13f             22        4        0       0     6      0        32
inv14f             22        4        0       0     6      0        32
inv15f             24        3        0       0     6      0        33
PYL1CON_C_CDNS_733705663444        3        0        0       0     0      0         3
L1M1_C_CDNS_733705663445        3        0        0       0     0      0         3
L1M1_C_CDNS_733705663446        4        0        0       0     0      0         4
L1M1_C_CDNS_733705663447        3        0        0       0     0      0         3
nfet_01v8_CDNS_733705663440       13        0        0       0     0      0        13
pfet_01v8_CDNS_733705663441       17        0        0       0     0      0        17
L1M1_C_CDNS_733705663448        5        0        0       0     0      0         5
pfet_01v8_CDNS_733705663442       13        0        0       0     0      0        13
nfet_01v8_CDNS_733705663443       21        0        0       0     0      0        21
pfet_01v8_CDNS_733705663444       17        0        0       0     0      0        17
nfet_01v8_CDNS_733705663445       13        0        0       0     0      0        13
pfet_01v8_CDNS_733705663446       13        0        0       0     0      0        13
nfet_01v8_CDNS_733705663447       13        0        0       0     0      0        13
pfet_01v8_CDNS_733705663448       13        0        0       0     0      0        13
nfet_01v8_CDNS_733705663449       13        0        0       0     0      0        13
pfet_01v8_CDNS_7337056634410       13        0        0       0     0      0        13
nfet_01v8_CDNS_7337056634411       17        0        0       0     0      0        17
pfet_01v8_CDNS_7337056634412       17        0        0       0     0      0        17
nfet_01v8_CDNS_7337056634413       13        0        0       0     0      0        13
nfet_01v8_CDNS_7337056634414       17        0        0       0     0      0        17
pfet_01v8_CDNS_7337056634415       13        0        0       0     0      0        13
nfet_01v8_CDNS_7337056634416       17        0        0       0     0      0        17
pfet_01v8_CDNS_7337056634417       13        0        0       0     0      0        13
nfet_01v8_CDNS_7337056634418       13        0        0       0     0      0        13
pfet_01v8_CDNS_7337056634419       17        0        0       0     0      0        17
nfet_01v8_CDNS_7337056634420       13        0        0       0     0      0        13
pfet_01v8_CDNS_7337056634421       27        0        0       0     0      0        27
pfet_01v8_CDNS_7337056634422       17        0        0       0     0      0        17
nfet_01v8_CDNS_7337056634423       17        0        0       0     0      0        17
pfet_01v8_CDNS_7337056634424       17        0        0       0     0      0        17
nfet_01v8_CDNS_7337056634425       13        0        0       0     0      0        13
pfet_01v8_CDNS_7337056634426       17        0        0       0     0      0        17
nfet_01v8_CDNS_7337056634427       17        0        0       0     0      0        17
pfet_01v8_CDNS_7337056634428       17        0        0       0     0      0        17
nfet_01v8_CDNS_7337056634429       13        0        0       0     0      0        13
pfet_01v8_CDNS_7337056634430       17        0        0       0     0      0        17
nfet_01v8_CDNS_7337056634431       13        0        0       0     0      0        13
pfet_01v8_CDNS_7337056634432       17        0        0       0     0      0        17
pfet_01v8_CDNS_7337056634433       17        0        0       0     0      0        17
----------------------------------------------------------------------

Object Statistics of Layers
Layer   Objects
----------------
   7          19
   8          19
   9          37
  11          32
  12          38
  15         181
  21          16
  23          19
  31           2
  35           3
  36           4
  37          28
  38         181
  39          85
  40         127
  41          36
  42          79
  43          37
  44           3
  45           2
  52          54
  53          35
  69          16
  70          19
----------------

Object Summary
------------------
     Box       974
 Polygon        98
    Path         0
   Label         0
Instance       180
   Array         0
------------------
   Total      1252


Output property: 1252
Total CPU Time          : 0(s)
Total Real Time         : 0(s)
Peak Memory Used        : 9(M)
