#!encrypt#!26#!

M*OZn:P\Yp>E.s,p#t5"kyA
#!encrypt#!4#!N%Ti#!encrypt#!7#!b8 zGh{#!encrypt#!4#!NPyR#!encrypt#!19#!N{e]Y=+\tX;ezEK*9^~#!encrypt#!4#!N+0g#!encrypt#!7#!NPy;`%h#!encrypt#!1#!
#!encrypt#!4#!N%Ti#!encrypt#!7#!b8 zGh{#!encrypt#!5#!NQffm#!encrypt#!13#!N}Mf$\|fy_)ep#!encrypt#!1#!
#!encrypt#!4#!N%Ti#!encrypt#!7#!b8 zGh{#!encrypt#!5#!NQffN#!encrypt#!10#!N#M*q"6F+j#!encrypt#!1#!
#!encrypt#!4#!N%Ti#!encrypt#!7#!b8 zGh{#!encrypt#!4#!NPyR#!encrypt#!13#!N{GkVZo\}c)lX#!encrypt#!4#!N+0g#!encrypt#!7#!NPy;`%h#!encrypt#!1#!
#!encrypt#!4#!N%Ti#!encrypt#!7#!b8 zGh{#!encrypt#!4#!NPyR#!encrypt#!13#!NoGkVZo\}c)lX#!encrypt#!4#!N+0g#!encrypt#!7#!NPy;`%h#!encrypt#!1#!
#!encrypt#!4#!N%Ti#!encrypt#!7#!b8 zGh{#!encrypt#!4#!NPyR#!encrypt#!8#!N{h.$^+%#!encrypt#!4#!N+0g#!encrypt#!7#!NPy;`%h#!encrypt#!1#!
#!encrypt#!4#!N%Ti#!encrypt#!7#!b8 zGh{#!encrypt#!4#!NPyR#!encrypt#!8#!Noh.$^+%#!encrypt#!4#!N+0g#!encrypt#!7#!NPy;`%h#!encrypt#!1#!
#!encrypt#!4#!N%Ti#!encrypt#!7#!b8 zGh{#!encrypt#!13#!N{GkVZo\}c)lX#!encrypt#!5#!NoEp(#!encrypt#!1#!
#!encrypt#!4#!N%Ti#!encrypt#!7#!b8 zGh{#!encrypt#!13#!NoGkVZo\}c)lX#!encrypt#!5#!N{Ep(#!encrypt#!1#!
#!encrypt#!4#!N%Ti#!encrypt#!7#!b8 zGh{#!encrypt#!4#!NPyR#!encrypt#!5#!N{Ep(#!encrypt#!4#!N+0g#!encrypt#!7#!NPy;`%h#!encrypt#!1#!
#!encrypt#!4#!N%Ti#!encrypt#!7#!b8 zGh{#!encrypt#!4#!NPyR#!encrypt#!5#!NoEp(#!encrypt#!4#!N+0g#!encrypt#!7#!NPy;`%h#!encrypt#!1#!
#!encrypt#!4#!N%Ti#!encrypt#!7#!b8 zGh{#!encrypt#!4#!NPyR#!encrypt#!13#!NaJk2P*\x#?n6#!encrypt#!4#!N+0g#!encrypt#!7#!NPy;`%h#!encrypt#!1#!
#!encrypt#!4#!N%Ti#!encrypt#!7#!b8 zGh{#!encrypt#!4#!NPyR#!encrypt#!5#!N{M~x#!encrypt#!4#!N+0g#!encrypt#!12#!N{M~x=6#m\Y4#!encrypt#!1#!
#!encrypt#!4#!N%Ti#!encrypt#!7#!b8 zGh{#!encrypt#!5#!N{M~x#!encrypt#!5#!N{l]$#!encrypt#!1#!
#!encrypt#!4#!N%Ti#!encrypt#!7#!b8 zGh{#!encrypt#!5#!N{M~x#!encrypt#!5#!Nol]$#!encrypt#!1#!
#!encrypt#!4#!N%Ti#!encrypt#!7#!b8 zGh{#!encrypt#!5#!ND4fO#!encrypt#!5#!N{M~x#!encrypt#!1#!
#!encrypt#!4#!N%Ti#!encrypt#!7#!b8 zGh{#!encrypt#!4#!NPyR#!encrypt#!8#!Np[.(\6e#!encrypt#!4#!N+0g#!encrypt#!7#!NPy;`%h#!encrypt#!1#!
#!encrypt#!4#!N%Ti#!encrypt#!7#!b8 zGh{#!encrypt#!4#!NPyR#!encrypt#!16#!Np[.T\C>mjMo}cUx#!encrypt#!4#!N+0g#!encrypt#!7#!NPy;`%h#!encrypt#!1#!
#!encrypt#!4#!N%Ti#!encrypt#!7#!b8 zGh{#!encrypt#!5#!NQffB#!encrypt#!4#!NPyR#!encrypt#!4#!N+0g#!encrypt#!5#!NQqkZ#!encrypt#!1#!
#!encrypt#!4#!N%Ti#!encrypt#!7#!b8 zGh{#!encrypt#!5#!NQffa#!encrypt#!5#!NQffB#!encrypt#!4#!N+0g#!encrypt#!4#!Nkyp#!encrypt#!1#!
#!encrypt#!4#!N%Ti#!encrypt#!7#!b8 zGh{#!encrypt#!5#!NQffm#!encrypt#!5#!NQffa#!encrypt#!4#!N+0g#!encrypt#!5#!Nkypa#!encrypt#!1#!
#!encrypt#!4#!N%Ti#!encrypt#!7#!b8 zGh{#!encrypt#!5#!NQffN#!encrypt#!5#!NQffm#!encrypt#!4#!N+0g#!encrypt#!5#!Nkypm#!encrypt#!1#!
#!encrypt#!4#!N%Ti#!encrypt#!7#!b8 zGh{#!encrypt#!5#!NQffL#!encrypt#!5#!NQffN#!encrypt#!4#!N+0g#!encrypt#!5#!NkypN#!encrypt#!1#!
#!encrypt#!4#!N%Ti#!encrypt#!7#!b8 zGh{#!encrypt#!7#!Np[.$PM#!encrypt#!9#!Np[.Z2(yd#!encrypt#!1#!
#!encrypt#!4#!N%Ti#!encrypt#!8#!)xwzeo9Y#!encrypt#!5#!N{Ep(#!encrypt#!6#!N{<]2/#!encrypt#!1#!
#!encrypt#!4#!N%Ti#!encrypt#!8#!)xwzeo9Y#!encrypt#!5#!NoEp(#!encrypt#!6#!No<]2/#!encrypt#!1#!
#!encrypt#!73#!-T_Zn;^^D!LZY3<L&!d:LC&{ct:REUm#-T_Zn;^^D!LZY3<L&!d:LC&{ct:REUm#-T_Zn;^^
#!encrypt#!75#!~aH]8Vol]!T+`{w>H=0]{oHx:t/V,S1Q,wuiwp(%ZcbuI*R@_/_-,Y--~~<V{#gr>l40n`hQ?v
#!encrypt#!1#!
#!encrypt#!26#!

M*OZn:P\Yp>E.s,p#3?"kyA
#!encrypt#!4#!N%Ti#!encrypt#!7#!5Zn/{~(#!encrypt#!3#!NTT#!encrypt#!14#!)(>q64%AP.;lUR#!encrypt#!5#!ND4fO#!encrypt#!4#!NJg_#!encrypt#!1#!
#!encrypt#!73#!-T_Zn;^^D!LZY3<L&!d:LC&{ct:REUm#-T_Zn;^^D!LZY3<L&!d:LC&{ct:REUm#-T_Zn;^^
#!encrypt#!72#!N%Tip^?\=p?#I#'E9^#Yy:+xqRytTA>r-%:)w1YLg!8 5u@4x-d]?#7_#W$R>[)rS( inVK
#!encrypt#!75#!~aH]8Vol]!T+`yw>H=0]{oHx:t/V,[1Q,wuiwp(%ZcbuI*R@Oc_-,Y67~\<Vt.gr>l40n`hQ?v
#!encrypt#!1#!
#!encrypt#!26#!

M*OZn:P\Yp>E.s,p#3,"kyA
#!encrypt#!4#!N%Ti#!encrypt#!11#!5ZnaG4_R1/,#!encrypt#!3#!NTT#!encrypt#!13#!)(>q64%A+\R(=#!encrypt#!8#!Np[.pP*\#!encrypt#!16#!Np[.T\C>mjMo}cUx#!encrypt#!1#!
#!encrypt#!73#!-T_Zn;^^D!LZY3<L&!d:LC&{ct:REUm#-T_Zn;^^D!LZY3<L&!d:LC&{ct:REUm#-T_Zn;^^
#!encrypt#!76#!N%Tip^?\=p?#I#'E9^#Yy:P {PWypr)r~r:inVYjgC"/I3x>4-{WO5&$VQ$ gug#N;!i5opgDxT
#!encrypt#!75#!~aH]8Vol]!T+`yw>H=0]{oHx:t/V,[1Q,wuiwp(%ZcbuI*R@Oc_-,Y67~\<Vt.gr>l40n`hQ?v
#!encrypt#!1#!
#!encrypt#!26#!

M*OZn:P\Yp>E.s,p#3p"kyA
#!encrypt#!4#!N%Ti#!encrypt#!11#!?4ffq%G>l#)#!encrypt#!3#!NTT#!encrypt#!3#!68=#!encrypt#!5#!Nol]$#!encrypt#!12#!Np[.5o{fVp?##!encrypt#!1#!
#!encrypt#!73#!-T_Zn;^^D!LZY3<L&!d:LC&{ct:REUm#-T_Zn;^^D!LZY3<L&!d:LC&{ct:REUm#-T_Zn;^^
#!encrypt#!76#!N%Tip^?\=p?#I#'E9^#!h4n`=_1\KJ)r~r:inVYjgC"/I3xJ4-{WO5&$IQ$ gug#Nd!i5opgDx#
#!encrypt#!75#!~aH]8Vol]!T+`yw>HED]{oHx:t/V,[1Q,wAiwp(%ZcbuI*R@Oc_-,Y67~\<Vt.gr>l40n`hQ?v
#!encrypt#!1#!
#!encrypt#!26#!

M*OZn:P\Yp>E.s,p#3#"kyA
#!encrypt#!4#!N%Ti#!encrypt#!9#!?4ffq%G>l#!encrypt#!3#!NTT#!encrypt#!3#!68=#!encrypt#!12#!Nol]$=?@=YMn#!encrypt#!5#!NPgfZ#!encrypt#!1#!
#!encrypt#!73#!-T_Zn;^^D!LZY3<L&!d:LC&{ct:REUm#-T_Zn;^^D!LZY3<L&!d:LC&{ct:REUm#-T_Zn;^^
#!encrypt#!74#!N%Tip^?\=p?#I#'E9^#!h4n`=_1\o4+'%%_iS$%'#>8ZI-=3=5;]L5kv0ER.>UgJP%DqeV^ge
#!encrypt#!75#!~aH]8Vol]!T+`yw>HED]{oHx:t/V,[1Q,wAiwp(%ZcbuI*R@Oc_-,Y67~\<Vt.gr>l40n`hQ?v
#!encrypt#!1#!
#!encrypt#!26#!

M*OZn:P\Yp>E.s,p#3c"kyA
#!encrypt#!4#!N%Ti#!encrypt#!13#!?4ffq|h )#Q#u#!encrypt#!3#!NTT#!encrypt#!3#!{t|#!encrypt#!10#!Nol]$=?@=Y#!encrypt#!6#!NoY_7?#!encrypt#!1#!
#!encrypt#!73#!-T_Zn;^^D!LZY3<L&!d:LC&{ct:REUm#-T_Zn;^^D!LZY3<L&!d:LC&{ct:REUm#-T_Zn;^^
#!encrypt#!78#!N%Tip^?\=p?#I#'E9^#!h4n`Vc|{K:*aP%=3SV^g#,8SHMxL`PN]uZ $c^<N>OnHNTT7WV&!9xLp7
#!encrypt#!75#!~aH]8Vol]!T+`yw>HED]{oHx:t/V,[1Q,wAiwp(%ZcbuI*R@Oc_-,Y6#~\"Vthgr>l40n`hQ?v
#!encrypt#!1#!
#!encrypt#!26#!

M*OZn:P\Yp>E.s,p#3>"kyA
#!encrypt#!4#!N%Ti#!encrypt#!11#!>4ffq%G>l#)#!encrypt#!3#!NTT#!encrypt#!3#!68=#!encrypt#!5#!N{l]$#!encrypt#!12#!Np[.5o{fVp?##!encrypt#!1#!
#!encrypt#!73#!-T_Zn;^^D!LZY3<L&!d:LC&{ct:REUm#-T_Zn;^^D!LZY3<L&!d:LC&{ct:REUm#-T_Zn;^^
#!encrypt#!76#!N%Tip^?\=p?#I#'E9^#^h4n`=_1\KJ)r~r:inVYjgC"/I3xJ4-{WO5&$IQ$ gug#Nd!i5opgDx#
#!encrypt#!75#!~aH]8Vol]!T+`yw>HED]{oHx:t/V,[1Q,wAiwp(%ZcbuI*R@Oc_-,Y67~\<Vt.gr>l40n`hQ?v
#!encrypt#!1#!
#!encrypt#!26#!

M*OZn:P\Yp>E.s,p#3a"kyA
#!encrypt#!4#!N%Ti#!encrypt#!7#![kE*7^*#!encrypt#!3#!NTT#!encrypt#!3#!{t|#!encrypt#!5#!N{l]$#!encrypt#!5#!NJgf(#!encrypt#!1#!
#!encrypt#!73#!-T_Zn;^^D!LZY3<L&!d:LC&{ct:REUm#-T_Zn;^^D!LZY3<L&!d:LC&{ct:REUm#-T_Zn;^^
#!encrypt#!72#!N%Tip^?\=p?#I#'E9^#_);Gu2rytTA>r-%:)w1YLg!8 5u@4x-d]?#7_#W$R>[)rS( inVK
#!encrypt#!75#!~aH]8Vol]!T+`yw>HED]{oHx:t/V,[1Q,wAiwp(%ZcbuI*R@Oc_-,Y67~\<Vt.gr>l40n`hQ?v
#!encrypt#!1#!
#!encrypt#!26#!

M*OZn:P\Yp>E.s,p#3 "kyA
#!encrypt#!4#!N%Ti#!encrypt#!11#!>4ffq%G>l#m#!encrypt#!3#!NTT#!encrypt#!3#!68=#!encrypt#!12#!N{l]$=?@=YMn#!encrypt#!8#!NJgf(?(:#!encrypt#!1#!
#!encrypt#!73#!-T_Zn;^^D!LZY3<L&!d:LC&{ct:REUm#-T_Zn;^^D!LZY3<L&!d:LC&{ct:REUm#-T_Zn;^^
#!encrypt#!76#!N%Tip^?\=p?#I#'E9^#^h4n`=_1\KE)r~r:inVYjgC"/I3xJ4-{WO5&$IQ$ gug#Nd!i5opgDx#
#!encrypt#!75#!~aH]8Vol]!T+`yw>HED]{oHx:t/V,[1Q,wAiwp(%ZcbuI*R@Oc_-,Y67~\<Vt.gr>l40n`hQ?v
#!encrypt#!1#!
#!encrypt#!26#!

M*OZn:P\Yp>E.s,p#35"kyA
#!encrypt#!4#!N%Ti#!encrypt#!9#!>4ffq%G>l#!encrypt#!3#!NTT#!encrypt#!3#!68=#!encrypt#!12#!N{l]$=?@=YMD#!encrypt#!5#!NPgfZ#!encrypt#!1#!
#!encrypt#!73#!-T_Zn;^^D!LZY3<L&!d:LC&{ct:REUm#-T_Zn;^^D!LZY3<L&!d:LC&{ct:REUm#-T_Zn;^^
#!encrypt#!74#!N%Tip^?\=p?#I#'E9^#^h4n`=_1\o4+'%%_iS$%'#>8ZI-=3=5;]L5kv0ER.>UgJP%DqeV^ge
#!encrypt#!75#!~aH]8Vol]!T+`yw>HED]{oHx:t/V,[1Q,wAiwp(%ZcbuI*R@Oc_-,Y67~\<Vt.gr>l40n`hQ?v
#!encrypt#!1#!
#!encrypt#!26#!

M*OZn:P\Yp>E.s,p#3$"kyA
#!encrypt#!4#!N%Ti#!encrypt#!13#!>4ffq|h )#Q#u#!encrypt#!3#!NTT#!encrypt#!3#!{t|#!encrypt#!10#!N{l]$=?@=Y#!encrypt#!6#!N{Y_7?#!encrypt#!1#!
#!encrypt#!73#!-T_Zn;^^D!LZY3<L&!d:LC&{ct:REUm#-T_Zn;^^D!LZY3<L&!d:LC&{ct:REUm#-T_Zn;^^
#!encrypt#!78#!N%Tip^?\=p?#I#'E9^#^h4n`Vc|{K:*aP%=3SV^g#,8SHMxL`PN]uZ $c^<N>OnHNTT7WV&!9xLp7
#!encrypt#!75#!~aH]8Vol]!T+`yw>HED]{oHx:t/V,[1Q,wAiwp(%ZcbuI*R@Oc_-,Y6#~\"Vthgr>l40n`hQ?v
#!encrypt#!1#!
#!encrypt#!26#!

M*OZn:P\Yp>E.s,p#%?"kyA
#!encrypt#!4#!N%Ti#!encrypt#!7#! kE*7^*#!encrypt#!3#!NTT#!encrypt#!3#!{t|#!encrypt#!12#!N{l]$=?@=YMD#!encrypt#!5#!NPgfZ#!encrypt#!1#!
#!encrypt#!73#!-T_Zn;^^D!LZY3<L&!d:LC&{ct:REUm#-T_Zn;^^D!LZY3<L&!d:LC&{ct:REUm#-T_Zn;^^
#!encrypt#!72#!N%Tip^?\=p?#I#'E9^#");Gu2rytTA>r-%:)w1YLg!8 5u@4x-d]?#7_#W$R>[)rS( inVK
#!encrypt#!75#!~aH]8Vol]!T+`yw>HED]{oHx:t/V,[1Q,wAiwp(%ZcbuI*R@Oc_-,Y67~\<Vt.gr>l40n`hQ?v
#!encrypt#!1#!
#!encrypt#!26#!

M*OZn:P\Yp>E.s,p#%,"kyA
#!encrypt#!4#!N%Ti#!encrypt#!16#! kE*7^*f(vVgGE%l#!encrypt#!3#!NTT#!encrypt#!3#!{t|#!encrypt#!8#!NPgf(?(:#!encrypt#!6#!N{Y_7?#!encrypt#!1#!
#!encrypt#!73#!-T_Zn;^^D!LZY3<L&!d:LC&{ct:REUm#-T_Zn;^^D!LZY3<L&!d:LC&{ct:REUm#-T_Zn;^^
#!encrypt#!81#!N%Tip^?\=p?#I#'E9^#");Gu2rgbM|@"hlq)w4 sg!835uW4x-d]?#7)oW$R>[)r5( inVKjg?+/I3x>
#!encrypt#!75#!~aH]8Vol]!T+`yw>HED]{oHx:t/V,[1Q,wAiwp(%ZcbuI*R@Oc_-,Y67~\<Vt.gr>l40n`hQ?v
#!encrypt#!1#!
#!encrypt#!26#!

M*OZn:P\Yp>E.s,p#%p"kyA
#!encrypt#!4#!N%Ti#!encrypt#!7#! kE#7^*#!encrypt#!3#!NTT#!encrypt#!3#!{t|#!encrypt#!12#!Nol]$=?@=YMn#!encrypt#!5#!NPgfZ#!encrypt#!1#!
#!encrypt#!73#!-T_Zn;^^D!LZY3<L&!d:LC&{ct:REUm#-T_Zn;^^D!LZY3<L&!d:LC&{ct:REUm#-T_Zn;^^
#!encrypt#!72#!N%Tip^?\=p?#I#'E9^#");2u2rytTA>r-%:)w1YLg!8 5u@4x-d]?#7_#W$R>[)rS( inVK
#!encrypt#!75#!~aH]8Vol]!T+`yw>HED]{oHx:t/V,[1Q,wAiwp(%ZcbuI*R@Oc_-,Y67~\<Vt.gr>l40n`hQ?v
#!encrypt#!1#!
#!encrypt#!26#!

M*OZn:P\Yp>E.s,p#%#"kyA
#!encrypt#!4#!N%Ti#!encrypt#!16#! kE#7^*f(vVgGE%l#!encrypt#!3#!NTT#!encrypt#!3#!{t|#!encrypt#!8#!NPgfZ?(:#!encrypt#!6#!NoY_7?#!encrypt#!1#!
#!encrypt#!73#!-T_Zn;^^D!LZY3<L&!d:LC&{ct:REUm#-T_Zn;^^D!LZY3<L&!d:LC&{ct:REUm#-T_Zn;^^
#!encrypt#!81#!N%Tip^?\=p?#I#'E9^#");2u2rgbM|@"hlq)w4 sg!835uW4x-d]?#7)oW$R>[)r5( inVKjg?+/I3x>
#!encrypt#!75#!~aH]8Vol]!T+`yw>HED]{oHx:t/V,[1Q,wAiwp(%ZcbuI*R@Oc_-,Y67~\<Vt.gr>l40n`hQ?v
#!encrypt#!1#!
#!encrypt#!26#!

M*OZn:P\Yp>E.s,p#%c"kyA
#!encrypt#!4#!N%Ti#!encrypt#!16#![kE*7^*f(vVgGE%l#!encrypt#!3#!NTT#!encrypt#!3#!{t|#!encrypt#!8#!NJgf(?(:#!encrypt#!6#!N{Y_7?#!encrypt#!1#!
#!encrypt#!73#!-T_Zn;^^D!LZY3<L&!d:LC&{ct:REUm#-T_Zn;^^D!LZY3<L&!d:LC&{ct:REUm#-T_Zn;^^
#!encrypt#!81#!N%Tip^?\=p?#I#'E9^#_);Gu2rgbM|@"hlq)w4 sg!835uW4x-d]?#7)oW$R>[)r5( inVKjg?+/I3x>
#!encrypt#!75#!~aH]8Vol]!T+`yw>HED]{oHx:t/V,[1Q,wAiwp(%ZcbuI*R@Oc_-,Y67~\<Vt.gr>l40n`hQ?v
#!encrypt#!1#!
#!encrypt#!26#!

M*OZn:P\Yp>E.s,p#%>"kyA
#!encrypt#!4#!N%Ti#!encrypt#!8#!5Zn#(\6e#!encrypt#!3#!NTT#!encrypt#!3#!{t|#!encrypt#!12#!Np[.5o{fVp?##!encrypt#!5#!NoJP&#!encrypt#!1#!
#!encrypt#!73#!-T_Zn;^^D!LZY3<L&!d:LC&{ct:REUm#-T_Zn;^^D!LZY3<L&!d:LC&{ct:REUm#-T_Zn;^^
#!encrypt#!73#!N%Tip^?\=p?#I#'E9^#Yy:26%%MN>Ct:NTT!WVIs9xLp`Hxbe1#:{7N$FL0tE4YAN-}zw;%W
#!encrypt#!75#!~aH]8Vol]!T+`yw>HED]{oHx:t/V,[1Q,wAiwp(%ZcbuI*R@Oc_-,Y67~\<Vt.gr>l40n`hQ?v
#!encrypt#!1#!
#!encrypt#!26#!

M*OZn:P\Yp>E.s,p#%a"kyA
#!encrypt#!4#!N%Ti#!encrypt#!15#!5Zn#pP*\U_,h>53#!encrypt#!3#!NTT#!encrypt#!11#!@qFqq.QH7%1#!encrypt#!9#!Np[.Z"Gyk#!encrypt#!16#!Np[.T\C>mjMo}cUx#!encrypt#!17#!N+qkK%o#xjYeGaXAt#!encrypt#!1#!
#!encrypt#!73#!-T_Zn;^^D!LZY3<L&!d:LC&{ct:REUm#-T_Zn;^^D!LZY3<L&!d:LC&{ct:REUm#-T_Zn;^^
#!encrypt#!80#!N%Tip^?\=p?#I#'E9^#Yy:24Gr+2rr O7J!iDOYgDx+[I?gr`!#ub5Pn@^:t,qgl@tTZw|;g@AgpYu~
#!encrypt#!75#!~aH]8Vol]!T+`yw>HED]{oHx:t/V,[1Q,wAiwp(%ZcbuI*R@Oc_-,Y67~\<Vt.gr>l40n`hQ?v
#!encrypt#!1#!
#!encrypt#!26#!

M*OZn:P\Yp>E.s,p#% "kyA
#!encrypt#!4#!N%Ti#!encrypt#!14#!5Zn#pP*\U8VFGc#!encrypt#!3#!NTT#!encrypt#!4#!2t=q#!encrypt#!16#!Np[.Z,n:%#=#Xn#7#!encrypt#!2#!N+#!encrypt#!12#! #`]w|'}g pa#!encrypt#!15#!N+M\$"C:gc,dEaX#!encrypt#!1#!
#!encrypt#!4#!N%Ti#!encrypt#!14#!5Zn#pP*\UTV Gc#!encrypt#!3#!NTT#!encrypt#!4#!2t=q#!encrypt#!16#!Np[.Z,n:%#=#Xn#7#!encrypt#!2#!N+#!encrypt#!11#! #`]w|'UgvC#!encrypt#!15#!N+M\$"C:gc,dEaX#!encrypt#!1#!
#!encrypt#!73#!-T_Zn;^^D!LZY3<L&!d:LC&{ct:REUm#-T_Zn;^^D!LZY3<L&!d:LC&{ct:REUm#-T_Zn;^^
#!encrypt#!79#!N%Tip^?\=p?#I#'E9^#Yy:24Gr+2V|q"o|T9ci%^g4>p|vY3&-Dr{sq'0t$bo4Cg6%_ir$%77>8ZIy
#!encrypt#!79#!N%Tip^?\=p?#I#'E9^#Yy:24Gr+2b|Y"o|T9ci%^g4>p|vY3&-Dr{sq'0t$bo4Cg6%_ir$%77>8ZIy
#!encrypt#!75#!~aH]8Vol]!T+`yw>HED]{oHx:t/V,[1Q,wAiwp(%ZcbuI*R@Oc_-,Y67~\<Vt.gr>l40n`hQ?v
#!encrypt#!1#!
#!encrypt#!26#!

M*OZn:P\Yp>E.s,p#%5"kyA
#!encrypt#!4#!N%Ti#!encrypt#!12#!5Zn#pP*\U8VF#!encrypt#!3#!NTT#!encrypt#!3#!{t|#!encrypt#!15#!Np[.Z,n:%#Pm/`'#!encrypt#!5#!NPgfZ#!encrypt#!1#!
#!encrypt#!73#!-T_Zn;^^D!LZY3<L&!d:LC&{ct:REUm#-T_Zn;^^D!LZY3<L&!d:LC&{ct:REUm#-T_Zn;^^
#!encrypt#!77#!N%Tip^?\=p?#I#'E9^#Yy:24Gr+2V|qANFx!w;%sOxo3+u<3j&#S8P7{0Syt Qdr-%K)w)QLg!8 
#!encrypt#!75#!~aH]8Vol]!T+`yw>HED]{oHx:t/V,[1Q,wAiwp(%ZcbuI*R@Oc_-,Y67~\<Vt.gr>l40n`hQ?v
#!encrypt#!1#!
#!encrypt#!26#!

M*OZn:P\Yp>E.s,p#%$"kyA
#!encrypt#!4#!N%Ti#!encrypt#!12#!5Zn#pP*\UTV #!encrypt#!3#!NTT#!encrypt#!3#!{t|#!encrypt#!15#!Np[.Z,n:%#Cm``'#!encrypt#!5#!NPgfZ#!encrypt#!1#!
#!encrypt#!73#!-T_Zn;^^D!LZY3<L&!d:LC&{ct:REUm#-T_Zn;^^D!LZY3<L&!d:LC&{ct:REUm#-T_Zn;^^
#!encrypt#!77#!N%Tip^?\=p?#I#'E9^#Yy:24Gr+2b|YANFx!w;%sOxo3+u<3j&#S8P7{0Syt Qdr-%K)w)QLg!8 
#!encrypt#!75#!~aH]8Vol]!T+`yw>HE<]{oHx:t/V,[1Q,wAiwp(%ZcbuI*R@Oc_-,Y67~\<Vt.gr>l40n`hQ?v
#!encrypt#!1#!
#!encrypt#!27#!

M*OZn:P\Yp>E.s,p#Z?7p#VV
#!encrypt#!4#!N%Ti#!encrypt#!15#!5Zn/{~(fW<s P`'#!encrypt#!3#!NTT#!encrypt#!3#!68=#!encrypt#!12#!Np[.5o{fVp?##!encrypt#!13#!Np[.Z,n:%#Cm`#!encrypt#!1#!
#!encrypt#!73#!-T_Zn;^^D!LZY3<L&!d:LC&{ct:REUm#-T_Zn;^^D!LZY3<L&!d:LC&{ct:REUm#-T_Zn;^^
#!encrypt#!81#!N%Ti2P[\=xo~Gn'*9"|6,7A`G^t`p4U??lep$^Bjg\B#}c#&!.#4K5is=k7:%JRof%M*$K|#>j`pz6#@
#!encrypt#!75#!~aH]8Vol]!T+`yw>HE<]{oHx:t/V,[1Q,wAiwp(%ZcbuI*R@Oc_-,Y67~\<Vt.gr>l40n`hQ?v
#!encrypt#!1#!
#!encrypt#!27#!

M*OZn:P\Yp>E.s,p#Z?pp#VV
#!encrypt#!4#!N%Ti#!encrypt#!15#!5Zn/{~(fW<s P`&#!encrypt#!3#!NTT#!encrypt#!3#!68=#!encrypt#!16#!Np[.pP*\UTV4`|Km#!encrypt#!13#!Np[.Z,n:%#Pm/#!encrypt#!1#!
#!encrypt#!73#!-T_Zn;^^D!LZY3<L&!d:LC&{ct:REUm#-T_Zn;^^D!LZY3<L&!d:LC&{ct:REUm#-T_Zn;^^
#!encrypt#!80#!N%Tip^?\=p?#I#'E9^#Yy:+xqRgkd#Y_u}!iDOYgDx"[I?gr`!#ub5Pn@^:t,qgl@tTZw|;g@AgpYu~
#!encrypt#!75#!~aH]8Vol]!T+`yw>HE<]{oHx:t/V,[1Q,wAiwp(%ZcbuI*R@Oc_-,Y67~\<Vt.gr>l40n`hQ?v
#!encrypt#!1#!
#!encrypt#!27#!

M*OZn:P\Yp>E.s,p#Z?kp#VV
#!encrypt#!4#!N%Ti#!encrypt#!14#!5Zn#pP*\UTV4`|#!encrypt#!3#!NTT#!encrypt#!3#!{t|#!encrypt#!16#!Np[.pP*\UTV4`|Kw#!encrypt#!5#!NoJP&#!encrypt#!1#!
#!encrypt#!73#!-T_Zn;^^D!LZY3<L&!d:LC&{ct:REUm#-T_Zn;^^D!LZY3<L&!d:LC&{ct:REUm#-T_Zn;^^
#!encrypt#!79#!N%Tip^?\=p?#I#'E9^#Yy:24Gr+2b|kcW|T9ci%^g4>p|vY3&-Dr{sq'0t$bo4Cg6%_ir$%77>8ZIy
#!encrypt#!75#!~aH]8Vol]!T+`yw>HE<]{oHx:t/V,[1Q,wAiwp(%ZcbuI*R@Oc_-,Y67~\<Vt.gr>l40n`hQ?v
#!encrypt#!1#!
#!encrypt#!27#!

M*OZn:P\Yp>E.s,p#Z?'p#VV
#!encrypt#!4#!N%Ti#!encrypt#!14#!5Zn*pP*\UTV4`|#!encrypt#!3#!NTT#!encrypt#!3#!{t|#!encrypt#!16#!Np[.pP*\UTV4`|Kw#!encrypt#!5#!N{JP&#!encrypt#!1#!
#!encrypt#!73#!-T_Zn;^^D!LZY3<L&!d:LC&{ct:REUm#-T_Zn;^^D!LZY3<L&!d:LC&{ct:REUm#-T_Zn;^^
#!encrypt#!79#!N%Tip^?\=p?#I#'E9^#Yy:G4Gr+2b|kcW|T9ci%^g4>p|vY3&-Dr{sq'0t$bo4Cg6%_ir$%77>8ZIy
#!encrypt#!75#!~aH]8Vol]!T+`yw>HE<]{oHx:t/V,[1Q,wAiwp(%ZcbuI*R@Oc_-,Y67~\<Vt.gr>l40n`hQ?v
#!encrypt#!1#!
#!encrypt#!27#!

M*OZn:P\Yp>E.s,p#Z?tp#VV
#!encrypt#!4#!N%Ti#!encrypt#!6#!t([J6o#!encrypt#!2#!N1#!encrypt#!1#!A#!encrypt#!15#!N3fIq,(5%cG(GAR#!encrypt#!1#!/#!encrypt#!9#!NQffB=+\t#!encrypt#!5#!NQffB#!encrypt#!1#!A#!encrypt#!2#!N@#!encrypt#!1#!/#!encrypt#!5#!NQffB#!encrypt#!1#!A#!encrypt#!2#!Nt#!encrypt#!1#!/#!encrypt#!1#!
#!encrypt#!4#!N%Ti#!encrypt#!6#!t([J6o#!encrypt#!2#!N1#!encrypt#!1#!A#!encrypt#!15#!N3fIq,(5%cG(GAm#!encrypt#!1#!/#!encrypt#!9#!NQffa=+\t#!encrypt#!5#!NQffa#!encrypt#!1#!A#!encrypt#!2#!N@#!encrypt#!1#!/#!encrypt#!5#!NQffa#!encrypt#!1#!A#!encrypt#!2#!Nt#!encrypt#!1#!/#!encrypt#!1#!
#!encrypt#!4#!N%Ti#!encrypt#!6#!t([J6o#!encrypt#!2#!N1#!encrypt#!1#!A#!encrypt#!15#!N3fIq,(5%cG(GA;#!encrypt#!1#!/#!encrypt#!9#!NQffm=+\t#!encrypt#!5#!NQffm#!encrypt#!1#!A#!encrypt#!2#!N@#!encrypt#!1#!/#!encrypt#!5#!NQffm#!encrypt#!1#!A#!encrypt#!2#!Nt#!encrypt#!1#!/#!encrypt#!1#!
#!encrypt#!4#!N%Ti#!encrypt#!6#!t([J6o#!encrypt#!2#!N1#!encrypt#!1#!A#!encrypt#!15#!N3fIq,(5%cG(GA$#!encrypt#!1#!/#!encrypt#!9#!NQffN=+\t#!encrypt#!5#!NQffN#!encrypt#!1#!A#!encrypt#!2#!N@#!encrypt#!1#!/#!encrypt#!5#!NQffN#!encrypt#!1#!A#!encrypt#!2#!Nt#!encrypt#!1#!/#!encrypt#!1#!
#!encrypt#!4#!N%Ti#!encrypt#!6#!t([J6o#!encrypt#!2#!N1#!encrypt#!1#!A#!encrypt#!15#!N3fIq,(5%cG(GA`#!encrypt#!1#!/#!encrypt#!9#!NQffL=+\t#!encrypt#!5#!NQffL#!encrypt#!1#!A#!encrypt#!2#!N@#!encrypt#!1#!/#!encrypt#!5#!NQffL#!encrypt#!1#!A#!encrypt#!2#!Nt#!encrypt#!1#!/#!encrypt#!1#!
#!encrypt#!4#!N%Ti#!encrypt#!6#!t([J6o#!encrypt#!2#!N1#!encrypt#!1#!A#!encrypt#!15#!N1}mqbQL7'JHGMq#!encrypt#!1#!/#!encrypt#!9#!N)y+7=+\t#!encrypt#!8#!Noh.$^+%#!encrypt#!1#!A#!encrypt#!2#!N@#!encrypt#!1#!/#!encrypt#!8#!Noh.$^+%#!encrypt#!1#!A#!encrypt#!2#!Nt#!encrypt#!1#!/#!encrypt#!1#!
#!encrypt#!4#!N%Ti#!encrypt#!6#!t([J6o#!encrypt#!2#!N1#!encrypt#!1#!A#!encrypt#!15#!N1}mqbQL7'JHGvq#!encrypt#!1#!/#!encrypt#!9#!N)y+7=+\t#!encrypt#!8#!N{h.$^+%#!encrypt#!1#!A#!encrypt#!2#!N@#!encrypt#!1#!/#!encrypt#!8#!N{h.$^+%#!encrypt#!1#!A#!encrypt#!2#!Nt#!encrypt#!1#!/#!encrypt#!1#!
#!encrypt#!4#!N%Ti#!encrypt#!6#!t([J6o#!encrypt#!3#!N~ #!encrypt#!1#!A#!encrypt#!10#!Nol]$=K]5^#!encrypt#!1#!/#!encrypt#!14#!Nol]$=K]5^M|pC#!encrypt#!5#!Nol]$#!encrypt#!1#!A#!encrypt#!2#!N&#!encrypt#!1#!/#!encrypt#!13#!NoGkVZo\}c)lX#!encrypt#!1#!A#!encrypt#!2#!NV#!encrypt#!1#!/#!encrypt#!13#!NoGkVZo\}c)lX#!encrypt#!1#!A#!encrypt#!2#!Nq#!encrypt#!1#!/#!encrypt#!6#!N{<]2/#!encrypt#!1#!A#!encrypt#!2#!Nj#!encrypt#!1#!/#!encrypt#!1#!
#!encrypt#!4#!N%Ti#!encrypt#!6#!t([J6o#!encrypt#!3#!N~:#!encrypt#!1#!A#!encrypt#!10#!N{l]$=K]5^#!encrypt#!1#!/#!encrypt#!14#!N{l]$=K]5^M|pC#!encrypt#!5#!N{l]$#!encrypt#!1#!A#!encrypt#!2#!N&#!encrypt#!1#!/#!encrypt#!13#!N{GkVZo\}c)lX#!encrypt#!1#!A#!encrypt#!2#!NV#!encrypt#!1#!/#!encrypt#!13#!N{GkVZo\}c)lX#!encrypt#!1#!A#!encrypt#!2#!Nq#!encrypt#!1#!/#!encrypt#!6#!No<]2/#!encrypt#!1#!A#!encrypt#!2#!Nj#!encrypt#!1#!/#!encrypt#!1#!
#!encrypt#!4#!N%Ti#!encrypt#!6#!t([J6o#!encrypt#!3#!N~:#!encrypt#!1#!A#!encrypt#!14#!N{l]$=K]5^M1P5#!encrypt#!1#!/#!encrypt#!17#!NPgf(?(:U smx`d n#!encrypt#!8#!NPgf(?(:#!encrypt#!1#!A#!encrypt#!2#!N&#!encrypt#!1#!/#!encrypt#!13#!N{GkVZo\}c)lX#!encrypt#!1#!A#!encrypt#!2#!NV#!encrypt#!1#!/#!encrypt#!13#!N{GkVZo\}c)lX#!encrypt#!1#!A#!encrypt#!2#!Nq#!encrypt#!1#!/#!encrypt#!6#!No<]2/#!encrypt#!1#!A#!encrypt#!2#!Nj#!encrypt#!1#!/#!encrypt#!1#!
#!encrypt#!4#!N%Ti#!encrypt#!6#!t([J6o#!encrypt#!3#!N~ #!encrypt#!1#!A#!encrypt#!14#!Nol]$=K]5^M1P5#!encrypt#!1#!/#!encrypt#!17#!NPgfZ?(:U smx`d n#!encrypt#!8#!NPgfZ?(:#!encrypt#!1#!A#!encrypt#!2#!N&#!encrypt#!1#!/#!encrypt#!13#!NoGkVZo\}c)lX#!encrypt#!1#!A#!encrypt#!2#!NV#!encrypt#!1#!/#!encrypt#!13#!NoGkVZo\}c)lX#!encrypt#!1#!A#!encrypt#!2#!Nq#!encrypt#!1#!/#!encrypt#!6#!N{<]2/#!encrypt#!1#!A#!encrypt#!2#!Nj#!encrypt#!1#!/#!encrypt#!1#!
#!encrypt#!4#!N%Ti#!encrypt#!6#!t([J6o#!encrypt#!3#!N~:#!encrypt#!1#!A#!encrypt#!14#!N{l]$=K]5^MTP5#!encrypt#!1#!/#!encrypt#!17#!NJgf(?(:U smx`d n#!encrypt#!8#!NJgf(?(:#!encrypt#!1#!A#!encrypt#!2#!N&#!encrypt#!1#!/#!encrypt#!13#!N{GkVZo\}c)lX#!encrypt#!1#!A#!encrypt#!2#!NV#!encrypt#!1#!/#!encrypt#!13#!N{GkVZo\}c)lX#!encrypt#!1#!A#!encrypt#!2#!Nq#!encrypt#!1#!/#!encrypt#!6#!No<]2/#!encrypt#!1#!A#!encrypt#!2#!Nj#!encrypt#!1#!/#!encrypt#!1#!
#!encrypt#!4#!N%Ti#!encrypt#!6#!t([J6o#!encrypt#!3#!N~ #!encrypt#!1#!A#!encrypt#!14#!Nol]$=Kw58MhP5#!encrypt#!1#!/#!encrypt#!13#!Np[.Z,n:%#Pm/#!encrypt#!12#!Np[.5o{fVp?##!encrypt#!1#!A#!encrypt#!2#!N&#!encrypt#!1#!/#!encrypt#!16#!Np[.T\C>mjMo}cUx#!encrypt#!1#!A#!encrypt#!2#!NV#!encrypt#!1#!/#!encrypt#!16#!Np[.T\C>mjMo}cUx#!encrypt#!1#!A#!encrypt#!2#!Nq#!encrypt#!1#!/#!encrypt#!6#!N{<]2/#!encrypt#!1#!A#!encrypt#!2#!Nj#!encrypt#!1#!/#!encrypt#!1#!
#!encrypt#!4#!N%Ti#!encrypt#!6#!t([J6o#!encrypt#!3#!N~ #!encrypt#!1#!A#!encrypt#!14#!Nol]$=K}5 MhP5#!encrypt#!1#!/#!encrypt#!13#!Np[.Z,n:%#Cm`#!encrypt#!12#!Np[.5o{fVp?##!encrypt#!1#!A#!encrypt#!2#!N&#!encrypt#!1#!/#!encrypt#!16#!Np[.T\C>mjMo}cUx#!encrypt#!1#!A#!encrypt#!2#!NV#!encrypt#!1#!/#!encrypt#!16#!Np[.T\C>mjMo}cUx#!encrypt#!1#!A#!encrypt#!2#!Nq#!encrypt#!1#!/#!encrypt#!6#!N{<]2/#!encrypt#!1#!A#!encrypt#!2#!Nj#!encrypt#!1#!/#!encrypt#!1#!
#!encrypt#!4#!N%Ti#!encrypt#!6#!t([J6o#!encrypt#!3#!N~ #!encrypt#!1#!A#!encrypt#!15#!Nol]$=y}5 `4`|`#!encrypt#!1#!/#!encrypt#!15#!Np[.Z,n:%#Cm2yy#!encrypt#!12#!Np[.5o{fVp?##!encrypt#!1#!A#!encrypt#!2#!N&#!encrypt#!1#!/#!encrypt#!16#!Np[.T\C>mjMo}cUx#!encrypt#!1#!A#!encrypt#!2#!NV#!encrypt#!1#!/#!encrypt#!16#!Np[.T\C>mjMo}cUx#!encrypt#!1#!A#!encrypt#!2#!Nq#!encrypt#!1#!/#!encrypt#!6#!N{<]2/#!encrypt#!1#!A#!encrypt#!2#!Nj#!encrypt#!1#!/#!encrypt#!1#!
#!encrypt#!4#!N%Ti#!encrypt#!6#!t([J6o#!encrypt#!3#!N~:#!encrypt#!1#!A#!encrypt#!15#!N{l]$=y}5 `4`|`#!encrypt#!1#!/#!encrypt#!15#!Np[.(,n:%#Cm2yy#!encrypt#!12#!Np[.5o{fVp?##!encrypt#!1#!A#!encrypt#!2#!N&#!encrypt#!1#!/#!encrypt#!16#!Np[.T\C>mjMo}cUx#!encrypt#!1#!A#!encrypt#!2#!NV#!encrypt#!1#!/#!encrypt#!16#!Np[.T\C>mjMo}cUx#!encrypt#!1#!A#!encrypt#!2#!Nq#!encrypt#!1#!/#!encrypt#!6#!No<]2/#!encrypt#!1#!A#!encrypt#!2#!Nj#!encrypt#!1#!/#!encrypt#!1#!
#!encrypt#!4#!N%Ti#!encrypt#!6#!t([J6o#!encrypt#!2#!N1#!encrypt#!1#!A#!encrypt#!17#!N3fIqfAR.#BJGyLPA#!encrypt#!1#!/#!encrypt#!21#!N3fIqfAR.#BJGyLPA"ee^#!encrypt#!19#!N{e]Y=+\tX;ezEK*9^~#!encrypt#!1#!A#!encrypt#!2#!N@#!encrypt#!1#!/#!encrypt#!19#!N{e]Y=+\tX;ezEK*9^~#!encrypt#!1#!A#!encrypt#!2#!Nt#!encrypt#!1#!/#!encrypt#!6#!N{<]2/#!encrypt#!1#!A#!encrypt#!2#!Nj#!encrypt#!1#!/#!encrypt#!9#!N+f~O}(5+#!encrypt#!2#!N1#!encrypt#!3#!N_
#!encrypt#!2#!		#!encrypt#!7#!o3fpw;%#!encrypt#!4#!o3fp#!encrypt#!22#!A3fIqfAR.#BJGyLPA"ee^?#!encrypt#!1#!
#!encrypt#!2#!		#!encrypt#!4#!i%_i#!encrypt#!1#!A#!encrypt#!8#!>le_&=o@#!encrypt#!23#!A3fIqfAR.#BJGyLPA"ee^#7#!encrypt#!19#!>3f;qZ(oPJ?J}`# l?`#!encrypt#!3#!NvT#!encrypt#!1#!p#!encrypt#!1#!/#!encrypt#!1#!
#!encrypt#!2#!		#!encrypt#!4#! %_i#!encrypt#!1#!A#!encrypt#!4#!{1}G#!encrypt#!3#!NvT#!encrypt#!1#!i#!encrypt#!1#!/#!encrypt#!1#!
#!encrypt#!3#!	9
#!encrypt#!1#!
#!encrypt#!4#!N%Ti#!encrypt#!6#!t([J6o#!encrypt#!2#!N1#!encrypt#!1#!A#!encrypt#!17#!N3fIqfAR.#BJGyL,U#!encrypt#!1#!/#!encrypt#!21#!N3fIqfAR.#BJGyL,U"ee^#!encrypt#!19#!N{e]Y=+\tX;ezEK*9^~#!encrypt#!1#!A#!encrypt#!2#!N@#!encrypt#!1#!/#!encrypt#!19#!N{e]Y=+\tX;ezEK*9^~#!encrypt#!1#!A#!encrypt#!2#!Nt#!encrypt#!1#!/#!encrypt#!6#!N{<]2/#!encrypt#!1#!A#!encrypt#!2#!Nj#!encrypt#!1#!/#!encrypt#!9#!N+f~O}(5+#!encrypt#!2#!N1#!encrypt#!3#!N_
#!encrypt#!2#!		#!encrypt#!7#!o3fpw;%#!encrypt#!4#!o3fp#!encrypt#!22#!A3fIqfAR.#BJGyL,U"ee^?#!encrypt#!1#!
#!encrypt#!2#!		#!encrypt#!4#!i%_i#!encrypt#!1#!A#!encrypt#!8#!>le_&=o@#!encrypt#!23#!A3fIqfAR.#BJGyL,U"ee^#7#!encrypt#!19#!>3f;qZ(oPJ?J}`# l?`#!encrypt#!3#!NvT#!encrypt#!1#!p#!encrypt#!1#!/#!encrypt#!1#!
#!encrypt#!2#!		#!encrypt#!4#! %_i#!encrypt#!1#!A#!encrypt#!4#!{1}G#!encrypt#!3#!NvT#!encrypt#!1#!i#!encrypt#!1#!/#!encrypt#!1#!
#!encrypt#!3#!	9
#!encrypt#!1#!
#!encrypt#!4#!N%Ti#!encrypt#!6#!t([J6o#!encrypt#!2#!N1#!encrypt#!1#!A#!encrypt#!17#!N3fIqfAR.#BJG-LO##!encrypt#!1#!/#!encrypt#!21#!N3fIqfAR.#BJG-LO#"ee^#!encrypt#!19#!N{e]Y=+\tX;ezEK*9^~#!encrypt#!1#!A#!encrypt#!2#!N@#!encrypt#!1#!/#!encrypt#!19#!N{e]Y=+\tX;ezEK*9^~#!encrypt#!1#!A#!encrypt#!2#!Nt#!encrypt#!1#!/#!encrypt#!6#!N{<]2/#!encrypt#!1#!A#!encrypt#!2#!Nj#!encrypt#!1#!/#!encrypt#!9#!N+f~O}(5+#!encrypt#!2#!N1#!encrypt#!3#!N_
#!encrypt#!2#!		#!encrypt#!7#!o3fpw;%#!encrypt#!4#!o3fp#!encrypt#!22#!A3fIqfAR.#BJG-LO#"ee^?#!encrypt#!1#!
#!encrypt#!2#!		#!encrypt#!4#!i%_i#!encrypt#!1#!A#!encrypt#!8#!>le_&=o@#!encrypt#!23#!A3fIqfAR.#BJG-LO#"ee^#7#!encrypt#!19#!>3f;qZ(oPJ?J}`# l?`#!encrypt#!3#!NvT#!encrypt#!1#!p#!encrypt#!1#!/#!encrypt#!1#!
#!encrypt#!2#!		#!encrypt#!4#! %_i#!encrypt#!1#!A#!encrypt#!4#!{1}G#!encrypt#!3#!NvT#!encrypt#!1#!i#!encrypt#!1#!/#!encrypt#!1#!
#!encrypt#!3#!	9
#!encrypt#!1#!
#!encrypt#!4#!N%Ti#!encrypt#!6#!t([J6o#!encrypt#!2#!N1#!encrypt#!1#!A#!encrypt#!17#!N3fIqfAR.#BJGiL0A#!encrypt#!1#!/#!encrypt#!21#!N3fIqfAR.#BJGiL0A"ee^#!encrypt#!19#!N{e]Y=+\tX;ezEK*9^~#!encrypt#!1#!A#!encrypt#!2#!N@#!encrypt#!1#!/#!encrypt#!19#!N{e]Y=+\tX;ezEK*9^~#!encrypt#!1#!A#!encrypt#!2#!Nt#!encrypt#!1#!/#!encrypt#!6#!N{<]2/#!encrypt#!1#!A#!encrypt#!2#!Nj#!encrypt#!1#!/#!encrypt#!9#!N+f~O}(5+#!encrypt#!2#!N1#!encrypt#!3#!N_
#!encrypt#!2#!		#!encrypt#!7#!o3fpw;%#!encrypt#!4#!o3fp#!encrypt#!22#!A3fIqfAR.#BJGiL0A"ee^?#!encrypt#!1#!
#!encrypt#!2#!		#!encrypt#!4#!i%_i#!encrypt#!1#!A#!encrypt#!8#!>le_&=o@#!encrypt#!23#!A3fIqfAR.#BJGiL0A"ee^#7#!encrypt#!19#!>3f;qZ(oPJ?J}`# l?`#!encrypt#!3#!NvT#!encrypt#!1#!p#!encrypt#!1#!/#!encrypt#!1#!
#!encrypt#!2#!		#!encrypt#!4#! %_i#!encrypt#!1#!A#!encrypt#!4#!{1}G#!encrypt#!3#!NvT#!encrypt#!1#!i#!encrypt#!1#!/#!encrypt#!1#!
#!encrypt#!3#!	9
#!encrypt#!1#!
#!encrypt#!4#!N%Ti#!encrypt#!6#!t([J6o#!encrypt#!2#!N1#!encrypt#!1#!A#!encrypt#!17#!N3fIqfAR.#BJG*L~_#!encrypt#!1#!/#!encrypt#!21#!N3fIqfAR.#BJG*L~_"ee^#!encrypt#!19#!N{e]Y=+\tX;ezEK*9^~#!encrypt#!1#!A#!encrypt#!2#!N@#!encrypt#!1#!/#!encrypt#!19#!N{e]Y=+\tX;ezEK*9^~#!encrypt#!1#!A#!encrypt#!2#!Nt#!encrypt#!1#!/#!encrypt#!6#!N{<]2/#!encrypt#!1#!A#!encrypt#!2#!Nj#!encrypt#!1#!/#!encrypt#!9#!N+f~O}(5+#!encrypt#!2#!N1#!encrypt#!3#!N_
#!encrypt#!2#!		#!encrypt#!7#!o3fpw;%#!encrypt#!4#!o3fp#!encrypt#!22#!A3fIqfAR.#BJG*L~_"ee^?#!encrypt#!1#!
#!encrypt#!2#!		#!encrypt#!4#!i%_i#!encrypt#!1#!A#!encrypt#!8#!>le_&=o@#!encrypt#!23#!A3fIqfAR.#BJG*L~_"ee^#7#!encrypt#!19#!>3f;qZ(oPJ?J}`# l?`#!encrypt#!3#!NvT#!encrypt#!1#!p#!encrypt#!1#!/#!encrypt#!1#!
#!encrypt#!2#!		#!encrypt#!4#! %_i#!encrypt#!1#!A#!encrypt#!4#!{1}G#!encrypt#!3#!NvT#!encrypt#!1#!i#!encrypt#!1#!/#!encrypt#!1#!
#!encrypt#!3#!	9
#!encrypt#!1#!
#!encrypt#!4#!N%Ti#!encrypt#!6#!t([J6o#!encrypt#!2#!N1#!encrypt#!1#!A#!encrypt#!18#!N3fIq[a#VhM^z`~._N#!encrypt#!1#!/#!encrypt#!22#!N3fIq[a#VhM^z`~._N3v&u#!encrypt#!19#!N{e]Y=+\tX;ezEK*9^~#!encrypt#!1#!A#!encrypt#!2#!N@#!encrypt#!1#!/#!encrypt#!19#!N{e]Y=+\tX;ezEK*9^~#!encrypt#!1#!A#!encrypt#!2#!Nt#!encrypt#!1#!/#!encrypt#!6#!N{<]2/#!encrypt#!1#!A#!encrypt#!2#!Nj#!encrypt#!1#!/#!encrypt#!9#!N+f~O}(5+#!encrypt#!2#!N1#!encrypt#!3#!N_
#!encrypt#!2#!		#!encrypt#!7#!o3fpw;%#!encrypt#!4#!o3fp#!encrypt#!23#!A3fIq[a#VhM^z`~._N3v&uZ#!encrypt#!1#!
#!encrypt#!2#!		#!encrypt#!4#!i%_i#!encrypt#!1#!A#!encrypt#!8#!>le_&=o@#!encrypt#!24#!A3fIq[a#VhM^z`~._N3v&uN$#!encrypt#!19#!>3f;qZ(oPJ?J}`# l?`#!encrypt#!3#!NvT#!encrypt#!1#!p#!encrypt#!1#!/#!encrypt#!1#!
#!encrypt#!2#!		#!encrypt#!4#! %_i#!encrypt#!1#!A#!encrypt#!4#!{1}G#!encrypt#!3#!NvT#!encrypt#!1#!i#!encrypt#!1#!/#!encrypt#!1#!
#!encrypt#!3#!	9
#!encrypt#!1#!
#!encrypt#!4#!N%Ti#!encrypt#!6#!t([J6o#!encrypt#!2#!N1#!encrypt#!1#!A#!encrypt#!18#!N3fIq[a#VhM^z`~.Sc#!encrypt#!1#!/#!encrypt#!22#!N3fIq[a#VhM^z`~.Sc3v&u#!encrypt#!19#!N{e]Y=+\tX;ezEK*9^~#!encrypt#!1#!A#!encrypt#!2#!N@#!encrypt#!1#!/#!encrypt#!19#!N{e]Y=+\tX;ezEK*9^~#!encrypt#!1#!A#!encrypt#!2#!Nt#!encrypt#!1#!/#!encrypt#!6#!N{<]2/#!encrypt#!1#!A#!encrypt#!2#!Nj#!encrypt#!1#!/#!encrypt#!9#!N+f~O}(5+#!encrypt#!2#!N1#!encrypt#!3#!N_
#!encrypt#!2#!		#!encrypt#!7#!o3fpw;%#!encrypt#!4#!o3fp#!encrypt#!23#!A3fIq[a#VhM^z`~.Sc3v&uZ#!encrypt#!1#!
#!encrypt#!2#!		#!encrypt#!4#!i%_i#!encrypt#!1#!A#!encrypt#!8#!>le_&=o@#!encrypt#!24#!A3fIq[a#VhM^z`~.Sc3v&uN$#!encrypt#!19#!>3f;qZ(oPJ?J}`# l?`#!encrypt#!3#!NvT#!encrypt#!1#!p#!encrypt#!1#!/#!encrypt#!1#!
#!encrypt#!2#!		#!encrypt#!4#! %_i#!encrypt#!1#!A#!encrypt#!4#!{1}G#!encrypt#!3#!NvT#!encrypt#!1#!i#!encrypt#!1#!/#!encrypt#!1#!
#!encrypt#!3#!	9
#!encrypt#!1#!
#!encrypt#!4#!N%Ti#!encrypt#!6#!t([J6o#!encrypt#!2#!N1#!encrypt#!1#!A#!encrypt#!18#!N3fIq[a#VhM^z`R.mP#!encrypt#!1#!/#!encrypt#!22#!N3fIq[a#VhM^z`R.mP3v&u#!encrypt#!19#!N{e]Y=+\tX;ezEK*9^~#!encrypt#!1#!A#!encrypt#!2#!N@#!encrypt#!1#!/#!encrypt#!19#!N{e]Y=+\tX;ezEK*9^~#!encrypt#!1#!A#!encrypt#!2#!Nt#!encrypt#!1#!/#!encrypt#!6#!N{<]2/#!encrypt#!1#!A#!encrypt#!2#!Nj#!encrypt#!1#!/#!encrypt#!9#!N+f~O}(5+#!encrypt#!2#!N1#!encrypt#!3#!N_
#!encrypt#!2#!		#!encrypt#!7#!o3fpw;%#!encrypt#!4#!o3fp#!encrypt#!23#!A3fIq[a#VhM^z`R.mP3v&uZ#!encrypt#!1#!
#!encrypt#!2#!		#!encrypt#!4#!i%_i#!encrypt#!1#!A#!encrypt#!8#!>le_&=o@#!encrypt#!24#!A3fIq[a#VhM^z`R.mP3v&uN$#!encrypt#!19#!>3f;qZ(oPJ?J}`# l?`#!encrypt#!3#!NvT#!encrypt#!1#!p#!encrypt#!1#!/#!encrypt#!1#!
#!encrypt#!2#!		#!encrypt#!4#! %_i#!encrypt#!1#!A#!encrypt#!4#!{1}G#!encrypt#!3#!NvT#!encrypt#!1#!i#!encrypt#!1#!/#!encrypt#!1#!
#!encrypt#!3#!	9
#!encrypt#!1#!
#!encrypt#!4#!N%Ti#!encrypt#!6#!t([J6o#!encrypt#!2#!N1#!encrypt#!1#!A#!encrypt#!18#!N3fIq[a#VhM^z`m.rN#!encrypt#!1#!/#!encrypt#!22#!N3fIq[a#VhM^z`m.rN3v&u#!encrypt#!19#!N{e]Y=+\tX;ezEK*9^~#!encrypt#!1#!A#!encrypt#!2#!N@#!encrypt#!1#!/#!encrypt#!19#!N{e]Y=+\tX;ezEK*9^~#!encrypt#!1#!A#!encrypt#!2#!Nt#!encrypt#!1#!/#!encrypt#!6#!N{<]2/#!encrypt#!1#!A#!encrypt#!2#!Nj#!encrypt#!1#!/#!encrypt#!9#!N+f~O}(5+#!encrypt#!2#!N1#!encrypt#!3#!N_
#!encrypt#!2#!		#!encrypt#!7#!o3fpw;%#!encrypt#!4#!o3fp#!encrypt#!23#!A3fIq[a#VhM^z`m.rN3v&uZ#!encrypt#!1#!
#!encrypt#!2#!		#!encrypt#!4#!i%_i#!encrypt#!1#!A#!encrypt#!8#!>le_&=o@#!encrypt#!24#!A3fIq[a#VhM^z`m.rN3v&uN$#!encrypt#!19#!>3f;qZ(oPJ?J}`# l?`#!encrypt#!3#!NvT#!encrypt#!1#!p#!encrypt#!1#!/#!encrypt#!1#!
#!encrypt#!2#!		#!encrypt#!4#! %_i#!encrypt#!1#!A#!encrypt#!4#!{1}G#!encrypt#!3#!NvT#!encrypt#!1#!i#!encrypt#!1#!/#!encrypt#!1#!
#!encrypt#!3#!	9
#!encrypt#!1#!
#!encrypt#!4#!N%Ti#!encrypt#!6#!t([J6o#!encrypt#!2#!N1#!encrypt#!1#!A#!encrypt#!18#!N3fIq[a#VhM^z``.K=#!encrypt#!1#!/#!encrypt#!22#!N3fIq[a#VhM^z``.K=3v&u#!encrypt#!19#!N{e]Y=+\tX;ezEK*9^~#!encrypt#!1#!A#!encrypt#!2#!N@#!encrypt#!1#!/#!encrypt#!19#!N{e]Y=+\tX;ezEK*9^~#!encrypt#!1#!A#!encrypt#!2#!Nt#!encrypt#!1#!/#!encrypt#!6#!N{<]2/#!encrypt#!1#!A#!encrypt#!2#!Nj#!encrypt#!1#!/#!encrypt#!9#!N+f~O}(5+#!encrypt#!2#!N1#!encrypt#!3#!N_
#!encrypt#!2#!		#!encrypt#!7#!o3fpw;%#!encrypt#!4#!o3fp#!encrypt#!23#!A3fIq[a#VhM^z``.K=3v&uZ#!encrypt#!1#!
#!encrypt#!2#!		#!encrypt#!4#!i%_i#!encrypt#!1#!A#!encrypt#!8#!>le_&=o@#!encrypt#!24#!A3fIq[a#VhM^z``.K=3v&uN$#!encrypt#!19#!>3f;qZ(oPJ?J}`# l?`#!encrypt#!3#!NvT#!encrypt#!1#!p#!encrypt#!1#!/#!encrypt#!1#!
#!encrypt#!2#!		#!encrypt#!4#! %_i#!encrypt#!1#!A#!encrypt#!4#!{1}G#!encrypt#!3#!NvT#!encrypt#!1#!i#!encrypt#!1#!/#!encrypt#!1#!
#!encrypt#!3#!	9
#!encrypt#!1#!
#!encrypt#!4#!N%Ti#!encrypt#!6#!t([J6o#!encrypt#!2#!Nx#!encrypt#!1#!A#!encrypt#!17#!Nc4*q}A%UYPOGG':9#!encrypt#!1#!/#!encrypt#!10#!Nc4*{wA:Zc#!encrypt#!10#!N#M*q"6F+j#!encrypt#!1#!A#!encrypt#!5#!N@>==#!encrypt#!1#!/#!encrypt#!13#!N}Mf$\|fy_)ep#!encrypt#!1#!A#!encrypt#!6#!N~*z_.#!encrypt#!1#!/#!encrypt#!2#!N*#!encrypt#!10#!Nc4*q2A0+h#!encrypt#!1#!l#!encrypt#!2#!N*#!encrypt#!11#!Nc4*q/(5V/:#!encrypt#!1#!l#!encrypt#!9#!N+f~O}(5+#!encrypt#!2#!Nx#!encrypt#!3#!N_
#!encrypt#!2#!		#!encrypt#!4#! %_i#!encrypt#!8#!>le_&=o@#!encrypt#!12#!Ac4*{wA:Zc>p#!encrypt#!11#!.Oh.2^?R+hU#!encrypt#!1#!
#!encrypt#!2#!		#!encrypt#!4#!i%_i#!encrypt#!1#!A#!encrypt#!8#!>le_&=o@#!encrypt#!12#!Ac4*{wA:Zc>p#!encrypt#!10#!.Oh.HKB:.Q#!encrypt#!3#!NvT#!encrypt#!1#!p#!encrypt#!1#!/#!encrypt#!1#!
#!encrypt#!3#!	9
#!encrypt#!1#!
#!encrypt#!73#!-T_Zn;^^D!LZY3<L&!d:LC&{ct:REUm#-T_Zn;^^D!LZY3<L&!d:LC&{ct:REUm#-T_Zn;^^
#!encrypt#!26#!

|qXD9!g'+Hf'YMIqoc{Yo*0
#!encrypt#!20#!m3yfOVs!nEqq:uV@H-

#!encrypt#!79#!N%Ti2P[\=xMqH$T4?Wy+#]0$=_qtvr ?hOE]<$%@yjQn9<.x`XM]U*2xZATyr<XrL{E_&K"\xxA.99
#!encrypt#!79#!N%Ti2P[\=xMqH$T4?Wy+#]$$=_qtvr ?hOE]<$%@yjQn9<.x`XM]U*2xZATyr<XrL{E_&K"\xxA.99
#!encrypt#!79#!N%Ti2P[\=xMqH$T4?Wy+#t=$=_qtvr ?hOE]<$%@yjQn9<.x`XM]U*2xZATyr<XrL{E_&K"\xxA.99
#!encrypt#!79#!N%Ti2P[\=xMqH$T4?Wy+#eh$=_qtvr ?hOE]<$%@yjQn9<.x`XM]U*2xZATyr<XrL{E_&K"\xxA.99
#!encrypt#!79#!N%Ti2P[\=xMqH$T4?Wy+#e6$=_qtvr ?hOE]<$%@yjQn9<.x`XM]U*2xZATyr<XrL{E_&K"\xxA.99
#!encrypt#!79#!N%Ti2P[\=xMqH$T4?Wy+#eg$=_qtvr ?hOE]<$%@yjQn9<.x`XM]U*2xZATyr<XrL{E_&K"\xxA.99
#!encrypt#!79#!N%Ti2P[\=xMqH$T4?Wy+#es$=_qtvr ?hOE]<$%@yjQn9<.x`XM]U*2xZATyr<XrL{E_&K"\xxA.99
#!encrypt#!79#!N%Ti2P[\=xMqH$T4?Wy+#>=$=_qtvr ?hOE]<$%@yjQn9<.x`XM]U*2xZATyr<XrL{E_&K"\xxA.99
#!encrypt#!79#!N%Ti2P[\=xMqH$T4?Wy+#>h$=_qtvr ?hOE]<$%@yjQn9<.x`XM]U*2xZATyr<XrL{E_&K"\xxA.99
#!encrypt#!79#!N%Ti2P[\=xMqH$T4?Wy+#>6$=_qtvr ?hOE]<$%@yjQn9<.x`XM]U*2xZATyr<XrL{E_&K"\xxA.99
#!encrypt#!79#!N%Ti2P[\=xMqH$T4?Wy+#>g$=_qtvr ?hOE]<$%@yjQn9<.x`XM]U*2xZATyr<XrL{E_&K"\xxA.99
#!encrypt#!79#!N%Ti2P[\=xMqH$T4?Wy+#>s$=_qtvr ?hOE]<$%@yjQn9<.x`XM]U*2xZATyr<XrL{E_&K"\xxA.99
#!encrypt#!79#!N%Ti2P[\=xMqH$T4?Wy+#c=$=_qtvr ?hOE]<$%@yjQn9<.x`XM]U*2xZATyr<XrL{E_&K"\xxA.99
#!encrypt#!79#!N%Ti2P[\=xMqH$T4?Wy+#ch$=_qtvr ?hOE]<$%@yjQn9<.x`XM]U*2xZATyr<XrL{E_&K"\xxA.99
#!encrypt#!79#!N%Ti2P[\=xMqH$T4?Wy+#c6$=_qtvr ?hOE]<$%@yjQn9<.x`XM]U*2xZATyr<XrL{E_&K"\xxA.99
#!encrypt#!79#!N%Ti2P[\=xMqH$T4?Wy+#cg$=_qtvr ?hOE]<$%@yjQn9<.x`XM]U*2xZATyr<XrL{E_&K"\xxA.99
#!encrypt#!79#!N%Ti2P[\=xMqH$T4?Wy+#cs$=_qtvr ?hOE]<$%@yjQn9<.x`XM]U*2xZATyr<XrL{E_&K"\xxA.99
#!encrypt#!79#!N%Ti2P[\=xMqH$T4?Wy+c7h$=_qtvr ?hOE]<$%@yjQn9<.x`XM]U*2xZATyr<XrL{E_&K"\xxA.99
#!encrypt#!75#!~aH]8Vol]!T+`-w>HE<]{oHx:t/V,#1Q,[Kiwp(%ZcbuI*p@_P_-aYg-~VcV,hgr>l40n`hQ?v
#!encrypt#!1#!
#!encrypt#!26#!

M*OZn:P\Yp>E.s,p#t5"kyA
#!encrypt#!4#!N%Ti#!encrypt#!7#!b8 zGh{#!encrypt#!4#!NPyR#!encrypt#!19#!N{e]Y=+\tX;ezEK*9^~#!encrypt#!4#!N+0g#!encrypt#!7#!NPy;`%h#!encrypt#!1#!
#!encrypt#!4#!N%Ti#!encrypt#!7#!b8 zGh{#!encrypt#!5#!NQffm#!encrypt#!13#!N}Mf$\|fy_)ep#!encrypt#!1#!
#!encrypt#!4#!N%Ti#!encrypt#!7#!b8 zGh{#!encrypt#!5#!NQffN#!encrypt#!10#!N#M*q"6F+j#!encrypt#!1#!
#!encrypt#!4#!N%Ti#!encrypt#!7#!b8 zGh{#!encrypt#!4#!NPyR#!encrypt#!13#!N{GkVZo\}c)lX#!encrypt#!4#!N+0g#!encrypt#!7#!NPy;`%h#!encrypt#!1#!
#!encrypt#!4#!N%Ti#!encrypt#!7#!b8 zGh{#!encrypt#!4#!NPyR#!encrypt#!13#!NoGkVZo\}c)lX#!encrypt#!4#!N+0g#!encrypt#!7#!NPy;`%h#!encrypt#!1#!
#!encrypt#!4#!N%Ti#!encrypt#!7#!b8 zGh{#!encrypt#!4#!NPyR#!encrypt#!8#!N{h.$^+%#!encrypt#!4#!N+0g#!encrypt#!7#!NPy;`%h#!encrypt#!1#!
#!encrypt#!4#!N%Ti#!encrypt#!7#!b8 zGh{#!encrypt#!4#!NPyR#!encrypt#!8#!Noh.$^+%#!encrypt#!4#!N+0g#!encrypt#!7#!NPy;`%h#!encrypt#!1#!
#!encrypt#!4#!N%Ti#!encrypt#!7#!b8 zGh{#!encrypt#!13#!N{GkVZo\}c)lX#!encrypt#!5#!NoEp(#!encrypt#!1#!
#!encrypt#!4#!N%Ti#!encrypt#!7#!b8 zGh{#!encrypt#!13#!NoGkVZo\}c)lX#!encrypt#!5#!N{Ep(#!encrypt#!1#!
#!encrypt#!4#!N%Ti#!encrypt#!7#!b8 zGh{#!encrypt#!4#!NPyR#!encrypt#!5#!N{Ep(#!encrypt#!4#!N+0g#!encrypt#!7#!NPy;`%h#!encrypt#!1#!
#!encrypt#!4#!N%Ti#!encrypt#!7#!b8 zGh{#!encrypt#!4#!NPyR#!encrypt#!5#!NoEp(#!encrypt#!4#!N+0g#!encrypt#!7#!NPy;`%h#!encrypt#!1#!
#!encrypt#!4#!N%Ti#!encrypt#!7#!b8 zGh{#!encrypt#!4#!NPyR#!encrypt#!13#!NaJk2P*\x#?n6#!encrypt#!4#!N+0g#!encrypt#!7#!NPy;`%h#!encrypt#!1#!
#!encrypt#!4#!N%Ti#!encrypt#!7#!b8 zGh{#!encrypt#!4#!NPyR#!encrypt#!5#!N{M~x#!encrypt#!4#!N+0g#!encrypt#!12#!N{M~x=6#m\Y4#!encrypt#!1#!
#!encrypt#!4#!N%Ti#!encrypt#!7#!b8 zGh{#!encrypt#!5#!N{M~x#!encrypt#!5#!N{l]$#!encrypt#!1#!
#!encrypt#!4#!N%Ti#!encrypt#!7#!b8 zGh{#!encrypt#!5#!N{M~x#!encrypt#!5#!Nol]$#!encrypt#!1#!
#!encrypt#!4#!N%Ti#!encrypt#!7#!b8 zGh{#!encrypt#!5#!ND4fO#!encrypt#!5#!N{M~x#!encrypt#!1#!
#!encrypt#!4#!N%Ti#!encrypt#!7#!b8 zGh{#!encrypt#!4#!NPyR#!encrypt#!8#!Np[.(\6e#!encrypt#!4#!N+0g#!encrypt#!7#!NPy;`%h#!encrypt#!1#!
#!encrypt#!4#!N%Ti#!encrypt#!7#!b8 zGh{#!encrypt#!4#!NPyR#!encrypt#!16#!Np[.T\C>mjMo}cUx#!encrypt#!4#!N+0g#!encrypt#!7#!NPy;`%h#!encrypt#!1#!
#!encrypt#!4#!N%Ti#!encrypt#!7#!b8 zGh{#!encrypt#!5#!NQffB#!encrypt#!4#!NPyR#!encrypt#!4#!N+0g#!encrypt#!5#!NQqkZ#!encrypt#!1#!
#!encrypt#!4#!N%Ti#!encrypt#!7#!b8 zGh{#!encrypt#!5#!NQffa#!encrypt#!5#!NQffB#!encrypt#!4#!N+0g#!encrypt#!4#!Nkyp#!encrypt#!1#!
#!encrypt#!4#!N%Ti#!encrypt#!7#!b8 zGh{#!encrypt#!5#!NQffm#!encrypt#!5#!NQffa#!encrypt#!4#!N+0g#!encrypt#!5#!Nkypa#!encrypt#!1#!
#!encrypt#!4#!N%Ti#!encrypt#!7#!b8 zGh{#!encrypt#!5#!NQffN#!encrypt#!5#!NQffm#!encrypt#!4#!N+0g#!encrypt#!5#!Nkypm#!encrypt#!1#!
#!encrypt#!4#!N%Ti#!encrypt#!7#!b8 zGh{#!encrypt#!5#!NQffL#!encrypt#!5#!NQffN#!encrypt#!4#!N+0g#!encrypt#!5#!NkypN#!encrypt#!1#!
#!encrypt#!4#!N%Ti#!encrypt#!7#!b8 zGh{#!encrypt#!7#!Np[.$PM#!encrypt#!9#!Np[.Z2(yd#!encrypt#!1#!
#!encrypt#!4#!N%Ti#!encrypt#!8#!)xwzeo9Y#!encrypt#!5#!N{Ep(#!encrypt#!6#!N{<]2/#!encrypt#!1#!
#!encrypt#!4#!N%Ti#!encrypt#!8#!)xwzeo9Y#!encrypt#!5#!NoEp(#!encrypt#!6#!No<]2/#!encrypt#!1#!
#!encrypt#!73#!-T_Zn;^^D!LZY3<L&!d:LC&{ct:REUm#-T_Zn;^^D!LZY3<L&!d:LC&{ct:REUm#-T_Zn;^^
#!encrypt#!1#!
#!encrypt#!57#!mOe#K%yogpYoIRd/!^M]v[7X%dtK%&x_q#Wi7\+gmj=1I:L/9"h_&oYF
#!encrypt#!58#!'+^-1s8A6F~]\&FY(4Xp6lxGf-Ggk@%>'+^-1s8A6F~]\&FY(4Xp6lxG

[WARN] Unattached port label:
#!encrypt#!61#!N%Ti.Pu\dx%2+:x]]-Y$T4~$Ic<'.X*qpX-p?^6~gp?pn&R@m=Dr{toW6Sp

[WARN] Unattached port label:
#!encrypt#!62#!N%Ti.Pu\dx%c`-N3!.#"V*HR0c<$n_(?7fn~{>(y<x)eI)~@OEDr{p-*IS/I

[WARN] Unattached port label:
#!encrypt#!62#!N%Ti.Pu\dx%c`iN3!.#"V*HR0c<$n_(?7fn~{>(y<x)eI)R@#g|r{p-*VVSI

[WARN] Unattached port label:
#!encrypt#!62#!N%Ti.Pu\dx%c`=N3!.#"V*HR0c<$n_(?7fn~{>(y<x)eI)m@KPDr{lk*P\/I

[WARN] Unattached port label:
#!encrypt#!62#!N%Ti.Pu\dx%c`4N3!.#"V*HR0c<$n_(?7fn~{>(y<x)eI);@OcDr{p6*D<SI

[WARN] Unattached port label:
#!encrypt#!62#!N%Ti.Pu\dx%c`JN3!.#"V*HR0c<$n_(?7fn~{>(y<x)eI)$@#=|r{p6*D<SI

[WARN] Unattached port label:
#!encrypt#!62#!N%Ti.Pu\dx%c`{N3!.#"V*HR0c<$n_(?7fn~{>(y<x)eI)$@KN|r{lk*P\/I

[WARN] Unattached port label:
#!encrypt#!62#!N%Ti.Pu\dx%c2yN3!.#"V*HR0c<$n_(?7fn~{>(y<x)eI)`@#/|r{p6*D<SI

[WARN] Unattached port label:
#!encrypt#!62#!N%Ti.Pu\dx%c`*N3!.#"V*HR0c<$n_(?7fn~{>(y<x)eI)p@j/|r{lk*P\/I

[WARN] Unattached port label:
#!encrypt#!62#!N%Ti.Pu\dx%c2-N3!.#"V*HR0c<$n_(?7fn~{>(y<x)eI)p@AWDr{p6*D<SI

[WARN] Unattached port label:
#!encrypt#!62#!N%Ti.Pu\dx%c`}N3!.#"V*HR0c<$n_(?7fn~{>(y<x)eI)j@r=Dr{lk*P5SI

[WARN] Unattached port label:
#!encrypt#!62#!N%Ti.Pu\dx%c2iN3!.#"V*HR0c<$n_(?7fn~{>(y<x)eI)S@#EDr{p6*D<SI

[WARN] Unattached port label:
#!encrypt#!62#!N%Ti.Pu\dx%c`TN3!.#"V*HR0c<$n_(?7fn~{>(y<x)eI)8@miDr{lk*P5SI

[WARN] Unattached port label:
#!encrypt#!62#!N%Ti.Pu\dx%c2=N3!.#"V*HR0c<$n_(?7fn~{>(y<x)eI)8@K/Dr{p6*D<SI

[WARN] Unattached port label:
#!encrypt#!62#!N%Ti.Pu\dx%c2*N3!.#"V*HR0c<$n_(?7fn~{>(y<x)eI)R=H/L-b5$*6\/I

[WARN] Unattached port label:
#!encrypt#!63#!N%Ti.Pu\dx%c2{N3!.#"V*HR0c<$n_(?7fn~{>(y<x)eI)R=H/Bub5kyJ~.bW

#!encrypt#!77#!~aH]8Vol]!T+2=w>HNy]{oHx:t/V,%1Q,[Kiwp(%ZcbuI*R@_W_-,Y-7~c<$=K'rN{fp>;h]:U__
#!encrypt#!1#!
#!encrypt#!26#!

M*OZn:P\Yp>E.s,p#3?"kyA
#!encrypt#!4#!N%Ti#!encrypt#!7#!5Zn/{~(#!encrypt#!3#!NTT#!encrypt#!14#!)(>q64%AP.;lUR#!encrypt#!5#!ND4fO#!encrypt#!4#!NJg_#!encrypt#!1#!
#!encrypt#!73#!-T_Zn;^^D!LZY3<L&!d:LC&{ct:REUm#-T_Zn;^^D!LZY3<L&!d:LC&{ct:REUm#-T_Zn;^^
#!encrypt#!72#!N%Tip^?\=p?#I#'E9^#Yy:+xqRytTA>r-%:)w1YLg!8 5u@4x-d]?#7_#W$R>[)rS( inVK
#!encrypt#!76#!~aH]8Vol]!T+`yw>HNB]{oHx:t/V,[1Q,[&iwp(%ZcbuI*R@_W_-,Y6M~\<Vt gr>l40nCh]z^H
#!encrypt#!1#!
#!encrypt#!26#!

M*OZn:P\Yp>E.s,p#3,"kyA
#!encrypt#!4#!N%Ti#!encrypt#!11#!5ZnaG4_R1/,#!encrypt#!3#!NTT#!encrypt#!13#!)(>q64%A+\R(=#!encrypt#!8#!Np[.pP*\#!encrypt#!16#!Np[.T\C>mjMo}cUx#!encrypt#!1#!
#!encrypt#!73#!-T_Zn;^^D!LZY3<L&!d:LC&{ct:REUm#-T_Zn;^^D!LZY3<L&!d:LC&{ct:REUm#-T_Zn;^^
#!encrypt#!76#!N%Tip^?\=p?#I#'E9^#Yy:P {PWypr)r~r:inVYjgC"/I3x>4-{WO5&$VQ$ gug#N;!i5opgDxT
#!encrypt#!76#!~aH]8Vol]!T+`yw>HNB]{oHx:t/V,[1Q,[&iwp(%ZcbuI*R@_W_-,Y6-~\<VtRgr>l40nCh]z^H
#!encrypt#!1#!
#!encrypt#!26#!

M*OZn:P\Yp>E.s,p#3p"kyA
#!encrypt#!4#!N%Ti#!encrypt#!11#!?4ffq%G>l#)#!encrypt#!3#!NTT#!encrypt#!3#!68=#!encrypt#!5#!Nol]$#!encrypt#!12#!Np[.5o{fVp?##!encrypt#!1#!
#!encrypt#!73#!-T_Zn;^^D!LZY3<L&!d:LC&{ct:REUm#-T_Zn;^^D!LZY3<L&!d:LC&{ct:REUm#-T_Zn;^^
#!encrypt#!80#!N%Tip^?\=p?#I#'E9^#!h4n`=_1\KJ)r~r:inVYjgC"/I3xJS&#S8P7{0ccN>OnHNTTjN$%77>8ZI}S
#!encrypt#!76#!~aH]8Vol]!T+`yw>HNB]{oHx:t/V,[1Q,[&iwp(%ZcbuI*R@_W_-,Y6-~\<VtRgr>l40nCh]z^H
#!encrypt#!1#!
#!encrypt#!26#!

M*OZn:P\Yp>E.s,p#3#"kyA
#!encrypt#!4#!N%Ti#!encrypt#!9#!?4ffq%G>l#!encrypt#!3#!NTT#!encrypt#!3#!68=#!encrypt#!12#!Nol]$=?@=YMn#!encrypt#!5#!NPgfZ#!encrypt#!1#!
#!encrypt#!73#!-T_Zn;^^D!LZY3<L&!d:LC&{ct:REUm#-T_Zn;^^D!LZY3<L&!d:LC&{ct:REUm#-T_Zn;^^
#!encrypt#!78#!N%Tip^?\=p?#I#'E9^#!h4n`=_1\o4+'%%_iS$%'#>8ZI-p1`Iuc{C7#XQ$ gug#NYO)w)QLg!8%x
#!encrypt#!76#!~aH]8Vol]!T+`yw>HNB]{oHx:t/V,[1Q,[&iwp(%ZcbuI*R@_W_-,Y6-~\<VtRgr>l40nCh]z^H
#!encrypt#!1#!
#!encrypt#!26#!

M*OZn:P\Yp>E.s,p#3c"kyA
#!encrypt#!4#!N%Ti#!encrypt#!13#!?4ffq|h )#Q#u#!encrypt#!3#!NTT#!encrypt#!3#!{t|#!encrypt#!10#!Nol]$=?@=Y#!encrypt#!6#!NoY_7?#!encrypt#!1#!
#!encrypt#!73#!-T_Zn;^^D!LZY3<L&!d:LC&{ct:REUm#-T_Zn;^^D!LZY3<L&!d:LC&{ct:REUm#-T_Zn;^^
#!encrypt#!82#!N%Tip^?\=p?#I#'E9^#!h4n`Vc|{K:*aP%=3SV^g#,8SHMxL`Pyr{sq'0t$$nqgl@tTZwnPjg?+/I3x,r
#!encrypt#!76#!~aH]8Vol]!T+`iw>HN0]{oHx:t/V,#1Q,[tiwp(%ZcbuI}R@m=_l,Y-l~<mVnRgr>l40nCh]z^H
#!encrypt#!1#!
#!encrypt#!26#!

M*OZn:P\Yp>E.s,p#3>"kyA
#!encrypt#!4#!N%Ti#!encrypt#!11#!>4ffq%G>l#)#!encrypt#!3#!NTT#!encrypt#!3#!68=#!encrypt#!5#!N{l]$#!encrypt#!12#!Np[.5o{fVp?##!encrypt#!1#!
#!encrypt#!73#!-T_Zn;^^D!LZY3<L&!d:LC&{ct:REUm#-T_Zn;^^D!LZY3<L&!d:LC&{ct:REUm#-T_Zn;^^
#!encrypt#!80#!N%Tip^?\=p?#I#'E9^#^h4n`=_1\KJ)r~r:inVYjgC"/I3xJU&#S8P7{0w/N>OnHNTT%Q$%77>8ZI4~
#!encrypt#!76#!~aH]8Vol]!T+`yw>HN0]{oHx:t/V,[1Q,[tiwp(%ZcbuI*R@_W_-,Y6-~V<VbRgr>l40nCh]z^H
#!encrypt#!1#!
#!encrypt#!26#!

M*OZn:P\Yp>E.s,p#3a"kyA
#!encrypt#!4#!N%Ti#!encrypt#!7#![kE*7^*#!encrypt#!3#!NTT#!encrypt#!3#!{t|#!encrypt#!5#!N{l]$#!encrypt#!5#!NJgf(#!encrypt#!1#!
#!encrypt#!73#!-T_Zn;^^D!LZY3<L&!d:LC&{ct:REUm#-T_Zn;^^D!LZY3<L&!d:LC&{ct:REUm#-T_Zn;^^
#!encrypt#!72#!N%Tip^?\=p?#I#'E9^#_);Gu2rytTA>r-%:)w1YLg!8 5u@4x-d]?#7_#W$R>[)rS( inVK
#!encrypt#!76#!~aH]8Vol]!T+`yw>HN0]{oHx:t/V,[1Q,[tiwp(%ZcbuI*R@_W_-,Y6-~\<VtRgr>l40nCh]z^H
#!encrypt#!1#!
#!encrypt#!26#!

M*OZn:P\Yp>E.s,p#3 "kyA
#!encrypt#!4#!N%Ti#!encrypt#!11#!>4ffq%G>l#m#!encrypt#!3#!NTT#!encrypt#!3#!68=#!encrypt#!12#!N{l]$=?@=YMn#!encrypt#!8#!NJgf(?(:#!encrypt#!1#!
#!encrypt#!73#!-T_Zn;^^D!LZY3<L&!d:LC&{ct:REUm#-T_Zn;^^D!LZY3<L&!d:LC&{ct:REUm#-T_Zn;^^
#!encrypt#!80#!N%Tip^?\=p?#I#'E9^#^h4n`=_1\KE)r~r:inVYjgC"/I3xJU&#S8P7{0w/N>OnHNTT%Q$%77>8ZI4~
#!encrypt#!76#!~aH]8Vol]!T+`yw>HN0]{oHx:t/V,[1Q,[tiwp(%ZcbuI*R@_W_-,Y6-~\<VtRgr>l40nCh]z^H
#!encrypt#!1#!
#!encrypt#!26#!

M*OZn:P\Yp>E.s,p#35"kyA
#!encrypt#!4#!N%Ti#!encrypt#!9#!>4ffq%G>l#!encrypt#!3#!NTT#!encrypt#!3#!68=#!encrypt#!12#!N{l]$=?@=YMD#!encrypt#!5#!NPgfZ#!encrypt#!1#!
#!encrypt#!73#!-T_Zn;^^D!LZY3<L&!d:LC&{ct:REUm#-T_Zn;^^D!LZY3<L&!d:LC&{ct:REUm#-T_Zn;^^
#!encrypt#!78#!N%Tip^?\=p?#I#'E9^#^h4n`=_1\o4+'%%_iS$%'#>8ZI-81`Iuc{C7-VQ$ gug#N.I)w)QLg!8g`
#!encrypt#!76#!~aH]8Vol]!T+`yw>HN0]{oHx:t/V,[1Q,[tiwp(%ZcbuI*R@_W_-,Y6-~\<VtRgr>l40nCh]z^H
#!encrypt#!1#!
#!encrypt#!26#!

M*OZn:P\Yp>E.s,p#3$"kyA
#!encrypt#!4#!N%Ti#!encrypt#!13#!>4ffq|h )#Q#u#!encrypt#!3#!NTT#!encrypt#!3#!{t|#!encrypt#!10#!N{l]$=?@=Y#!encrypt#!6#!N{Y_7?#!encrypt#!1#!
#!encrypt#!73#!-T_Zn;^^D!LZY3<L&!d:LC&{ct:REUm#-T_Zn;^^D!LZY3<L&!d:LC&{ct:REUm#-T_Zn;^^
#!encrypt#!82#!N%Tip^?\=p?#I#'E9^#^h4n`Vc|{K:*aP%=3SV^g#,8SHMxL`P0r{sq'0t$#,qgl@tTZw`>jg?+/I3x0j
#!encrypt#!76#!~aH]8Vol]!T+`iw>Hg<]{oHx:t/V,#1Q,[biwp(%ZcbuI}R@m=_l,Y-l~<mVnRgr>l40nCh]z^H
#!encrypt#!1#!
#!encrypt#!26#!

M*OZn:P\Yp>E.s,p#%?"kyA
#!encrypt#!4#!N%Ti#!encrypt#!7#! kE*7^*#!encrypt#!3#!NTT#!encrypt#!3#!{t|#!encrypt#!12#!N{l]$=?@=YMD#!encrypt#!5#!NPgfZ#!encrypt#!1#!
#!encrypt#!73#!-T_Zn;^^D!LZY3<L&!d:LC&{ct:REUm#-T_Zn;^^D!LZY3<L&!d:LC&{ct:REUm#-T_Zn;^^
#!encrypt#!72#!N%Tip^?\=p?#I#'E9^#");Gu2rytTA>r-%:)w1YLg!8 5u@4x-d]?#7_#W$R>[)rS( inVK
#!encrypt#!76#!~aH]8Vol]!T+`yw>Hg<]{oHx:t/V,[1Q,[biwp(%ZcbuI*R@_W_-,Y6-~V<VbRgr>l40nCh]z^H
#!encrypt#!1#!
#!encrypt#!26#!

M*OZn:P\Yp>E.s,p#%,"kyA
#!encrypt#!4#!N%Ti#!encrypt#!16#! kE*7^*f(vVgGE%l#!encrypt#!3#!NTT#!encrypt#!3#!{t|#!encrypt#!8#!NPgf(?(:#!encrypt#!6#!N{Y_7?#!encrypt#!1#!
#!encrypt#!73#!-T_Zn;^^D!LZY3<L&!d:LC&{ct:REUm#-T_Zn;^^D!LZY3<L&!d:LC&{ct:REUm#-T_Zn;^^
#!encrypt#!81#!N%Tip^?\=p?#I#'E9^#");Gu2rgbM|@"hlq)w4 sg!835uW4x-d]?#7)oW$R>[)r5( inVKjg?+/I3x>
#!encrypt#!76#!~aH]8Vol]!T+`yw>Hg<]{oHx:t/V,[1Q,[biwp(%ZcbuI*R@_W_-,Y6-~\<VtRgr>l40nCh]z^H
#!encrypt#!1#!
#!encrypt#!26#!

M*OZn:P\Yp>E.s,p#%p"kyA
#!encrypt#!4#!N%Ti#!encrypt#!7#! kE#7^*#!encrypt#!3#!NTT#!encrypt#!3#!{t|#!encrypt#!12#!Nol]$=?@=YMn#!encrypt#!5#!NPgfZ#!encrypt#!1#!
#!encrypt#!73#!-T_Zn;^^D!LZY3<L&!d:LC&{ct:REUm#-T_Zn;^^D!LZY3<L&!d:LC&{ct:REUm#-T_Zn;^^
#!encrypt#!72#!N%Tip^?\=p?#I#'E9^#");2u2rytTA>r-%:)w1YLg!8 5u@4x-d]?#7_#W$R>[)rS( inVK
#!encrypt#!76#!~aH]8Vol]!T+`yw>Hg<]{oHx:t/V,[1Q,[biwp(%ZcbuI*R@_W_-,Y6-~\<VtRgr>l40nCh]z^H
#!encrypt#!1#!
#!encrypt#!26#!

M*OZn:P\Yp>E.s,p#%#"kyA
#!encrypt#!4#!N%Ti#!encrypt#!16#! kE#7^*f(vVgGE%l#!encrypt#!3#!NTT#!encrypt#!3#!{t|#!encrypt#!8#!NPgfZ?(:#!encrypt#!6#!NoY_7?#!encrypt#!1#!
#!encrypt#!73#!-T_Zn;^^D!LZY3<L&!d:LC&{ct:REUm#-T_Zn;^^D!LZY3<L&!d:LC&{ct:REUm#-T_Zn;^^
#!encrypt#!81#!N%Tip^?\=p?#I#'E9^#");2u2rgbM|@"hlq)w4 sg!835uW4x-d]?#7)oW$R>[)r5( inVKjg?+/I3x>
#!encrypt#!76#!~aH]8Vol]!T+`yw>Hg<]{oHx:t/V,[1Q,[biwp(%ZcbuI*R@_W_-,Y6-~\<VtRgr>l40nCh]z^H
#!encrypt#!1#!
#!encrypt#!26#!

M*OZn:P\Yp>E.s,p#%c"kyA
#!encrypt#!4#!N%Ti#!encrypt#!16#![kE*7^*f(vVgGE%l#!encrypt#!3#!NTT#!encrypt#!3#!{t|#!encrypt#!8#!NJgf(?(:#!encrypt#!6#!N{Y_7?#!encrypt#!1#!
#!encrypt#!73#!-T_Zn;^^D!LZY3<L&!d:LC&{ct:REUm#-T_Zn;^^D!LZY3<L&!d:LC&{ct:REUm#-T_Zn;^^
#!encrypt#!81#!N%Tip^?\=p?#I#'E9^#_);Gu2rgbM|@"hlq)w4 sg!835uW4x-d]?#7)oW$R>[)r5( inVKjg?+/I3x>
#!encrypt#!76#!~aH]8Vol]!T+`yw>Hg<]{oHx:t/V,[1Q,[biwp(%ZcbuI*R@_W_-,Y6-~\<VtRgr>l40nCh]z^H
#!encrypt#!1#!
#!encrypt#!26#!

M*OZn:P\Yp>E.s,p#%>"kyA
#!encrypt#!4#!N%Ti#!encrypt#!8#!5Zn#(\6e#!encrypt#!3#!NTT#!encrypt#!3#!{t|#!encrypt#!12#!Np[.5o{fVp?##!encrypt#!5#!NoJP&#!encrypt#!1#!
#!encrypt#!73#!-T_Zn;^^D!LZY3<L&!d:LC&{ct:REUm#-T_Zn;^^D!LZY3<L&!d:LC&{ct:REUm#-T_Zn;^^
#!encrypt#!73#!N%Tip^?\=p?#I#'E9^#Yy:26%%MN>Ct:NTT!WVIs9xLp`Hxbe1#:{7N$FL0tE4YAN-}zw;%W
#!encrypt#!76#!~aH]8Vol]!T+`yw>Hg<]{oHx:t/V,[1Q,[biwp(%ZcbuI*R@_W_-,Y6-~\<VtRgr>l40nCh]z^H
#!encrypt#!1#!
#!encrypt#!26#!

M*OZn:P\Yp>E.s,p#%a"kyA
#!encrypt#!4#!N%Ti#!encrypt#!15#!5Zn#pP*\U_,h>53#!encrypt#!3#!NTT#!encrypt#!11#!@qFqq.QH7%1#!encrypt#!9#!Np[.Z"Gyk#!encrypt#!16#!Np[.T\C>mjMo}cUx#!encrypt#!17#!N+qkK%o#xjYeGaXAt#!encrypt#!1#!
#!encrypt#!73#!-T_Zn;^^D!LZY3<L&!d:LC&{ct:REUm#-T_Zn;^^D!LZY3<L&!d:LC&{ct:REUm#-T_Zn;^^
#!encrypt#!80#!N%Tip^?\=p?#I#'E9^#Yy:24Gr+2rr O7J!iDOYgDx+[I?gr`!#ub5Pn@^:t,qgl@tTZw|;g@AgpYu~
#!encrypt#!76#!~aH]8Vol]!T+`yw>Hg<]{oHx:t/V,[1Q,[biwp(%ZcbuI*R@_W_-,Y6-~\<VtRgr>l40nCh]z^H
#!encrypt#!1#!
#!encrypt#!26#!

M*OZn:P\Yp>E.s,p#% "kyA
#!encrypt#!4#!N%Ti#!encrypt#!14#!5Zn#pP*\U8VFGc#!encrypt#!3#!NTT#!encrypt#!4#!2t=q#!encrypt#!16#!Np[.Z,n:%#=#Xn#7#!encrypt#!2#!N+#!encrypt#!12#! #`]w|'}g pa#!encrypt#!15#!N+M\$"C:gc,dEaX#!encrypt#!1#!
#!encrypt#!4#!N%Ti#!encrypt#!14#!5Zn#pP*\UTV Gc#!encrypt#!3#!NTT#!encrypt#!4#!2t=q#!encrypt#!16#!Np[.Z,n:%#=#Xn#7#!encrypt#!2#!N+#!encrypt#!11#! #`]w|'UgvC#!encrypt#!15#!N+M\$"C:gc,dEaX#!encrypt#!1#!
#!encrypt#!73#!-T_Zn;^^D!LZY3<L&!d:LC&{ct:REUm#-T_Zn;^^D!LZY3<L&!d:LC&{ct:REUm#-T_Zn;^^
#!encrypt#!79#!N%Tip^?\=p?#I#'E9^#Yy:24Gr+2V|q"o|T9ci%^g4>p|vY3&-Dr{sq'0t$bo4Cg6%_ir$%77>8ZIy
#!encrypt#!79#!N%Tip^?\=p?#I#'E9^#Yy:24Gr+2b|Y"o|T9ci%^g4>p|vY3&-Dr{sq'0t$bo4Cg6%_ir$%77>8ZIy
#!encrypt#!76#!~aH]8Vol]!T+`yw>HgL]{oHx:t/V,[1Q,[biwp(%ZcbuI*R@_W_-,Y6-~\<VtRgr>l40nCh]z^H
#!encrypt#!1#!
#!encrypt#!26#!

M*OZn:P\Yp>E.s,p#%5"kyA
#!encrypt#!4#!N%Ti#!encrypt#!12#!5Zn#pP*\U8VF#!encrypt#!3#!NTT#!encrypt#!3#!{t|#!encrypt#!15#!Np[.Z,n:%#Pm/`'#!encrypt#!5#!NPgfZ#!encrypt#!1#!
#!encrypt#!73#!-T_Zn;^^D!LZY3<L&!d:LC&{ct:REUm#-T_Zn;^^D!LZY3<L&!d:LC&{ct:REUm#-T_Zn;^^
#!encrypt#!77#!N%Tip^?\=p?#I#'E9^#Yy:24Gr+2V|qANFx!w;%sOxo3+u<3j&#S8P7{0Syt Qdr-%K)w)QLg!8 
#!encrypt#!76#!~aH]8Vol]!T+`yw>HgL]{oHx:t/V,[1Q,[biwp(%ZcbuI*R@_W_-,Y6-~\<VtRgr>l40nCh]z^H
#!encrypt#!1#!
#!encrypt#!26#!

M*OZn:P\Yp>E.s,p#%$"kyA
#!encrypt#!4#!N%Ti#!encrypt#!12#!5Zn#pP*\UTV #!encrypt#!3#!NTT#!encrypt#!3#!{t|#!encrypt#!15#!Np[.Z,n:%#Cm``'#!encrypt#!5#!NPgfZ#!encrypt#!1#!
#!encrypt#!73#!-T_Zn;^^D!LZY3<L&!d:LC&{ct:REUm#-T_Zn;^^D!LZY3<L&!d:LC&{ct:REUm#-T_Zn;^^
#!encrypt#!77#!N%Tip^?\=p?#I#'E9^#Yy:24Gr+2b|YANFx!w;%sOxo3+u<3j&#S8P7{0Syt Qdr-%K)w)QLg!8 
#!encrypt#!76#!~aH]8Vol]!T+`yw>HgL]{oHx:t/V,[1Q,[biwp(%ZcbuI*R@_W_-,Y6-~\<VtRgr>l40nCh]z^H
#!encrypt#!1#!
#!encrypt#!27#!

M*OZn:P\Yp>E.s,p#Z?7p#VV
#!encrypt#!4#!N%Ti#!encrypt#!15#!5Zn/{~(fW<s P`'#!encrypt#!3#!NTT#!encrypt#!3#!68=#!encrypt#!12#!Np[.5o{fVp?##!encrypt#!13#!Np[.Z,n:%#Cm`#!encrypt#!1#!
#!encrypt#!73#!-T_Zn;^^D!LZY3<L&!d:LC&{ct:REUm#-T_Zn;^^D!LZY3<L&!d:LC&{ct:REUm#-T_Zn;^^
#!encrypt#!81#!N%Ti2P[\=xo~Gn'*9"|6,7A`G^t`p4U??lep$^Bjg\B#}c#&!.#4K5is=k7:%JRof%M*$K|#>j`pz6#@
#!encrypt#!76#!~aH]8Vol]!T+`yw>HgL]{oHx:t/V,[1Q,[biwp(%ZcbuI*R@_W_-,Y6-~\<VtRgr>l40nCh]z^H
#!encrypt#!1#!
#!encrypt#!27#!

M*OZn:P\Yp>E.s,p#Z?pp#VV
#!encrypt#!4#!N%Ti#!encrypt#!15#!5Zn/{~(fW<s P`&#!encrypt#!3#!NTT#!encrypt#!3#!68=#!encrypt#!16#!Np[.pP*\UTV4`|Km#!encrypt#!13#!Np[.Z,n:%#Pm/#!encrypt#!1#!
#!encrypt#!73#!-T_Zn;^^D!LZY3<L&!d:LC&{ct:REUm#-T_Zn;^^D!LZY3<L&!d:LC&{ct:REUm#-T_Zn;^^
#!encrypt#!80#!N%Tip^?\=p?#I#'E9^#Yy:+xqRgkd#Y_u}!iDOYgDx"[I?gr`!#ub5Pn@^:t,qgl@tTZw|;g@AgpYu~
#!encrypt#!76#!~aH]8Vol]!T+`yw>HgL]{oHx:t/V,[1Q,[biwp(%ZcbuI*R@_W_-,Y6-~\<VtRgr>l40nCh]z^H
#!encrypt#!1#!
#!encrypt#!27#!

M*OZn:P\Yp>E.s,p#Z?kp#VV
#!encrypt#!4#!N%Ti#!encrypt#!14#!5Zn#pP*\UTV4`|#!encrypt#!3#!NTT#!encrypt#!3#!{t|#!encrypt#!16#!Np[.pP*\UTV4`|Kw#!encrypt#!5#!NoJP&#!encrypt#!1#!
#!encrypt#!73#!-T_Zn;^^D!LZY3<L&!d:LC&{ct:REUm#-T_Zn;^^D!LZY3<L&!d:LC&{ct:REUm#-T_Zn;^^
#!encrypt#!79#!N%Tip^?\=p?#I#'E9^#Yy:24Gr+2b|kcW|T9ci%^g4>p|vY3&-Dr{sq'0t$bo4Cg6%_ir$%77>8ZIy
#!encrypt#!76#!~aH]8Vol]!T+`yw>HgL]{oHx:t/V,[1Q,[biwp(%ZcbuI*R@_W_-,Y6-~\<VtRgr>l40nCh]z^H
#!encrypt#!1#!
#!encrypt#!27#!

M*OZn:P\Yp>E.s,p#Z?'p#VV
#!encrypt#!4#!N%Ti#!encrypt#!14#!5Zn*pP*\UTV4`|#!encrypt#!3#!NTT#!encrypt#!3#!{t|#!encrypt#!16#!Np[.pP*\UTV4`|Kw#!encrypt#!5#!N{JP&#!encrypt#!1#!
#!encrypt#!73#!-T_Zn;^^D!LZY3<L&!d:LC&{ct:REUm#-T_Zn;^^D!LZY3<L&!d:LC&{ct:REUm#-T_Zn;^^
#!encrypt#!79#!N%Tip^?\=p?#I#'E9^#Yy:G4Gr+2b|kcW|T9ci%^g4>p|vY3&-Dr{sq'0t$bo4Cg6%_ir$%77>8ZIy
#!encrypt#!76#!~aH]8Vol]!T+`yw>HgL]{oHx:t/V,[1Q,[biwp(%ZcbuI*R@_W_-,Y6-~\<VtRgr>l40nCh]z^H
#!encrypt#!1#!
#!encrypt#!27#!

M*OZn:P\Yp>E.s,p#Z?tp#VV
#!encrypt#!4#!N%Ti#!encrypt#!6#!t([J6o#!encrypt#!2#!N1#!encrypt#!1#!A#!encrypt#!15#!N3fIq,(5%cG(GAR#!encrypt#!1#!/#!encrypt#!9#!NQffB=+\t#!encrypt#!5#!NQffB#!encrypt#!1#!A#!encrypt#!2#!N@#!encrypt#!1#!/#!encrypt#!5#!NQffB#!encrypt#!1#!A#!encrypt#!2#!Nt#!encrypt#!1#!/#!encrypt#!1#!
#!encrypt#!4#!N%Ti#!encrypt#!6#!t([J6o#!encrypt#!2#!N1#!encrypt#!1#!A#!encrypt#!15#!N3fIq,(5%cG(GAm#!encrypt#!1#!/#!encrypt#!9#!NQffa=+\t#!encrypt#!5#!NQffa#!encrypt#!1#!A#!encrypt#!2#!N@#!encrypt#!1#!/#!encrypt#!5#!NQffa#!encrypt#!1#!A#!encrypt#!2#!Nt#!encrypt#!1#!/#!encrypt#!1#!
#!encrypt#!4#!N%Ti#!encrypt#!6#!t([J6o#!encrypt#!2#!N1#!encrypt#!1#!A#!encrypt#!15#!N3fIq,(5%cG(GA;#!encrypt#!1#!/#!encrypt#!9#!NQffm=+\t#!encrypt#!5#!NQffm#!encrypt#!1#!A#!encrypt#!2#!N@#!encrypt#!1#!/#!encrypt#!5#!NQffm#!encrypt#!1#!A#!encrypt#!2#!Nt#!encrypt#!1#!/#!encrypt#!1#!
#!encrypt#!4#!N%Ti#!encrypt#!6#!t([J6o#!encrypt#!2#!N1#!encrypt#!1#!A#!encrypt#!15#!N3fIq,(5%cG(GA$#!encrypt#!1#!/#!encrypt#!9#!NQffN=+\t#!encrypt#!5#!NQffN#!encrypt#!1#!A#!encrypt#!2#!N@#!encrypt#!1#!/#!encrypt#!5#!NQffN#!encrypt#!1#!A#!encrypt#!2#!Nt#!encrypt#!1#!/#!encrypt#!1#!
#!encrypt#!4#!N%Ti#!encrypt#!6#!t([J6o#!encrypt#!2#!N1#!encrypt#!1#!A#!encrypt#!15#!N3fIq,(5%cG(GA`#!encrypt#!1#!/#!encrypt#!9#!NQffL=+\t#!encrypt#!5#!NQffL#!encrypt#!1#!A#!encrypt#!2#!N@#!encrypt#!1#!/#!encrypt#!5#!NQffL#!encrypt#!1#!A#!encrypt#!2#!Nt#!encrypt#!1#!/#!encrypt#!1#!
#!encrypt#!4#!N%Ti#!encrypt#!6#!t([J6o#!encrypt#!2#!N1#!encrypt#!1#!A#!encrypt#!15#!N1}mqbQL7'JHGMq#!encrypt#!1#!/#!encrypt#!9#!N)y+7=+\t#!encrypt#!8#!Noh.$^+%#!encrypt#!1#!A#!encrypt#!2#!N@#!encrypt#!1#!/#!encrypt#!8#!Noh.$^+%#!encrypt#!1#!A#!encrypt#!2#!Nt#!encrypt#!1#!/#!encrypt#!1#!
#!encrypt#!4#!N%Ti#!encrypt#!6#!t([J6o#!encrypt#!2#!N1#!encrypt#!1#!A#!encrypt#!15#!N1}mqbQL7'JHGvq#!encrypt#!1#!/#!encrypt#!9#!N)y+7=+\t#!encrypt#!8#!N{h.$^+%#!encrypt#!1#!A#!encrypt#!2#!N@#!encrypt#!1#!/#!encrypt#!8#!N{h.$^+%#!encrypt#!1#!A#!encrypt#!2#!Nt#!encrypt#!1#!/#!encrypt#!1#!
#!encrypt#!4#!N%Ti#!encrypt#!6#!t([J6o#!encrypt#!3#!N~ #!encrypt#!1#!A#!encrypt#!10#!Nol]$=K]5^#!encrypt#!1#!/#!encrypt#!14#!Nol]$=K]5^M|pC#!encrypt#!5#!Nol]$#!encrypt#!1#!A#!encrypt#!2#!N&#!encrypt#!1#!/#!encrypt#!13#!NoGkVZo\}c)lX#!encrypt#!1#!A#!encrypt#!2#!NV#!encrypt#!1#!/#!encrypt#!13#!NoGkVZo\}c)lX#!encrypt#!1#!A#!encrypt#!2#!Nq#!encrypt#!1#!/#!encrypt#!6#!N{<]2/#!encrypt#!1#!A#!encrypt#!2#!Nj#!encrypt#!1#!/#!encrypt#!1#!
#!encrypt#!4#!N%Ti#!encrypt#!6#!t([J6o#!encrypt#!3#!N~:#!encrypt#!1#!A#!encrypt#!10#!N{l]$=K]5^#!encrypt#!1#!/#!encrypt#!14#!N{l]$=K]5^M|pC#!encrypt#!5#!N{l]$#!encrypt#!1#!A#!encrypt#!2#!N&#!encrypt#!1#!/#!encrypt#!13#!N{GkVZo\}c)lX#!encrypt#!1#!A#!encrypt#!2#!NV#!encrypt#!1#!/#!encrypt#!13#!N{GkVZo\}c)lX#!encrypt#!1#!A#!encrypt#!2#!Nq#!encrypt#!1#!/#!encrypt#!6#!No<]2/#!encrypt#!1#!A#!encrypt#!2#!Nj#!encrypt#!1#!/#!encrypt#!1#!
#!encrypt#!4#!N%Ti#!encrypt#!6#!t([J6o#!encrypt#!3#!N~:#!encrypt#!1#!A#!encrypt#!14#!N{l]$=K]5^M1P5#!encrypt#!1#!/#!encrypt#!17#!NPgf(?(:U smx`d n#!encrypt#!8#!NPgf(?(:#!encrypt#!1#!A#!encrypt#!2#!N&#!encrypt#!1#!/#!encrypt#!13#!N{GkVZo\}c)lX#!encrypt#!1#!A#!encrypt#!2#!NV#!encrypt#!1#!/#!encrypt#!13#!N{GkVZo\}c)lX#!encrypt#!1#!A#!encrypt#!2#!Nq#!encrypt#!1#!/#!encrypt#!6#!No<]2/#!encrypt#!1#!A#!encrypt#!2#!Nj#!encrypt#!1#!/#!encrypt#!1#!
#!encrypt#!4#!N%Ti#!encrypt#!6#!t([J6o#!encrypt#!3#!N~ #!encrypt#!1#!A#!encrypt#!14#!Nol]$=K]5^M1P5#!encrypt#!1#!/#!encrypt#!17#!NPgfZ?(:U smx`d n#!encrypt#!8#!NPgfZ?(:#!encrypt#!1#!A#!encrypt#!2#!N&#!encrypt#!1#!/#!encrypt#!13#!NoGkVZo\}c)lX#!encrypt#!1#!A#!encrypt#!2#!NV#!encrypt#!1#!/#!encrypt#!13#!NoGkVZo\}c)lX#!encrypt#!1#!A#!encrypt#!2#!Nq#!encrypt#!1#!/#!encrypt#!6#!N{<]2/#!encrypt#!1#!A#!encrypt#!2#!Nj#!encrypt#!1#!/#!encrypt#!1#!
#!encrypt#!4#!N%Ti#!encrypt#!6#!t([J6o#!encrypt#!3#!N~:#!encrypt#!1#!A#!encrypt#!14#!N{l]$=K]5^MTP5#!encrypt#!1#!/#!encrypt#!17#!NJgf(?(:U smx`d n#!encrypt#!8#!NJgf(?(:#!encrypt#!1#!A#!encrypt#!2#!N&#!encrypt#!1#!/#!encrypt#!13#!N{GkVZo\}c)lX#!encrypt#!1#!A#!encrypt#!2#!NV#!encrypt#!1#!/#!encrypt#!13#!N{GkVZo\}c)lX#!encrypt#!1#!A#!encrypt#!2#!Nq#!encrypt#!1#!/#!encrypt#!6#!No<]2/#!encrypt#!1#!A#!encrypt#!2#!Nj#!encrypt#!1#!/#!encrypt#!1#!
#!encrypt#!4#!N%Ti#!encrypt#!6#!t([J6o#!encrypt#!3#!N~ #!encrypt#!1#!A#!encrypt#!14#!Nol]$=Kw58MhP5#!encrypt#!1#!/#!encrypt#!13#!Np[.Z,n:%#Pm/#!encrypt#!12#!Np[.5o{fVp?##!encrypt#!1#!A#!encrypt#!2#!N&#!encrypt#!1#!/#!encrypt#!16#!Np[.T\C>mjMo}cUx#!encrypt#!1#!A#!encrypt#!2#!NV#!encrypt#!1#!/#!encrypt#!16#!Np[.T\C>mjMo}cUx#!encrypt#!1#!A#!encrypt#!2#!Nq#!encrypt#!1#!/#!encrypt#!6#!N{<]2/#!encrypt#!1#!A#!encrypt#!2#!Nj#!encrypt#!1#!/#!encrypt#!1#!
#!encrypt#!4#!N%Ti#!encrypt#!6#!t([J6o#!encrypt#!3#!N~ #!encrypt#!1#!A#!encrypt#!14#!Nol]$=K}5 MhP5#!encrypt#!1#!/#!encrypt#!13#!Np[.Z,n:%#Cm`#!encrypt#!12#!Np[.5o{fVp?##!encrypt#!1#!A#!encrypt#!2#!N&#!encrypt#!1#!/#!encrypt#!16#!Np[.T\C>mjMo}cUx#!encrypt#!1#!A#!encrypt#!2#!NV#!encrypt#!1#!/#!encrypt#!16#!Np[.T\C>mjMo}cUx#!encrypt#!1#!A#!encrypt#!2#!Nq#!encrypt#!1#!/#!encrypt#!6#!N{<]2/#!encrypt#!1#!A#!encrypt#!2#!Nj#!encrypt#!1#!/#!encrypt#!1#!
#!encrypt#!4#!N%Ti#!encrypt#!6#!t([J6o#!encrypt#!3#!N~ #!encrypt#!1#!A#!encrypt#!15#!Nol]$=y}5 `4`|`#!encrypt#!1#!/#!encrypt#!15#!Np[.Z,n:%#Cm2yy#!encrypt#!12#!Np[.5o{fVp?##!encrypt#!1#!A#!encrypt#!2#!N&#!encrypt#!1#!/#!encrypt#!16#!Np[.T\C>mjMo}cUx#!encrypt#!1#!A#!encrypt#!2#!NV#!encrypt#!1#!/#!encrypt#!16#!Np[.T\C>mjMo}cUx#!encrypt#!1#!A#!encrypt#!2#!Nq#!encrypt#!1#!/#!encrypt#!6#!N{<]2/#!encrypt#!1#!A#!encrypt#!2#!Nj#!encrypt#!1#!/#!encrypt#!1#!
#!encrypt#!4#!N%Ti#!encrypt#!6#!t([J6o#!encrypt#!3#!N~:#!encrypt#!1#!A#!encrypt#!15#!N{l]$=y}5 `4`|`#!encrypt#!1#!/#!encrypt#!15#!Np[.(,n:%#Cm2yy#!encrypt#!12#!Np[.5o{fVp?##!encrypt#!1#!A#!encrypt#!2#!N&#!encrypt#!1#!/#!encrypt#!16#!Np[.T\C>mjMo}cUx#!encrypt#!1#!A#!encrypt#!2#!NV#!encrypt#!1#!/#!encrypt#!16#!Np[.T\C>mjMo}cUx#!encrypt#!1#!A#!encrypt#!2#!Nq#!encrypt#!1#!/#!encrypt#!6#!No<]2/#!encrypt#!1#!A#!encrypt#!2#!Nj#!encrypt#!1#!/#!encrypt#!1#!
#!encrypt#!4#!N%Ti#!encrypt#!6#!t([J6o#!encrypt#!2#!N1#!encrypt#!1#!A#!encrypt#!17#!N3fIqfAR.#BJGyLPA#!encrypt#!1#!/#!encrypt#!21#!N3fIqfAR.#BJGyLPA"ee^#!encrypt#!19#!N{e]Y=+\tX;ezEK*9^~#!encrypt#!1#!A#!encrypt#!2#!N@#!encrypt#!1#!/#!encrypt#!19#!N{e]Y=+\tX;ezEK*9^~#!encrypt#!1#!A#!encrypt#!2#!Nt#!encrypt#!1#!/#!encrypt#!6#!N{<]2/#!encrypt#!1#!A#!encrypt#!2#!Nj#!encrypt#!1#!/#!encrypt#!9#!N+f~O}(5+#!encrypt#!2#!N1#!encrypt#!3#!N_
#!encrypt#!2#!		#!encrypt#!7#!o3fpw;%#!encrypt#!4#!o3fp#!encrypt#!22#!A3fIqfAR.#BJGyLPA"ee^?#!encrypt#!1#!
#!encrypt#!2#!		#!encrypt#!4#!i%_i#!encrypt#!1#!A#!encrypt#!8#!>le_&=o@#!encrypt#!23#!A3fIqfAR.#BJGyLPA"ee^#7#!encrypt#!19#!>3f;qZ(oPJ?J}`# l?`#!encrypt#!3#!NvT#!encrypt#!1#!p#!encrypt#!1#!/#!encrypt#!1#!
#!encrypt#!2#!		#!encrypt#!4#! %_i#!encrypt#!1#!A#!encrypt#!4#!{1}G#!encrypt#!3#!NvT#!encrypt#!1#!i#!encrypt#!1#!/#!encrypt#!1#!
#!encrypt#!3#!	9
#!encrypt#!1#!
#!encrypt#!4#!N%Ti#!encrypt#!6#!t([J6o#!encrypt#!2#!N1#!encrypt#!1#!A#!encrypt#!17#!N3fIqfAR.#BJGyL,U#!encrypt#!1#!/#!encrypt#!21#!N3fIqfAR.#BJGyL,U"ee^#!encrypt#!19#!N{e]Y=+\tX;ezEK*9^~#!encrypt#!1#!A#!encrypt#!2#!N@#!encrypt#!1#!/#!encrypt#!19#!N{e]Y=+\tX;ezEK*9^~#!encrypt#!1#!A#!encrypt#!2#!Nt#!encrypt#!1#!/#!encrypt#!6#!N{<]2/#!encrypt#!1#!A#!encrypt#!2#!Nj#!encrypt#!1#!/#!encrypt#!9#!N+f~O}(5+#!encrypt#!2#!N1#!encrypt#!3#!N_
#!encrypt#!2#!		#!encrypt#!7#!o3fpw;%#!encrypt#!4#!o3fp#!encrypt#!22#!A3fIqfAR.#BJGyL,U"ee^?#!encrypt#!1#!
#!encrypt#!2#!		#!encrypt#!4#!i%_i#!encrypt#!1#!A#!encrypt#!8#!>le_&=o@#!encrypt#!23#!A3fIqfAR.#BJGyL,U"ee^#7#!encrypt#!19#!>3f;qZ(oPJ?J}`# l?`#!encrypt#!3#!NvT#!encrypt#!1#!p#!encrypt#!1#!/#!encrypt#!1#!
#!encrypt#!2#!		#!encrypt#!4#! %_i#!encrypt#!1#!A#!encrypt#!4#!{1}G#!encrypt#!3#!NvT#!encrypt#!1#!i#!encrypt#!1#!/#!encrypt#!1#!
#!encrypt#!3#!	9
#!encrypt#!1#!
#!encrypt#!4#!N%Ti#!encrypt#!6#!t([J6o#!encrypt#!2#!N1#!encrypt#!1#!A#!encrypt#!17#!N3fIqfAR.#BJG-LO##!encrypt#!1#!/#!encrypt#!21#!N3fIqfAR.#BJG-LO#"ee^#!encrypt#!19#!N{e]Y=+\tX;ezEK*9^~#!encrypt#!1#!A#!encrypt#!2#!N@#!encrypt#!1#!/#!encrypt#!19#!N{e]Y=+\tX;ezEK*9^~#!encrypt#!1#!A#!encrypt#!2#!Nt#!encrypt#!1#!/#!encrypt#!6#!N{<]2/#!encrypt#!1#!A#!encrypt#!2#!Nj#!encrypt#!1#!/#!encrypt#!9#!N+f~O}(5+#!encrypt#!2#!N1#!encrypt#!3#!N_
#!encrypt#!2#!		#!encrypt#!7#!o3fpw;%#!encrypt#!4#!o3fp#!encrypt#!22#!A3fIqfAR.#BJG-LO#"ee^?#!encrypt#!1#!
#!encrypt#!2#!		#!encrypt#!4#!i%_i#!encrypt#!1#!A#!encrypt#!8#!>le_&=o@#!encrypt#!23#!A3fIqfAR.#BJG-LO#"ee^#7#!encrypt#!19#!>3f;qZ(oPJ?J}`# l?`#!encrypt#!3#!NvT#!encrypt#!1#!p#!encrypt#!1#!/#!encrypt#!1#!
#!encrypt#!2#!		#!encrypt#!4#! %_i#!encrypt#!1#!A#!encrypt#!4#!{1}G#!encrypt#!3#!NvT#!encrypt#!1#!i#!encrypt#!1#!/#!encrypt#!1#!
#!encrypt#!3#!	9
#!encrypt#!1#!
#!encrypt#!4#!N%Ti#!encrypt#!6#!t([J6o#!encrypt#!2#!N1#!encrypt#!1#!A#!encrypt#!17#!N3fIqfAR.#BJGiL0A#!encrypt#!1#!/#!encrypt#!21#!N3fIqfAR.#BJGiL0A"ee^#!encrypt#!19#!N{e]Y=+\tX;ezEK*9^~#!encrypt#!1#!A#!encrypt#!2#!N@#!encrypt#!1#!/#!encrypt#!19#!N{e]Y=+\tX;ezEK*9^~#!encrypt#!1#!A#!encrypt#!2#!Nt#!encrypt#!1#!/#!encrypt#!6#!N{<]2/#!encrypt#!1#!A#!encrypt#!2#!Nj#!encrypt#!1#!/#!encrypt#!9#!N+f~O}(5+#!encrypt#!2#!N1#!encrypt#!3#!N_
#!encrypt#!2#!		#!encrypt#!7#!o3fpw;%#!encrypt#!4#!o3fp#!encrypt#!22#!A3fIqfAR.#BJGiL0A"ee^?#!encrypt#!1#!
#!encrypt#!2#!		#!encrypt#!4#!i%_i#!encrypt#!1#!A#!encrypt#!8#!>le_&=o@#!encrypt#!23#!A3fIqfAR.#BJGiL0A"ee^#7#!encrypt#!19#!>3f;qZ(oPJ?J}`# l?`#!encrypt#!3#!NvT#!encrypt#!1#!p#!encrypt#!1#!/#!encrypt#!1#!
#!encrypt#!2#!		#!encrypt#!4#! %_i#!encrypt#!1#!A#!encrypt#!4#!{1}G#!encrypt#!3#!NvT#!encrypt#!1#!i#!encrypt#!1#!/#!encrypt#!1#!
#!encrypt#!3#!	9
#!encrypt#!1#!
#!encrypt#!4#!N%Ti#!encrypt#!6#!t([J6o#!encrypt#!2#!N1#!encrypt#!1#!A#!encrypt#!17#!N3fIqfAR.#BJG*L~_#!encrypt#!1#!/#!encrypt#!21#!N3fIqfAR.#BJG*L~_"ee^#!encrypt#!19#!N{e]Y=+\tX;ezEK*9^~#!encrypt#!1#!A#!encrypt#!2#!N@#!encrypt#!1#!/#!encrypt#!19#!N{e]Y=+\tX;ezEK*9^~#!encrypt#!1#!A#!encrypt#!2#!Nt#!encrypt#!1#!/#!encrypt#!6#!N{<]2/#!encrypt#!1#!A#!encrypt#!2#!Nj#!encrypt#!1#!/#!encrypt#!9#!N+f~O}(5+#!encrypt#!2#!N1#!encrypt#!3#!N_
#!encrypt#!2#!		#!encrypt#!7#!o3fpw;%#!encrypt#!4#!o3fp#!encrypt#!22#!A3fIqfAR.#BJG*L~_"ee^?#!encrypt#!1#!
#!encrypt#!2#!		#!encrypt#!4#!i%_i#!encrypt#!1#!A#!encrypt#!8#!>le_&=o@#!encrypt#!23#!A3fIqfAR.#BJG*L~_"ee^#7#!encrypt#!19#!>3f;qZ(oPJ?J}`# l?`#!encrypt#!3#!NvT#!encrypt#!1#!p#!encrypt#!1#!/#!encrypt#!1#!
#!encrypt#!2#!		#!encrypt#!4#! %_i#!encrypt#!1#!A#!encrypt#!4#!{1}G#!encrypt#!3#!NvT#!encrypt#!1#!i#!encrypt#!1#!/#!encrypt#!1#!
#!encrypt#!3#!	9
#!encrypt#!1#!
#!encrypt#!4#!N%Ti#!encrypt#!6#!t([J6o#!encrypt#!2#!N1#!encrypt#!1#!A#!encrypt#!18#!N3fIq[a#VhM^z`~._N#!encrypt#!1#!/#!encrypt#!22#!N3fIq[a#VhM^z`~._N3v&u#!encrypt#!19#!N{e]Y=+\tX;ezEK*9^~#!encrypt#!1#!A#!encrypt#!2#!N@#!encrypt#!1#!/#!encrypt#!19#!N{e]Y=+\tX;ezEK*9^~#!encrypt#!1#!A#!encrypt#!2#!Nt#!encrypt#!1#!/#!encrypt#!6#!N{<]2/#!encrypt#!1#!A#!encrypt#!2#!Nj#!encrypt#!1#!/#!encrypt#!9#!N+f~O}(5+#!encrypt#!2#!N1#!encrypt#!3#!N_
#!encrypt#!2#!		#!encrypt#!7#!o3fpw;%#!encrypt#!4#!o3fp#!encrypt#!23#!A3fIq[a#VhM^z`~._N3v&uZ#!encrypt#!1#!
#!encrypt#!2#!		#!encrypt#!4#!i%_i#!encrypt#!1#!A#!encrypt#!8#!>le_&=o@#!encrypt#!24#!A3fIq[a#VhM^z`~._N3v&uN$#!encrypt#!19#!>3f;qZ(oPJ?J}`# l?`#!encrypt#!3#!NvT#!encrypt#!1#!p#!encrypt#!1#!/#!encrypt#!1#!
#!encrypt#!2#!		#!encrypt#!4#! %_i#!encrypt#!1#!A#!encrypt#!4#!{1}G#!encrypt#!3#!NvT#!encrypt#!1#!i#!encrypt#!1#!/#!encrypt#!1#!
#!encrypt#!3#!	9
#!encrypt#!1#!
#!encrypt#!4#!N%Ti#!encrypt#!6#!t([J6o#!encrypt#!2#!N1#!encrypt#!1#!A#!encrypt#!18#!N3fIq[a#VhM^z`~.Sc#!encrypt#!1#!/#!encrypt#!22#!N3fIq[a#VhM^z`~.Sc3v&u#!encrypt#!19#!N{e]Y=+\tX;ezEK*9^~#!encrypt#!1#!A#!encrypt#!2#!N@#!encrypt#!1#!/#!encrypt#!19#!N{e]Y=+\tX;ezEK*9^~#!encrypt#!1#!A#!encrypt#!2#!Nt#!encrypt#!1#!/#!encrypt#!6#!N{<]2/#!encrypt#!1#!A#!encrypt#!2#!Nj#!encrypt#!1#!/#!encrypt#!9#!N+f~O}(5+#!encrypt#!2#!N1#!encrypt#!3#!N_
#!encrypt#!2#!		#!encrypt#!7#!o3fpw;%#!encrypt#!4#!o3fp#!encrypt#!23#!A3fIq[a#VhM^z`~.Sc3v&uZ#!encrypt#!1#!
#!encrypt#!2#!		#!encrypt#!4#!i%_i#!encrypt#!1#!A#!encrypt#!8#!>le_&=o@#!encrypt#!24#!A3fIq[a#VhM^z`~.Sc3v&uN$#!encrypt#!19#!>3f;qZ(oPJ?J}`# l?`#!encrypt#!3#!NvT#!encrypt#!1#!p#!encrypt#!1#!/#!encrypt#!1#!
#!encrypt#!2#!		#!encrypt#!4#! %_i#!encrypt#!1#!A#!encrypt#!4#!{1}G#!encrypt#!3#!NvT#!encrypt#!1#!i#!encrypt#!1#!/#!encrypt#!1#!
#!encrypt#!3#!	9
#!encrypt#!1#!
#!encrypt#!4#!N%Ti#!encrypt#!6#!t([J6o#!encrypt#!2#!N1#!encrypt#!1#!A#!encrypt#!18#!N3fIq[a#VhM^z`R.mP#!encrypt#!1#!/#!encrypt#!22#!N3fIq[a#VhM^z`R.mP3v&u#!encrypt#!19#!N{e]Y=+\tX;ezEK*9^~#!encrypt#!1#!A#!encrypt#!2#!N@#!encrypt#!1#!/#!encrypt#!19#!N{e]Y=+\tX;ezEK*9^~#!encrypt#!1#!A#!encrypt#!2#!Nt#!encrypt#!1#!/#!encrypt#!6#!N{<]2/#!encrypt#!1#!A#!encrypt#!2#!Nj#!encrypt#!1#!/#!encrypt#!9#!N+f~O}(5+#!encrypt#!2#!N1#!encrypt#!3#!N_
#!encrypt#!2#!		#!encrypt#!7#!o3fpw;%#!encrypt#!4#!o3fp#!encrypt#!23#!A3fIq[a#VhM^z`R.mP3v&uZ#!encrypt#!1#!
#!encrypt#!2#!		#!encrypt#!4#!i%_i#!encrypt#!1#!A#!encrypt#!8#!>le_&=o@#!encrypt#!24#!A3fIq[a#VhM^z`R.mP3v&uN$#!encrypt#!19#!>3f;qZ(oPJ?J}`# l?`#!encrypt#!3#!NvT#!encrypt#!1#!p#!encrypt#!1#!/#!encrypt#!1#!
#!encrypt#!2#!		#!encrypt#!4#! %_i#!encrypt#!1#!A#!encrypt#!4#!{1}G#!encrypt#!3#!NvT#!encrypt#!1#!i#!encrypt#!1#!/#!encrypt#!1#!
#!encrypt#!3#!	9
#!encrypt#!1#!
#!encrypt#!4#!N%Ti#!encrypt#!6#!t([J6o#!encrypt#!2#!N1#!encrypt#!1#!A#!encrypt#!18#!N3fIq[a#VhM^z`m.rN#!encrypt#!1#!/#!encrypt#!22#!N3fIq[a#VhM^z`m.rN3v&u#!encrypt#!19#!N{e]Y=+\tX;ezEK*9^~#!encrypt#!1#!A#!encrypt#!2#!N@#!encrypt#!1#!/#!encrypt#!19#!N{e]Y=+\tX;ezEK*9^~#!encrypt#!1#!A#!encrypt#!2#!Nt#!encrypt#!1#!/#!encrypt#!6#!N{<]2/#!encrypt#!1#!A#!encrypt#!2#!Nj#!encrypt#!1#!/#!encrypt#!9#!N+f~O}(5+#!encrypt#!2#!N1#!encrypt#!3#!N_
#!encrypt#!2#!		#!encrypt#!7#!o3fpw;%#!encrypt#!4#!o3fp#!encrypt#!23#!A3fIq[a#VhM^z`m.rN3v&uZ#!encrypt#!1#!
#!encrypt#!2#!		#!encrypt#!4#!i%_i#!encrypt#!1#!A#!encrypt#!8#!>le_&=o@#!encrypt#!24#!A3fIq[a#VhM^z`m.rN3v&uN$#!encrypt#!19#!>3f;qZ(oPJ?J}`# l?`#!encrypt#!3#!NvT#!encrypt#!1#!p#!encrypt#!1#!/#!encrypt#!1#!
#!encrypt#!2#!		#!encrypt#!4#! %_i#!encrypt#!1#!A#!encrypt#!4#!{1}G#!encrypt#!3#!NvT#!encrypt#!1#!i#!encrypt#!1#!/#!encrypt#!1#!
#!encrypt#!3#!	9
#!encrypt#!1#!
#!encrypt#!4#!N%Ti#!encrypt#!6#!t([J6o#!encrypt#!2#!N1#!encrypt#!1#!A#!encrypt#!18#!N3fIq[a#VhM^z``.K=#!encrypt#!1#!/#!encrypt#!22#!N3fIq[a#VhM^z``.K=3v&u#!encrypt#!19#!N{e]Y=+\tX;ezEK*9^~#!encrypt#!1#!A#!encrypt#!2#!N@#!encrypt#!1#!/#!encrypt#!19#!N{e]Y=+\tX;ezEK*9^~#!encrypt#!1#!A#!encrypt#!2#!Nt#!encrypt#!1#!/#!encrypt#!6#!N{<]2/#!encrypt#!1#!A#!encrypt#!2#!Nj#!encrypt#!1#!/#!encrypt#!9#!N+f~O}(5+#!encrypt#!2#!N1#!encrypt#!3#!N_
#!encrypt#!2#!		#!encrypt#!7#!o3fpw;%#!encrypt#!4#!o3fp#!encrypt#!23#!A3fIq[a#VhM^z``.K=3v&uZ#!encrypt#!1#!
#!encrypt#!2#!		#!encrypt#!4#!i%_i#!encrypt#!1#!A#!encrypt#!8#!>le_&=o@#!encrypt#!24#!A3fIq[a#VhM^z``.K=3v&uN$#!encrypt#!19#!>3f;qZ(oPJ?J}`# l?`#!encrypt#!3#!NvT#!encrypt#!1#!p#!encrypt#!1#!/#!encrypt#!1#!
#!encrypt#!2#!		#!encrypt#!4#! %_i#!encrypt#!1#!A#!encrypt#!4#!{1}G#!encrypt#!3#!NvT#!encrypt#!1#!i#!encrypt#!1#!/#!encrypt#!1#!
#!encrypt#!3#!	9
#!encrypt#!1#!
#!encrypt#!4#!N%Ti#!encrypt#!6#!t([J6o#!encrypt#!2#!Nx#!encrypt#!1#!A#!encrypt#!17#!Nc4*q}A%UYPOGG':9#!encrypt#!1#!/#!encrypt#!10#!Nc4*{wA:Zc#!encrypt#!10#!N#M*q"6F+j#!encrypt#!1#!A#!encrypt#!5#!N@>==#!encrypt#!1#!/#!encrypt#!13#!N}Mf$\|fy_)ep#!encrypt#!1#!A#!encrypt#!6#!N~*z_.#!encrypt#!1#!/#!encrypt#!2#!N*#!encrypt#!10#!Nc4*q2A0+h#!encrypt#!1#!l#!encrypt#!2#!N*#!encrypt#!11#!Nc4*q/(5V/:#!encrypt#!1#!l#!encrypt#!9#!N+f~O}(5+#!encrypt#!2#!Nx#!encrypt#!3#!N_
#!encrypt#!2#!		#!encrypt#!4#! %_i#!encrypt#!8#!>le_&=o@#!encrypt#!12#!Ac4*{wA:Zc>p#!encrypt#!11#!.Oh.2^?R+hU#!encrypt#!1#!
#!encrypt#!2#!		#!encrypt#!4#!i%_i#!encrypt#!1#!A#!encrypt#!8#!>le_&=o@#!encrypt#!12#!Ac4*{wA:Zc>p#!encrypt#!10#!.Oh.HKB:.Q#!encrypt#!3#!NvT#!encrypt#!1#!p#!encrypt#!1#!/#!encrypt#!1#!
#!encrypt#!3#!	9
#!encrypt#!1#!
#!encrypt#!73#!-T_Zn;^^D!LZY3<L&!d:LC&{ct:REUm#-T_Zn;^^D!LZY3<L&!d:LC&{ct:REUm#-T_Zn;^^
#!encrypt#!26#!

|qXD9!g'+Hf'YMIqoc{Yo*0
#!encrypt#!20#!m3yfOVs!nEqq:uV@H-

#!encrypt#!79#!N%Ti2P[\=xMqH$T4?Wy+#]0$=_qtvr ?hOE]<$%@yjQn9<.x`XM]U*2xZATyr<XrL{E_&K"\xxA.99
#!encrypt#!79#!N%Ti2P[\=xMqH$T4?Wy+#]$$=_qtvr ?hOE]<$%@yjQn9<.x`XM]U*2xZATyr<XrL{E_&K"\xxA.99
#!encrypt#!79#!N%Ti2P[\=xMqH$T4?Wy+#t=$=_qtvr ?hOE]<$%@yjQn9<.x`XM]U*2xZATyr<XrL{E_&K"\xxA.99
#!encrypt#!79#!N%Ti2P[\=xMqH$T4?Wy+#eh$=_qtvr ?hOE]<$%@yjQn9<.x`XM]U*2xZATyr<XrL{E_&K"\xxA.99
#!encrypt#!79#!N%Ti2P[\=xMqH$T4?Wy+#e6$=_qtvr ?hOE]<$%@yjQn9<.x`XM]U*2xZATyr<XrL{E_&K"\xxA.99
#!encrypt#!79#!N%Ti2P[\=xMqH$T4?Wy+#eg$=_qtvr ?hOE]<$%@yjQn9<.x`XM]U*2xZATyr<XrL{E_&K"\xxA.99
#!encrypt#!79#!N%Ti2P[\=xMqH$T4?Wy+#es$=_qtvr ?hOE]<$%@yjQn9<.x`XM]U*2xZATyr<XrL{E_&K"\xxA.99
#!encrypt#!79#!N%Ti2P[\=xMqH$T4?Wy+#>=$=_qtvr ?hOE]<$%@yjQn9<.x`XM]U*2xZATyr<XrL{E_&K"\xxA.99
#!encrypt#!79#!N%Ti2P[\=xMqH$T4?Wy+#>h$=_qtvr ?hOE]<$%@yjQn9<.x`XM]U*2xZATyr<XrL{E_&K"\xxA.99
#!encrypt#!79#!N%Ti2P[\=xMqH$T4?Wy+#>6$=_qtvr ?hOE]<$%@yjQn9<.x`XM]U*2xZATyr<XrL{E_&K"\xxA.99
#!encrypt#!79#!N%Ti2P[\=xMqH$T4?Wy+#>g$=_qtvr ?hOE]<$%@yjQn9<.x`XM]U*2xZATyr<XrL{E_&K"\xxA.99
#!encrypt#!79#!N%Ti2P[\=xMqH$T4?Wy+#>s$=_qtvr ?hOE]<$%@yjQn9<.x`XM]U*2xZATyr<XrL{E_&K"\xxA.99
#!encrypt#!79#!N%Ti2P[\=xMqH$T4?Wy+#c=$=_qtvr ?hOE]<$%@yjQn9<.x`XM]U*2xZATyr<XrL{E_&K"\xxA.99
#!encrypt#!79#!N%Ti2P[\=xMqH$T4?Wy+#ch$=_qtvr ?hOE]<$%@yjQn9<.x`XM]U*2xZATyr<XrL{E_&K"\xxA.99
#!encrypt#!79#!N%Ti2P[\=xMqH$T4?Wy+#c6$=_qtvr ?hOE]<$%@yjQn9<.x`XM]U*2xZATyr<XrL{E_&K"\xxA.99
#!encrypt#!79#!N%Ti2P[\=xMqH$T4?Wy+#cg$=_qtvr ?hOE]<$%@yjQn9<.x`XM]U*2xZATyr<XrL{E_&K"\xxA.99
#!encrypt#!79#!N%Ti2P[\=xMqH$T4?Wy+#cs$=_qtvr ?hOE]<$%@yjQn9<.x`XM]U*2xZATyr<XrL{E_&K"\xxA.99
#!encrypt#!79#!N%Ti2P[\=xMqH$T4?Wy+c7h$=_qtvr ?hOE]<$%@yjQn9<.x`XM]U*2xZATyr<XrL{E_&K"\xxA.99
#!encrypt#!76#!~aH]8Vol]!T+`=w>Hg?]{oHx:t/V,R1Q,[8iwp(%ZcbuI*p@_E_-aYg-~5EVn.gr>l40nCh]z^H
#!encrypt#!1#!
