#! /usr/bin/vvp
:ivl_version "11.0 (stable)";
:ivl_delay_selection "TYPICAL";
:vpi_time_precision + 0;
:vpi_module "/usr/lib/x86_64-linux-gnu/ivl/system.vpi";
:vpi_module "/usr/lib/x86_64-linux-gnu/ivl/vhdl_sys.vpi";
:vpi_module "/usr/lib/x86_64-linux-gnu/ivl/vhdl_textio.vpi";
:vpi_module "/usr/lib/x86_64-linux-gnu/ivl/v2005_math.vpi";
:vpi_module "/usr/lib/x86_64-linux-gnu/ivl/va_math.vpi";
S_0x55822deade20 .scope module, "thermometer_to_binary" "thermometer_to_binary" 2 1;
 .timescale 0 0;
    .port_info 0 /INPUT 16 "ith";
    .port_info 1 /OUTPUT 4 "binary";
v0x55822deaf7b0_0 .var "binary", 3 0;
o0x7fa8e8ef2048 .functor BUFZ 16, C4<zzzzzzzzzzzzzzzz>; HiZ drive
v0x55822deafba0_0 .net "ith", 15 0, o0x7fa8e8ef2048;  0 drivers
E_0x55822deae8a0 .event edge, v0x55822deafba0_0;
    .scope S_0x55822deade20;
T_0 ;
    %wait E_0x55822deae8a0;
    %load/vec4 v0x55822deafba0_0;
    %dup/vec4;
    %pushi/vec4 1, 0, 16;
    %cmp/u;
    %jmp/1 T_0.0, 6;
    %dup/vec4;
    %pushi/vec4 3, 0, 16;
    %cmp/u;
    %jmp/1 T_0.1, 6;
    %dup/vec4;
    %pushi/vec4 7, 0, 16;
    %cmp/u;
    %jmp/1 T_0.2, 6;
    %dup/vec4;
    %pushi/vec4 15, 0, 16;
    %cmp/u;
    %jmp/1 T_0.3, 6;
    %dup/vec4;
    %pushi/vec4 31, 0, 16;
    %cmp/u;
    %jmp/1 T_0.4, 6;
    %dup/vec4;
    %pushi/vec4 63, 0, 16;
    %cmp/u;
    %jmp/1 T_0.5, 6;
    %dup/vec4;
    %pushi/vec4 127, 0, 16;
    %cmp/u;
    %jmp/1 T_0.6, 6;
    %dup/vec4;
    %pushi/vec4 255, 0, 16;
    %cmp/u;
    %jmp/1 T_0.7, 6;
    %dup/vec4;
    %pushi/vec4 511, 0, 16;
    %cmp/u;
    %jmp/1 T_0.8, 6;
    %dup/vec4;
    %pushi/vec4 1023, 0, 16;
    %cmp/u;
    %jmp/1 T_0.9, 6;
    %dup/vec4;
    %pushi/vec4 2047, 0, 16;
    %cmp/u;
    %jmp/1 T_0.10, 6;
    %dup/vec4;
    %pushi/vec4 4095, 0, 16;
    %cmp/u;
    %jmp/1 T_0.11, 6;
    %dup/vec4;
    %pushi/vec4 8191, 0, 16;
    %cmp/u;
    %jmp/1 T_0.12, 6;
    %dup/vec4;
    %pushi/vec4 16383, 0, 16;
    %cmp/u;
    %jmp/1 T_0.13, 6;
    %dup/vec4;
    %pushi/vec4 32767, 0, 16;
    %cmp/u;
    %jmp/1 T_0.14, 6;
    %dup/vec4;
    %pushi/vec4 0, 0, 16;
    %cmp/u;
    %jmp/1 T_0.15, 6;
    %pushi/vec4 15, 15, 4;
    %store/vec4 v0x55822deaf7b0_0, 0, 4;
    %jmp T_0.17;
T_0.0 ;
    %pushi/vec4 0, 0, 4;
    %store/vec4 v0x55822deaf7b0_0, 0, 4;
    %jmp T_0.17;
T_0.1 ;
    %pushi/vec4 1, 0, 4;
    %store/vec4 v0x55822deaf7b0_0, 0, 4;
    %jmp T_0.17;
T_0.2 ;
    %pushi/vec4 2, 0, 4;
    %store/vec4 v0x55822deaf7b0_0, 0, 4;
    %jmp T_0.17;
T_0.3 ;
    %pushi/vec4 3, 0, 4;
    %store/vec4 v0x55822deaf7b0_0, 0, 4;
    %jmp T_0.17;
T_0.4 ;
    %pushi/vec4 4, 0, 4;
    %store/vec4 v0x55822deaf7b0_0, 0, 4;
    %jmp T_0.17;
T_0.5 ;
    %pushi/vec4 5, 0, 4;
    %store/vec4 v0x55822deaf7b0_0, 0, 4;
    %jmp T_0.17;
T_0.6 ;
    %pushi/vec4 6, 0, 4;
    %store/vec4 v0x55822deaf7b0_0, 0, 4;
    %jmp T_0.17;
T_0.7 ;
    %pushi/vec4 7, 0, 4;
    %store/vec4 v0x55822deaf7b0_0, 0, 4;
    %jmp T_0.17;
T_0.8 ;
    %pushi/vec4 8, 0, 4;
    %store/vec4 v0x55822deaf7b0_0, 0, 4;
    %jmp T_0.17;
T_0.9 ;
    %pushi/vec4 9, 0, 4;
    %store/vec4 v0x55822deaf7b0_0, 0, 4;
    %jmp T_0.17;
T_0.10 ;
    %pushi/vec4 10, 0, 4;
    %store/vec4 v0x55822deaf7b0_0, 0, 4;
    %jmp T_0.17;
T_0.11 ;
    %pushi/vec4 11, 0, 4;
    %store/vec4 v0x55822deaf7b0_0, 0, 4;
    %jmp T_0.17;
T_0.12 ;
    %pushi/vec4 12, 0, 4;
    %store/vec4 v0x55822deaf7b0_0, 0, 4;
    %jmp T_0.17;
T_0.13 ;
    %pushi/vec4 13, 0, 4;
    %store/vec4 v0x55822deaf7b0_0, 0, 4;
    %jmp T_0.17;
T_0.14 ;
    %pushi/vec4 14, 0, 4;
    %store/vec4 v0x55822deaf7b0_0, 0, 4;
    %jmp T_0.17;
T_0.15 ;
    %pushi/vec4 15, 0, 4;
    %store/vec4 v0x55822deaf7b0_0, 0, 4;
    %jmp T_0.17;
T_0.17 ;
    %pop/vec4 1;
    %jmp T_0;
    .thread T_0, $push;
# The file index is used to find the file name in the following table.
:file_names 3;
    "N/A";
    "<interactive>";
    "therm_code.v";
