Running: /eda/cadence/2023-24/RHELx86/PEGASUS_23.11.000/tools.lnx86/Pegasus/bin/64bit/pegasusvirt \
  -isPegasus \
  -mode lvs \
  -global_log_file /home/cae3/Desktop/ADC/ASIC_ADC/Cadence_sky/DRC_LVS_run/pegasusuilvs.log \
  -control /home/cae3/Desktop/ADC/ASIC_ADC/Cadence_sky/DRC_LVS_run/pegasuslvsctl \
  -df2_version IC23.1.0 \
  -run_dir /home/cae3/Desktop/ADC/ASIC_ADC/Cadence_sky/DRC_LVS_run \
  -no_rules_check \
  -qrc_data \
  -schLibName ADC \
  -schCellName pre_therm \
  -schViewName schematic \
  -simViewList auCdl\ schematic \
  -simStopList auCdl \
  -displayPinInfo \
  -source_cdl /home/cae3/Desktop/ADC/ASIC_ADC/Cadence_sky/DRC_LVS_run/pre_therm.cdl \
  -spice /home/cae3/Desktop/ADC/ASIC_ADC/Cadence_sky/DRC_LVS_run/pre_therm.spi \
  -layLibName ADC \
  -layCellName pre_therm \
  -layViewName layout \
  -igds /home/cae3/Desktop/ADC/ASIC_ADC/Cadence_sky/DRC_LVS_run/pre_therm.gds.gz \
  -layScale 0.001 \
  -layTechLib sky130_fd_pr_main \
  -convertPin geometry \
  -replaceBusBitChar nil \
  -noConvertHalfWidthPath nil \
  -layHierDepth 32 \
  -layMaxVertices 2048 \
  -enableColoring yes \
  -rulesFile /home/cae3/Desktop/ADC/ASIC_ADC/Cadence_sky/DRC_LVS_run/.technology.rul \
  -log_dir LOGS



Virtuoso Framework License (111) was checked out successfully. Total checkout time was 0.04s.
********************************************************************************
Product   : Virtuoso(R) XStream Out
Program   : @(#)$CDS: strmout version IC23.1-64b 09/20/2023 08:16 (cpgbld16) $
          : sub-version  IC23.1-64b.ISR2.29 
Started at: 09-Dec-2024  01:54:23
User Name : cae3
Host Name : cae-europractice1.othr.de
Directory : /home/cae3/Desktop/ADC/ASIC_ADC/Cadence_sky
CADENCE Design Systems, Inc.
********************************************************************************
Info: Cellview Rev Num:99,  Tech Rev Num:59

WARNING (XSTRM-20): Output Stream file '/home/cae3/Desktop/ADC/ASIC_ADC/Cadence_sky/DRC_LVS_run/pre_therm.gds.gz' already exists. It will be overwritten.
Loading sky130_fd_pr_main/libInit.il ...
	Loading sky130_fd_pr_main/loadCxt.ile ... done!
	Loading context 'sky130_fd_pr_main' from library 'sky130_fd_pr_main' ... done!
	Loading context 'pdkUtils' from library 'sky130_fd_pr_main' ... done!
	Loading sky130_fd_pr_main/libInitCktPro.il ... done!
	Loading sky130_fd_pr_main/libInitCustomExit.il ... 	Loading Environment Settings ...
done!
Loaded sky130_fd_pr_main/libInit.il successfully!
INFO (XSTRM-217): Reading the layer map file, /mnt/cae_storage_sw/eda/cadence/pdks/sky130/sky130_release_004a/libs/sky130_fd_pr_main/sky130_fd_pr_main.layermap
WARNING (XSTRM-333): The '-enableColoring' option will be ignored during XStream Out. This is because there is no color entry in the layer map and the object map file.
INFO (XSTRM-427): Based on current hardware configuration, running XStream Out translation in multi-threaded mode with 4 threads.
INFO (XSTRM-280): The output file will be a compressed file because the file name has extension .gz
INFO (XSTRM-162): You have not used the '-viaMap' option. If the OpenAccess design has native oaVia instances, use the '-viaMap' option for preserving oaVia instances in a XStream Out - XStream In round trip. Using the '-viaMap' option improves performance and VM usage of applications using the Streamed-In design.

Summary of Options :
library                                 ADC
strmFile                                /home/cae3/Desktop/ADC/ASIC_ADC/Cadence_sky/DRC_LVS_run/pre_therm.gds.gz
topCell                                 pre_therm
view                                    layout
runDir                                  /home/cae3/Desktop/ADC/ASIC_ADC/Cadence_sky/DRC_LVS_run
logFile                                 /home/cae3/Desktop/ADC/ASIC_ADC/Cadence_sky/DRC_LVS_run/PIPO1.LOG
techLib                                 sky130_fd_pr_main
hierDepth                               32
maxVertices                             2048
layerMap                                /mnt/cae_storage_sw/eda/cadence/pdks/sky130/sky130_release_004a/libs/sky130_fd_pr_main/sky130_fd_pr_main.layermap
userSkillFile                           /home/cae3/Desktop/ADC/ASIC_ADC/Cadence_sky/DRC_LVS_run/strmout.il
labelDepth                              32
case                                    Preserve
convertDot                              node

INFO (XSTRM-180): You have not used the '-objectMap' option. The design has instance(s) of at least one of following OpenAccess objects: oaBlockage, oaBoundary, oaRow, and oaMarker. Any information about these objects will not be translated into the generated stream file. Use the '-objectMap' option to translate/preserve these objects using XStream.
INFO (XSTRM-223): 1. Translating stdVia sky130_fd_pr_main/M1M2_C/layout as STRUCTURE M1M2_C_CDNS_733705663440.
INFO (XSTRM-223): 2. Translating stdVia sky130_fd_pr_main/M2M3_C/layout as STRUCTURE M2M3_C_CDNS_733705663441.
INFO (XSTRM-223): 3. Translating stdVia sky130_fd_pr_main/M1M2_C/layout as STRUCTURE M1M2_C_CDNS_733705663442.
INFO (XSTRM-223): 4. Translating stdVia sky130_fd_pr_main/M3M4_C/layout as STRUCTURE M3M4_C_CDNS_733705663443.
INFO (XSTRM-223): 5. Translating stdVia sky130_fd_pr_main/PYL1CON_C/layout as STRUCTURE PYL1CON_C_CDNS_733705663444.
INFO (XSTRM-223): 6. Translating stdVia sky130_fd_pr_main/L1M1_C/layout as STRUCTURE L1M1_C_CDNS_733705663445.
INFO (XSTRM-223): 7. Translating stdVia sky130_fd_pr_main/L1M1_C/layout as STRUCTURE L1M1_C_CDNS_733705663446.
INFO (XSTRM-223): 8. Translating stdVia sky130_fd_pr_main/L1M1_C/layout as STRUCTURE L1M1_C_CDNS_733705663447.
INFO (XSTRM-223): 9. Translating cellview sky130_fd_pr_main/nfet_01v8/layout as STRUCTURE nfet_01v8_CDNS_733705663440.
INFO (XSTRM-223): 10. Translating cellview sky130_fd_pr_main/pfet_01v8/layout as STRUCTURE pfet_01v8_CDNS_733705663441.
INFO (XSTRM-223): 11. Translating cellview ADC/inv01f/layout as STRUCTURE inv01f.
INFO (XSTRM-223): 12. Translating stdVia sky130_fd_pr_main/L1M1_C/layout as STRUCTURE L1M1_C_CDNS_733705663448.
INFO (XSTRM-223): 13. Translating cellview sky130_fd_pr_main/pfet_01v8/layout as STRUCTURE pfet_01v8_CDNS_733705663442.
INFO (XSTRM-223): 14. Translating cellview sky130_fd_pr_main/nfet_01v8/layout as STRUCTURE nfet_01v8_CDNS_733705663443.
INFO (XSTRM-223): 15. Translating cellview ADC/preampF/layout as STRUCTURE preampF.
INFO (XSTRM-223): 16. Translating cellview sky130_fd_pr_main/pfet_01v8/layout as STRUCTURE pfet_01v8_CDNS_733705663444.
INFO (XSTRM-223): 17. Translating cellview sky130_fd_pr_main/nfet_01v8/layout as STRUCTURE nfet_01v8_CDNS_733705663445.
INFO (XSTRM-223): 18. Translating cellview ADC/inv02f/layout as STRUCTURE inv02f.
INFO (XSTRM-223): 19. Translating cellview sky130_fd_pr_main/pfet_01v8/layout as STRUCTURE pfet_01v8_CDNS_733705663446.
INFO (XSTRM-223): 20. Translating cellview sky130_fd_pr_main/nfet_01v8/layout as STRUCTURE nfet_01v8_CDNS_733705663447.
INFO (XSTRM-223): 21. Translating cellview ADC/preamp1F/layout as STRUCTURE preamp1F.
INFO (XSTRM-223): 22. Translating cellview sky130_fd_pr_main/pfet_01v8/layout as STRUCTURE pfet_01v8_CDNS_733705663448.
INFO (XSTRM-223): 23. Translating cellview sky130_fd_pr_main/nfet_01v8/layout as STRUCTURE nfet_01v8_CDNS_733705663449.
INFO (XSTRM-223): 24. Translating cellview ADC/inv03f/layout as STRUCTURE inv03f.
INFO (XSTRM-223): 25. Translating cellview sky130_fd_pr_main/pfet_01v8/layout as STRUCTURE pfet_01v8_CDNS_7337056634410.
INFO (XSTRM-223): 26. Translating cellview sky130_fd_pr_main/nfet_01v8/layout as STRUCTURE nfet_01v8_CDNS_7337056634411.
INFO (XSTRM-223): 27. Translating cellview ADC/inv04f/layout as STRUCTURE inv04f.
INFO (XSTRM-223): 28. Translating cellview sky130_fd_pr_main/pfet_01v8/layout as STRUCTURE pfet_01v8_CDNS_7337056634412.
INFO (XSTRM-223): 29. Translating cellview sky130_fd_pr_main/nfet_01v8/layout as STRUCTURE nfet_01v8_CDNS_7337056634413.
INFO (XSTRM-223): 30. Translating cellview ADC/inv05f/layout as STRUCTURE inv05f.
INFO (XSTRM-223): 31. Translating cellview sky130_fd_pr_main/nfet_01v8/layout as STRUCTURE nfet_01v8_CDNS_7337056634414.
INFO (XSTRM-223): 32. Translating cellview sky130_fd_pr_main/pfet_01v8/layout as STRUCTURE pfet_01v8_CDNS_7337056634415.
INFO (XSTRM-223): 33. Translating cellview ADC/inv06f/layout as STRUCTURE inv06f.
INFO (XSTRM-223): 34. Translating cellview sky130_fd_pr_main/nfet_01v8/layout as STRUCTURE nfet_01v8_CDNS_7337056634416.
INFO (XSTRM-223): 35. Translating cellview sky130_fd_pr_main/pfet_01v8/layout as STRUCTURE pfet_01v8_CDNS_7337056634417.
INFO (XSTRM-223): 36. Translating cellview ADC/inv07f/layout as STRUCTURE inv07f.
INFO (XSTRM-223): 37. Translating cellview sky130_fd_pr_main/nfet_01v8/layout as STRUCTURE nfet_01v8_CDNS_7337056634418.
INFO (XSTRM-223): 38. Translating cellview sky130_fd_pr_main/pfet_01v8/layout as STRUCTURE pfet_01v8_CDNS_7337056634419.
INFO (XSTRM-223): 39. Translating cellview ADC/inv08f/layout as STRUCTURE inv08f.
INFO (XSTRM-223): 40. Translating cellview sky130_fd_pr_main/nfet_01v8/layout as STRUCTURE nfet_01v8_CDNS_7337056634420.
INFO (XSTRM-223): 41. Translating cellview sky130_fd_pr_main/pfet_01v8/layout as STRUCTURE pfet_01v8_CDNS_7337056634421.
INFO (XSTRM-223): 42. Translating cellview ADC/inv09f/layout as STRUCTURE inv09f.
INFO (XSTRM-223): 43. Translating cellview sky130_fd_pr_main/pfet_01v8/layout as STRUCTURE pfet_01v8_CDNS_7337056634422.
INFO (XSTRM-223): 44. Translating cellview ADC/div_fixed/layout as STRUCTURE div_fixed.
INFO (XSTRM-223): 45. Translating cellview sky130_fd_pr_main/nfet_01v8/layout as STRUCTURE nfet_01v8_CDNS_7337056634423.
INFO (XSTRM-223): 46. Translating cellview sky130_fd_pr_main/pfet_01v8/layout as STRUCTURE pfet_01v8_CDNS_7337056634424.
INFO (XSTRM-223): 47. Translating cellview ADC/inv10f/layout as STRUCTURE inv10f.
INFO (XSTRM-223): 48. Translating cellview sky130_fd_pr_main/nfet_01v8/layout as STRUCTURE nfet_01v8_CDNS_7337056634425.
INFO (XSTRM-223): 49. Translating cellview sky130_fd_pr_main/pfet_01v8/layout as STRUCTURE pfet_01v8_CDNS_7337056634426.
INFO (XSTRM-223): 50. Translating cellview ADC/inv11f/layout as STRUCTURE inv11f.
INFO (XSTRM-223): 51. Translating cellview sky130_fd_pr_main/nfet_01v8/layout as STRUCTURE nfet_01v8_CDNS_7337056634427.
INFO (XSTRM-223): 52. Translating cellview sky130_fd_pr_main/pfet_01v8/layout as STRUCTURE pfet_01v8_CDNS_7337056634428.
INFO (XSTRM-223): 53. Translating cellview ADC/inv12f/layout as STRUCTURE inv12f.
INFO (XSTRM-223): 54. Translating cellview sky130_fd_pr_main/nfet_01v8/layout as STRUCTURE nfet_01v8_CDNS_7337056634429.
INFO (XSTRM-223): 55. Translating cellview sky130_fd_pr_main/pfet_01v8/layout as STRUCTURE pfet_01v8_CDNS_7337056634430.
INFO (XSTRM-223): 56. Translating cellview ADC/inv13f/layout as STRUCTURE inv13f.
INFO (XSTRM-223): 57. Translating cellview sky130_fd_pr_main/nfet_01v8/layout as STRUCTURE nfet_01v8_CDNS_7337056634431.
INFO (XSTRM-223): 58. Translating cellview sky130_fd_pr_main/pfet_01v8/layout as STRUCTURE pfet_01v8_CDNS_7337056634432.
INFO (XSTRM-223): 59. Translating cellview ADC/inv14f/layout as STRUCTURE inv14f.
INFO (XSTRM-223): 60. Translating cellview sky130_fd_pr_main/pfet_01v8/layout as STRUCTURE pfet_01v8_CDNS_7337056634433.
INFO (XSTRM-223): 61. Translating cellview ADC/inv15f/layout as STRUCTURE inv15f.
INFO (XSTRM-223): 62. Translating cellview ADC/pre_therm/layout as STRUCTURE pre_therm.

Summary of Objects Translated:
	Scalar Instances:                       54
	Array Instances:                        0
	Polygons:                               0
	Paths:                                  0
	Rectangles:                             1261
	Lines:                                  0
	Arcs:                                   0
	Donuts:                                 0
	Dots:                                   0
	Ellipses:                               0
	Boundaries:                             0
	Area Blockages:                         0
	Layer Blockages:                        0
	Area Halos:                             0
	Markers:                                0
	Rows:                                   0
	Stitch:                                 0
	Standard Vias                           126
	Custom Vias:                            0
	CdsGen Vias:                            0
	Pathsegs:                               19
	Text:                                   141
	TextDisplay:                            0
	Cells:                                  62

Elapsed Time: 0.5s   User Time: 0.1s   CPU Time: 0.1s   Peak VM: 38932KB
INFO (XSTRM-234): Translation completed. '0' error(s) and '2' warning(s) found.

Creation of CDL for ADC/pre_therm/schematic is started
 si -batch /home/cae3/Desktop/ADC/ASIC_ADC/Cadence_sky/DRC_LVS_run/ >/home/cae3/Desktop/ADC/ASIC_ADC/Cadence_sky/DRC_LVS_run/SI.OUT 2>/home/cae3/Desktop/ADC/ASIC_ADC/Cadence_sky/DRC_LVS_run/SI.LOG 
Virtuoso Framework License (111) was checked out successfully. Total checkout time was 0.05s.

Running simulation in directory: "/home/cae3/Desktop/ADC/ASIC_ADC/Cadence_sky/DRC_LVS_run/".

Loading sky130_fd_pr_main/libInit.il ...
	Loading sky130_fd_pr_main/loadCxt.ile ... done!
	Loading context 'sky130_fd_pr_main' from library 'sky130_fd_pr_main' ... done!
	Loading context 'pdkUtils' from library 'sky130_fd_pr_main' ... done!
	Loading sky130_fd_pr_main/libInitCktPro.il ... done!
	Loading sky130_fd_pr_main/libInitCustomExit.il ... 	Loading Environment Settings ...
done!
Loaded sky130_fd_pr_main/libInit.il successfully!
Loading hnlInit.cxt 
Running Artist Hierarchical Netlisting ...
Loading cdf.cxt 
End netlisting Dec  9 01:54:24 2024

Running simin

Running runSim()...


Running runsim with simulator: "auCdl"
Begin simulation:    Dec  9 01:54:24 2024

auCdl netlisting completed
End simulation:      Dec  9 01:54:24 2024
INFO (AUCDL-21): (Analog) CDL netlisting completed successfully.

Pegasus 23.11-s009 FbGK7KjMGPhkNci2o09sLg 2024-12-09 01:54:28 1956610 cae-europractice1.othr.de
Copyright 2023 Cadence Design Systems, Inc.
All rights reserved worldwide.

INFO:    Command Line Options: -lvs -top_cell pre_therm -log_dir LOGS -source_top_cell pre_therm -spice /home/cae3/Desktop/ADC/ASIC_ADC/Cadence_sky/DRC_LVS_run/pre_therm.spi -qrc_data -control /home/cae3/Desktop/ADC/ASIC_ADC/Cadence_sky/DRC_LVS_run/pegasuslvsctl -ui_data -gdb_data /home/cae3/Desktop/ADC/ASIC_ADC/Cadence_sky/DRC_LVS_run/.technology.rul
INFO:    Launch host CPU: Model: AMD Ryzen Threadripper PRO 5975WX 32-Cores, OS: Oracle Linux Server release 8.10, Logical cores: 16, Physical cores: 16, Cache: 512 KB, CPU Speed: 3593.24 MHz
         Launch host Memory: MemTotal: 31806 MB,  MemFree: 506 MB,  SwapTotal: 0 MB,  SwapFree: 0 MB,  VmallocTotal: 33554431 MB,  VmallocUsed: 87 MB
INFO:    Current path: /home/cae3/Desktop/ADC/ASIC_ADC/Cadence_sky/DRC_LVS_run
INFO:    Run directory same as current path
INFO:    Log directory: /home/cae3/Desktop/ADC/ASIC_ADC/Cadence_sky/DRC_LVS_run/LOGS
INFO:    PVL parsing results:
WARNING: In technology 'sky130_pvs', the rule set 'default' is not a Pegasus rule set.
It will be accepted for this run but should be changed to a pegasusRuleSet.
WARNING: LAYOUT_FORMAT at line 24 in file /home/cae3/Desktop/ADC/ASIC_ADC/Cadence_sky/Sky130_DRC/pvs/./sky130.lvs.pvl is skipped. It is set in control file.
WARNING: LAYOUT_PATH at line 28 in file /home/cae3/Desktop/ADC/ASIC_ADC/Cadence_sky/Sky130_DRC/pvs/./sky130.lvs.pvl is skipped. It is set in control file.
WARNING: Cmd-line override: LAYOUT_PRIMARY "pre_therm";
WARNING: REPORT_SUMMARY statement at line 36 in file /home/cae3/Desktop/ADC/ASIC_ADC/Cadence_sky/Sky130_DRC/pvs/./sky130.lvs.pvl is ignored.
       summary file has been specified as /home/cae3/Desktop/ADC/ASIC_ADC/Cadence_sky/DRC_LVS_run/pre_therm.sum
WARNING: option -drc is skipped at line 40 in file /home/cae3/Desktop/ADC/ASIC_ADC/Cadence_sky/Sky130_DRC/pvs/./sky130.lvs.pvl
WARNING: MAX_RESULTS -erc at line 44 in file /home/cae3/Desktop/ADC/ASIC_ADC/Cadence_sky/Sky130_DRC/pvs/./sky130.lvs.pvl is skipped. It is set in control file.
WARNING: option -drc is skipped at line 48 in file /home/cae3/Desktop/ADC/ASIC_ADC/Cadence_sky/Sky130_DRC/pvs/./sky130.lvs.pvl
WARNING: ABORT_ON_LAYOUT_ERROR at line 52 in file /home/cae3/Desktop/ADC/ASIC_ADC/Cadence_sky/Sky130_DRC/pvs/./sky130.lvs.pvl is skipped. It is set in control file.
WARNING: TEXT_DEPTH at line 54 in file /home/cae3/Desktop/ADC/ASIC_ADC/Cadence_sky/Sky130_DRC/pvs/./sky130.lvs.pvl is skipped. It is set in control file.
WARNING: LVS_RECOGNIZE_GATES at line 972 in file /home/cae3/Desktop/ADC/ASIC_ADC/Cadence_sky/Sky130_DRC/pvs/./sky130.lvs.pvl is skipped. Pegasus only takes the first LVS_RECOGNIZE_GATES command.

INFO:    See "/home/cae3/Desktop/ADC/ASIC_ADC/Cadence_sky/DRC_LVS_run/LOGS/pvl.log" for additional details.

INFO:    Checking out 1 license(s) of feature: 'Pegasus_LVS' version 23.1
INFO:    License checkout successful ... 2024-12-09 01:54:35

INFO:    Checking out 1 license(s) of feature: 'Pegasus_16nm' version 23.1
INFO:    License checkout successful ... 2024-12-09 01:54:35
WARNING: Neither hcell nor -automatch option is specified.
INFO:    Worker 0 started on host cae-europractice1.othr.de with 1 cpu(s)
         CPU: Model: AMD Ryzen Threadripper PRO 5975WX 32-Cores, OS: Oracle Linux Server release 8.10, Logical cores: 16, Physical cores: 16, Cache: 512 KB, CPU Speed: 3593.24 MHz
         Memory: MemTotal: 31806 MB,  MemFree: 492 MB,  SwapTotal: 0 MB,  SwapFree: 0 MB,  VmallocTotal: 33554431 MB,  VmallocUsed: 87 MB
INFO:    LVS report file: /home/cae3/Desktop/ADC/ASIC_ADC/Cadence_sky/DRC_LVS_run/pre_therm.rep 
INFO:    Extracted layout netlist: /home/cae3/Desktop/ADC/ASIC_ADC/Cadence_sky/DRC_LVS_run/pre_therm.spi 
INFO:    Setting LAYOUT_PATH to: /home/cae3/Desktop/ADC/ASIC_ADC/Cadence_sky/DRC_LVS_run/pre_therm.gds.gz 
INFO:    Setting LAYOUT_PRIMARY to: pre_therm 
INFO:    Setting SCHEMATIC_PATH to: /home/cae3/Desktop/ADC/ASIC_ADC/Cadence_sky/DRC_LVS_run/pre_therm.cdl 
INFO:    Setting SCHEMATIC_PRIMARY to: pre_therm 

INFO:    Gdsii input summary
         File name: /home/cae3/Desktop/ADC/ASIC_ADC/Cadence_sky/DRC_LVS_run/pre_therm.gds.gz
         File size: 14214
         Version: 5.0
         Library name: ADC
         Last modified: 2024-12-8 17:46:1
         Last accessed: 2024-12-9 1:54:23
         Database unit in user units: 0.001
         Database unit in meters: 1e-09
         Magnification: 1 

INFO:    Cell Summary:
         ----------------------------------------------------------------------------
             CELL                            INSTANCE    GEOMETRY      LABELS        HREF        FREF
         ----------------------------------------------------------------------------
         M1M2_C_CDNS_733705663440                   0           3           0          34          34
         M2M3_C_CDNS_733705663441                   0           4           0           8           8
         M1M2_C_CDNS_733705663442                   0           4           0           8           8
         M3M4_C_CDNS_733705663443                   0           4           0           4           4
         PYL1CON_C_CDNS_733705663444                0           3           0          18          18
         L1M1_C_CDNS_733705663445                   0           3           0          18          18
         L1M1_C_CDNS_733705663446                   0           4           0          21          21
         L1M1_C_CDNS_733705663447                   0           3           0          13          13
         nfet_01v8_CDNS_733705663440                0          13           0           1           1
         pfet_01v8_CDNS_733705663441                0          16           0           1           1
         inv01f                                     6          34           4           1           1
         L1M1_C_CDNS_733705663448                   0           5           0           2           2
         pfet_01v8_CDNS_733705663442                0          14           0           2           2
         nfet_01v8_CDNS_733705663443                0          17           0           1           1
         preampF                                    7          36           4           1           1
         pfet_01v8_CDNS_733705663444                0          16           0           1           1
         nfet_01v8_CDNS_733705663445                0          13           0           1           1
         inv02f                                     6          34           4           1           1
         pfet_01v8_CDNS_733705663446                0          14           0           1           1
         nfet_01v8_CDNS_733705663447                0          13           0           1           1
         preamp1F                                   5          35           4           1           1
         pfet_01v8_CDNS_733705663448                0          14           0           1           1
         nfet_01v8_CDNS_733705663449                0          13           0           1           1
         inv03f                                     6          34           4           1           1
         pfet_01v8_CDNS_7337056634410               0          14           0           1           1
         nfet_01v8_CDNS_7337056634411               0          15           0           1           1
         inv04f                                     6          34           4           1           1
         pfet_01v8_CDNS_7337056634412               0          16           0           1           1
         nfet_01v8_CDNS_7337056634413               0          13           0           1           1
         inv05f                                     6          35           4           1           1
         nfet_01v8_CDNS_7337056634414               0          15           0           1           1
         pfet_01v8_CDNS_7337056634415               0          14           0           1           1
         inv06f                                     6          34           4           1           1
         nfet_01v8_CDNS_7337056634416               0          15           0           1           1
         pfet_01v8_CDNS_7337056634417               0          14           0           1           1
         inv07f                                     6          34           4           1           1
         nfet_01v8_CDNS_7337056634418               0          13           0           1           1
         pfet_01v8_CDNS_7337056634419               0          16           0           1           1
         inv08f                                     6          35           4           1           1
         nfet_01v8_CDNS_7337056634420               0          13           0           1           1
         pfet_01v8_CDNS_7337056634421               0          26           0           1           1
         inv09f                                     6          37           4           1           1
         pfet_01v8_CDNS_7337056634422               0          16           0           1           1
         div_fixed                                  6          35           3           1           1
         nfet_01v8_CDNS_7337056634423               0          15           0           1           1
         pfet_01v8_CDNS_7337056634424               0          16           0           1           1
         inv10f                                     6          34           4           1           1
         nfet_01v8_CDNS_7337056634425               0          13           0           2           2
         pfet_01v8_CDNS_7337056634426               0          16           0           1           1
         inv11f                                     6          33           4           1           1
         nfet_01v8_CDNS_7337056634427               0          15           0           1           1
         pfet_01v8_CDNS_7337056634428               0          16           0           1           1
         inv12f                                     6          34           4           1           1
         nfet_01v8_CDNS_7337056634429               0          13           0           1           1
         pfet_01v8_CDNS_7337056634430               0          16           0           1           1
         inv13f                                     6          33           4           1           1
         nfet_01v8_CDNS_7337056634431               0          13           0           1           1
         pfet_01v8_CDNS_7337056634432               0          16           0           1           1
         inv14f                                     6          33           4           1           1
         pfet_01v8_CDNS_7337056634433               0          16           0           1           1
         inv15f                                     6          33           4           1           1
         pre_therm                                 72         122          18           1           1
         ----------------------------------------------------------------------------
         TOTAL CELL = 62;  INSTANCE = 180;  GEOMETRY = 1280;  LABEL = 89

INFO:    Layer Summary:
         ----------------------------------------------------------------------------
             LAYER                            ID       HPN      HTC        FPN       FTC
         ----------------------------------------------------------------------------
         diff                               1001       104         0       110         0
         tap                                1003        38         0        38         0
         nwell_in                           1004        53         0        54         0
         hvtp                               1009         0         0         0         0
         hvi                                1011         0         0         0         0
         lvtn                               1013         0         0         0         0
         poly_in                            1014       204         0       231         0
         nsdm                               1017        88         0        89         0
         psdm                               1018        96         0        97         0
         rpm                                1019         0         0         0         0
         urpm                               1020         0         0         0         0
         npc                                1021         1         0        18         0
         licon1                             1022       181         0       202         0
         li1_in                             1023       167         0       221         0
         mcon                               1025        79         0       151         0
         met1_in                            1026       114         0       204         0
         via                                1028         3         0        50         0
         met2_in                            1029        50         0        97         0
         via2                               1031         2         0        16         0
         met3_in                            1032         4         0        14         0
         via3_in                            1034         2         0         8         0
         met4_in                            1035         5         0         8         0
         via4                               1037         0         0         0         0
         met5_in                            1038         0         0         0         0
         capm                               1043         0         0         0         0
         areaid.sl                          1055         0         0         0         0
         areaid.hl                          1081         0         0         0         0
         poly_res                           1091         0         0         0         0
         diff_res                           1092         0         0         0         0
         li1_label                          1115         0         0         0         0
         met1_label                         1116         0        73         0        73
         met2_label                         1117         0        16         0        16
         met3_label                         1118         0         0         0         0
         met4_label                         1119         0         0         0         0
         met5_label                         1120         0         0         0         0
         pwell_in                           1123         0         0         0         0
         pwell_label                        1124         0         0         0         0
         nwell_label                        1128         0         0         0         0
         li1_pin                            1139         0         0         0         0
         met1_pin                           1141        73         0        73         0
         met2_pin                           1143        16         0        16         0
         met3_pin                           1145         0         0         0         0
         met4_pin                           1147         0         0         0         0
         met5_pin                           1149         0         0         0         0
         nwell_pin                          1154         0         0         0         0
         pwell_pin                          1157         0         0         0         0
         met1_res                           1265         0         0         0         0
         met2_res                           1266         0         0         0         0
         met3_res                           1267         0         0         0         0
         met4_res                           1268         0         0         0         0
         met5_res                           1269         0         0         0         0
         ----------------------------------------------------------------------------

INFO:    CHIP EXTENT: -1655 -1785 13140 15325


INFO:    Ports ...
         ========================================================================

INFO:    Texts For Connectivity ...
         ========================================================================
         VSS (9.470, 0.010) 1116 pre_therm
         VDD (8.950, 13.965) 1116 pre_therm
         Y15 (12.825, 7.350) 1117 pre_therm
         Y14 (12.870, 10.780) 1117 pre_therm
         Y13 (9.780, 14.995) 1117 pre_therm
         Y12 (8.140, 14.995) 1117 pre_therm
         Y11 (6.520, 14.995) 1117 pre_therm
         Y10 (5.185, 14.995) 1117 pre_therm
         Y09 (4.135, 14.995) 1117 pre_therm
         Y08 (3.290, 14.995) 1117 pre_therm
         Y07 (9.470, -1.585) 1117 pre_therm
         Y06 (7.830, -1.585) 1117 pre_therm
         Y05 (6.085, -1.550) 1117 pre_therm
         Y04 (4.520, -1.550) 1117 pre_therm
         Y03 (2.710, -1.550) 1117 pre_therm
         Y02 (1.165, 15.065) 1117 pre_therm
         Y01 (0.240, 15.100) 1117 pre_therm
         IN (-1.430, 6.530) 1117 pre_therm
         Y (1.325, 1.750) 1116 inv15f
         VSS (0.280, -0.010) 1116 inv15f
         VDD (0.370, 4.135) 1116 inv15f
         A (0.700, 1.770) 1116 inv15f
         Y (1.190, 1.665) 1116 inv14f
         VSS (0.280, -0.010) 1116 inv14f
         VDD (0.370, 4.135) 1116 inv14f
         A (0.520, 1.750) 1116 inv14f
         Y (1.075, 1.665) 1116 inv13f
         VSS (0.280, -0.010) 1116 inv13f
         VDD (0.370, 4.135) 1116 inv13f
         A (0.465, 1.795) 1116 inv13f
         Y (1.080, 1.665) 1116 inv12f
         VSS (0.280, -0.010) 1116 inv12f
         VDD (0.370, 4.135) 1116 inv12f
         A (0.465, 2.190) 1116 inv12f
         Y (1.305, 1.725) 1116 inv11f
         VSS (0.280, -0.010) 1116 inv11f
         VDD (0.370, 4.135) 1116 inv11f
         A (0.480, 1.770) 1116 inv11f
         Y (1.250, 1.605) 1116 inv10f
         VSS (0.280, -0.010) 1116 inv10f
         VDD (0.370, 4.135) 1116 inv10f
         A (0.500, 1.865) 1116 inv10f
         Y (1.360, 1.660) 1116 div_fixed
         VSS (0.320, -0.010) 1116 div_fixed
         A (0.150, 2.610) 1116 div_fixed
         Y (1.230, 2.330) 1116 inv09f
         VSS (0.280, -0.010) 1116 inv09f
         VDD (0.370, 4.135) 1116 inv09f
         A (0.020, 2.080) 1116 inv09f
         Y (1.040, 2.250) 1116 inv08f
         VSS (0.280, -0.010) 1116 inv08f
         VDD (0.370, 4.135) 1116 inv08f
         A (0.155, 1.750) 1116 inv08f
         Y (1.250, 2.305) 1116 inv07f
         VSS (0.320, -0.010) 1116 inv07f
         VDD (0.370, 4.135) 1116 inv07f
         A (0.435, 2.325) 1116 inv07f
         Y (1.320, 2.305) 1116 inv06f
         VSS (0.320, -0.010) 1116 inv06f
         VDD (0.370, 4.135) 1116 inv06f
         A (0.555, 2.325) 1116 inv06f
         Y (1.215, 2.305) 1116 inv05f
         VSS (0.320, -0.010) 1116 inv05f
         VDD (0.370, 4.135) 1116 inv05f
         A (0.510, 1.815) 1116 inv05f
         Y (1.360, 2.305) 1116 inv04f
         VSS (0.320, -0.010) 1116 inv04f
         VDD (0.370, 4.135) 1116 inv04f
         A (0.575, 1.035) 1116 inv04f
         Y (1.385, 2.340) 1116 inv03f
         VSS (0.320, -0.010) 1116 inv03f
         VDD (0.370, 4.135) 1116 inv03f
         A (0.510, 1.875) 1116 inv03f
         Y (0.715, 2.025) 1116 preamp1F
         VSS (0.320, -0.010) 1116 preamp1F
         VDD (0.370, 4.135) 1116 preamp1F
         A (0.810, 0.995) 1116 preamp1F
         Y (1.245, 1.660) 1116 inv02f
         VSS (0.320, -0.010) 1116 inv02f
         VDD (0.370, 4.135) 1116 inv02f
         A (0.460, 1.635) 1116 inv02f
         Y (1.095, 0.895) 1116 preampF
         VSS (0.320, -0.010) 1116 preampF
         VDD (0.370, 4.135) 1116 preampF
         A (0.415, 2.140) 1116 preampF
         Y (1.350, 1.500) 1116 inv01f
         VSS (0.320, -0.010) 1116 inv01f
         VDD (0.370, 4.135) 1116 inv01f
         A (0.575, 1.635) 1116 inv01f

INFO:    Texts For SELECT -LABEL ...
         ========================================================================

INFO:    Texts For EXPAND_TEXT_ORIGIN ...
         ========================================================================

INFO:    Texts For DFM_TEXT ...
         ========================================================================

INFO:    Texts For Device Text Model Layer ...
         ========================================================================

INFO:    Texts For Device Text Property Layer ...
         ========================================================================

INFO:    Layer Summary(Texts For Connectivity):
         ----------------------------------------------------------------------------
             LAYER                            ID       TEXTS
         ----------------------------------------------------------------------------
         met1_label                         1116        73
         met2_label                         1117        16
         ----------------------------------------------------------------------------

INFO:    Layer Summary(Texts For SELECT -LABEL):
         ----------------------------------------------------------------------------
             LAYER                            ID       TEXTS
         ----------------------------------------------------------------------------
         ----------------------------------------------------------------------------

INFO:    Layer Summary(Texts For EXPAND_TEXT_ORIGIN):
         ----------------------------------------------------------------------------
             LAYER                            ID       TEXTS
         ----------------------------------------------------------------------------
         ----------------------------------------------------------------------------

INFO:    Layer Summary(Texts For DFM_TEXT):
         ----------------------------------------------------------------------------
             LAYER                            ID       TEXTS
         ----------------------------------------------------------------------------
         ----------------------------------------------------------------------------

INFO:    Expanded Cell Summary
INFO:    Status: Runset 100% complete as of 2024-12-09 01:54:36   Elapsed: 00:00:02
         Worker: Active CPUs  Total Mem(MB)  Active Mem(MB)  CPU time(s)
              0:    1 /   1             25              18            1
INFO:	 Status: Finishing as of 2024-12-09 01:54:36   Elapsed: 00:00:02   CPU time[s]: 2
INFO:    Resource usage by worker at exit:
                  CPU      Elapsed  CPUs       CPU       Peak        Peak engine
         Worker:  time[s]  time[s]  Allocated  usage[%]  Memory[MB]  Memory[MB]
              0:        1        2          1     62.92          25           18
         Worker resource usage  summary: Total CPU[s]: 1  Run duration[s]: 2  Max peak memory[MB]: 25
         Worker CPU utilization summary: 1 of 2 available CPU seconds (50.00%) with 1 average available CPU(s)
INFO:    Extraction result: CLEAN (Reporter)
INFO:    Generating summary in /home/cae3/Desktop/ADC/ASIC_ADC/Cadence_sky/DRC_LVS_run/pre_therm.sum
INFO:    All selected rules completed
         Total CPU Time                    : 1(s)
         Total Real Time                   : 2(s)
         Total Original Geometry           : 1280(1697)
         Total ERC RuleChecks              : 0
         Total ERC Results                 : 0 (0)
INFO:    Pegasus extracted connectivity database creation started
INFO:    CmdLine: /mnt/cae_storage_sw/eda/cadence/2023-24/RHELx86/PEGASUS_23.11.000/tools.lnx86/Pegasus/bin/64bit/edbToEcdb -kf -edb pre_therm_1956610.db -ecdb ./ -topcell pre_therm -netlist /home/cae3/Desktop/ADC/ASIC_ADC/Cadence_sky/DRC_LVS_run/svdb/pre_therm.net -layermap /home/cae3/Desktop/ADC/ASIC_ADC/Cadence_sky/DRC_LVS_run/svdb/pre_therm.ecdbmap -textmap /home/cae3/Desktop/ADC/ASIC_ADC/Cadence_sky/DRC_LVS_run/svdb/pre_therm.ports -dependmap pre_therm.lmap.perc -kvp ifs:QUN -lvsfile /home/cae3/Desktop/ADC/ASIC_ADC/Cadence_sky/DRC_LVS_run/svdb/pre_therm.lvsfile -saveFloatingNets .pre_therm.info.softchk 
INFO:    Opening layer file 'pre_therm_1956610.db/__layer'...
INFO:    Loading layer map file '/home/cae3/Desktop/ADC/ASIC_ADC/Cadence_sky/DRC_LVS_run/svdb/pre_therm.ecdbmap'...
INFO:    Loading text map file '/home/cae3/Desktop/ADC/ASIC_ADC/Cadence_sky/DRC_LVS_run/svdb/pre_therm.ports'...
INFO:    Loading dependency map file 'pre_therm.lmap.perc'...
INFO:    Pre loading edb directory contents...
INFO:    ECDB file name './/.pre_therm.ecdb'...
INFO:    Loading lvs file '/home/cae3/Desktop/ADC/ASIC_ADC/Cadence_sky/DRC_LVS_run/svdb/pre_therm.lvsfile'...
INFO:    Writing db header information...(0s)
INFO:    Transfering cdl structures to ecdb structures...
INFO:    Read Netlist (32 threads)...
INFO:      DONE - (1s)
INFO:    Process (32 threads)...
INFO:    Cell(       6):   1% Done...(1s), L1M1_C_CDNS_733705663446                
INFO:    Cell(      52):   3% Done...(1s), inv12f                                  
INFO:    Cell(      29):   4% Done...(1s), inv05f                                  
INFO:    Cell(      27):   6% Done...(1s), pfet_01v8_CDNS_7337056634412            
INFO:    Cell(       2):   8% Done...(1s), M1M2_C_CDNS_733705663442                
INFO:    Cell(      14):   9% Done...(1s), preampF                                 
INFO:    Cell(      25):  11% Done...(1s), nfet_01v8_CDNS_7337056634411            
INFO:    Cell(      23):  12% Done...(1s), inv03f                                  
INFO:    Cell(      50):  14% Done...(1s), nfet_01v8_CDNS_7337056634427            
INFO:    Cell(      21):  16% Done...(1s), pfet_01v8_CDNS_733705663448             
INFO:    Cell(      22):  17% Done...(1s), nfet_01v8_CDNS_733705663449             
INFO:    Cell(      41):  19% Done...(1s), inv09f                                  
INFO:    Cell(      16):  20% Done...(1s), nfet_01v8_CDNS_733705663445             
INFO:    Cell(      17):  22% Done...(1s), inv02f                                  
INFO:    Cell(      40):  24% Done...(1s), pfet_01v8_CDNS_7337056634421            
INFO:    Cell(       4):  25% Done...(1s), PYL1CON_C_CDNS_733705663444             
INFO:    Cell(      32):  27% Done...(1s), inv06f                                  
INFO:    Cell(      26):  29% Done...(1s), inv04f                                  
INFO:    Cell(      13):  30% Done...(1s), nfet_01v8_CDNS_733705663443             
INFO:    Cell(       3):  32% Done...(1s), M3M4_C_CDNS_733705663443                
INFO:    Cell(      61):  33% Done...(1s), pre_therm                               
INFO:    Cell(      44):  35% Done...(1s), nfet_01v8_CDNS_7337056634423            
INFO:    Cell(       5):  37% Done...(1s), L1M1_C_CDNS_733705663445                
INFO:    Cell(      34):  38% Done...(1s), pfet_01v8_CDNS_7337056634417            
INFO:    Cell(      19):  40% Done...(1s), nfet_01v8_CDNS_733705663447             
INFO:    Cell(      47):  41% Done...(1s), nfet_01v8_CDNS_7337056634425            
INFO:    Cell(      11):  43% Done...(1s), L1M1_C_CDNS_733705663448                
INFO:    Cell(      45):  45% Done...(1s), pfet_01v8_CDNS_7337056634424            
INFO:    Cell(      37):  46% Done...(1s), pfet_01v8_CDNS_7337056634419            
INFO:    Cell(      48):  48% Done...(1s), pfet_01v8_CDNS_7337056634426            
INFO:    Cell(       0):  50% Done...(1s), M1M2_C_CDNS_733705663440                
INFO:    Cell(      31):  51% Done...(1s), pfet_01v8_CDNS_7337056634415            
INFO:    Cell(      18):  53% Done...(1s), pfet_01v8_CDNS_733705663446             
INFO:    Cell(      46):  54% Done...(1s), inv10f                                  
INFO:    Cell(       1):  56% Done...(1s), M2M3_C_CDNS_733705663441                
INFO:    Cell(      30):  58% Done...(1s), nfet_01v8_CDNS_7337056634414            
INFO:    Cell(      28):  59% Done...(1s), nfet_01v8_CDNS_7337056634413            
INFO:    Cell(       9):  61% Done...(1s), pfet_01v8_CDNS_733705663441             
INFO:    Cell(      60):  62% Done...(1s), inv15f                                  
INFO:    Cell(       8):  64% Done...(1s), nfet_01v8_CDNS_733705663440             
INFO:    Cell(      24):  66% Done...(1s), pfet_01v8_CDNS_7337056634410            
INFO:    Cell(      38):  67% Done...(1s), inv08f                                  
INFO:    Cell(       7):  69% Done...(1s), L1M1_C_CDNS_733705663447                
INFO:    Cell(      20):  70% Done...(1s), preamp1F                                
INFO:    Cell(      51):  72% Done...(1s), pfet_01v8_CDNS_7337056634428            
INFO:    Cell(      54):  74% Done...(1s), pfet_01v8_CDNS_7337056634430            
INFO:    Cell(      36):  75% Done...(1s), nfet_01v8_CDNS_7337056634418            
INFO:    Cell(      53):  77% Done...(1s), nfet_01v8_CDNS_7337056634429            
INFO:    Cell(      39):  79% Done...(1s), nfet_01v8_CDNS_7337056634420            
INFO:    Cell(      57):  80% Done...(1s), pfet_01v8_CDNS_7337056634432            
INFO:    Cell(      35):  82% Done...(1s), inv07f                                  
INFO:    Cell(      55):  83% Done...(1s), inv13f                                  
INFO:    Cell(      59):  85% Done...(1s), pfet_01v8_CDNS_7337056634433            
INFO:    Cell(      33):  87% Done...(1s), nfet_01v8_CDNS_7337056634416            
INFO:    Cell(      56):  88% Done...(1s), nfet_01v8_CDNS_7337056634431            
INFO:    Cell(      58):  90% Done...(1s), inv14f                                  
INFO:    Cell(      12):  91% Done...(1s), pfet_01v8_CDNS_733705663442             
INFO:    Cell(      15):  93% Done...(1s), pfet_01v8_CDNS_733705663444             
INFO:    Cell(      49):  95% Done...(1s), inv11f                                  
INFO:    Cell(      10):  96% Done...(1s), inv01f                                  
INFO:    Cell(      43):  98% Done...(1s), div_fixed                               
INFO:    Cell(      42): 100% Done...(2s), pfet_01v8_CDNS_7337056634422            
INFO:      DONE - (1s)
INFO:    Cells creation time: (2s)
INFO:    Write netlist items...         (2s)
INFO:    Saving name table to db...
INFO:    Save device templates to the db...
INFO:    Save connect rules to the db...
INFO:    Write calculated header information to the top of file...
INFO:    Erasing cdl subckts...          (0s)

INFO:    edbToEcdb Header Information:
  ECDB file version   : 38
  DevTmpl offset      : 63274
  Connect offset      : 63598
  NameTable offset    : 60201
  Layer Map offset    : 167
  Cell Start offset   : 55861
  Cell End offset     : 60201
  Aux Data offset     : 63962
  Labels     offset   : 0
  Layer RW   offset   : 0
  NVP                 : ifs:0.01 
  Scale               : 4000
  GDS Scale           : 1000
  File size (static)  : 68573
  File size (dynamic) : 0
  Cell count          : 62
  ECDB create time    : 2
  EDB info            : 10
  Top Cell            : pre_therm
  EDB info (Trans)    : WRITTEN_64 W_NOT_NET_ORDER 

INFO:    edbToEcdb Sizes written to disk (MB):
  NameTbl             :     0.003073
  Layers              :     0.007556
  Shapes              :     0.018337
  XYTree              :     0.014320
  LookUpTbls          :     0.002983
  Cells               :     0.005187
  Insts               :     0.003870
  Ports               :     0.002808
  Nets                :     0.001808
  Pins                :     0.000677
  Labels              :     0.002492
  DevTmpl             :     0.000324
  Connect             :     0.000360
  Header              :     0.000167
  AuxData             :     0.004609
  NvnLabels           :     0.000002
---------------------------------
  Total               :     0.068573

INFO:    Manager summary: CPU(s): 1 Elapsed(s): 2 Peak memory(MB): 2171.68
INFO:    Pegasus extracted connectivity database creation completed. 2024-12-09 01:54:40


INFO:    Creating annotated GDS ...
INFO:    Library name: pre_therm_1956610
INFO:    GDSII file name: /home/cae3/Desktop/ADC/ASIC_ADC/Cadence_sky/DRC_LVS_run/svdb/pre_therm.agf
INFO:    Cells to be written out: pre_therm
INFO:    Source Library: pre_therm_1956610
INFO:    Status: Task in progress ...
INFO:    Pegasus creating annotated GDS completed. 2024-12-09 01:54:37
INFO:    Pegasus REPORTDB creation started...
INFO:    Processing file pre_therm.rep
INFO:    Manager summary: CPU(s): 0 Elapsed(s): 0 Peak memory(MB): 0.00
INFO:    Pegasus REPORTDB creation completed. 2024-12-09 01:54:41


INFO:    Comparing netlists ...
INFO:    Setup VLDB (0s)
INFO:    Init sch rules (0s)
INFO:    Init lay rules (0s)
INFO:    Init structures (0s)
INFO:    Set cells to delete (0s)
INFO:    Check expand on pin error (0s)
INFO:    Reading schematic network
INFO:     inputting cdl netlist /home/cae3/Desktop/ADC/ASIC_ADC/Cadence_sky/DRC_LVS_run/pre_therm.cdl...
WARNING (NVN-13002): *.BIPOLAR is not supported.
WARNING (NVN-13002): *.RESI is not supported.
WARNING (NVN-13002): *.RESVAL is not supported.
WARNING (NVN-13002): *.CAPVAL is not supported.
WARNING (NVN-13002): *.DIOPERI is not supported.
WARNING (NVN-13002): *.DIOAREA is not supported.
WARNING (NVN-13002): *.EQUATION is not supported.
INFO:     finished loading cdl netlist /home/cae3/Desktop/ADC/ASIC_ADC/Cadence_sky/DRC_LVS_run/pre_therm.cdl (0s)
INFO:     commit cdl netlist(s)...
INFO:     finished committing cdl netlists (0s)
INFO:    Post sch netlist rule processing (0s)
INFO:    Reading layout network
INFO:     inputting (fast parser) cdl netlist  /home/cae3/Desktop/ADC/ASIC_ADC/Cadence_sky/DRC_LVS_run/svdb/pre_therm.net...
INFO:     finished loading cdl netlist /home/cae3/Desktop/ADC/ASIC_ADC/Cadence_sky/DRC_LVS_run/svdb/pre_therm.net (0s)
INFO:     commit cdl netlist(s)...
INFO:     finished committing cdl netlists (0s)
INFO:    Post lay netlist rule processing (0s)
INFO:    Processing blackBox rules (0s)
INFO:    Processing bindings (0s)
WARNING (NVN-15140): Cell 'cap_vpp_11p5x11p7_m1m2m3m4_shieldm5' used in rule 'lvs_black_box' cannot be found in the layout. 
Skipping this rule.
WARNING (NVN-15140): Cell 'cap_vpp_11p5x11p7_m1m2m3m4_shieldm5' used in rule 'lvs_black_box' cannot be found in the schematic. 
Skipping this rule.
WARNING (NVN-15140): Cell 'cap_vpp_11p5x11p7_m1m2m3m4_shieldl1m5' used in rule 'lvs_black_box' cannot be found in the layout. 
Skipping this rule.
WARNING (NVN-15140): Cell 'cap_vpp_11p5x11p7_m1m2m3m4_shieldl1m5' used in rule 'lvs_black_box' cannot be found in the schematic. 
Skipping this rule.
WARNING (NVN-15140): Cell 'cap_vpp_11p5x11p7_m1m2m3_shieldl1' used in rule 'lvs_black_box' cannot be found in the layout. 
Skipping this rule.
WARNING (NVN-15140): Cell 'cap_vpp_11p5x11p7_m1m2m3_shieldl1' used in rule 'lvs_black_box' cannot be found in the schematic. 
Skipping this rule.
WARNING (NVN-15140): Cell 'cap_vpp_11p5x11p7_m1m2_noshield' used in rule 'lvs_black_box' cannot be found in the layout. 
Skipping this rule.
WARNING (NVN-15140): Cell 'cap_vpp_11p5x11p7_m1m2_noshield' used in rule 'lvs_black_box' cannot be found in the schematic. 
Skipping this rule.
WARNING (NVN-15140): Cell 'cap_vpp_11p5x11p7_l1m1m2m3m4_shieldpom5' used in rule 'lvs_black_box' cannot be found in the layout. 
Skipping this rule.
WARNING (NVN-15140): Cell 'cap_vpp_11p5x11p7_l1m1m2m3m4_shieldpom5' used in rule 'lvs_black_box' cannot be found in the schematic. 
Skipping this rule.
WARNING (NVN-15140): Cell 'cap_vpp_11p5x11p7_l1m1m2m3m4_shieldm5' used in rule 'lvs_black_box' cannot be found in the layout. 
Skipping this rule.
WARNING (NVN-15140): Cell 'cap_vpp_11p5x11p7_l1m1m2m3m4_shieldm5' used in rule 'lvs_black_box' cannot be found in the schematic. 
Skipping this rule.
WARNING (NVN-15140): Cell 'cap_vpp_11p5x11p7_l1m1m2m3_shieldpom4' used in rule 'lvs_black_box' cannot be found in the layout. 
Skipping this rule.
WARNING (NVN-15140): Cell 'cap_vpp_11p5x11p7_l1m1m2m3_shieldpom4' used in rule 'lvs_black_box' cannot be found in the schematic. 
Skipping this rule.
WARNING (NVN-15140): Cell 'cap_vpp_11p5x11p7_l1m1m2m3_shieldm4' used in rule 'lvs_black_box' cannot be found in the layout. 
Skipping this rule.
WARNING (NVN-15140): Cell 'cap_vpp_11p5x11p7_l1m1m2m3_shieldm4' used in rule 'lvs_black_box' cannot be found in the schematic. 
Skipping this rule.
WARNING (NVN-15140): Cell 'cap_vpp_11p5x11p7_l1m1m2_shieldpom3' used in rule 'lvs_black_box' cannot be found in the layout. 
Skipping this rule.
WARNING (NVN-15140): Cell 'cap_vpp_11p5x11p7_l1m1m2_shieldpom3' used in rule 'lvs_black_box' cannot be found in the schematic. 
Skipping this rule.
WARNING (NVN-15140): Cell 'cap_vpp_08p6x07p8_m1m2m3_shieldl1m5_floatm4' used in rule 'lvs_black_box' cannot be found in the layout. 
Skipping this rule.
WARNING (NVN-15140): Cell 'cap_vpp_08p6x07p8_m1m2m3_shieldl1m5_floatm4' used in rule 'lvs_black_box' cannot be found in the schematic. 
Skipping this rule.
WARNING (NVN-15140): Cell 'cap_vpp_08p6x07p8_m1m2m3_shieldl1' used in rule 'lvs_black_box' cannot be found in the layout. 
Skipping this rule.
WARNING (NVN-15140): Cell 'cap_vpp_08p6x07p8_m1m2m3_shieldl1' used in rule 'lvs_black_box' cannot be found in the schematic. 
Skipping this rule.
WARNING (NVN-15140): Cell 'cap_vpp_08p6x07p8_m1m2_noshield' used in rule 'lvs_black_box' cannot be found in the layout. 
Skipping this rule.
WARNING (NVN-15140): Cell 'cap_vpp_08p6x07p8_m1m2_noshield' used in rule 'lvs_black_box' cannot be found in the schematic. 
Skipping this rule.
WARNING (NVN-15140): Cell 'cap_vpp_04p4x04p6_m1m2m3_shieldl1' used in rule 'lvs_black_box' cannot be found in the layout. 
Skipping this rule.
WARNING (NVN-15140): Cell 'cap_vpp_04p4x04p6_m1m2m3_shieldl1' used in rule 'lvs_black_box' cannot be found in the schematic. 
Skipping this rule.
WARNING (NVN-15140): Cell 'cap_vpp_04p4x04p6_m1m2_noshield' used in rule 'lvs_black_box' cannot be found in the layout. 
Skipping this rule.
WARNING (NVN-15140): Cell 'cap_vpp_04p4x04p6_m1m2_noshield' used in rule 'lvs_black_box' cannot be found in the schematic. 
Skipping this rule.
WARNING (NVN-15140): Cell 'cap_vpp_02p4x04p6_m1m2_noshield' used in rule 'lvs_black_box' cannot be found in the layout. 
Skipping this rule.
WARNING (NVN-15140): Cell 'cap_vpp_02p4x04p6_m1m2_noshield' used in rule 'lvs_black_box' cannot be found in the schematic. 
Skipping this rule.
INFO:    Commit sch verilog netlist (0s)
INFO:    Commit lay verilog netlist (0s)
INFO:    Erase netlist data (0s)
INFO:    Set blackbox cells (0s)
INFO:    Sch put cells in memory (0s)
INFO:    Sch update netlist rules (0s)
INFO:    Sch set devices to delete (0s)
INFO:    Sch adjust device pins (0s)
INFO:    Sch calc hier order (0s)
INFO:    Sch process inherited connections (0s)
INFO:    Sch generate qrc files (0s)
INFO:    Sch handle global pins (0s)
INFO:    Sch apply rule actions with processed netlist (0s)
INFO:    Sch process cell supply (0s)
INFO:    Lay put cells in memory (0s)
INFO:    Lay update netlist rules (0s)
INFO:    Lay set devices to delete (0s)
INFO:    Lay calc hier order (0s)
INFO:    Lay process inherited connections (0s)
INFO:    Lay generate qrc files (0s)
INFO:    Lay handle global pins (0s)
INFO:    Lay apply rule actions with processed netlist (0s)
INFO:    Lay process cell supply (0s)
INFO:    Check if interposer flow (0s)
INFO:    Check binding file (0s)
INFO:    Set topcell global pin indicator (0s)
INFO:    Calculate preserve parameterized cells (0s)
INFO:    Check generic device bindings (0s)
INFO:    Calculate primitive device bindings (0s)
INFO:    Remove unused device parameters (0s)
INFO:    Set instances to flatten inside cells (0s)
INFO:    Calculate parameters (0s)
INFO:    Start sch normalization (0s)
INFO:    Start lay normalization (0s)
INFO:    Calculate primitive device bindings (2nd time) (0s)
INFO:    Finalize binding (0s)
INFO:    Sch join nets (0s)
INFO:    Sch setup hier normalization (0s)
INFO:    Sch remove feedthroughs and black box cell instances (0s)
INFO:    Sch remove identical pins (0s)
INFO:    Sch calc connection counts (0s)
INFO:    Run genHierCells (0s)
INFO:    Reset normalization flags (0s)
INFO:    Lay join nets (0s)
INFO:    Lay setup hier normalization (0s)
INFO:    Lay remove feedthroughs and black box cell instances (0s)
INFO:    Lay remove identical pins (0s)
INFO:    Lay calc connection counts (0s)
INFO:    Normalize sch (0s)
INFO:    Read in color file (0s)
INFO:    Set scale factor per cell (0s)
INFO:    Setup property init rules (0s)
INFO:    Write sch vldb file (0s)
INFO:    Write lay vldb file (0s)
INFO:    Apply preserve parameterized cells (0s)
INFO:    Cleanup after VLDB processing (0s)
WARNING (NVN-15320): The rule 'lvs_short_equivalent_nodes' was set to 'yes' and 
           the rule 'lvs_reduce_split_gates' was not specified. 
           Changing the default setting of 'lvs_reduce_split_gates' from 'yes' to 'no'.
INFO (NVN-10007): Found ecdb file .pre_therm.ecdb, will use during comparison.

INFO:    Cell comparison output format:
            <Comparing|Top Cell> <Layout Cell> vs <Schematic Cell>
               <Layout instances> insts vs <Schematic instances> insts  (<Time>)-<Status>

         Top Cell  pre_therm vs pre_therm
            36 insts vs 36 insts . . . . . . . . . . . . . . . . . . . . . . . (0s)-match

INFO:    Generating the LVS report...
           Report Init (0s)
           Load common queries (0s)
           Create report (0s)
           Cleanup (0s)
INFO:    Report finished

INFO:    Extraction Run Summary
         Total CPU Time        : 1(s)
         Total Real Time       : 2(s)
         Peak Memory Used      : 26.00(M)


INFO:    NVN Run Summary
         Total CPU Time        : 1(s)
         Total Real Time       : 1(s)
         Peak Memory Used      : 272.25(M)


INFO:    LVS Summary
         Total CPU Time        : 2(s)
         Total Real Time       : 3(s)
         Peak Memory Used      : 272.25(M)

    ########################################################
    #                                                      #
    # Run Result             : MATCH                       #
    #                                                      #
    # Run Summary            : [INFO]  ERC Results: Empty  #
    #                        : [INFO]  Extraction Clean    #
    #                                                      #
    # ERC Summary File       : pre_therm.sum               #
    # Extraction Report File : pre_therm.rep               #
    # Comparison Report File : pre_therm.rep.cls           #
    #                                                      #
    ########################################################


INFO:    Creating cross reference database ...
INFO:    Manager summary: CPU(s): 1 Elapsed(s): 1 Peak memory(MB): 91.47
INFO:    Checking in all SoftShare licenses.
INFO:    Creating cross reference database completed. Mon Dec  9 01:54:44 2024


Pegasus finished normally. 2024-12-09 01:54:44


