********************************************************************************
Product   : Virtuoso(R) XStream Out
Program   : @(#)$CDS: strmout version IC23.1-64b 09/20/2023 08:16 (cpgbld16) $
          : sub-version  IC23.1-64b.ISR2.29 
Started at: 06-Dec-2024  14:56:44
User Name : cae3
Host Name : cae-europractice1.othr.de
Directory : /home/cae3/Desktop/ADC/ASIC_ADC/Cadence_sky
CADENCE Design Systems, Inc.
********************************************************************************
Info: Cellview Rev Num:99,  Tech Rev Num:59

WARNING (XSTRM-20): Output Stream file '/home/cae3/Desktop/ADC/ASIC_ADC/Cadence_sky/DRC_run/pre_therm.gds.gz' already exists. It will be overwritten.
INFO (XSTRM-217): Reading the layer map file, /mnt/cae_storage_sw/eda/cadence/pdks/sky130/sky130_release_004a/libs/sky130_fd_pr_main/sky130_fd_pr_main.layermap
WARNING (XSTRM-333): The '-enableColoring' option will be ignored during XStream Out. This is because there is no color entry in the layer map and the object map file.
INFO (XSTRM-427): Based on current hardware configuration, running XStream Out translation in multi-threaded mode with 4 threads.
INFO (XSTRM-280): The output file will be a compressed file because the file name has extension .gz
INFO (XSTRM-162): You have not used the '-viaMap' option. If the OpenAccess design has native oaVia instances, use the '-viaMap' option for preserving oaVia instances in a XStream Out - XStream In round trip. Using the '-viaMap' option improves performance and VM usage of applications using the Streamed-In design.

Summary of Options :
library                                 ADC
strmFile                                /home/cae3/Desktop/ADC/ASIC_ADC/Cadence_sky/DRC_run/pre_therm.gds.gz
topCell                                 pre_therm
view                                    layout
runDir                                  /home/cae3/Desktop/ADC/ASIC_ADC/Cadence_sky/DRC_run/
logFile                                 /home/cae3/Desktop/ADC/ASIC_ADC/Cadence_sky/DRC_run//PIPO1.LOG
techLib                                 sky130_fd_pr_main
hierDepth                               32
maxVertices                             2048
layerMap                                /mnt/cae_storage_sw/eda/cadence/pdks/sky130/sky130_release_004a/libs/sky130_fd_pr_main/sky130_fd_pr_main.layermap
userSkillFile                           /home/cae3/Desktop/ADC/ASIC_ADC/Cadence_sky/DRC_run//strmout.il
labelDepth                              32
case                                    Preserve
convertDot                              node

INFO (XSTRM-180): You have not used the '-objectMap' option. The design has instance(s) of at least one of following OpenAccess objects: oaBlockage, oaBoundary, oaRow, and oaMarker. Any information about these objects will not be translated into the generated stream file. Use the '-objectMap' option to translate/preserve these objects using XStream.
INFO (XSTRM-223): 1. Translating stdVia sky130_fd_pr_main/M1M2_C/layout as STRUCTURE M1M2_C_CDNS_733493404660.
INFO (XSTRM-223): 2. Translating stdVia sky130_fd_pr_main/M2M3_C/layout as STRUCTURE M2M3_C_CDNS_733493404661.
INFO (XSTRM-223): 3. Translating stdVia sky130_fd_pr_main/M1M2_C/layout as STRUCTURE M1M2_C_CDNS_733493404662.
INFO (XSTRM-223): 4. Translating stdVia sky130_fd_pr_main/PYL1CON_C/layout as STRUCTURE PYL1CON_C_CDNS_733493404663.
INFO (XSTRM-223): 5. Translating stdVia sky130_fd_pr_main/L1M1_C/layout as STRUCTURE L1M1_C_CDNS_733493404664.
INFO (XSTRM-223): 6. Translating stdVia sky130_fd_pr_main/L1M1_C/layout as STRUCTURE L1M1_C_CDNS_733493404665.
INFO (XSTRM-223): 7. Translating stdVia sky130_fd_pr_main/L1M1_C/layout as STRUCTURE L1M1_C_CDNS_733493404666.
INFO (XSTRM-223): 8. Translating cellview sky130_fd_pr_main/nfet_01v8/layout as STRUCTURE nfet_01v8_CDNS_733493404660.
INFO (XSTRM-223): 9. Translating cellview sky130_fd_pr_main/pfet_01v8/layout as STRUCTURE pfet_01v8_CDNS_733493404661.
INFO (XSTRM-223): 10. Translating cellview ADC/inv01f/layout as STRUCTURE inv01f.
INFO (XSTRM-223): 11. Translating stdVia sky130_fd_pr_main/L1M1_C/layout as STRUCTURE L1M1_C_CDNS_733493404667.
INFO (XSTRM-223): 12. Translating cellview sky130_fd_pr_main/pfet_01v8/layout as STRUCTURE pfet_01v8_CDNS_733493404662.
INFO (XSTRM-223): 13. Translating cellview sky130_fd_pr_main/nfet_01v8/layout as STRUCTURE nfet_01v8_CDNS_733493404663.
INFO (XSTRM-223): 14. Translating cellview ADC/preampF/layout as STRUCTURE preampF.
INFO (XSTRM-223): 15. Translating cellview ADC/pre_therm/layout as STRUCTURE pre_therm.

Summary of Objects Translated:
	Scalar Instances:                       6
	Array Instances:                        0
	Polygons:                               0
	Paths:                                  0
	Rectangles:                             172
	Lines:                                  0
	Arcs:                                   0
	Donuts:                                 0
	Dots:                                   0
	Ellipses:                               0
	Boundaries:                             0
	Area Blockages:                         0
	Layer Blockages:                        0
	Area Halos:                             0
	Markers:                                0
	Rows:                                   0
	Stitch:                                 0
	Standard Vias                           17
	Custom Vias:                            0
	CdsGen Vias:                            0
	Pathsegs:                               2
	Text:                                   11
	TextDisplay:                            0
	Cells:                                  15

Elapsed Time: 0.5s   User Time: 0.1s   CPU Time: 0.1s   Peak VM: 33952KB
INFO (XSTRM-234): Translation completed. '0' error(s) and '2' warning(s) found.
