TOOL:	xrun(64)	23.03-s007: Started on Dec 09, 2024 at 04:29:45 CET
xrun
	-compile
	-nocopy
	-nostdout
	-nowarn DLNOHV
	-nowarn SPDUSD
	-messages
	-update
	-log /home/cae3/Desktop/ADC/ASIC_ADC/Cadence_sky/.cadence/dfII/TextSupport/Logs/Parser/verilog/ADC/functional/compile20.log
	-incdir "/home/cae3/Desktop/ADC/ASIC_ADC/Cadence_sky/"
	-cdslib /home/cae3/Desktop/ADC/ASIC_ADC/Cadence_sky/cds.lib
	-makelib ADC
	-view functional
	-SPECIFICUNIT therm
	/home/cae3/Desktop/ADC/ASIC_ADC/Cadence_sky/ADC/therm/functional/verilog.v
	-endlib
file: /home/cae3/Desktop/ADC/ASIC_ADC/Cadence_sky/ADC/therm/functional/verilog.v
	module ADC.therm:functional
		errors: 0, warnings: 0
TOOL:	xrun(64)	23.03-s007: Exiting on Dec 09, 2024 at 04:29:45 CET  (total: 00:00:00)


Instance Binding Report:
-------------------------------------------------------------------------------
Instance		MasterLib		MasterCell		MasterView
-------------------------------------------------------------------------------



 ========================================================================================================
		                  HDL IMPORT QUICK STATUS REPORT
 ========================================================================================================
 HDL SETUP MODE	: 0 - IMPROVED LEGACY FLOW
 ========================================================================================================
 HDL SETUP STATUS	: SUCCESS
 ========================================================================================================
 cds.lib USED	: "/home/cae3/Desktop/ADC/ASIC_ADC/Cadence_sky/cds.lib"
 ========================================================================================================
 COMPILER OPTIONS	: ""
 ========================================================================================================
 PCDB DM CHECKS	: SUCCESS
 ========================================================================================================
 PCDB UPDATE REQUIRED	: YES
 ========================================================================================================
 IMPORT CONFIGURATION	: CHECK BELOW SETTINGS
		: generateShadow(true)
		: enableBlackBox(false)
		: enableSpecificUnit(true)
		: updateCDF(true)
 ========================================================================================================
 OVERALL IMPORT STATUS	: SUCCESS
 ========================================================================================================