INFO (ABS-19020): Starting @(#)$CDS: Abstract version IC23.1-64b 09/20/2023 08:11 (cpgbld16) $, sub-version  IC23.1-64b.ISR2.29 , on  3.10.0-693.el7.x86_64
INFO (ABS-10500): Library ADC Opening /home/cae3/Desktop/ADC/ASIC_ADC/Cadence_sky/ADC
Loading sky130_fd_pr_main/libInit.il ...
	Loading sky130_fd_pr_main/loadCxt.ile ... done!
	Loading context 'sky130_fd_pr_main' from library 'sky130_fd_pr_main' ... done!
	Loading context 'pdkUtils' from library 'sky130_fd_pr_main' ... done!
	Loading sky130_fd_pr_main/libInitCktPro.il ... done!
	Loading sky130_fd_pr_main/libInitCustomExit.il ... 	Loading Environment Settings ...
done!
Loaded sky130_fd_pr_main/libInit.il successfully!
INFO (ABS-10011): Verifying Technology Data ...
INFO (ABS-10012): Layer summary: 5 metal layer(s), 5 via layer(s), 3 poly layer(s), and 2 diff layer(s) found
INFO (ABS-20023): Via summary: 5 valid via(s) found
INFO (ABS-20049): The layer dPfet, defined in the spacingTables section of the foundry constraint group, is also defined in the techDerivedLayers section of the technology file. The abstract generator does not support derived layers and this layer will, therefore, be ignored. As a result, the abstracts generated will not have any shape on this layer.
INFO (ABS-20049): The layer dGate, defined in the spacingTables section of the foundry constraint group, is also defined in the techDerivedLayers section of the technology file. The abstract generator does not support derived layers and this layer will, therefore, be ignored. As a result, the abstracts generated will not have any shape on this layer.
INFO (ABS-20049): The layer dPfet, defined in the spacingTables section of the foundry constraint group, is also defined in the techDerivedLayers section of the technology file. The abstract generator does not support derived layers and this layer will, therefore, be ignored. As a result, the abstracts generated will not have any shape on this layer.
INFO (ABS-20049): The layer dNfet, defined in the spacingTables section of the foundry constraint group, is also defined in the techDerivedLayers section of the technology file. The abstract generator does not support derived layers and this layer will, therefore, be ignored. As a result, the abstracts generated will not have any shape on this layer.
INFO (ABS-20049): The layer dNplusDiff, defined in the spacingTables section of the foundry constraint group, is also defined in the techDerivedLayers section of the technology file. The abstract generator does not support derived layers and this layer will, therefore, be ignored. As a result, the abstracts generated will not have any shape on this layer.
INFO (ABS-20049): The layer dPplusTap, defined in the spacingTables section of the foundry constraint group, is also defined in the techDerivedLayers section of the technology file. The abstract generator does not support derived layers and this layer will, therefore, be ignored. As a result, the abstracts generated will not have any shape on this layer.
INFO (ABS-20049): The layer dGate, defined in the spacingTables section of the foundry constraint group, is also defined in the techDerivedLayers section of the technology file. The abstract generator does not support derived layers and this layer will, therefore, be ignored. As a result, the abstracts generated will not have any shape on this layer.
INFO (ABS-20049): The layer dGate, defined in the spacingTables section of the foundry constraint group, is also defined in the techDerivedLayers section of the technology file. The abstract generator does not support derived layers and this layer will, therefore, be ignored. As a result, the abstracts generated will not have any shape on this layer.
INFO (ABS-20049): The layer dGate, defined in the spacingTables section of the foundry constraint group, is also defined in the techDerivedLayers section of the technology file. The abstract generator does not support derived layers and this layer will, therefore, be ignored. As a result, the abstracts generated will not have any shape on this layer.
INFO (ABS-20049): The layer dPoly_licon_ouRpm, defined in the spacingTables section of the foundry constraint group, is also defined in the techDerivedLayers section of the technology file. The abstract generator does not support derived layers and this layer will, therefore, be ignored. As a result, the abstracts generated will not have any shape on this layer.
INFO (ABS-20049): The layer dLicon_Diff_oTap, defined in the spacingTables section of the foundry constraint group, is also defined in the techDerivedLayers section of the technology file. The abstract generator does not support derived layers and this layer will, therefore, be ignored. As a result, the abstracts generated will not have any shape on this layer.
INFO (ABS-20049): The layer dPoly_licon, defined in the spacingTables section of the foundry constraint group, is also defined in the techDerivedLayers section of the technology file. The abstract generator does not support derived layers and this layer will, therefore, be ignored. As a result, the abstracts generated will not have any shape on this layer.
INFO (ABS-10501): Library ADC Loading 44 cells
INFO (ABS-10502): Library ADC Loaded 44 cells
INFO (ABS-10507): Library ADC opened
INFO (ABS-10509): Saving existing options file for library ADC to /home/cae3/Desktop/ADC/ASIC_ADC/Cadence_sky/.abstract/ADC/.abstract.options.prev
INFO (ABS-10511): Saving current option settings for library ADC to the file /home/cae3/Desktop/ADC/ASIC_ADC/Cadence_sky/.abstract/ADC/.abstract.options.
INFO (ABS-11900): Cell inv01f: Step Pins started
Loading techComp.cxt 
INFO (ABS-12015): Cell inv01f: The PR boundary does not enclose all cellview geometries. This is because not all layers with geometry for calculating PR boundary have been specified in the "Using geometry on layers" field on the "Boundary" tab. Ensure that all the required layers have been specified in this field.
INFO (ABS-12001): Cell inv01f: There are 4 existing terminals. No pins will be added for them.
INFO (ABS-12002): Cell inv01f: No terminals have been created. Use the Map text labels to pins option in the Map tab of the Pins step to define cell pins.
INFO (ABS-11901): Cell inv01f: Step Pins finished
INFO (ABS-10509): Saving existing options file for library ADC to /home/cae3/Desktop/ADC/ASIC_ADC/Cadence_sky/.abstract/ADC/.abstract.options.prev
INFO (ABS-10511): Saving current option settings for library ADC to the file /home/cae3/Desktop/ADC/ASIC_ADC/Cadence_sky/.abstract/ADC/.abstract.options.
INFO (ABS-11900): Cell inv01f: Step Extract started
INFO (ABS-13002): Cell inv01f: extracting 4 nets
INFO (ABS-13004): Cell inv01f: extracting the net Y, 1 of 4.
INFO (ABS-13004): Cell inv01f: extracting the net A, 2 of 4.
INFO (ABS-12052): Cell inv01f: Extracting Power nets. Checking for shorts, if any. Once short detection is complete, the individual progress of net extraction will be reported.
INFO (ABS-12054): Cell inv01f: Checking short for power net VSS, 3 of 4.
INFO (ABS-12054): Cell inv01f: Checking short for power net VDD, 4 of 4.
INFO (ABS-12053): Cell inv01f: The power nets do not have any shorts.
INFO (ABS-13004): Cell inv01f: extracting the net VSS, 3 of 4.
INFO (ABS-13004): Cell inv01f: extracting the net VDD, 4 of 4.
INFO (ABS-11901): Cell inv01f: Step Extract finished
INFO (ABS-10509): Saving existing options file for library ADC to /home/cae3/Desktop/ADC/ASIC_ADC/Cadence_sky/.abstract/ADC/.abstract.options.prev
INFO (ABS-10511): Saving current option settings for library ADC to the file /home/cae3/Desktop/ADC/ASIC_ADC/Cadence_sky/.abstract/ADC/.abstract.options.
INFO (ABS-11900): Cell inv01f: Step Abstract started
INFO (ABS-19026): Cell inv01f: Generating detailed blockages for layer mcon
INFO (ABS-19026): Cell inv01f: Generating detailed blockages for layer met1
INFO (ABS-19026): Cell inv01f: Generating detailed blockages for layer via
INFO (ABS-19026): Cell inv01f: Generating detailed blockages for layer met2
INFO (ABS-19026): Cell inv01f: Generating detailed blockages for layer via2
INFO (ABS-19026): Cell inv01f: Generating detailed blockages for layer met3
INFO (ABS-19026): Cell inv01f: Generating detailed blockages for layer via3
INFO (ABS-19026): Cell inv01f: Generating detailed blockages for layer met4
INFO (ABS-19026): Cell inv01f: Generating detailed blockages for layer via4
INFO (ABS-19026): Cell inv01f: Generating detailed blockages for layer met5
*WARNING* (ABS-11026): Bus annotation cannot be completed for the specified abstract because the logical view for cell inv01f is invalid.
INFO (ABS-11901): Cell inv01f: Step Abstract finished
INFO (ABS-14004): Power Rail Analysis: 

=====================================================================
Rails found
=====================================================================

rail  type    net  layer  width  offset  shape     direction   cells
---------------------------------------------------------------------
1     power   VDD  li1    0.25   4.015   abutment  horizontal  inv01f
2     power   VDD  met1   0.4    3.94    abutment  horizontal  inv01f
3     power   VDD  met1   0.44   3.94    abutment  horizontal  inv01f
4     ground  VSS  li1    0.25   -0.125  abutment  horizontal  inv01f
5     ground  VSS  met1   0.4    -0.2    abutment  horizontal  inv01f

INFO (ABS-14005): Using power rails 1 and 4 to set terminal properties.
 These settings may be altered using the Adjust 'Power 
 rail widths and offsets:' option table.
*WARNING* (ABS-20045): Failed to create the 'MACRO' site on disk. File '/mnt/cae_storage_sw/eda/cadence/pdks/sky130/sky130_release_004a/libs/sky130_fd_pr_main/tech.db' is not writable.
INFO (ABS-10014): Created the MACRO site in VM
Virtuoso Framework License (111) was checked out successfully. Total checkout time was 0.07s.
INFO (DB-120008): oaSocket connection timeout value was set to 2 seconds.

********************************************************************************
Product   : Virtuoso(R) LEF Out 
Program   : @(#)$CDS: lefout version IC23.1-64b 09/20/2023 08:14 (cpgbld16) $
SubVersion: sub-version  IC23.1-64b.ISR2.29 
Started at: 03-Dec-2024  20:08:40
User Name : cae3
Host Name : cae-europractice1.othr.de
Directory : /home/cae3/Desktop/ADC/ASIC_ADC/Cadence_sky
DB Version: 	20230920 (SJ)
CADENCE Design Systems, Inc.
********************************************************************************
Running: lefout -lib ADC -cells "inv01f" -views "abstract" -log lefout.log -lef inv01f.lef -ver 5.8 -noTech
Loading sky130_fd_pr_main/libInit.il ...
	Loading sky130_fd_pr_main/loadCxt.ile ... done!
	Loading context 'sky130_fd_pr_main' from library 'sky130_fd_pr_main' ... done!
	Loading context 'pdkUtils' from library 'sky130_fd_pr_main' ... done!
	Loading sky130_fd_pr_main/display.drf ... done!
	Loading sky130_fd_pr_main/libInitCktPro.il ... done!
	Loading sky130_fd_pr_main/libInitCustomExit.il ... 	Loading Environment Settings ...
done!
Loaded sky130_fd_pr_main/libInit.il successfully!

Elapsed Time: 1.4s

lefout translation completed (errors: 0, warnings: 0).
Virtuoso Framework License (111) was checked out successfully. Total checkout time was 0.05s.
INFO (DB-120008): oaSocket connection timeout value was set to 2 seconds.

********************************************************************************
Product   : Virtuoso(R) LEF Out 
Program   : @(#)$CDS: lefout version IC23.1-64b 09/20/2023 08:14 (cpgbld16) $
SubVersion: sub-version  IC23.1-64b.ISR2.29 
Started at: 03-Dec-2024  20:09:53
User Name : cae3
Host Name : cae-europractice1.othr.de
Directory : /home/cae3/Desktop/ADC/ASIC_ADC/Cadence_sky
DB Version: 	20230920 (SJ)
CADENCE Design Systems, Inc.
********************************************************************************
Running: lefout -lib ADC -cells "inv01f" -views "abstract" -log lefout.log -lef /home/cae3/Desktop/ADC/ASIC_ADC/Cadence_sky/ADC/inv01f/LEF/inv01f.lef -ver 5.8 -noTech
Loading sky130_fd_pr_main/libInit.il ...
	Loading sky130_fd_pr_main/loadCxt.ile ... done!
	Loading context 'sky130_fd_pr_main' from library 'sky130_fd_pr_main' ... done!
	Loading context 'pdkUtils' from library 'sky130_fd_pr_main' ... done!
	Loading sky130_fd_pr_main/display.drf ... done!
	Loading sky130_fd_pr_main/libInitCktPro.il ... done!
	Loading sky130_fd_pr_main/libInitCustomExit.il ... 	Loading Environment Settings ...
done!
Loaded sky130_fd_pr_main/libInit.il successfully!

Elapsed Time: 0.5s

lefout translation completed (errors: 0, warnings: 0).
INFO (ABS-10509): Saving existing options file for library ADC to /home/cae3/Desktop/ADC/ASIC_ADC/Cadence_sky/.abstract/ADC/.abstract.options.prev
INFO (ABS-10511): Saving current option settings for library ADC to the file /home/cae3/Desktop/ADC/ASIC_ADC/Cadence_sky/.abstract/ADC/.abstract.options.
INFO (ABS-11900): Cell inv02f: Step Pins started
INFO (ABS-12015): Cell inv02f: The PR boundary does not enclose all cellview geometries. This is because not all layers with geometry for calculating PR boundary have been specified in the "Using geometry on layers" field on the "Boundary" tab. Ensure that all the required layers have been specified in this field.
INFO (ABS-12001): Cell inv02f: There are 4 existing terminals. No pins will be added for them.
INFO (ABS-12002): Cell inv02f: No terminals have been created. Use the Map text labels to pins option in the Map tab of the Pins step to define cell pins.
INFO (ABS-11901): Cell inv02f: Step Pins finished
INFO (ABS-10509): Saving existing options file for library ADC to /home/cae3/Desktop/ADC/ASIC_ADC/Cadence_sky/.abstract/ADC/.abstract.options.prev
INFO (ABS-10511): Saving current option settings for library ADC to the file /home/cae3/Desktop/ADC/ASIC_ADC/Cadence_sky/.abstract/ADC/.abstract.options.
INFO (ABS-11900): Cell inv02f: Step Extract started
INFO (ABS-13002): Cell inv02f: extracting 4 nets
INFO (ABS-13004): Cell inv02f: extracting the net Y, 1 of 4.
INFO (ABS-13004): Cell inv02f: extracting the net A, 2 of 4.
INFO (ABS-12052): Cell inv02f: Extracting Power nets. Checking for shorts, if any. Once short detection is complete, the individual progress of net extraction will be reported.
INFO (ABS-12054): Cell inv02f: Checking short for power net VDD, 3 of 4.
INFO (ABS-12054): Cell inv02f: Checking short for power net VSS, 4 of 4.
INFO (ABS-12053): Cell inv02f: The power nets do not have any shorts.
INFO (ABS-13004): Cell inv02f: extracting the net VDD, 3 of 4.
INFO (ABS-13004): Cell inv02f: extracting the net VSS, 4 of 4.
INFO (ABS-11901): Cell inv02f: Step Extract finished
INFO (ABS-10509): Saving existing options file for library ADC to /home/cae3/Desktop/ADC/ASIC_ADC/Cadence_sky/.abstract/ADC/.abstract.options.prev
INFO (ABS-10511): Saving current option settings for library ADC to the file /home/cae3/Desktop/ADC/ASIC_ADC/Cadence_sky/.abstract/ADC/.abstract.options.
INFO (ABS-11900): Cell inv02f: Step Abstract started
INFO (ABS-19026): Cell inv02f: Generating detailed blockages for layer mcon
INFO (ABS-19026): Cell inv02f: Generating detailed blockages for layer met1
INFO (ABS-19026): Cell inv02f: Generating detailed blockages for layer via
INFO (ABS-19026): Cell inv02f: Generating detailed blockages for layer met2
INFO (ABS-19026): Cell inv02f: Generating detailed blockages for layer via2
INFO (ABS-19026): Cell inv02f: Generating detailed blockages for layer met3
INFO (ABS-19026): Cell inv02f: Generating detailed blockages for layer via3
INFO (ABS-19026): Cell inv02f: Generating detailed blockages for layer met4
INFO (ABS-19026): Cell inv02f: Generating detailed blockages for layer via4
INFO (ABS-19026): Cell inv02f: Generating detailed blockages for layer met5
*WARNING* (ABS-11026): Bus annotation cannot be completed for the specified abstract because the logical view for cell inv02f is invalid.
INFO (ABS-11901): Cell inv02f: Step Abstract finished
*WARNING* (ABS-20045): Failed to create the 'MACRO' site on disk. File '/mnt/cae_storage_sw/eda/cadence/pdks/sky130/sky130_release_004a/libs/sky130_fd_pr_main/tech.db' is not writable.
INFO (ABS-10014): Created the MACRO site in VM
Virtuoso Framework License (111) was checked out successfully. Total checkout time was 11.07s.
WARNING License '111' took more than 5.00 seconds (actual time was 11.07 seconds) to check out.
INFO (DB-120008): oaSocket connection timeout value was set to 2 seconds.

********************************************************************************
Product   : Virtuoso(R) LEF Out 
Program   : @(#)$CDS: lefout version IC23.1-64b 09/20/2023 08:14 (cpgbld16) $
SubVersion: sub-version  IC23.1-64b.ISR2.29 
Started at: 03-Dec-2024  23:29:37
User Name : cae3
Host Name : cae-europractice1.othr.de
Directory : /home/cae3/Desktop/ADC/ASIC_ADC/Cadence_sky
DB Version: 	20230920 (SJ)
CADENCE Design Systems, Inc.
********************************************************************************
Running: lefout -lib ADC -views "abstract" -log lefout.log -lef /home/cae3/Desktop/ADC/ASIC_ADC/Cadence_sky/ADC/inv02f/LEF/inv02f.lef -cellList lefout.list -ver 5.8 -noTech
Loading sky130_fd_pr_main/libInit.il ...
	Loading sky130_fd_pr_main/loadCxt.ile ... done!
	Loading context 'sky130_fd_pr_main' from library 'sky130_fd_pr_main' ... done!
	Loading context 'pdkUtils' from library 'sky130_fd_pr_main' ... done!
	Loading sky130_fd_pr_main/display.drf ... done!
	Loading sky130_fd_pr_main/libInitCktPro.il ... done!
	Loading sky130_fd_pr_main/libInitCustomExit.il ... 	Loading Environment Settings ...
done!
Loaded sky130_fd_pr_main/libInit.il successfully!

Elapsed Time: 11.5s

lefout translation completed (errors: 0, warnings: 0).
INFO (ABS-10509): Saving existing options file for library ADC to /home/cae3/Desktop/ADC/ASIC_ADC/Cadence_sky/.abstract/ADC/.abstract.options.prev
INFO (ABS-10511): Saving current option settings for library ADC to the file /home/cae3/Desktop/ADC/ASIC_ADC/Cadence_sky/.abstract/ADC/.abstract.options.
INFO (ABS-11900): Cell div_fixed: Step Pins started
INFO (ABS-12015): Cell div_fixed: The PR boundary does not enclose all cellview geometries. This is because not all layers with geometry for calculating PR boundary have been specified in the "Using geometry on layers" field on the "Boundary" tab. Ensure that all the required layers have been specified in this field.
INFO (ABS-12001): Cell div_fixed: There are 3 existing terminals. No pins will be added for them.
INFO (ABS-12002): Cell div_fixed: No terminals have been created. Use the Map text labels to pins option in the Map tab of the Pins step to define cell pins.
*WARNING* (ABS-15070): The div_fixed cell has no power terminals.
INFO (ABS-11901): Cell div_fixed: Step Pins finished
INFO (ABS-11900): Cell inv01f: Step Pins started
INFO (ABS-12015): Cell inv01f: The PR boundary does not enclose all cellview geometries. This is because not all layers with geometry for calculating PR boundary have been specified in the "Using geometry on layers" field on the "Boundary" tab. Ensure that all the required layers have been specified in this field.
INFO (ABS-12001): Cell inv01f: There are 4 existing terminals. No pins will be added for them.
INFO (ABS-12002): Cell inv01f: No terminals have been created. Use the Map text labels to pins option in the Map tab of the Pins step to define cell pins.
INFO (ABS-11901): Cell inv01f: Step Pins finished
INFO (ABS-11900): Cell inv02f: Step Pins started
INFO (ABS-12015): Cell inv02f: The PR boundary does not enclose all cellview geometries. This is because not all layers with geometry for calculating PR boundary have been specified in the "Using geometry on layers" field on the "Boundary" tab. Ensure that all the required layers have been specified in this field.
INFO (ABS-12001): Cell inv02f: There are 4 existing terminals. No pins will be added for them.
INFO (ABS-12002): Cell inv02f: No terminals have been created. Use the Map text labels to pins option in the Map tab of the Pins step to define cell pins.
INFO (ABS-11901): Cell inv02f: Step Pins finished
INFO (ABS-11900): Cell inv03f: Step Pins started
INFO (ABS-12015): Cell inv03f: The PR boundary does not enclose all cellview geometries. This is because not all layers with geometry for calculating PR boundary have been specified in the "Using geometry on layers" field on the "Boundary" tab. Ensure that all the required layers have been specified in this field.
INFO (ABS-12001): Cell inv03f: There are 4 existing terminals. No pins will be added for them.
INFO (ABS-12002): Cell inv03f: No terminals have been created. Use the Map text labels to pins option in the Map tab of the Pins step to define cell pins.
INFO (ABS-11901): Cell inv03f: Step Pins finished
INFO (ABS-11900): Cell inv04f: Step Pins started
INFO (ABS-12015): Cell inv04f: The PR boundary does not enclose all cellview geometries. This is because not all layers with geometry for calculating PR boundary have been specified in the "Using geometry on layers" field on the "Boundary" tab. Ensure that all the required layers have been specified in this field.
INFO (ABS-12001): Cell inv04f: There are 4 existing terminals. No pins will be added for them.
INFO (ABS-12002): Cell inv04f: No terminals have been created. Use the Map text labels to pins option in the Map tab of the Pins step to define cell pins.
INFO (ABS-11901): Cell inv04f: Step Pins finished
INFO (ABS-11900): Cell inv05f: Step Pins started
INFO (ABS-12015): Cell inv05f: The PR boundary does not enclose all cellview geometries. This is because not all layers with geometry for calculating PR boundary have been specified in the "Using geometry on layers" field on the "Boundary" tab. Ensure that all the required layers have been specified in this field.
INFO (ABS-12001): Cell inv05f: There are 4 existing terminals. No pins will be added for them.
INFO (ABS-12002): Cell inv05f: No terminals have been created. Use the Map text labels to pins option in the Map tab of the Pins step to define cell pins.
INFO (ABS-11901): Cell inv05f: Step Pins finished
INFO (ABS-11900): Cell inv06f: Step Pins started
INFO (ABS-12015): Cell inv06f: The PR boundary does not enclose all cellview geometries. This is because not all layers with geometry for calculating PR boundary have been specified in the "Using geometry on layers" field on the "Boundary" tab. Ensure that all the required layers have been specified in this field.
INFO (ABS-12042): Cell inv06f: Deleting nets and terminals with no pins because these are not relevant for layout tools.
INFO (ABS-12001): Cell inv06f: There are 4 existing terminals. No pins will be added for them.
INFO (ABS-12002): Cell inv06f: No terminals have been created. Use the Map text labels to pins option in the Map tab of the Pins step to define cell pins.
INFO (ABS-11901): Cell inv06f: Step Pins finished
INFO (ABS-11900): Cell inv07f: Step Pins started
INFO (ABS-12015): Cell inv07f: The PR boundary does not enclose all cellview geometries. This is because not all layers with geometry for calculating PR boundary have been specified in the "Using geometry on layers" field on the "Boundary" tab. Ensure that all the required layers have been specified in this field.
INFO (ABS-12001): Cell inv07f: There are 4 existing terminals. No pins will be added for them.
INFO (ABS-12002): Cell inv07f: No terminals have been created. Use the Map text labels to pins option in the Map tab of the Pins step to define cell pins.
INFO (ABS-11901): Cell inv07f: Step Pins finished
INFO (ABS-11900): Cell inv08f: Step Pins started
INFO (ABS-12015): Cell inv08f: The PR boundary does not enclose all cellview geometries. This is because not all layers with geometry for calculating PR boundary have been specified in the "Using geometry on layers" field on the "Boundary" tab. Ensure that all the required layers have been specified in this field.
INFO (ABS-12001): Cell inv08f: There are 4 existing terminals. No pins will be added for them.
INFO (ABS-12002): Cell inv08f: No terminals have been created. Use the Map text labels to pins option in the Map tab of the Pins step to define cell pins.
INFO (ABS-11901): Cell inv08f: Step Pins finished
INFO (ABS-11900): Cell inv09f: Step Pins started
INFO (ABS-12015): Cell inv09f: The PR boundary does not enclose all cellview geometries. This is because not all layers with geometry for calculating PR boundary have been specified in the "Using geometry on layers" field on the "Boundary" tab. Ensure that all the required layers have been specified in this field.
INFO (ABS-12001): Cell inv09f: There are 4 existing terminals. No pins will be added for them.
INFO (ABS-12002): Cell inv09f: No terminals have been created. Use the Map text labels to pins option in the Map tab of the Pins step to define cell pins.
INFO (ABS-11901): Cell inv09f: Step Pins finished
INFO (ABS-11900): Cell inv10f: Step Pins started
INFO (ABS-12015): Cell inv10f: The PR boundary does not enclose all cellview geometries. This is because not all layers with geometry for calculating PR boundary have been specified in the "Using geometry on layers" field on the "Boundary" tab. Ensure that all the required layers have been specified in this field.
INFO (ABS-12001): Cell inv10f: There are 4 existing terminals. No pins will be added for them.
INFO (ABS-12002): Cell inv10f: No terminals have been created. Use the Map text labels to pins option in the Map tab of the Pins step to define cell pins.
INFO (ABS-11901): Cell inv10f: Step Pins finished
INFO (ABS-11900): Cell inv11f: Step Pins started
INFO (ABS-12015): Cell inv11f: The PR boundary does not enclose all cellview geometries. This is because not all layers with geometry for calculating PR boundary have been specified in the "Using geometry on layers" field on the "Boundary" tab. Ensure that all the required layers have been specified in this field.
INFO (ABS-12001): Cell inv11f: There are 4 existing terminals. No pins will be added for them.
INFO (ABS-12002): Cell inv11f: No terminals have been created. Use the Map text labels to pins option in the Map tab of the Pins step to define cell pins.
INFO (ABS-11901): Cell inv11f: Step Pins finished
INFO (ABS-11900): Cell inv12f: Step Pins started
INFO (ABS-12015): Cell inv12f: The PR boundary does not enclose all cellview geometries. This is because not all layers with geometry for calculating PR boundary have been specified in the "Using geometry on layers" field on the "Boundary" tab. Ensure that all the required layers have been specified in this field.
INFO (ABS-12001): Cell inv12f: There are 4 existing terminals. No pins will be added for them.
INFO (ABS-12002): Cell inv12f: No terminals have been created. Use the Map text labels to pins option in the Map tab of the Pins step to define cell pins.
INFO (ABS-11901): Cell inv12f: Step Pins finished
INFO (ABS-11900): Cell inv13f: Step Pins started
INFO (ABS-12015): Cell inv13f: The PR boundary does not enclose all cellview geometries. This is because not all layers with geometry for calculating PR boundary have been specified in the "Using geometry on layers" field on the "Boundary" tab. Ensure that all the required layers have been specified in this field.
INFO (ABS-12001): Cell inv13f: There are 4 existing terminals. No pins will be added for them.
INFO (ABS-12002): Cell inv13f: No terminals have been created. Use the Map text labels to pins option in the Map tab of the Pins step to define cell pins.
INFO (ABS-11901): Cell inv13f: Step Pins finished
INFO (ABS-11900): Cell inv14f: Step Pins started
INFO (ABS-12015): Cell inv14f: The PR boundary does not enclose all cellview geometries. This is because not all layers with geometry for calculating PR boundary have been specified in the "Using geometry on layers" field on the "Boundary" tab. Ensure that all the required layers have been specified in this field.
INFO (ABS-12001): Cell inv14f: There are 4 existing terminals. No pins will be added for them.
INFO (ABS-12002): Cell inv14f: No terminals have been created. Use the Map text labels to pins option in the Map tab of the Pins step to define cell pins.
INFO (ABS-11901): Cell inv14f: Step Pins finished
INFO (ABS-11900): Cell inv15f: Step Pins started
INFO (ABS-12015): Cell inv15f: The PR boundary does not enclose all cellview geometries. This is because not all layers with geometry for calculating PR boundary have been specified in the "Using geometry on layers" field on the "Boundary" tab. Ensure that all the required layers have been specified in this field.
INFO (ABS-12001): Cell inv15f: There are 4 existing terminals. No pins will be added for them.
INFO (ABS-12002): Cell inv15f: No terminals have been created. Use the Map text labels to pins option in the Map tab of the Pins step to define cell pins.
INFO (ABS-11901): Cell inv15f: Step Pins finished
INFO (ABS-11900): Cell preampF: Step Pins started
INFO (ABS-12015): Cell preampF: The PR boundary does not enclose all cellview geometries. This is because not all layers with geometry for calculating PR boundary have been specified in the "Using geometry on layers" field on the "Boundary" tab. Ensure that all the required layers have been specified in this field.
INFO (ABS-12001): Cell preampF: There are 4 existing terminals. No pins will be added for them.
INFO (ABS-12002): Cell preampF: No terminals have been created. Use the Map text labels to pins option in the Map tab of the Pins step to define cell pins.
INFO (ABS-11901): Cell preampF: Step Pins finished
INFO (ABS-11900): Cell preampF_comm_B: Step Pins started
INFO (ABS-12015): Cell preampF_comm_B: The PR boundary does not enclose all cellview geometries. This is because not all layers with geometry for calculating PR boundary have been specified in the "Using geometry on layers" field on the "Boundary" tab. Ensure that all the required layers have been specified in this field.
INFO (ABS-12042): Cell preampF_comm_B: Deleting nets and terminals with no pins because these are not relevant for layout tools.
INFO (ABS-12001): Cell preampF_comm_B: There are 4 existing terminals. No pins will be added for them.
INFO (ABS-12002): Cell preampF_comm_B: No terminals have been created. Use the Map text labels to pins option in the Map tab of the Pins step to define cell pins.
INFO (ABS-11901): Cell preampF_comm_B: Step Pins finished
INFO (ABS-10509): Saving existing options file for library ADC to /home/cae3/Desktop/ADC/ASIC_ADC/Cadence_sky/.abstract/ADC/.abstract.options.prev
INFO (ABS-10511): Saving current option settings for library ADC to the file /home/cae3/Desktop/ADC/ASIC_ADC/Cadence_sky/.abstract/ADC/.abstract.options.
INFO (ABS-11900): Cell div_fixed: Step Extract started
INFO (ABS-13002): Cell div_fixed: extracting 3 nets
INFO (ABS-13004): Cell div_fixed: extracting the net A, 1 of 3.
INFO (ABS-13004): Cell div_fixed: extracting the net Y, 2 of 3.
INFO (ABS-12052): Cell div_fixed: Extracting Power nets. Checking for shorts, if any. Once short detection is complete, the individual progress of net extraction will be reported.
INFO (ABS-12054): Cell div_fixed: Checking short for power net VSS, 3 of 3.
INFO (ABS-12053): Cell div_fixed: The power nets do not have any shorts.
INFO (ABS-13004): Cell div_fixed: extracting the net VSS, 3 of 3.
INFO (ABS-11901): Cell div_fixed: Step Extract finished
INFO (ABS-11900): Cell inv01f: Step Extract started
INFO (ABS-13002): Cell inv01f: extracting 4 nets
INFO (ABS-13004): Cell inv01f: extracting the net Y, 1 of 4.
INFO (ABS-13004): Cell inv01f: extracting the net A, 2 of 4.
INFO (ABS-12052): Cell inv01f: Extracting Power nets. Checking for shorts, if any. Once short detection is complete, the individual progress of net extraction will be reported.
INFO (ABS-12054): Cell inv01f: Checking short for power net VSS, 3 of 4.
INFO (ABS-12054): Cell inv01f: Checking short for power net VDD, 4 of 4.
INFO (ABS-12053): Cell inv01f: The power nets do not have any shorts.
INFO (ABS-13004): Cell inv01f: extracting the net VSS, 3 of 4.
INFO (ABS-13004): Cell inv01f: extracting the net VDD, 4 of 4.
INFO (ABS-11901): Cell inv01f: Step Extract finished
INFO (ABS-11900): Cell inv02f: Step Extract started
INFO (ABS-13002): Cell inv02f: extracting 4 nets
INFO (ABS-13004): Cell inv02f: extracting the net Y, 1 of 4.
INFO (ABS-13004): Cell inv02f: extracting the net A, 2 of 4.
INFO (ABS-12052): Cell inv02f: Extracting Power nets. Checking for shorts, if any. Once short detection is complete, the individual progress of net extraction will be reported.
INFO (ABS-12054): Cell inv02f: Checking short for power net VDD, 3 of 4.
INFO (ABS-12054): Cell inv02f: Checking short for power net VSS, 4 of 4.
INFO (ABS-12053): Cell inv02f: The power nets do not have any shorts.
INFO (ABS-13004): Cell inv02f: extracting the net VDD, 3 of 4.
INFO (ABS-13004): Cell inv02f: extracting the net VSS, 4 of 4.
INFO (ABS-11901): Cell inv02f: Step Extract finished
INFO (ABS-11900): Cell inv03f: Step Extract started
INFO (ABS-13002): Cell inv03f: extracting 4 nets
INFO (ABS-13004): Cell inv03f: extracting the net Y, 1 of 4.
INFO (ABS-13004): Cell inv03f: extracting the net A, 2 of 4.
INFO (ABS-12052): Cell inv03f: Extracting Power nets. Checking for shorts, if any. Once short detection is complete, the individual progress of net extraction will be reported.
INFO (ABS-12054): Cell inv03f: Checking short for power net VSS, 3 of 4.
INFO (ABS-12054): Cell inv03f: Checking short for power net VDD, 4 of 4.
INFO (ABS-12053): Cell inv03f: The power nets do not have any shorts.
INFO (ABS-13004): Cell inv03f: extracting the net VSS, 3 of 4.
INFO (ABS-13004): Cell inv03f: extracting the net VDD, 4 of 4.
INFO (ABS-11901): Cell inv03f: Step Extract finished
INFO (ABS-11900): Cell inv04f: Step Extract started
INFO (ABS-13002): Cell inv04f: extracting 4 nets
INFO (ABS-13004): Cell inv04f: extracting the net Y, 1 of 4.
INFO (ABS-13004): Cell inv04f: extracting the net A, 2 of 4.
INFO (ABS-12052): Cell inv04f: Extracting Power nets. Checking for shorts, if any. Once short detection is complete, the individual progress of net extraction will be reported.
INFO (ABS-12054): Cell inv04f: Checking short for power net VSS, 3 of 4.
INFO (ABS-12054): Cell inv04f: Checking short for power net VDD, 4 of 4.
INFO (ABS-12053): Cell inv04f: The power nets do not have any shorts.
INFO (ABS-13004): Cell inv04f: extracting the net VSS, 3 of 4.
INFO (ABS-13004): Cell inv04f: extracting the net VDD, 4 of 4.
INFO (ABS-11901): Cell inv04f: Step Extract finished
INFO (ABS-11900): Cell inv05f: Step Extract started
INFO (ABS-13002): Cell inv05f: extracting 4 nets
INFO (ABS-13004): Cell inv05f: extracting the net Y, 1 of 4.
INFO (ABS-13004): Cell inv05f: extracting the net A, 2 of 4.
INFO (ABS-12052): Cell inv05f: Extracting Power nets. Checking for shorts, if any. Once short detection is complete, the individual progress of net extraction will be reported.
INFO (ABS-12054): Cell inv05f: Checking short for power net VSS, 3 of 4.
INFO (ABS-12054): Cell inv05f: Checking short for power net VDD, 4 of 4.
INFO (ABS-12053): Cell inv05f: The power nets do not have any shorts.
INFO (ABS-13004): Cell inv05f: extracting the net VSS, 3 of 4.
INFO (ABS-13004): Cell inv05f: extracting the net VDD, 4 of 4.
INFO (ABS-11901): Cell inv05f: Step Extract finished
INFO (ABS-11900): Cell inv06f: Step Extract started
INFO (ABS-13002): Cell inv06f: extracting 4 nets
INFO (ABS-13004): Cell inv06f: extracting the net A, 1 of 4.
INFO (ABS-13004): Cell inv06f: extracting the net Y, 2 of 4.
INFO (ABS-12052): Cell inv06f: Extracting Power nets. Checking for shorts, if any. Once short detection is complete, the individual progress of net extraction will be reported.
INFO (ABS-12054): Cell inv06f: Checking short for power net VDD, 3 of 4.
INFO (ABS-12054): Cell inv06f: Checking short for power net VSS, 4 of 4.
INFO (ABS-12053): Cell inv06f: The power nets do not have any shorts.
INFO (ABS-13004): Cell inv06f: extracting the net VDD, 3 of 4.
INFO (ABS-13004): Cell inv06f: extracting the net VSS, 4 of 4.
INFO (ABS-11901): Cell inv06f: Step Extract finished
INFO (ABS-11900): Cell inv07f: Step Extract started
INFO (ABS-13002): Cell inv07f: extracting 4 nets
INFO (ABS-13004): Cell inv07f: extracting the net Y, 1 of 4.
INFO (ABS-13004): Cell inv07f: extracting the net A, 2 of 4.
INFO (ABS-12052): Cell inv07f: Extracting Power nets. Checking for shorts, if any. Once short detection is complete, the individual progress of net extraction will be reported.
INFO (ABS-12054): Cell inv07f: Checking short for power net VSS, 3 of 4.
INFO (ABS-12054): Cell inv07f: Checking short for power net VDD, 4 of 4.
INFO (ABS-12053): Cell inv07f: The power nets do not have any shorts.
INFO (ABS-13004): Cell inv07f: extracting the net VSS, 3 of 4.
INFO (ABS-13004): Cell inv07f: extracting the net VDD, 4 of 4.
INFO (ABS-11901): Cell inv07f: Step Extract finished
INFO (ABS-11900): Cell inv08f: Step Extract started
INFO (ABS-13002): Cell inv08f: extracting 4 nets
INFO (ABS-13004): Cell inv08f: extracting the net Y, 1 of 4.
INFO (ABS-13004): Cell inv08f: extracting the net A, 2 of 4.
INFO (ABS-12052): Cell inv08f: Extracting Power nets. Checking for shorts, if any. Once short detection is complete, the individual progress of net extraction will be reported.
INFO (ABS-12054): Cell inv08f: Checking short for power net VSS, 3 of 4.
INFO (ABS-12054): Cell inv08f: Checking short for power net VDD, 4 of 4.
INFO (ABS-12053): Cell inv08f: The power nets do not have any shorts.
INFO (ABS-13004): Cell inv08f: extracting the net VSS, 3 of 4.
INFO (ABS-13004): Cell inv08f: extracting the net VDD, 4 of 4.
INFO (ABS-11901): Cell inv08f: Step Extract finished
INFO (ABS-11900): Cell inv09f: Step Extract started
INFO (ABS-13002): Cell inv09f: extracting 4 nets
INFO (ABS-13004): Cell inv09f: extracting the net Y, 1 of 4.
INFO (ABS-13004): Cell inv09f: extracting the net A, 2 of 4.
INFO (ABS-12052): Cell inv09f: Extracting Power nets. Checking for shorts, if any. Once short detection is complete, the individual progress of net extraction will be reported.
INFO (ABS-12054): Cell inv09f: Checking short for power net VSS, 3 of 4.
INFO (ABS-12054): Cell inv09f: Checking short for power net VDD, 4 of 4.
INFO (ABS-12053): Cell inv09f: The power nets do not have any shorts.
INFO (ABS-13004): Cell inv09f: extracting the net VSS, 3 of 4.
INFO (ABS-13004): Cell inv09f: extracting the net VDD, 4 of 4.
INFO (ABS-11901): Cell inv09f: Step Extract finished
INFO (ABS-11900): Cell inv10f: Step Extract started
INFO (ABS-13002): Cell inv10f: extracting 4 nets
INFO (ABS-13004): Cell inv10f: extracting the net Y, 1 of 4.
INFO (ABS-13004): Cell inv10f: extracting the net A, 2 of 4.
INFO (ABS-12052): Cell inv10f: Extracting Power nets. Checking for shorts, if any. Once short detection is complete, the individual progress of net extraction will be reported.
INFO (ABS-12054): Cell inv10f: Checking short for power net VSS, 3 of 4.
INFO (ABS-12054): Cell inv10f: Checking short for power net VDD, 4 of 4.
INFO (ABS-12053): Cell inv10f: The power nets do not have any shorts.
INFO (ABS-13004): Cell inv10f: extracting the net VSS, 3 of 4.
INFO (ABS-13004): Cell inv10f: extracting the net VDD, 4 of 4.
INFO (ABS-11901): Cell inv10f: Step Extract finished
INFO (ABS-11900): Cell inv11f: Step Extract started
INFO (ABS-13002): Cell inv11f: extracting 4 nets
INFO (ABS-13004): Cell inv11f: extracting the net Y, 1 of 4.
INFO (ABS-13004): Cell inv11f: extracting the net A, 2 of 4.
INFO (ABS-12052): Cell inv11f: Extracting Power nets. Checking for shorts, if any. Once short detection is complete, the individual progress of net extraction will be reported.
INFO (ABS-12054): Cell inv11f: Checking short for power net VSS, 3 of 4.
INFO (ABS-12054): Cell inv11f: Checking short for power net VDD, 4 of 4.
INFO (ABS-12053): Cell inv11f: The power nets do not have any shorts.
INFO (ABS-13004): Cell inv11f: extracting the net VSS, 3 of 4.
INFO (ABS-13004): Cell inv11f: extracting the net VDD, 4 of 4.
INFO (ABS-11901): Cell inv11f: Step Extract finished
INFO (ABS-11900): Cell inv12f: Step Extract started
INFO (ABS-13002): Cell inv12f: extracting 4 nets
INFO (ABS-13004): Cell inv12f: extracting the net Y, 1 of 4.
INFO (ABS-13004): Cell inv12f: extracting the net A, 2 of 4.
INFO (ABS-12052): Cell inv12f: Extracting Power nets. Checking for shorts, if any. Once short detection is complete, the individual progress of net extraction will be reported.
INFO (ABS-12054): Cell inv12f: Checking short for power net VSS, 3 of 4.
INFO (ABS-12054): Cell inv12f: Checking short for power net VDD, 4 of 4.
INFO (ABS-12053): Cell inv12f: The power nets do not have any shorts.
INFO (ABS-13004): Cell inv12f: extracting the net VSS, 3 of 4.
INFO (ABS-13004): Cell inv12f: extracting the net VDD, 4 of 4.
INFO (ABS-11901): Cell inv12f: Step Extract finished
INFO (ABS-11900): Cell inv13f: Step Extract started
INFO (ABS-13002): Cell inv13f: extracting 4 nets
INFO (ABS-13004): Cell inv13f: extracting the net Y, 1 of 4.
INFO (ABS-13004): Cell inv13f: extracting the net A, 2 of 4.
INFO (ABS-12052): Cell inv13f: Extracting Power nets. Checking for shorts, if any. Once short detection is complete, the individual progress of net extraction will be reported.
INFO (ABS-12054): Cell inv13f: Checking short for power net VSS, 3 of 4.
INFO (ABS-12054): Cell inv13f: Checking short for power net VDD, 4 of 4.
INFO (ABS-12053): Cell inv13f: The power nets do not have any shorts.
INFO (ABS-13004): Cell inv13f: extracting the net VSS, 3 of 4.
INFO (ABS-13004): Cell inv13f: extracting the net VDD, 4 of 4.
INFO (ABS-11901): Cell inv13f: Step Extract finished
INFO (ABS-11900): Cell inv14f: Step Extract started
INFO (ABS-13002): Cell inv14f: extracting 4 nets
INFO (ABS-13004): Cell inv14f: extracting the net Y, 1 of 4.
INFO (ABS-13004): Cell inv14f: extracting the net A, 2 of 4.
INFO (ABS-12052): Cell inv14f: Extracting Power nets. Checking for shorts, if any. Once short detection is complete, the individual progress of net extraction will be reported.
INFO (ABS-12054): Cell inv14f: Checking short for power net VSS, 3 of 4.
INFO (ABS-12054): Cell inv14f: Checking short for power net VDD, 4 of 4.
INFO (ABS-12053): Cell inv14f: The power nets do not have any shorts.
INFO (ABS-13004): Cell inv14f: extracting the net VSS, 3 of 4.
INFO (ABS-13004): Cell inv14f: extracting the net VDD, 4 of 4.
INFO (ABS-11901): Cell inv14f: Step Extract finished
INFO (ABS-11900): Cell inv15f: Step Extract started
INFO (ABS-13002): Cell inv15f: extracting 4 nets
INFO (ABS-13004): Cell inv15f: extracting the net Y, 1 of 4.
INFO (ABS-13004): Cell inv15f: extracting the net A, 2 of 4.
INFO (ABS-12052): Cell inv15f: Extracting Power nets. Checking for shorts, if any. Once short detection is complete, the individual progress of net extraction will be reported.
INFO (ABS-12054): Cell inv15f: Checking short for power net VSS, 3 of 4.
INFO (ABS-12054): Cell inv15f: Checking short for power net VDD, 4 of 4.
INFO (ABS-12053): Cell inv15f: The power nets do not have any shorts.
INFO (ABS-13004): Cell inv15f: extracting the net VSS, 3 of 4.
INFO (ABS-13004): Cell inv15f: extracting the net VDD, 4 of 4.
INFO (ABS-11901): Cell inv15f: Step Extract finished
INFO (ABS-11900): Cell preampF: Step Extract started
INFO (ABS-13002): Cell preampF: extracting 4 nets
INFO (ABS-13004): Cell preampF: extracting the net A, 1 of 4.
INFO (ABS-13004): Cell preampF: extracting the net Y, 2 of 4.
INFO (ABS-12052): Cell preampF: Extracting Power nets. Checking for shorts, if any. Once short detection is complete, the individual progress of net extraction will be reported.
INFO (ABS-12054): Cell preampF: Checking short for power net VSS, 3 of 4.
INFO (ABS-12054): Cell preampF: Checking short for power net VDD, 4 of 4.
INFO (ABS-12053): Cell preampF: The power nets do not have any shorts.
INFO (ABS-13004): Cell preampF: extracting the net VSS, 3 of 4.
INFO (ABS-13004): Cell preampF: extracting the net VDD, 4 of 4.
INFO (ABS-11901): Cell preampF: Step Extract finished
INFO (ABS-11900): Cell preampF_comm_B: Step Extract started
INFO (ABS-13002): Cell preampF_comm_B: extracting 4 nets
INFO (ABS-13004): Cell preampF_comm_B: extracting the net A, 1 of 4.
INFO (ABS-13004): Cell preampF_comm_B: extracting the net Y, 2 of 4.
INFO (ABS-12052): Cell preampF_comm_B: Extracting Power nets. Checking for shorts, if any. Once short detection is complete, the individual progress of net extraction will be reported.
INFO (ABS-12054): Cell preampF_comm_B: Checking short for power net VDD, 3 of 4.
INFO (ABS-12054): Cell preampF_comm_B: Checking short for power net VSS, 4 of 4.
INFO (ABS-12053): Cell preampF_comm_B: The power nets do not have any shorts.
INFO (ABS-13004): Cell preampF_comm_B: extracting the net VDD, 3 of 4.
INFO (ABS-13004): Cell preampF_comm_B: extracting the net VSS, 4 of 4.
INFO (ABS-11901): Cell preampF_comm_B: Step Extract finished
INFO (ABS-10509): Saving existing options file for library ADC to /home/cae3/Desktop/ADC/ASIC_ADC/Cadence_sky/.abstract/ADC/.abstract.options.prev
INFO (ABS-10511): Saving current option settings for library ADC to the file /home/cae3/Desktop/ADC/ASIC_ADC/Cadence_sky/.abstract/ADC/.abstract.options.
INFO (ABS-11900): Cell div_fixed: Step Abstract started
INFO (ABS-19026): Cell div_fixed: Generating detailed blockages for layer mcon
INFO (ABS-19026): Cell div_fixed: Generating detailed blockages for layer met1
INFO (ABS-19026): Cell div_fixed: Generating detailed blockages for layer via
INFO (ABS-19026): Cell div_fixed: Generating detailed blockages for layer met2
INFO (ABS-19026): Cell div_fixed: Generating detailed blockages for layer via2
INFO (ABS-19026): Cell div_fixed: Generating detailed blockages for layer met3
INFO (ABS-19026): Cell div_fixed: Generating detailed blockages for layer via3
INFO (ABS-19026): Cell div_fixed: Generating detailed blockages for layer met4
INFO (ABS-19026): Cell div_fixed: Generating detailed blockages for layer via4
INFO (ABS-19026): Cell div_fixed: Generating detailed blockages for layer met5
*WARNING* (ABS-11026): Bus annotation cannot be completed for the specified abstract because the logical view for cell div_fixed is invalid.
INFO (ABS-11901): Cell div_fixed: Step Abstract finished
INFO (ABS-11900): Cell inv01f: Step Abstract started
INFO (ABS-19026): Cell inv01f: Generating detailed blockages for layer mcon
INFO (ABS-19026): Cell inv01f: Generating detailed blockages for layer met1
INFO (ABS-19026): Cell inv01f: Generating detailed blockages for layer via
INFO (ABS-19026): Cell inv01f: Generating detailed blockages for layer met2
INFO (ABS-19026): Cell inv01f: Generating detailed blockages for layer via2
INFO (ABS-19026): Cell inv01f: Generating detailed blockages for layer met3
INFO (ABS-19026): Cell inv01f: Generating detailed blockages for layer via3
INFO (ABS-19026): Cell inv01f: Generating detailed blockages for layer met4
INFO (ABS-19026): Cell inv01f: Generating detailed blockages for layer via4
INFO (ABS-19026): Cell inv01f: Generating detailed blockages for layer met5
*WARNING* (ABS-11026): Bus annotation cannot be completed for the specified abstract because the logical view for cell inv01f is invalid.
INFO (ABS-11901): Cell inv01f: Step Abstract finished
INFO (ABS-11900): Cell inv02f: Step Abstract started
INFO (ABS-19026): Cell inv02f: Generating detailed blockages for layer mcon
INFO (ABS-19026): Cell inv02f: Generating detailed blockages for layer met1
INFO (ABS-19026): Cell inv02f: Generating detailed blockages for layer via
INFO (ABS-19026): Cell inv02f: Generating detailed blockages for layer met2
INFO (ABS-19026): Cell inv02f: Generating detailed blockages for layer via2
INFO (ABS-19026): Cell inv02f: Generating detailed blockages for layer met3
INFO (ABS-19026): Cell inv02f: Generating detailed blockages for layer via3
INFO (ABS-19026): Cell inv02f: Generating detailed blockages for layer met4
INFO (ABS-19026): Cell inv02f: Generating detailed blockages for layer via4
INFO (ABS-19026): Cell inv02f: Generating detailed blockages for layer met5
*WARNING* (ABS-11026): Bus annotation cannot be completed for the specified abstract because the logical view for cell inv02f is invalid.
INFO (ABS-11901): Cell inv02f: Step Abstract finished
INFO (ABS-11900): Cell inv03f: Step Abstract started
INFO (ABS-19026): Cell inv03f: Generating detailed blockages for layer mcon
INFO (ABS-19026): Cell inv03f: Generating detailed blockages for layer met1
INFO (ABS-19026): Cell inv03f: Generating detailed blockages for layer via
INFO (ABS-19026): Cell inv03f: Generating detailed blockages for layer met2
INFO (ABS-19026): Cell inv03f: Generating detailed blockages for layer via2
INFO (ABS-19026): Cell inv03f: Generating detailed blockages for layer met3
INFO (ABS-19026): Cell inv03f: Generating detailed blockages for layer via3
INFO (ABS-19026): Cell inv03f: Generating detailed blockages for layer met4
INFO (ABS-19026): Cell inv03f: Generating detailed blockages for layer via4
INFO (ABS-19026): Cell inv03f: Generating detailed blockages for layer met5
*WARNING* (ABS-11026): Bus annotation cannot be completed for the specified abstract because the logical view for cell inv03f is invalid.
INFO (ABS-11901): Cell inv03f: Step Abstract finished
INFO (ABS-11900): Cell inv04f: Step Abstract started
INFO (ABS-19026): Cell inv04f: Generating detailed blockages for layer mcon
INFO (ABS-19026): Cell inv04f: Generating detailed blockages for layer met1
INFO (ABS-19026): Cell inv04f: Generating detailed blockages for layer via
INFO (ABS-19026): Cell inv04f: Generating detailed blockages for layer met2
INFO (ABS-19026): Cell inv04f: Generating detailed blockages for layer via2
INFO (ABS-19026): Cell inv04f: Generating detailed blockages for layer met3
INFO (ABS-19026): Cell inv04f: Generating detailed blockages for layer via3
INFO (ABS-19026): Cell inv04f: Generating detailed blockages for layer met4
INFO (ABS-19026): Cell inv04f: Generating detailed blockages for layer via4
INFO (ABS-19026): Cell inv04f: Generating detailed blockages for layer met5
*WARNING* (ABS-11026): Bus annotation cannot be completed for the specified abstract because the logical view for cell inv04f is invalid.
INFO (ABS-11901): Cell inv04f: Step Abstract finished
INFO (ABS-11900): Cell inv05f: Step Abstract started
INFO (ABS-19026): Cell inv05f: Generating detailed blockages for layer mcon
INFO (ABS-19026): Cell inv05f: Generating detailed blockages for layer met1
INFO (ABS-19026): Cell inv05f: Generating detailed blockages for layer via
INFO (ABS-19026): Cell inv05f: Generating detailed blockages for layer met2
INFO (ABS-19026): Cell inv05f: Generating detailed blockages for layer via2
INFO (ABS-19026): Cell inv05f: Generating detailed blockages for layer met3
INFO (ABS-19026): Cell inv05f: Generating detailed blockages for layer via3
INFO (ABS-19026): Cell inv05f: Generating detailed blockages for layer met4
INFO (ABS-19026): Cell inv05f: Generating detailed blockages for layer via4
INFO (ABS-19026): Cell inv05f: Generating detailed blockages for layer met5
*WARNING* (ABS-11026): Bus annotation cannot be completed for the specified abstract because the logical view for cell inv05f is invalid.
INFO (ABS-11901): Cell inv05f: Step Abstract finished
INFO (ABS-11900): Cell inv06f: Step Abstract started
INFO (ABS-19026): Cell inv06f: Generating detailed blockages for layer mcon
INFO (ABS-19026): Cell inv06f: Generating detailed blockages for layer met1
INFO (ABS-19026): Cell inv06f: Generating detailed blockages for layer via
INFO (ABS-19026): Cell inv06f: Generating detailed blockages for layer met2
INFO (ABS-19026): Cell inv06f: Generating detailed blockages for layer via2
INFO (ABS-19026): Cell inv06f: Generating detailed blockages for layer met3
INFO (ABS-19026): Cell inv06f: Generating detailed blockages for layer via3
INFO (ABS-19026): Cell inv06f: Generating detailed blockages for layer met4
INFO (ABS-19026): Cell inv06f: Generating detailed blockages for layer via4
INFO (ABS-19026): Cell inv06f: Generating detailed blockages for layer met5
*WARNING* (ABS-11026): Bus annotation cannot be completed for the specified abstract because the logical view for cell inv06f is invalid.
INFO (ABS-11901): Cell inv06f: Step Abstract finished
INFO (ABS-11900): Cell inv07f: Step Abstract started
INFO (ABS-19026): Cell inv07f: Generating detailed blockages for layer mcon
INFO (ABS-19026): Cell inv07f: Generating detailed blockages for layer met1
INFO (ABS-19026): Cell inv07f: Generating detailed blockages for layer via
INFO (ABS-19026): Cell inv07f: Generating detailed blockages for layer met2
INFO (ABS-19026): Cell inv07f: Generating detailed blockages for layer via2
INFO (ABS-19026): Cell inv07f: Generating detailed blockages for layer met3
INFO (ABS-19026): Cell inv07f: Generating detailed blockages for layer via3
INFO (ABS-19026): Cell inv07f: Generating detailed blockages for layer met4
INFO (ABS-19026): Cell inv07f: Generating detailed blockages for layer via4
INFO (ABS-19026): Cell inv07f: Generating detailed blockages for layer met5
*WARNING* (ABS-11026): Bus annotation cannot be completed for the specified abstract because the logical view for cell inv07f is invalid.
INFO (ABS-11901): Cell inv07f: Step Abstract finished
INFO (ABS-11900): Cell inv08f: Step Abstract started
INFO (ABS-19026): Cell inv08f: Generating detailed blockages for layer mcon
INFO (ABS-19026): Cell inv08f: Generating detailed blockages for layer met1
INFO (ABS-19026): Cell inv08f: Generating detailed blockages for layer via
INFO (ABS-19026): Cell inv08f: Generating detailed blockages for layer met2
INFO (ABS-19026): Cell inv08f: Generating detailed blockages for layer via2
INFO (ABS-19026): Cell inv08f: Generating detailed blockages for layer met3
INFO (ABS-19026): Cell inv08f: Generating detailed blockages for layer via3
INFO (ABS-19026): Cell inv08f: Generating detailed blockages for layer met4
INFO (ABS-19026): Cell inv08f: Generating detailed blockages for layer via4
INFO (ABS-19026): Cell inv08f: Generating detailed blockages for layer met5
*WARNING* (ABS-11026): Bus annotation cannot be completed for the specified abstract because the logical view for cell inv08f is invalid.
INFO (ABS-11901): Cell inv08f: Step Abstract finished
INFO (ABS-11900): Cell inv09f: Step Abstract started
INFO (ABS-19026): Cell inv09f: Generating detailed blockages for layer mcon
INFO (ABS-19026): Cell inv09f: Generating detailed blockages for layer met1
INFO (ABS-19026): Cell inv09f: Generating detailed blockages for layer via
INFO (ABS-19026): Cell inv09f: Generating detailed blockages for layer met2
INFO (ABS-19026): Cell inv09f: Generating detailed blockages for layer via2
INFO (ABS-19026): Cell inv09f: Generating detailed blockages for layer met3
INFO (ABS-19026): Cell inv09f: Generating detailed blockages for layer via3
INFO (ABS-19026): Cell inv09f: Generating detailed blockages for layer met4
INFO (ABS-19026): Cell inv09f: Generating detailed blockages for layer via4
INFO (ABS-19026): Cell inv09f: Generating detailed blockages for layer met5
*WARNING* (ABS-11026): Bus annotation cannot be completed for the specified abstract because the logical view for cell inv09f is invalid.
INFO (ABS-11901): Cell inv09f: Step Abstract finished
INFO (ABS-11900): Cell inv10f: Step Abstract started
INFO (ABS-19026): Cell inv10f: Generating detailed blockages for layer mcon
INFO (ABS-19026): Cell inv10f: Generating detailed blockages for layer met1
INFO (ABS-19026): Cell inv10f: Generating detailed blockages for layer via
INFO (ABS-19026): Cell inv10f: Generating detailed blockages for layer met2
INFO (ABS-19026): Cell inv10f: Generating detailed blockages for layer via2
INFO (ABS-19026): Cell inv10f: Generating detailed blockages for layer met3
INFO (ABS-19026): Cell inv10f: Generating detailed blockages for layer via3
INFO (ABS-19026): Cell inv10f: Generating detailed blockages for layer met4
INFO (ABS-19026): Cell inv10f: Generating detailed blockages for layer via4
INFO (ABS-19026): Cell inv10f: Generating detailed blockages for layer met5
*WARNING* (ABS-11026): Bus annotation cannot be completed for the specified abstract because the logical view for cell inv10f is invalid.
INFO (ABS-11901): Cell inv10f: Step Abstract finished
INFO (ABS-11900): Cell inv11f: Step Abstract started
INFO (ABS-19026): Cell inv11f: Generating detailed blockages for layer mcon
INFO (ABS-19026): Cell inv11f: Generating detailed blockages for layer met1
INFO (ABS-19026): Cell inv11f: Generating detailed blockages for layer via
INFO (ABS-19026): Cell inv11f: Generating detailed blockages for layer met2
INFO (ABS-19026): Cell inv11f: Generating detailed blockages for layer via2
INFO (ABS-19026): Cell inv11f: Generating detailed blockages for layer met3
INFO (ABS-19026): Cell inv11f: Generating detailed blockages for layer via3
INFO (ABS-19026): Cell inv11f: Generating detailed blockages for layer met4
INFO (ABS-19026): Cell inv11f: Generating detailed blockages for layer via4
INFO (ABS-19026): Cell inv11f: Generating detailed blockages for layer met5
*WARNING* (ABS-11026): Bus annotation cannot be completed for the specified abstract because the logical view for cell inv11f is invalid.
INFO (ABS-11901): Cell inv11f: Step Abstract finished
INFO (ABS-11900): Cell inv12f: Step Abstract started
INFO (ABS-19026): Cell inv12f: Generating detailed blockages for layer mcon
INFO (ABS-19026): Cell inv12f: Generating detailed blockages for layer met1
INFO (ABS-19026): Cell inv12f: Generating detailed blockages for layer via
INFO (ABS-19026): Cell inv12f: Generating detailed blockages for layer met2
INFO (ABS-19026): Cell inv12f: Generating detailed blockages for layer via2
INFO (ABS-19026): Cell inv12f: Generating detailed blockages for layer met3
INFO (ABS-19026): Cell inv12f: Generating detailed blockages for layer via3
INFO (ABS-19026): Cell inv12f: Generating detailed blockages for layer met4
INFO (ABS-19026): Cell inv12f: Generating detailed blockages for layer via4
INFO (ABS-19026): Cell inv12f: Generating detailed blockages for layer met5
*WARNING* (ABS-11026): Bus annotation cannot be completed for the specified abstract because the logical view for cell inv12f is invalid.
INFO (ABS-11901): Cell inv12f: Step Abstract finished
INFO (ABS-11900): Cell inv13f: Step Abstract started
INFO (ABS-19026): Cell inv13f: Generating detailed blockages for layer mcon
INFO (ABS-19026): Cell inv13f: Generating detailed blockages for layer met1
INFO (ABS-19026): Cell inv13f: Generating detailed blockages for layer via
INFO (ABS-19026): Cell inv13f: Generating detailed blockages for layer met2
INFO (ABS-19026): Cell inv13f: Generating detailed blockages for layer via2
INFO (ABS-19026): Cell inv13f: Generating detailed blockages for layer met3
INFO (ABS-19026): Cell inv13f: Generating detailed blockages for layer via3
INFO (ABS-19026): Cell inv13f: Generating detailed blockages for layer met4
INFO (ABS-19026): Cell inv13f: Generating detailed blockages for layer via4
INFO (ABS-19026): Cell inv13f: Generating detailed blockages for layer met5
*WARNING* (ABS-11026): Bus annotation cannot be completed for the specified abstract because the logical view for cell inv13f is invalid.
INFO (ABS-11901): Cell inv13f: Step Abstract finished
INFO (ABS-11900): Cell inv14f: Step Abstract started
INFO (ABS-19026): Cell inv14f: Generating detailed blockages for layer mcon
INFO (ABS-19026): Cell inv14f: Generating detailed blockages for layer met1
INFO (ABS-19026): Cell inv14f: Generating detailed blockages for layer via
INFO (ABS-19026): Cell inv14f: Generating detailed blockages for layer met2
INFO (ABS-19026): Cell inv14f: Generating detailed blockages for layer via2
INFO (ABS-19026): Cell inv14f: Generating detailed blockages for layer met3
INFO (ABS-19026): Cell inv14f: Generating detailed blockages for layer via3
INFO (ABS-19026): Cell inv14f: Generating detailed blockages for layer met4
INFO (ABS-19026): Cell inv14f: Generating detailed blockages for layer via4
INFO (ABS-19026): Cell inv14f: Generating detailed blockages for layer met5
*WARNING* (ABS-11026): Bus annotation cannot be completed for the specified abstract because the logical view for cell inv14f is invalid.
INFO (ABS-11901): Cell inv14f: Step Abstract finished
INFO (ABS-11900): Cell inv15f: Step Abstract started
INFO (ABS-19026): Cell inv15f: Generating detailed blockages for layer mcon
INFO (ABS-19026): Cell inv15f: Generating detailed blockages for layer met1
INFO (ABS-19026): Cell inv15f: Generating detailed blockages for layer via
INFO (ABS-19026): Cell inv15f: Generating detailed blockages for layer met2
INFO (ABS-19026): Cell inv15f: Generating detailed blockages for layer via2
INFO (ABS-19026): Cell inv15f: Generating detailed blockages for layer met3
INFO (ABS-19026): Cell inv15f: Generating detailed blockages for layer via3
INFO (ABS-19026): Cell inv15f: Generating detailed blockages for layer met4
INFO (ABS-19026): Cell inv15f: Generating detailed blockages for layer via4
INFO (ABS-19026): Cell inv15f: Generating detailed blockages for layer met5
*WARNING* (ABS-11026): Bus annotation cannot be completed for the specified abstract because the logical view for cell inv15f is invalid.
INFO (ABS-11901): Cell inv15f: Step Abstract finished
INFO (ABS-11900): Cell preampF: Step Abstract started
INFO (ABS-19026): Cell preampF: Generating detailed blockages for layer mcon
INFO (ABS-19026): Cell preampF: Generating detailed blockages for layer met1
INFO (ABS-19026): Cell preampF: Generating detailed blockages for layer via
INFO (ABS-19026): Cell preampF: Generating detailed blockages for layer met2
INFO (ABS-19026): Cell preampF: Generating detailed blockages for layer via2
INFO (ABS-19026): Cell preampF: Generating detailed blockages for layer met3
INFO (ABS-19026): Cell preampF: Generating detailed blockages for layer via3
INFO (ABS-19026): Cell preampF: Generating detailed blockages for layer met4
INFO (ABS-19026): Cell preampF: Generating detailed blockages for layer via4
INFO (ABS-19026): Cell preampF: Generating detailed blockages for layer met5
*WARNING* (ABS-11026): Bus annotation cannot be completed for the specified abstract because the logical view for cell preampF is invalid.
INFO (ABS-11901): Cell preampF: Step Abstract finished
INFO (ABS-11900): Cell preampF_comm_B: Step Abstract started
INFO (ABS-19026): Cell preampF_comm_B: Generating detailed blockages for layer mcon
INFO (ABS-19026): Cell preampF_comm_B: Generating detailed blockages for layer met1
INFO (ABS-19026): Cell preampF_comm_B: Generating detailed blockages for layer via
INFO (ABS-19026): Cell preampF_comm_B: Generating detailed blockages for layer met2
INFO (ABS-19026): Cell preampF_comm_B: Generating detailed blockages for layer via2
INFO (ABS-19026): Cell preampF_comm_B: Generating detailed blockages for layer met3
INFO (ABS-19026): Cell preampF_comm_B: Generating detailed blockages for layer via3
INFO (ABS-19026): Cell preampF_comm_B: Generating detailed blockages for layer met4
INFO (ABS-19026): Cell preampF_comm_B: Generating detailed blockages for layer via4
INFO (ABS-19026): Cell preampF_comm_B: Generating detailed blockages for layer met5
*WARNING* (ABS-11026): Bus annotation cannot be completed for the specified abstract because the logical view for cell preampF_comm_B is invalid.
INFO (ABS-11901): Cell preampF_comm_B: Step Abstract finished
*WARNING* (ABS-20045): Failed to create the 'MACRO' site on disk. File '/mnt/cae_storage_sw/eda/cadence/pdks/sky130/sky130_release_004a/libs/sky130_fd_pr_main/tech.db' is not writable.
INFO (ABS-10014): Created the MACRO site in VM
*WARNING* (ABS-20045): Failed to create the 'MACRO' site on disk. File '/mnt/cae_storage_sw/eda/cadence/pdks/sky130/sky130_release_004a/libs/sky130_fd_pr_main/tech.db' is not writable.
INFO (ABS-10014): Created the MACRO site in VM
*WARNING* (ABS-20045): Failed to create the 'MACRO' site on disk. File '/mnt/cae_storage_sw/eda/cadence/pdks/sky130/sky130_release_004a/libs/sky130_fd_pr_main/tech.db' is not writable.
INFO (ABS-10014): Created the MACRO site in VM
*WARNING* (ABS-20045): Failed to create the 'MACRO' site on disk. File '/mnt/cae_storage_sw/eda/cadence/pdks/sky130/sky130_release_004a/libs/sky130_fd_pr_main/tech.db' is not writable.
INFO (ABS-10014): Created the MACRO site in VM
*WARNING* (ABS-20045): Failed to create the 'MACRO' site on disk. File '/mnt/cae_storage_sw/eda/cadence/pdks/sky130/sky130_release_004a/libs/sky130_fd_pr_main/tech.db' is not writable.
INFO (ABS-10014): Created the MACRO site in VM
*WARNING* (ABS-20045): Failed to create the 'MACRO' site on disk. File '/mnt/cae_storage_sw/eda/cadence/pdks/sky130/sky130_release_004a/libs/sky130_fd_pr_main/tech.db' is not writable.
INFO (ABS-10014): Created the MACRO site in VM
*WARNING* (ABS-20045): Failed to create the 'MACRO' site on disk. File '/mnt/cae_storage_sw/eda/cadence/pdks/sky130/sky130_release_004a/libs/sky130_fd_pr_main/tech.db' is not writable.
INFO (ABS-10014): Created the MACRO site in VM
*WARNING* (ABS-20045): Failed to create the 'MACRO' site on disk. File '/mnt/cae_storage_sw/eda/cadence/pdks/sky130/sky130_release_004a/libs/sky130_fd_pr_main/tech.db' is not writable.
INFO (ABS-10014): Created the MACRO site in VM
*WARNING* (ABS-20045): Failed to create the 'MACRO' site on disk. File '/mnt/cae_storage_sw/eda/cadence/pdks/sky130/sky130_release_004a/libs/sky130_fd_pr_main/tech.db' is not writable.
INFO (ABS-10014): Created the MACRO site in VM
*WARNING* (ABS-20045): Failed to create the 'MACRO' site on disk. File '/mnt/cae_storage_sw/eda/cadence/pdks/sky130/sky130_release_004a/libs/sky130_fd_pr_main/tech.db' is not writable.
INFO (ABS-10014): Created the MACRO site in VM
*WARNING* (ABS-20045): Failed to create the 'MACRO' site on disk. File '/mnt/cae_storage_sw/eda/cadence/pdks/sky130/sky130_release_004a/libs/sky130_fd_pr_main/tech.db' is not writable.
INFO (ABS-10014): Created the MACRO site in VM
*WARNING* (ABS-20045): Failed to create the 'MACRO' site on disk. File '/mnt/cae_storage_sw/eda/cadence/pdks/sky130/sky130_release_004a/libs/sky130_fd_pr_main/tech.db' is not writable.
INFO (ABS-10014): Created the MACRO site in VM
*WARNING* (ABS-20045): Failed to create the 'MACRO' site on disk. File '/mnt/cae_storage_sw/eda/cadence/pdks/sky130/sky130_release_004a/libs/sky130_fd_pr_main/tech.db' is not writable.
INFO (ABS-10014): Created the MACRO site in VM
*WARNING* (ABS-20045): Failed to create the 'MACRO' site on disk. File '/mnt/cae_storage_sw/eda/cadence/pdks/sky130/sky130_release_004a/libs/sky130_fd_pr_main/tech.db' is not writable.
INFO (ABS-10014): Created the MACRO site in VM
*WARNING* (ABS-20045): Failed to create the 'MACRO' site on disk. File '/mnt/cae_storage_sw/eda/cadence/pdks/sky130/sky130_release_004a/libs/sky130_fd_pr_main/tech.db' is not writable.
INFO (ABS-10014): Created the MACRO site in VM
*WARNING* (ABS-20045): Failed to create the 'MACRO' site on disk. File '/mnt/cae_storage_sw/eda/cadence/pdks/sky130/sky130_release_004a/libs/sky130_fd_pr_main/tech.db' is not writable.
INFO (ABS-10014): Created the MACRO site in VM
*WARNING* (ABS-20045): Failed to create the 'MACRO' site on disk. File '/mnt/cae_storage_sw/eda/cadence/pdks/sky130/sky130_release_004a/libs/sky130_fd_pr_main/tech.db' is not writable.
INFO (ABS-10014): Created the MACRO site in VM
*WARNING* (ABS-20045): Failed to create the 'MACRO' site on disk. File '/mnt/cae_storage_sw/eda/cadence/pdks/sky130/sky130_release_004a/libs/sky130_fd_pr_main/tech.db' is not writable.
INFO (ABS-10014): Created the MACRO site in VM
Virtuoso Framework License (111) was checked out successfully. Total checkout time was 0.05s.
INFO (DB-120008): oaSocket connection timeout value was set to 2 seconds.

********************************************************************************
Product   : Virtuoso(R) LEF Out 
Program   : @(#)$CDS: lefout version IC23.1-64b 09/20/2023 08:14 (cpgbld16) $
SubVersion: sub-version  IC23.1-64b.ISR2.29 
Started at: 03-Dec-2024  23:31:32
User Name : cae3
Host Name : cae-europractice1.othr.de
Directory : /home/cae3/Desktop/ADC/ASIC_ADC/Cadence_sky
DB Version: 	20230920 (SJ)
CADENCE Design Systems, Inc.
********************************************************************************
Running: lefout -lib ADC -views "abstract" -log lefout.log -lef /home/cae3/Desktop/ADC/ASIC_ADC/Cadence_sky/ADC/inv02f/ADC_MACRO.lef -cellList lefout.list -ver 5.8 -noTech
Loading sky130_fd_pr_main/libInit.il ...
	Loading sky130_fd_pr_main/loadCxt.ile ... done!
	Loading context 'sky130_fd_pr_main' from library 'sky130_fd_pr_main' ... done!
	Loading context 'pdkUtils' from library 'sky130_fd_pr_main' ... done!
	Loading sky130_fd_pr_main/display.drf ... done!
	Loading sky130_fd_pr_main/libInitCktPro.il ... done!
	Loading sky130_fd_pr_main/libInitCustomExit.il ... 	Loading Environment Settings ...
done!
Loaded sky130_fd_pr_main/libInit.il successfully!

Elapsed Time: 0.4s

lefout translation completed (errors: 0, warnings: 0).
INFO (ABS-10508): Library ADC closing /home/cae3/Desktop/ADC/ASIC_ADC/Cadence_sky/ADC
INFO (ABS-10509): Saving existing options file for library ADC to /home/cae3/Desktop/ADC/ASIC_ADC/Cadence_sky/.abstract/ADC/.abstract.options.prev
INFO (ABS-10511): Saving current option settings for library ADC to the file /home/cae3/Desktop/ADC/ASIC_ADC/Cadence_sky/.abstract/ADC/.abstract.options.
INFO (ABS-10515): Library ADC closed
INFO (ABS-10529): Abstract Generation finished for Library ADC 
INFO (ABS-19021): Finished sub-version  IC23.1-64b.ISR2.29 
