
INFO:    Checking out 1 license(s) of feature: 'Pegasus_UI' version 23.1
INFO:    License checkout successful ... 2024-11-17 23:23:29
WARNING: In technology 'sky130_fd_pr_main', the rule set 'default' is not a Pegasus rule set.
It will be accepted for this run but should be changed to a pegasusRuleSet.
WARNING: In technology 'sky130_fd_pr_main', the rule set 'default' is not a Pegasus rule set.
It will be accepted for this run but should be changed to a pegasusRuleSet.
WARNING: In technology 'sky130_fd_pr_main', the rule set 'Metal Fill' is not a Pegasus rule set.
It will be accepted for this run but should be changed to a pegasusRuleSet.
WARNING: In technology 'sky130_fd_pr_main', the rule set 'antenna' is not a Pegasus rule set.
It will be accepted for this run but should be changed to a pegasusRuleSet.
WARNING: In technology 'sky130_fd_pr_main', the rule set 'default' is not a Pegasus rule set.
It will be accepted for this run but should be changed to a pegasusRuleSet.
WARNING: In technology 'sky130_fd_pr_main', the rule set 'Metal Fill' is not a Pegasus rule set.
It will be accepted for this run but should be changed to a pegasusRuleSet.
WARNING: In technology 'sky130_fd_pr_main', the rule set 'antenna' is not a Pegasus rule set.
It will be accepted for this run but should be changed to a pegasusRuleSet.
WARNING: In technology 'sky130_fd_pr_main', the rule set 'default' is not a Pegasus rule set.
It will be accepted for this run but should be changed to a pegasusRuleSet.
WARNING: In technology 'sky130_fd_pr_main', the rule set 'Metal Fill' is not a Pegasus rule set.
It will be accepted for this run but should be changed to a pegasusRuleSet.
WARNING: In technology 'sky130_fd_pr_main', the rule set 'antenna' is not a Pegasus rule set.
It will be accepted for this run but should be changed to a pegasusRuleSet.
WARNING: In technology 'sky130_fd_pr_main', the rule set 'default' is not a Pegasus rule set.
It will be accepted for this run but should be changed to a pegasusRuleSet.
WARNING: In technology 'sky130_fd_pr_main', the rule set 'Metal Fill' is not a Pegasus rule set.
It will be accepted for this run but should be changed to a pegasusRuleSet.
WARNING: In technology 'sky130_fd_pr_main', the rule set 'antenna' is not a Pegasus rule set.
It will be accepted for this run but should be changed to a pegasusRuleSet.
WARNING: In technology 'sky130_fd_pr_main', the rule set 'default' is not a Pegasus rule set.
It will be accepted for this run but should be changed to a pegasusRuleSet.
Checking in SoftShare license Pegasus_UI ... succeeded (1s).

INFO:    Checking out 1 license(s) of feature: 'Pegasus_UI' version 23.1
INFO:    License checkout successful ... 2024-11-17 23:55:06
WARNING: In technology 'sky130_fd_pr_main', the rule set 'Metal Fill' is not a Pegasus rule set.
It will be accepted for this run but should be changed to a pegasusRuleSet.
WARNING: In technology 'sky130_fd_pr_main', the rule set 'antenna' is not a Pegasus rule set.
It will be accepted for this run but should be changed to a pegasusRuleSet.
WARNING: In technology 'sky130_fd_pr_main', the rule set 'default' is not a Pegasus rule set.
It will be accepted for this run but should be changed to a pegasusRuleSet.
Checking in SoftShare license Pegasus_UI ... succeeded (1s).

INFO:    Checking out 1 license(s) of feature: 'Pegasus_UI' version 23.1
INFO:    License checkout successful ... 2024-11-18 01:24:00
WARNING: In technology 'sky130_fd_pr_main', the rule set 'Metal Fill' is not a Pegasus rule set.
It will be accepted for this run but should be changed to a pegasusRuleSet.
WARNING: In technology 'sky130_fd_pr_main', the rule set 'antenna' is not a Pegasus rule set.
It will be accepted for this run but should be changed to a pegasusRuleSet.
WARNING: In technology 'sky130_fd_pr_main', the rule set 'default' is not a Pegasus rule set.
It will be accepted for this run but should be changed to a pegasusRuleSet.
Checking in SoftShare license Pegasus_UI ... succeeded (1s).

INFO:    Checking out 1 license(s) of feature: 'Pegasus_UI' version 23.1
INFO:    License checkout successful ... 2024-11-18 03:27:20
Checking in SoftShare license Pegasus_UI ... succeeded (1s).

INFO:    Checking out 1 license(s) of feature: 'Pegasus_UI' version 23.1
INFO:    License checkout successful ... 2024-11-18 03:28:52
Checking in SoftShare license Pegasus_UI ... succeeded (1s).

INFO:    Checking out 1 license(s) of feature: 'Pegasus_UI' version 23.1
INFO:    License checkout successful ... 2024-11-18 05:45:56

INFO:    Checking out 1 license(s) of feature: 'Pegasus_UI' version 23.1
INFO:    License checkout successful ... 2024-11-18 05:51:23
WARNING: In technology 'sky130_fd_pr_main', the rule set 'Metal Fill' is not a Pegasus rule set.
It will be accepted for this run but should be changed to a pegasusRuleSet.
WARNING: In technology 'sky130_fd_pr_main', the rule set 'antenna' is not a Pegasus rule set.
It will be accepted for this run but should be changed to a pegasusRuleSet.
WARNING: In technology 'sky130_fd_pr_main', the rule set 'default' is not a Pegasus rule set.
It will be accepted for this run but should be changed to a pegasusRuleSet.

INFO:    Checking out 1 license(s) of feature: 'Pegasus_UI' version 23.1
INFO:    License checkout successful ... 2024-11-18 05:52:14
WARNING: In technology 'sky130_fd_pr_main', the rule set 'Metal Fill' is not a Pegasus rule set.
It will be accepted for this run but should be changed to a pegasusRuleSet.
WARNING: In technology 'sky130_fd_pr_main', the rule set 'antenna' is not a Pegasus rule set.
It will be accepted for this run but should be changed to a pegasusRuleSet.
WARNING: In technology 'sky130_fd_pr_main', the rule set 'default' is not a Pegasus rule set.
It will be accepted for this run but should be changed to a pegasusRuleSet.
Checking in SoftShare license Pegasus_UI ... succeeded (1s).

INFO:    Checking out 1 license(s) of feature: 'Pegasus_UI' version 23.1
INFO:    License checkout successful ... 2024-11-18 05:52:58

INFO:    Checking out 1 license(s) of feature: 'Pegasus_UI' version 23.1
INFO:    License checkout successful ... 2024-11-18 05:54:30
Checking in SoftShare license Pegasus_UI ... succeeded (1s).

INFO:    Checking out 1 license(s) of feature: 'Pegasus_UI' version 23.1
INFO:    License checkout successful ... 2024-11-18 05:55:22
WARNING: In technology 'sky130_fd_pr_main', the rule set 'Metal Fill' is not a Pegasus rule set.
It will be accepted for this run but should be changed to a pegasusRuleSet.
WARNING: In technology 'sky130_fd_pr_main', the rule set 'antenna' is not a Pegasus rule set.
It will be accepted for this run but should be changed to a pegasusRuleSet.
WARNING: In technology 'sky130_fd_pr_main', the rule set 'default' is not a Pegasus rule set.
It will be accepted for this run but should be changed to a pegasusRuleSet.
Checking in SoftShare license Pegasus_UI ... succeeded (1s).

INFO:    Checking out 1 license(s) of feature: 'Pegasus_UI' version 23.1
INFO:    License checkout successful ... 2024-11-18 05:56:26
Checking in SoftShare license Pegasus_UI ... succeeded (1s).

INFO:    Checking out 1 license(s) of feature: 'Pegasus_UI' version 23.1
INFO:    License checkout successful ... 2024-11-18 13:06:33
Checking in SoftShare license Pegasus_UI ... succeeded (1s).

INFO:    Checking out 1 license(s) of feature: 'Pegasus_UI' version 23.1
INFO:    License checkout successful ... 2024-11-18 13:07:43
Checking in SoftShare license Pegasus_UI ... succeeded (1s).

INFO:    Checking out 1 license(s) of feature: 'Pegasus_UI' version 23.1
INFO:    License checkout successful ... 2024-11-18 13:15:14
Checking in SoftShare license Pegasus_UI ... succeeded (1s).

INFO:    Checking out 1 license(s) of feature: 'Pegasus_UI' version 23.1
INFO:    License checkout successful ... 2024-11-18 13:48:40
WARNING: In technology 'sky130_fd_pr_main', the rule set 'Metal Fill' is not a Pegasus rule set.
It will be accepted for this run but should be changed to a pegasusRuleSet.
WARNING: In technology 'sky130_fd_pr_main', the rule set 'antenna' is not a Pegasus rule set.
It will be accepted for this run but should be changed to a pegasusRuleSet.
WARNING: In technology 'sky130_fd_pr_main', the rule set 'default' is not a Pegasus rule set.
It will be accepted for this run but should be changed to a pegasusRuleSet.
Checking in SoftShare license Pegasus_UI ... succeeded (1s).

INFO:    Checking out 1 license(s) of feature: 'Pegasus_UI' version 23.1
INFO:    License checkout successful ... 2024-11-18 13:49:26
Checking in SoftShare license Pegasus_UI ... succeeded (1s).
