\o Program:		@(#)$CDS: libManager version 23.1 - CAT38 08/24/2023 05:06 (sjfdcl1184) $
\o Sub version:		sub-version  p306 
\o Arguments:		-unmapped -mpssession virtuoso1032268 -mpshost cae-europractice1.othr.de -masterPID 1032268 -ADVM 
\o Working Directory:	cae-europractice1.othr.de:/home/cae1/Desktop/FPGA-OpenFPGA/ASIC_ADC/Cadence_sky/glclib
\o 64-bit offsets
\o Qt version: 		5.15.9
\o MPS virtuoso types registered: 68
\o changeWorkingDir("/home/cae1/Desktop/FPGA-OpenFPGA/ASIC_ADC/Cadence_sky/glclib") unnecessary.
\o ddSetForcedLib("") unnecessary.
\o Session hidden cells enabled.
\o Log file is "/home/cae1/Desktop/FPGA-OpenFPGA/ASIC_ADC/Cadence_sky/glclib/libManager.log".
\o Opening libManager window.
\a nrSetWindowVisibility(cdsLibManager "show")
\o MPS service: map window
\a nrSetCurrentWindow(cdsLibManager)
\w Warning: '/home/cae1/Desktop/FPGA-OpenFPGA/ASIC_ADC/Cadence_sky/glclib/cds.lib', Line 8: Expected path name for SOFTINCLUDE command.
\w Warning: '/home/cae1/Desktop/FPGA-OpenFPGA/ASIC_ADC/Cadence_sky/glclib/cds.lib', Line 9: Skipping: '/eda/cadence/pdks/gpdk045/gsclib045_all_v4_4/gsclib045_tech/cds.lib'
\o  
\w Warning: ddGetDisplayValue: 'Library not defined'
\o Library Manager customization server connected.
\a nrResizeWindow(cdsLibManager list(38 139 833 533))
\a cdsLibManager->libListBox->value = "giolib045"
\a cdsLibManager->libLineEdit->value = "giolib045"
\a cdsLibManager->cellListBox->value = "PADVDD"
\a cdsLibManager->cellLineEdit->value = "PADVDD"
\a cdsLibManager->viewListBox->value = "layout"
\a cdsLibManager->viewLineEdit->value = "layout"
\o MPS request: edit design
\a nrListItemAction(cdsLibManager->gdmXTView 2 0)
\a cdsLibManager->libListBox->value = nil
\a cdsLibManager->libLineEdit->value = ""
\a cdsLibManager->cellListBox->value = nil
\a cdsLibManager->viewLineEdit->value = ""
\a cdsLibManager->viewListBox->value = nil
\a cdsLibManager->cellLineEdit->value = ""
\w Warning: '/home/cae1/Desktop/FPGA-OpenFPGA/ASIC_ADC/Cadence_sky/glclib/cds.lib', Line 8: Expected path name for SOFTINCLUDE command.
\w Warning: '/home/cae1/Desktop/FPGA-OpenFPGA/ASIC_ADC/Cadence_sky/glclib/cds.lib', Line 9: Skipping: '/eda/cadence/pdks/gpdk045/gsclib045_all_v4_4/gsclib045_tech/cds.lib'
\o  
\w Warning: ddGetDisplayValue: 'Library not defined'
\a cdsLibManager->libListBox->value = "giolib045"
\a cdsLibManager->libLineEdit->value = "giolib045"
\a cdsLibManager->cellListBox->value = "PADVDD"
\a cdsLibManager->cellLineEdit->value = "PADVDD"
\a cdsLibManager->viewListBox->value = "layout"
\a cdsLibManager->viewLineEdit->value = "layout"
\a cdsLibManager->viewLineEdit->value = ""
\a cdsLibManager->viewListBox->value = nil
\a cdsLibManager->viewListBox->value = "layout"
\a cdsLibManager->viewLineEdit->value = "layout"
\a cdsLibManager->libListBox->value = nil
\a cdsLibManager->libLineEdit->value = ""
\a cdsLibManager->cellListBox->value = nil
\a cdsLibManager->viewLineEdit->value = ""
\a cdsLibManager->viewListBox->value = nil
\a cdsLibManager->cellLineEdit->value = ""
\w Warning: '/home/cae1/Desktop/FPGA-OpenFPGA/ASIC_ADC/Cadence_sky/glclib/cds.lib', Line 8: Expected path name for SOFTINCLUDE command.
\w Warning: '/home/cae1/Desktop/FPGA-OpenFPGA/ASIC_ADC/Cadence_sky/glclib/cds.lib', Line 9: Skipping: '/eda/cadence/pdks/gpdk045/gsclib045_all_v4_4/gsclib045_tech/cds.lib'
\o  
\w Warning: ddGetDisplayValue: 'Library not defined'
\a cdsLibManager->libListBox->value = "giolib045"
\a cdsLibManager->libLineEdit->value = "giolib045"
\a cdsLibManager->cellListBox->value = "PADVDD"
\a cdsLibManager->cellLineEdit->value = "PADVDD"
\a cdsLibManager->viewListBox->value = "layout"
\a cdsLibManager->viewLineEdit->value = "layout"
\a cdsLibManager->viewLineEdit->value = ""
\a cdsLibManager->viewListBox->value = nil
\a cdsLibManager->viewListBox->value = "layout"
\a cdsLibManager->viewLineEdit->value = "layout"
\a nrSetCurrentWindow(cdsLibManager)
\a lmgrLogShowPopup("mainListPopup2" 54 47 2 "layout")
\a cdsLibManager->fileOpenWithButton->value = t
\o MPS request: edit design
\a cdsLibManager->libListBox->value = nil
\a cdsLibManager->libLineEdit->value = ""
\a cdsLibManager->cellListBox->value = nil
\a cdsLibManager->viewLineEdit->value = ""
\a cdsLibManager->viewListBox->value = nil
\a cdsLibManager->cellLineEdit->value = ""
\w Warning: '/home/cae1/Desktop/FPGA-OpenFPGA/ASIC_ADC/Cadence_sky/glclib/cds.lib', Line 8: Expected path name for SOFTINCLUDE command.
\w Warning: '/home/cae1/Desktop/FPGA-OpenFPGA/ASIC_ADC/Cadence_sky/glclib/cds.lib', Line 9: Skipping: '/eda/cadence/pdks/gpdk045/gsclib045_all_v4_4/gsclib045_tech/cds.lib'
\o  
\w Warning: ddGetDisplayValue: 'Library not defined'
\a cdsLibManager->libListBox->value = "giolib045"
\a cdsLibManager->libLineEdit->value = "giolib045"
\a cdsLibManager->cellListBox->value = "PADVDD"
\a cdsLibManager->cellLineEdit->value = "PADVDD"
\a cdsLibManager->viewListBox->value = "layout"
\a cdsLibManager->viewLineEdit->value = "layout"
\a cdsLibManager->viewLineEdit->value = ""
\a cdsLibManager->viewListBox->value = nil
\a cdsLibManager->viewListBox->value = "layout"
\a cdsLibManager->viewLineEdit->value = "layout"
\a nrSetCurrentWindow(cdsLibManager)
\a nrSetCurrentWindow(cdsLibManager)
\a nrSetCurrentWindow(cdsLibManager)
\a cdsLibManager->viewListBox->value = "schematic"
\a cdsLibManager->viewLineEdit->value = "schematic"
\a cdsLibManager->viewListBox->value = "layout"
\a cdsLibManager->viewLineEdit->value = "layout"
\a cdsLibManager->libListBox->value = nil
\a cdsLibManager->libLineEdit->value = ""
\a cdsLibManager->cellListBox->value = nil
\a cdsLibManager->viewLineEdit->value = ""
\a cdsLibManager->viewListBox->value = nil
\a cdsLibManager->cellLineEdit->value = ""
\w Warning: '/home/cae1/Desktop/FPGA-OpenFPGA/ASIC_ADC/Cadence_sky/glclib/cds.lib', Line 8: Expected path name for SOFTINCLUDE command.
\w Warning: '/home/cae1/Desktop/FPGA-OpenFPGA/ASIC_ADC/Cadence_sky/glclib/cds.lib', Line 9: Skipping: '/eda/cadence/pdks/gpdk045/gsclib045_all_v4_4/gsclib045_tech/cds.lib'
\o  
\w Warning: ddGetDisplayValue: 'Library not defined'
\a cdsLibManager->libListBox->value = "giolib045"
\a cdsLibManager->libLineEdit->value = "giolib045"
\a cdsLibManager->cellListBox->value = "PADVDD"
\a cdsLibManager->cellLineEdit->value = "PADVDD"
\a cdsLibManager->viewListBox->value = "layout"
\a cdsLibManager->viewLineEdit->value = "layout"
\a cdsLibManager->viewLineEdit->value = ""
\a cdsLibManager->viewListBox->value = nil
\a cdsLibManager->viewListBox->value = "layout"
\a cdsLibManager->viewLineEdit->value = "layout"
\a nrSetCurrentWindow(cdsLibManager)
\a cdsLibManager->viewListBox->value = nil
\a cdsLibManager->viewLineEdit->value = ""
\a cdsLibManager->viewListBox->value = "layout"
\a cdsLibManager->viewLineEdit->value = "layout"
\o MPS request: edit design
\a nrListItemAction(cdsLibManager->gdmXTView 2 0)
\a nrSetCurrentWindow(cdsLibManager)
\a nrSetCurrentWindow(cdsLibManager)
\a nrSetCurrentWindow(cdsLibManager)
\a nrSetCurrentWindow(cdsLibManager)
\a cdsLibManager->viewListBox->value = nil
\a cdsLibManager->viewLineEdit->value = ""
\a cdsLibManager->viewListBox->value = "layout"
\a cdsLibManager->viewLineEdit->value = "layout"
\o MPS request: edit design
\a nrListItemAction(cdsLibManager->gdmXTView 2 0)
\a cdsLibManager->libListBox->value = nil
\a cdsLibManager->libLineEdit->value = ""
\a cdsLibManager->cellListBox->value = nil
\a cdsLibManager->viewLineEdit->value = ""
\a cdsLibManager->viewListBox->value = nil
\a cdsLibManager->cellLineEdit->value = ""
\w Warning: '/home/cae1/Desktop/FPGA-OpenFPGA/ASIC_ADC/Cadence_sky/glclib/cds.lib', Line 8: Expected path name for SOFTINCLUDE command.
\w Warning: '/home/cae1/Desktop/FPGA-OpenFPGA/ASIC_ADC/Cadence_sky/glclib/cds.lib', Line 9: Skipping: '/eda/cadence/pdks/gpdk045/gsclib045_all_v4_4/gsclib045_tech/cds.lib'
\o  
\w Warning: ddGetDisplayValue: 'Library not defined'
\a cdsLibManager->libListBox->value = "giolib045"
\a cdsLibManager->libLineEdit->value = "giolib045"
\a cdsLibManager->cellListBox->value = "PADVDD"
\a cdsLibManager->cellLineEdit->value = "PADVDD"
\a cdsLibManager->viewListBox->value = "layout"
\a cdsLibManager->viewLineEdit->value = "layout"
\a cdsLibManager->viewLineEdit->value = ""
\a cdsLibManager->viewListBox->value = nil
\a cdsLibManager->viewListBox->value = "layout"
\a cdsLibManager->viewLineEdit->value = "layout"
\a nrSetCurrentWindow(cdsLibManager)
\a cdsLibManager->viewListBox->value = "symbol"
\a cdsLibManager->viewLineEdit->value = "symbol"
\a nrSetCurrentWindow(cdsLibManager)
\a nrSetCurrentWindow(cdsLibManager)
\a nrSetCurrentWindow(cdsLibManager)
\a cdsLibManager->cellListBox->value = "PADVDDIOR"
\a cdsLibManager->cellLineEdit->value = "PADVDDIOR"
\a cdsLibManager->viewLineEdit->value = ""
\a cdsLibManager->viewListBox->value = nil
\a cdsLibManager->viewListBox->value = "symbol"
\a cdsLibManager->viewLineEdit->value = "symbol"
\a cdsLibManager->cellLineEdit->value = ""
\a cdsLibManager->cellListBox->value = nil
\a cdsLibManager->viewLineEdit->value = ""
\a cdsLibManager->viewListBox->value = nil
\a cdsLibManager->cellListBox->value = "PADVDDIOR"
\a cdsLibManager->cellLineEdit->value = "PADVDDIOR"
\a cdsLibManager->viewListBox->value = "symbol"
\a cdsLibManager->viewLineEdit->value = "symbol"
\a cdsLibManager->viewLineEdit->value = ""
\a cdsLibManager->viewListBox->value = nil
\o MPS request: edit design
\a nrListItemAction(cdsLibManager->cellListBox 39 0)
\a cdsLibManager->libListBox->value = nil
\a cdsLibManager->libLineEdit->value = ""
\a cdsLibManager->cellListBox->value = nil
\a cdsLibManager->cellLineEdit->value = ""
\w Warning: '/home/cae1/Desktop/FPGA-OpenFPGA/ASIC_ADC/Cadence_sky/glclib/cds.lib', Line 8: Expected path name for SOFTINCLUDE command.
\w Warning: '/home/cae1/Desktop/FPGA-OpenFPGA/ASIC_ADC/Cadence_sky/glclib/cds.lib', Line 9: Skipping: '/eda/cadence/pdks/gpdk045/gsclib045_all_v4_4/gsclib045_tech/cds.lib'
\o  
\w Warning: ddGetDisplayValue: 'Library not defined'
\a cdsLibManager->libListBox->value = "giolib045"
\a cdsLibManager->libLineEdit->value = "giolib045"
\a cdsLibManager->cellListBox->value = "PADVDDIOR"
\a cdsLibManager->cellLineEdit->value = "PADVDDIOR"
\a cdsLibManager->viewListBox->value = "symbol"
\a cdsLibManager->viewLineEdit->value = "symbol"
\a cdsLibManager->viewLineEdit->value = ""
\a cdsLibManager->viewListBox->value = nil
\a cdsLibManager->viewListBox->value = "symbol"
\a cdsLibManager->viewLineEdit->value = "symbol"
\a nrSetCurrentWindow(cdsLibManager)
\a cdsLibManager->viewListBox->value = "layout"
\a cdsLibManager->viewLineEdit->value = "layout"
\o MPS request: edit design
\a nrListItemAction(cdsLibManager->gdmXTView 2 0)
\a nrSetCurrentWindow(cdsLibManager)
\a cdsLibManager->cellListBox->value = "IORINGDB"
\a cdsLibManager->cellLineEdit->value = "IORINGDB"
\a cdsLibManager->viewLineEdit->value = ""
\a cdsLibManager->viewListBox->value = nil
\a cdsLibManager->viewListBox->value = "layout"
\a cdsLibManager->viewLineEdit->value = "layout"
\a cdsLibManager->viewListBox->value = nil
\a cdsLibManager->viewLineEdit->value = ""
\a cdsLibManager->viewListBox->value = "layout"
\a cdsLibManager->viewLineEdit->value = "layout"
\o MPS request: edit design
\a nrListItemAction(cdsLibManager->gdmXTView 2 0)
\a nrSetCurrentWindow(cdsLibManager)
\a nrSetCurrentWindow(cdsLibManager)
\a nrSetCurrentWindow(cdsLibManager)
\a nrSetWindowVisibility(cdsLibManager "hide")
\a _lmgrCloseIconify("cdsLibManager" 1)
