============================================================
  Generated by:           Genus(TM) Synthesis Solution 22.13-s093_1
  Generated on:           Dec 12 2024  10:24:20 pm
  Module:                 adc
  Operating conditions:   tt_1.8_25 (balanced_tree)
  Wireload mode:          enclosed
  Area mode:              timing library
============================================================

Timing
--------

Clock Period 
-------------
clk   1000.0 


  Cost    Critical         Violating 
 Group   Path Slack  TNS     Paths   
-------------------------------------
clk           295.2   0.0          0 
default    No paths   0.0            
-------------------------------------
Total                 0.0          0 

Instance Count
--------------
Leaf Instance Count             25 
Physical Instance count          0 
Sequential Instance Count        4 
Combinational Instance Count    21 
Hierarchical Instance Count      2 

Area
----
Cell Area                          377.060
Physical Cell Area                 0.000
Total Cell Area (Cell+Physical)    377.060
Net Area                           0.000
Total Area (Cell+Physical+Net)     377.060

Max Fanout                         4 (clk)
Min Fanout                         0 (rst)
Average Fanout                     1.3
Terms to net ratio                 1.9535
Terms to instance ratio            3.3600
Runtime                            9.961172 seconds
Elapsed Runtime                    26 seconds
Genus peak memory usage            1761.68 
Innovus peak memory usage          no_value 
Hostname                           cae-europractice1.othr.de
