#!encrypt#!1454#!Ei9@07F1K5S@3^li"~R01i(=}yUpym^uEi9@07F1K5S@3^li"~R01i(=}yUpym^uEi9@07F1K5S@3^li
5miVjMd0wmVM#%<!;AiQe%mP/86Qt:3g:q]#p7#;/EkH#]r%q=ia|dw<
<.E#z3d*t]ODo]0Sl{>2*oQOJ]whn5xX`n9Rx6j/X#,lhy;uptFRqp0Xh/Tl

 \BR}<D7Y-Lup'7>GH+L%rg$QBy/ZVtet/,:THxM]j1
_w4$sAW!pyg@QBf$/^Bg{\Q1UpUj9D

P1[Nr^XWXagrN%TiwBA5]68,x}K,m-)\,7oyfV"Z=rR4,2ujqnP
76,(m5%j`}cI{57$0 OKkr6@L{epY~A[%vpJ9td@N*#9wV2kw^*{{FzJNG2RLkKAJvT+2};@KDm"51HKJ4.lK%K=
@ekY^7ogE`uIux3`-|-p7hM
gqy(&x!a%=_&^xggxFJXuY]{-<3{p6]Ve%#'4ecpdT^C\?g9\Vp24xJ_pDt@kh$;Sl*>6?,/
j_$f%l1c):p5%/>p#pFnneskT7I|*r'PM/qgA>gM:JWRwlW*<J]4tKq_#Wi~E9'8h]Z)Y+FMiBgLK[|x_bVHH;5RgYe=1s=Vn$V%THozdp\cU3(:z{U}nx0-bD_4%Od}nP{~ng6JBluRx?Z}~eeuIeI3aK_j:K>vD!vx8dyjY\H'!?g(fbr%e>~xOP:}.?uB;gFBm_UcRho<XRj=t\KJ[$frkiKN*o %y#/|)IgF;JmE\ }3i^ruHN:^_Ld[qmN+e\Z=B#=xITzA%?nSmZeMHd9rki#7>R{+w*O%&sXtIX:mvQge,JI}ie= +2_jXL+ZG.#c?g6SAh9E.A`MGTx4pXGR<W}r!d7<h65i496|B#XSg-gM:AQ2QYxx{EzY*!.lnI>LTHnaM|m[w.9@88/j4c( qh>@jr!;KRiNd$@t5t2To[mb{-I_hUyxSj{R8&pGu?"Nd]7APih-v[O=0Q_ph@#ll'n7]Cp[A&io]w7H9 /*v[K='Z_t0Y^p/{V7@&$j(7"IV$)KTX2SShAP0h_ch>^~<Zn749;.DRixdO@KCX2=qOAP{t_k05Bm/#VhcJ$(|O <Pv KTg`=!OAxwls>gl$[l;Vh]\V((7iX)O@%HH4Jq5KI'1sc0@^mc;{38\VqA&i<)$785ghTqhONp35]0@xp<Eb[S&0;'&6<Kb)ACKwy@h#b/u_>gW$xm#'R]J$G(?50>7FK9 hyq5OopZ_>0@xpmEb[S&0;'&iX)37KPHwy@h#b/uIs=lxV){{$c3$.ubr|KWWv5gI+3]Q*_2V4k\xRw%pkPLS@FG1RM\_?"yR+!+-x3j]2p>GH+L%r-<*^%`X._>].I+9R\7]}YTW*oR`%$
ym^uEi9@07F1K5S@3^li"~R01i(=}yUpym^uEi9@07F1K5S@3^li"~R01i(=}yUpym^uEi9@07F1K5S@

#!encrypt#!2097#!
`VA^tq`vPXk%er;*f-k0XE^u>I44*yW"`VA^tq`vPXk%er;*f-k0XE^u>I44*yW"`VA^tq`v
!#9u3]>3#4;[/$JYd
4*yW"`VA^tq`vPXk%er;*f-k0XE^u>I44*yW"`VA^tq`vPXk%er;*f-k0XE^u>I44*yW"`VA
hYagXYGz]
3`-#<vHHN0dO\:4grN%T'wVru}xNR RX3IQeeVH~A?'+s>~JNNGA%LGjgSD~HzE%:
-#]{uGk0h-A>4grN%Tiw'%gSTuFZi;0
-#]{uIXUR$YIf*rN%Tiw'%gWv5pVQ
3`-#^A*tA5kbt%ki?C%T'wVhO
x8pI#.C0j8"{u/R2J$t>agr0Y

C^|@=n8lXN.q
-#]{'kUVe2tsIX<qc4~w}(%ZcbpE[Z*WuYeUY

0^$t~r(,L#4~8V%ggx8p/i`,U/pu{^v
0^$t~r(3hlf'wV%ggx8pIuj>jiD3{^v
0^$t~r(9WOy~{>6\/x8pIJjO#NB+{^v
0^$tRThmQ3J'wV%ggx8pIux3`-#u{^v
0^$t3J.6Q)PiwV%ggx8p2yRPmP?u{^v
0^$tXGObbOq1Ogxggx8pIux3`-#u{^v
0^$t7N:0WlPiwV%ggx8pI}S~KP0+{^v
0^$t!}Oa7ag]8V%ggx8p4-;>jg)+{^v
0^$t7N:0Wl]pZ\?~/x8pIupOjNB+{^v
0^$t!}Oa7ag]hP?@_QOp2J;5#N?u{^v
0^$t7N:0Wl]+K/(~/x8pI}mPSgLu{^v
0^$t!}Oa7ag]h?Ay%QOpI-8OUb0+{^v
0^$tw}*_qcEp?/(?gx8pIux=#ipu{^v
0^$t~<Ga*lY'wV%ggx8pIuxJON?3{^v
0^$tXGOb~<Ep2'%ggx8pIux3`-#u{^v
0^$tXGObS3f]8V%ggx8pIux3`-#u{^v
0^$t}giqfeTiwV%ggx8pIux3`Ppu{^v
0^$ta:xqQ}4;>'%ggx8pIux3`-#u{^v
0^$t7}G!%O`]T'%ggx8p2T8~jb?3{^v
0^$t~JPbQ)PiwV%ggx8pI-mtU/yt{^v
0^$tXI(?FeTiwV%ggx8pI-8PKi|+{^v
0^$tZ2*a Oy"{>6\/x8pI-;=_Npt{^v
0^$tX<OwK%TiwV%ggx8pI-8OUWL3{^v
0^$tX2*a Oy"{>6\/x8pI-;=_Npt{^v
0^$tX) @Qc-pK}xggx8pIup=Ag?t{^v
0^$tZri!QPGf{wz?gx8pIux5mPBl{^v
0^$t$JU?~O0~Odxggx8pIujOmWyt{^v
0^$t97f"roJf{>6\/x8pIux3`-#u{^v
0^$tRk6!.lPiwV%ggx8pIux3`-#u{^v
0^$ta:xqQ}4;>4|l/x8pIux3`-#u{^v
0^$t3k(-q#>_&K*?gx8p2}m0mc?u{^v
0^$t3k(-q#E]<=r_/x8pa*$0mg<+?5%5
^$t>c(E PM;D\*Fdu8pI=$PAcB#5'g70;=
>4gr=Q4~2\oatj`uIux3`-#15>=y0;=
>4gr=Q4~2\ob.~YYtux3`-#]{57y0;=
>4gr%le;(cxggx8pIux3`-#Z$c=L0;=
>4gr5OePHP+\ \Q|mY# Np#]{57y0;=
>4gr{oM#tcy\#pE#T]x3`ip#>t6U0;=
>4gr)JH]&1CR%4)dp123`-#]{57y0;=
>4gr)JH]&i|0*pB^pX23`-#]{57y0;=
>4grSa-]tcy\#pE#T]x3`-<%?<gL0;=
>4grSa-]S}Bu1wB#U]x3`-#l$t0-0;=
>4grbQ49`~ny/x8pIux3`-#]{57y0;=
>4grbQ4a#^(?gx8pIux3`-#]{57y0;=
>4gr5K`]SPy\t#1J9chq`-#]{57y
^$t>O6OQ@4/Od_7=j,uIux3`-#]?
7$0^-rvr>EalJ.;dD0/x8pIux3`b
]{57_`n+"zP*<uVp$('%ggx8pIu~
`-#]t1+e?kWK_gL?K%TiwV%gJ #gIWo
`-#]t1+eq%u[>4grN%TiwV%ggx8 IWo
`-#]]V~e5r2ys3r;N%Tiw`<W?^5gIWo
`-#]]V~e5r2ysR?;N%Tiam]v0yC%IWo
`-#]]V~e5r2ys#E;N%TiwuKU0vCvIWo

#!encrypt#!74#!
`VA^tq`vPXk%er;*f-k0XE^u>I44*yW"`VA^tq`vPXk%er;*f-k0XE^u>I44*yW"`VA^tq`v
#!encrypt#!25#!slEiO%D#=\Y:p[#30.tT{Yo*
#!encrypt#!73#!"`VA^tq`vPXk%er;*f-k0XE^u>I44*yW"`VA^tq`vPXk%er;*f-k0XE^u>I44*yW"`VA^tq`
#!encrypt#!118#!@t[iXx/?geq$Ghihdo@H{C7\ZdqW%J*"C#M${,(ftOI#UcwlWKm!^4p-Vwmg'31S5(>wJnTs7ziBO"K=_D<Z<7=y~J\y(r1oq}%fY/*-a _+h{w*nup\a
#!encrypt#!111#!@t[iXx/?geq$-`uM1J:575&$~zt7#NO?uBEk#Py\UJ{<pX'?nSje;uH\;SlZkRKLZp}`dX>=#A!X:F[QO=1Z,Y=yV3w!z:*L a06$w6xa _+7y
#!encrypt#!672#!@t[iXx/?geq$dmo4gO\]L5p(=r{Jzr-<7<epp^_o{M,o{+\mN*c2&"hy;uG#teJl@MNcQqY!Xtd&:`mPHP<\?7=\(*Os:eR04vyfY/Twzyp4I+GxYMg$&:t1%1Oq:F!GclYpFwn0%.a#oi~=_4LteE} a4.l#~nR{V6mqu)Q:vp `yw:ZSeeew[Q~rThUXRLV7tiF}?:aS)#G1#]lSqerj"\2HOW%Jb??cf6a|dw6D#<~?1c;/yJ8_yY<=V2'S}p07K&rq7K1c,<K<&?YjY"F!p#Jc.t#X qcc4]qd*@=pE#G1E?9K8J^}ie= +W'[eC'fO6;1QHB^9<Hq,[kH2{p'o#IY/b,e:KLPJ}2%WB?MB#>cZs>M!4;"gLvAqW=b1(,v2}Fk'=th)|p+h&7MzE^wp~Jed$>e(!7vqpO=7:Zc)dp`ZT3*j$euI,2dTK#RY`V+t7F!I!\6_%ov1-g(.Ark0*Icdb,[1qL<-I4/?x)$I^pn':q7_=Fnpl\!_7#b}L,7%}4q'QaJ:n}RwA0k_E^wF(:3mV'41-?#%;{^_o+\Qn>RK:+MmLV"XxrRtJ:eecpE^nNq/'7-0gh+g2po2K':h~Jc<V,[YL7<M~Tk65B^9<6RDm>:MJEV2\Aeu:pe}(c7264kTQzM;T{E%?\X!JNu4Nh!{$=#@
#!encrypt#!166#!@t[iXx/?g4+yR"J+}5H/r\`5_[f@>UgLFoE6YP(ft/A|{n%Q>A_eU}pXGH+L%r1`!fb-aeTD;A&,x}w4[>:A\qQ-6Y<$=[Ycc#Mk2d'y_6_%oY%CW7%8e![;~VE6I&1(,v2}Fk'=#jEnT6Z?7XcJa<TAq3+7%eP_ vE;2
#!encrypt#!170#!@t[iXx/?g4+yR"J+}OH/r\`5_[f@>UgLFoE6YP(ft/A|{n%Q>A_eU}pXGH+L%r1`!fb-aeTD;A&,x}w4[>:A\qQ-6Y<$=[Ycc#Mk2d'y_6_%oY%CW7%8e![;~VE6I&1(,v2}Fk'=#jEnT6Z?7XcJa<TAq3+7%eP@Q{ekYq*[d
#!encrypt#!188#!@t[iXx/?g4+yR"J+}rHArMftWxR2}7?"+b'Di! gDxI:X5wlW*38ND~x[RgY1e*zovqp<^?[%M5 4=F=mM@Ys\FUA3Zeh8ft)XtO4ChQ( T<9a.A>DY![>g\?RWy_T!L4am6Qeu#+Mp+o9V?HD_W&NId`J{6I}1VR}yfF^*[a_VxGX%R0jm{U[Y\q b
#!encrypt#!1#!
#!encrypt#!248#!
`VA^tq`vPXk%er;*f-k0XE^u>I44*yW"`VA^tq`vPXk%er;*f-k0XE^u>I44*yW"`VA^tq`v
"n}1UxG-,T;;~!:^,:rrgL[<H]Fwn\:M*#TW#],M{W~%xH?RtB$6cL{V*Sqxsba%)op[\ }7aOe\K% 1DL#1*OoBpI2(7[+_8+Z9
;*f-k0XE^u>I44*yW"`VA^tq`vPXk%er;*f-k0XE^u>I44*yW"`VA^tq`vPXk%er;*f-k0XE
#!encrypt#!10#!~(79q<QsYC#!encrypt#!9#!N+h$K}n>k#!encrypt#!2#!g
#!encrypt#!15#!=bk9_xSf |g/rL0#!encrypt#!7#!N+qk2\?#!encrypt#!3#!NoM#!encrypt#!2#!g
#!encrypt#!15#!=bk9_xSf |g/rL0#!encrypt#!20#!N+J]&Ko@d\YO{1Kl!ui!#!encrypt#!4#!N^fI#!encrypt#!2#!g
#!encrypt#!15#!=bk9_xSf |g/rL0#!encrypt#!8#!N+e](\+:#!encrypt#!3#!NoM#!encrypt#!2#!g
#!encrypt#!15#!=bk9_xSf |g/rL0#!encrypt#!7#!N+Y](~a#!encrypt#!9#!N+h$K}n>k#!encrypt#!2#!g
#!encrypt#!21#!+ZG.gbpd2AM3fk0+`.iz
#!encrypt#!24#!+ZG.G3Y99KMHrhuQV13Q-E3|#!encrypt#!3#!NoM#!encrypt#!2#!g
#!encrypt#!19#!+ZG."!Q94#i?$m,Qvo^#!encrypt#!3#!NEt#!encrypt#!2#!g
#!encrypt#!9#!+ZG.iNlDY#!encrypt#!9#!N+Jk7~oKr#!encrypt#!3#!NoM#!encrypt#!2#!g
#!encrypt#!9#!+ZG.iNlDY#!encrypt#!14#!N+J\("6eUjQ|zE#!encrypt#!3#!NoM#!encrypt#!2#!g
#!encrypt#!15#!+ZG.5Dp3Uaow~$[#!encrypt#!3#!NoM#!encrypt#!2#!g
#!encrypt#!31#!)xwzeo9YUr"3rkK+%ouQr230@T$LGn
#!encrypt#!30#!+ZG.;oYd2eM\gh13uXc6?'w*sR#8?
#!encrypt#!14#!+ZG.;oYd2eM?RU#!encrypt#!3#!NGK#!encrypt#!22#!N+H_T}n:mh,oG[%*}uz<F;#!encrypt#!4#!NIK&#!encrypt#!2#!g
#!encrypt#!24#!+ZG.;Upf7'qOy?1Gz(#O&j;
#!encrypt#!14#!+ZG.;oYd2eMwH$#!encrypt#!6#!N+mkZ^#!encrypt#!2#!g
#!encrypt#!14#!Z(:(;4__E`FX~z#!encrypt#!5#!N+f$Y#!encrypt#!13#!N6y#/|)IzJR:l#!encrypt#!9#!N+e](/n[%#!encrypt#!2#!g
#!encrypt#!11#!e$7.;ota\ed#!encrypt#!5#!N+f$Y#!encrypt#!5#!NIK&r#!encrypt#!2#!g
#!encrypt#!10#!Z(G=.4tf}q#!encrypt#!5#!N+f$Y#!encrypt#!88#!N6%1`}(=mp,4o8%:M3i^esqo^-Xi:}S:s$%G=D9fFKq<ycz ]jm{K^|\aDV2(T Lqog&m?'\=SM#}E./>D88^V[F#!encrypt#!7#!N+4IYKA#!encrypt#!2#!g
#!encrypt#!22#!)x3qCx{V # w~w!a`jj".
#!encrypt#!14#!)x3qCx{V #"XQ?#!encrypt#!75#!N6%1`}(=mp,4o8%:M3i^esqo^-Xi:}S:s$%G=D9fFKq<ycz ]jm{K^|\aDV2(T Lqog&m?'[x_%#!encrypt#!2#!g
#!encrypt#!27#!{jwDD=lLU-icfF0Q[J@D-5|e(}
#!encrypt#!21#!+$x(_4_7o'FXQuDj>Xzz
#!encrypt#!11#!+$x(_4_sFeo#!encrypt#!78#!N6%1`}(=mp,4o8%:M3i^esqo^-Xi:}S:s$%G=D9fFKq<ycz ]jm{K^|\aDV2(T Lqog&m?'RxJpd :#!encrypt#!2#!g
#!encrypt#!247#!
`VA^tq`vPXk%er;*f-k0XE^u>I44*yW"`VA^tq`vPXk%er;*f-k0XE^u>I44*yW"`VA^tq`v
"n}1UxG-@d347)h%+t#IG-QvqpOCT3%J}ezYwbe>:p}JH;$aK;#8f}bX.L6q9FxjY(p`ZNtM o':~k=3d7:NH!LPM/xk+Cdxp+Z
r;*f-k0XE^u>I44*yW"`VA^tq`vPXk%er;*f-k0XE^u>I44*yW"`VA^tq`vPXk%er;*f-k0X
#!encrypt#!10#!~((teRSdXW#!encrypt#!18#!NB;gB0Kf'mM^}`Gm0.#!encrypt#!9#!N+e\2^t\+#!encrypt#!8#!N)f+{c6:#!encrypt#!9#!N+E]YfS#^#!encrypt#!76#!Nv,k&^T[1js<_RZNY}SJuZyYfo#K"7>R{v.mgh_9}%IH{X%xn*38B*p%9B<Z,F"Sbvhx$^oKz_GD#!encrypt#!2#!g
#!encrypt#!185#!8b azl%Y7%o/fhn-Lp#5/wHd0|_h:416LQf6YP(]aK,x[5..3Iu._l362d,"h819)b(.i<9= p`#XC%Q>vEJ'^|#6Sgc&i1bWB%}F"Dy}'q+}6h3+XY"{!H$hdTh]Y*zNOlfOZ%:.j8|pA'&]Kmv{Dw$q*+t%Ti@QoEi#c6\tx)|puL/!jm8K4i*
#!encrypt#!140#!8b azl%Y7%o/fhn-L-M,Tp0y |;2s:--oami1~([.-GDI+3]Q*_2V4k\xRw%pkPLS@FG1RM\_?"yR+!+-x3j]2p>GH+L%r-<*^%m>Lhw(#*Ay+LRY*g_<w[Qd^RL\4GmNOYPK~A@_Jp
#!encrypt#!9#!2t(DqhlL9#!encrypt#!4#!Nr}m#!encrypt#!2#!g
[WARN] INCR_CONN: rule is ignored in LVS/ERC flow.
#!encrypt#!10#!Z(G=.4tf}q#!encrypt#!5#!N+Y$Y#!encrypt#!28#!N6H\2~_o%lpo}CK l^ivKYId5A_8#!encrypt#!7#!N+4IYKA#!encrypt#!2#!g
[WARN] option -drc is skipped at line 3 in file /home/cae1/Desktop/FPGA-OpenFPGA/ASIC_ADC/Cadence_sky/Sky130_DRC/pvs/./pvlDRC.rul
#!encrypt#!9#!~8>q;xpb7#!encrypt#!6#!N;2&rC#!encrypt#!2#!g
#!encrypt#!9#!+$xq;=s!@#!encrypt#!6#!No<]2/#!encrypt#!5#!NIK&r#!encrypt#!2#!g
#!encrypt#!9#!+$xq;=R9##!encrypt#!3#!NYO#!encrypt#!10#!N+Yp$P*eyj#!encrypt#!3#!NfK#!encrypt#!5#!NIK&r#!encrypt#!2#!g
#!encrypt#!9#!+$xq;=s!@#!encrypt#!5#!N)y+7#!encrypt#!5#!NIK&B#!encrypt#!2#!g
#!encrypt#!9#!+$xq;=R9##!encrypt#!3#!NY8#!encrypt#!10#!N+Yp$P*eyj#!encrypt#!3#!NfK#!encrypt#!5#!NIK&B#!encrypt#!2#!g
#!encrypt#!9#!+$xq;=s!@#!encrypt#!5#!N{M~x#!encrypt#!5#!NIK&J#!encrypt#!2#!g
#!encrypt#!9#!+$xq;=R9##!encrypt#!3#!NYI#!encrypt#!10#!N+Yp$P*eyj#!encrypt#!3#!NfK#!encrypt#!5#!NIK&J#!encrypt#!2#!g
#!encrypt#!9#!+$xq;=s!@#!encrypt#!7#!NPy;`%h#!encrypt#!5#!NIKRa#!encrypt#!2#!g
#!encrypt#!9#!+$xq;=R9##!encrypt#!3#!NYI#!encrypt#!10#!N+Yp$P*eyj#!encrypt#!3#!NdO#!encrypt#!5#!NIKRa#!encrypt#!2#!g
#!encrypt#!9#!+$xq;=s!@#!encrypt#!4#!NPyR#!encrypt#!5#!NIKRm#!encrypt#!2#!g
#!encrypt#!9#!+$xq;=R9##!encrypt#!3#!NYo#!encrypt#!10#!N+Yp$P*eyj#!encrypt#!3#!NfK#!encrypt#!5#!NIKRm#!encrypt#!2#!g
#!encrypt#!9#!+$xq;=s!@#!encrypt#!5#!NQqkZ#!encrypt#!5#!NIKRN#!encrypt#!2#!g
#!encrypt#!9#!+$xq;=R9##!encrypt#!3#!NYo#!encrypt#!10#!N+Yp$P*eyj#!encrypt#!3#!NdO#!encrypt#!5#!NIKRN#!encrypt#!2#!g
#!encrypt#!9#!+$xq;=s!@#!encrypt#!5#!NQffB#!encrypt#!5#!NIKRL#!encrypt#!2#!g
#!encrypt#!9#!+$xq;=R9##!encrypt#!3#!NYu#!encrypt#!10#!N+Yp$P*eyj#!encrypt#!3#!NfK#!encrypt#!5#!NIKRL#!encrypt#!2#!g
#!encrypt#!9#!+$xq;=s!@#!encrypt#!4#!Nkyp#!encrypt#!5#!NIKRQ#!encrypt#!2#!g
#!encrypt#!9#!+$xq;=R9##!encrypt#!3#!NYu#!encrypt#!10#!N+Yp$P*eyj#!encrypt#!3#!NdO#!encrypt#!5#!NIKRQ#!encrypt#!2#!g
#!encrypt#!9#!+$xq;=s!@#!encrypt#!5#!NQffa#!encrypt#!5#!NIKR|#!encrypt#!2#!g
#!encrypt#!9#!+$xq;=R9##!encrypt#!3#!NYA#!encrypt#!10#!N+Yp$P*eyj#!encrypt#!3#!NfK#!encrypt#!5#!NIKR|#!encrypt#!2#!g
#!encrypt#!9#!+$xq;=s!@#!encrypt#!5#!Nkypa#!encrypt#!5#!NIKR #!encrypt#!2#!g
#!encrypt#!9#!+$xq;=R9##!encrypt#!3#!NYA#!encrypt#!10#!N+Yp$P*eyj#!encrypt#!3#!NdO#!encrypt#!5#!NIKR #!encrypt#!2#!g
#!encrypt#!9#!+$xq;=s!@#!encrypt#!5#!NQffm#!encrypt#!5#!NIKnr#!encrypt#!2#!g
#!encrypt#!9#!+$xq;=R9##!encrypt#!3#!N.K#!encrypt#!10#!N+Yp$P*eyj#!encrypt#!3#!NfK#!encrypt#!5#!NIKnr#!encrypt#!2#!g
#!encrypt#!9#!+$xq;=s!@#!encrypt#!5#!Nkypm#!encrypt#!5#!NIKnB#!encrypt#!2#!g
#!encrypt#!9#!+$xq;=R9##!encrypt#!3#!N.K#!encrypt#!10#!N+Yp$P*eyj#!encrypt#!3#!NdO#!encrypt#!5#!NIKnB#!encrypt#!2#!g
#!encrypt#!9#!+$xq;=s!@#!encrypt#!5#!NQffN#!encrypt#!5#!NIKna#!encrypt#!2#!g
#!encrypt#!9#!+$xq;=R9##!encrypt#!3#!N.&#!encrypt#!10#!N+Yp$P*eyj#!encrypt#!3#!NfK#!encrypt#!5#!NIKna#!encrypt#!2#!g
#!encrypt#!9#!+$xq;=s!@#!encrypt#!5#!NkypN#!encrypt#!5#!NIKnm#!encrypt#!2#!g
#!encrypt#!9#!+$xq;=R9##!encrypt#!3#!N.&#!encrypt#!10#!N+Yp$P*eyj#!encrypt#!3#!NdO#!encrypt#!5#!NIKnm#!encrypt#!2#!g
#!encrypt#!9#!+$xq;=s!@#!encrypt#!5#!NQffL#!encrypt#!5#!NIKnN#!encrypt#!2#!g
#!encrypt#!9#!+$xq;=R9##!encrypt#!3#!N.t#!encrypt#!10#!N+Yp$P*eyj#!encrypt#!3#!NfK#!encrypt#!5#!NIKnN#!encrypt#!2#!g
#!encrypt#!9#!+$xq;=s!@#!encrypt#!4#!N{4P#!encrypt#!5#!NIKnQ#!encrypt#!2#!g
#!encrypt#!9#!+$xq;=R9##!encrypt#!3#!N.I#!encrypt#!10#!N+Yp$P*eyj#!encrypt#!3#!NfK#!encrypt#!5#!NIKnQ#!encrypt#!2#!g
#!encrypt#!9#!+$xq;=s!@#!encrypt#!10#!Nc4*{wA:Zc#!encrypt#!5#!NIKOB#!encrypt#!2#!g
#!encrypt#!9#!+$xq;=R9##!encrypt#!3#!Nwt#!encrypt#!10#!N+Yp$P*eyj#!encrypt#!3#!NYO#!encrypt#!5#!NIKOB#!encrypt#!2#!g
#!encrypt#!9#!+$xq;=s!@#!encrypt#!9#!NamPVw*@=#!encrypt#!5#!NIKON#!encrypt#!2#!g
#!encrypt#!9#!+$xq;=R9##!encrypt#!3#!Nwt#!encrypt#!10#!N+Yp$P*eyj#!encrypt#!3#!NfO#!encrypt#!5#!NIKON#!encrypt#!2#!g
#!encrypt#!9#!+$xq;=s!@#!encrypt#!9#!N{M~xbn:%#!encrypt#!5#!NIK%N#!encrypt#!2#!g
#!encrypt#!9#!+$xq;=R9##!encrypt#!3#!NYI#!encrypt#!10#!N+Yp$P*eyj#!encrypt#!2#!N[#!encrypt#!5#!NIK%N#!encrypt#!2#!g
#!encrypt#!9#!+$xq;=s!@#!encrypt#!8#!N{4PD^W:#!encrypt#!5#!NIKc #!encrypt#!2#!g
#!encrypt#!9#!+$xq;=R9##!encrypt#!3#!N.I#!encrypt#!10#!N+E]d~*eyj#!encrypt#!2#!NG#!encrypt#!5#!NIKc #!encrypt#!2#!g
#!encrypt#!9#!+$xq;=s!@#!encrypt#!10#!N)y+7Bnm%_#!encrypt#!5#!NIKur#!encrypt#!2#!g
#!encrypt#!9#!+$xq;=R9##!encrypt#!3#!NY8#!encrypt#!10#!N+Yp$P*eyj#!encrypt#!2#!NY#!encrypt#!5#!NIKur#!encrypt#!2#!g
#!encrypt#!9#!+$xq;=s!@#!encrypt#!11#!No<]2/SF^j=#!encrypt#!5#!NIKua#!encrypt#!2#!g
#!encrypt#!9#!+$xq;=R9##!encrypt#!3#!NYO#!encrypt#!10#!N+Yp$P*eyj#!encrypt#!2#!NG#!encrypt#!5#!NIKua#!encrypt#!2#!g
#!encrypt#!9#!+$xq;=s!@#!encrypt#!10#!N{M~xBnm%_#!encrypt#!5#!NIKum#!encrypt#!2#!g
#!encrypt#!9#!+$xq;=R9##!encrypt#!3#!NYI#!encrypt#!10#!N+Yp$P*eyj#!encrypt#!2#!NG#!encrypt#!5#!NIKum#!encrypt#!2#!g
#!encrypt#!9#!+$xq;=s!@#!encrypt#!10#!NQffBBnm%_#!encrypt#!5#!NIKuN#!encrypt#!2#!g
#!encrypt#!9#!+$xq;=R9##!encrypt#!3#!NYu#!encrypt#!10#!N+Yp$P*eyj#!encrypt#!2#!NG#!encrypt#!5#!NIKuN#!encrypt#!2#!g
#!encrypt#!9#!+$xq;=s!@#!encrypt#!10#!NQffaBnm%_#!encrypt#!5#!NIKuL#!encrypt#!2#!g
#!encrypt#!9#!+$xq;=R9##!encrypt#!3#!NYA#!encrypt#!10#!N+Yp$P*eyj#!encrypt#!2#!NG#!encrypt#!5#!NIKuL#!encrypt#!2#!g
#!encrypt#!9#!+$xq;=s!@#!encrypt#!10#!NQffmBnm%_#!encrypt#!5#!NIKuQ#!encrypt#!2#!g
#!encrypt#!9#!+$xq;=R9##!encrypt#!3#!N.K#!encrypt#!10#!N+Yp$P*eyj#!encrypt#!2#!NG#!encrypt#!5#!NIKuQ#!encrypt#!2#!g
#!encrypt#!9#!+$xq;=s!@#!encrypt#!10#!NQffNBnm%_#!encrypt#!5#!NIKu|#!encrypt#!2#!g
#!encrypt#!9#!+$xq;=R9##!encrypt#!3#!N.&#!encrypt#!10#!N+Yp$P*eyj#!encrypt#!2#!NG#!encrypt#!5#!NIKu|#!encrypt#!2#!g
#!encrypt#!9#!+$xq;=s!@#!encrypt#!10#!NQffLBnm%_#!encrypt#!5#!NIKuJ#!encrypt#!2#!g
#!encrypt#!9#!+$xq;=R9##!encrypt#!3#!N.t#!encrypt#!10#!N+Yp$P*eyj#!encrypt#!2#!NG#!encrypt#!5#!NIKuJ#!encrypt#!2#!g
#!encrypt#!9#!+$xq;=s!@#!encrypt#!9#!NPyR"/G[r#!encrypt#!5#!NIKu #!encrypt#!2#!g
#!encrypt#!9#!+$xq;=R9##!encrypt#!3#!NYo#!encrypt#!10#!N+Yp$P*eyj#!encrypt#!3#!NIK#!encrypt#!5#!NIKu #!encrypt#!2#!g
#!encrypt#!9#!+$xq;=s!@#!encrypt#!10#!NQffBN6@mL#!encrypt#!5#!NI&&r#!encrypt#!2#!g
#!encrypt#!9#!+$xq;=R9##!encrypt#!3#!NYu#!encrypt#!10#!N+Yp$P*eyj#!encrypt#!3#!NIK#!encrypt#!5#!NI&&r#!encrypt#!2#!g
#!encrypt#!9#!+$xq;=s!@#!encrypt#!10#!NQffaN6@mL#!encrypt#!5#!NI&&B#!encrypt#!2#!g
#!encrypt#!9#!+$xq;=R9##!encrypt#!3#!NYA#!encrypt#!10#!N+Yp$P*eyj#!encrypt#!3#!NIK#!encrypt#!5#!NI&&B#!encrypt#!2#!g
#!encrypt#!9#!+$xq;=s!@#!encrypt#!10#!NQffmN6@mL#!encrypt#!5#!NI&&a#!encrypt#!2#!g
#!encrypt#!9#!+$xq;=R9##!encrypt#!3#!N.K#!encrypt#!10#!N+Yp$P*eyj#!encrypt#!3#!NIK#!encrypt#!5#!NI&&a#!encrypt#!2#!g
#!encrypt#!9#!+$xq;=s!@#!encrypt#!10#!NQffNN6@mL#!encrypt#!5#!NI&&m#!encrypt#!2#!g
#!encrypt#!9#!+$xq;=R9##!encrypt#!3#!N.&#!encrypt#!10#!N+Yp$P*eyj#!encrypt#!3#!NIK#!encrypt#!5#!NI&&m#!encrypt#!2#!g
#!encrypt#!9#!+$xq;=s!@#!encrypt#!10#!NQffLN6@mL#!encrypt#!5#!NI&&N#!encrypt#!2#!g
#!encrypt#!9#!+$xq;=R9##!encrypt#!3#!N.t#!encrypt#!10#!N+Yp$P*eyj#!encrypt#!3#!NIK#!encrypt#!5#!NI&&N#!encrypt#!2#!g
#!encrypt#!9#!+$xq;=s!@#!encrypt#!10#!N)y+7N?0=n#!encrypt#!5#!NI&&Q#!encrypt#!2#!g
#!encrypt#!9#!+$xq;=R9##!encrypt#!3#!NY8#!encrypt#!10#!N+Yp$P*eyj#!encrypt#!2#!Nd#!encrypt#!5#!NI&&Q#!encrypt#!2#!g
#!encrypt#!9#!+$xq;=s!@#!encrypt#!10#!NQqkZN?0=n#!encrypt#!5#!NI&&J#!encrypt#!2#!g
#!encrypt#!9#!+$xq;=R9##!encrypt#!3#!NYo#!encrypt#!10#!N+Yp$P*eyj#!encrypt#!3#!NYK#!encrypt#!5#!NI&&J#!encrypt#!2#!g
#!encrypt#!9#!+$xq;=s!@#!encrypt#!10#!N{M~xN?0=n#!encrypt#!5#!NI&& #!encrypt#!2#!g
#!encrypt#!9#!+$xq;=R9##!encrypt#!3#!NYI#!encrypt#!10#!N+Yp$P*eyj#!encrypt#!2#!Nd#!encrypt#!5#!NI&& #!encrypt#!2#!g
#!encrypt#!9#!+$xq;=s!@#!encrypt#!9#!Nkyp"%B>k#!encrypt#!5#!NI&Rr#!encrypt#!2#!g
#!encrypt#!9#!+$xq;=R9##!encrypt#!3#!NYu#!encrypt#!10#!N+Yp$P*eyj#!encrypt#!3#!NYK#!encrypt#!5#!NI&Rr#!encrypt#!2#!g
#!encrypt#!9#!+$xq;=s!@#!encrypt#!10#!NkypaN?0=n#!encrypt#!5#!NI&RB#!encrypt#!2#!g
#!encrypt#!9#!+$xq;=R9##!encrypt#!3#!NYA#!encrypt#!10#!N+Yp$P*eyj#!encrypt#!3#!NYK#!encrypt#!5#!NI&RB#!encrypt#!2#!g
#!encrypt#!9#!+$xq;=s!@#!encrypt#!10#!NkypmN?0=n#!encrypt#!5#!NI&Ra#!encrypt#!2#!g
#!encrypt#!9#!+$xq;=R9##!encrypt#!3#!N.K#!encrypt#!10#!N+Yp$P*eyj#!encrypt#!3#!NYK#!encrypt#!5#!NI&Ra#!encrypt#!2#!g
#!encrypt#!9#!+$xq;=s!@#!encrypt#!10#!NkypNN?0=n#!encrypt#!5#!NI&Rm#!encrypt#!2#!g
#!encrypt#!9#!+$xq;=R9##!encrypt#!3#!N.&#!encrypt#!10#!N+Yp$P*eyj#!encrypt#!3#!NYK#!encrypt#!5#!NI&Rm#!encrypt#!2#!g
#!encrypt#!9#!+$xq;=s!@#!encrypt#!6#!NPyR$~#!encrypt#!5#!NI&RN#!encrypt#!5#!NI&RL#!encrypt#!5#!NI&RQ#!encrypt#!5#!NI&R|#!encrypt#!2#!g
#!encrypt#!9#!+$xq;=R9##!encrypt#!3#!NYo#!encrypt#!10#!N+E]d~*eyj#!encrypt#!3#!NfK#!encrypt#!5#!NI&RN#!encrypt#!2#!g
#!encrypt#!9#!+$xq;=R9##!encrypt#!3#!NYo#!encrypt#!10#!N+E]d~*eyj#!encrypt#!2#!NG#!encrypt#!5#!NI&RL#!encrypt#!2#!g
#!encrypt#!9#!+$xq;=R9##!encrypt#!3#!NYo#!encrypt#!10#!N+E]d~*eyj#!encrypt#!3#!Nfb#!encrypt#!5#!NI&RQ#!encrypt#!2#!g
#!encrypt#!9#!+$xq;=R9##!encrypt#!3#!NYo#!encrypt#!10#!N+E]d~*eyj#!encrypt#!3#!NII#!encrypt#!5#!NI&R|#!encrypt#!2#!g
#!encrypt#!9#!+$xq;=s!@#!encrypt#!7#!NQffB~*#!encrypt#!5#!NI&RJ#!encrypt#!5#!NI&R #!encrypt#!5#!NI&nr#!encrypt#!5#!NI&nB#!encrypt#!2#!g
#!encrypt#!9#!+$xq;=R9##!encrypt#!3#!NYu#!encrypt#!10#!N+E]d~*eyj#!encrypt#!3#!NfK#!encrypt#!5#!NI&RJ#!encrypt#!2#!g
#!encrypt#!9#!+$xq;=R9##!encrypt#!3#!NYu#!encrypt#!10#!N+E]d~*eyj#!encrypt#!2#!NG#!encrypt#!5#!NI&R #!encrypt#!2#!g
#!encrypt#!9#!+$xq;=R9##!encrypt#!3#!NYu#!encrypt#!10#!N+E]d~*eyj#!encrypt#!3#!Nfb#!encrypt#!5#!NI&nr#!encrypt#!2#!g
#!encrypt#!9#!+$xq;=R9##!encrypt#!3#!NYu#!encrypt#!10#!N+E]d~*eyj#!encrypt#!3#!NII#!encrypt#!5#!NI&nB#!encrypt#!2#!g
#!encrypt#!9#!+$xq;=s!@#!encrypt#!7#!NQffa~*#!encrypt#!5#!NI&na#!encrypt#!5#!NI&nm#!encrypt#!5#!NI&nN#!encrypt#!5#!NI&nL#!encrypt#!2#!g
#!encrypt#!9#!+$xq;=R9##!encrypt#!3#!NYA#!encrypt#!10#!N+E]d~*eyj#!encrypt#!3#!NfK#!encrypt#!5#!NI&na#!encrypt#!2#!g
#!encrypt#!9#!+$xq;=R9##!encrypt#!3#!NYA#!encrypt#!10#!N+E]d~*eyj#!encrypt#!2#!NG#!encrypt#!5#!NI&nm#!encrypt#!2#!g
#!encrypt#!9#!+$xq;=R9##!encrypt#!3#!NYA#!encrypt#!10#!N+E]d~*eyj#!encrypt#!3#!Nfb#!encrypt#!5#!NI&nN#!encrypt#!2#!g
#!encrypt#!9#!+$xq;=R9##!encrypt#!3#!NYA#!encrypt#!10#!N+E]d~*eyj#!encrypt#!3#!NII#!encrypt#!5#!NI&nL#!encrypt#!2#!g
#!encrypt#!9#!+$xq;=s!@#!encrypt#!7#!NQffm~*#!encrypt#!5#!NI&nQ#!encrypt#!5#!NI&n|#!encrypt#!5#!NI&nJ#!encrypt#!5#!NI&n #!encrypt#!2#!g
#!encrypt#!9#!+$xq;=R9##!encrypt#!3#!N.K#!encrypt#!10#!N+E]d~*eyj#!encrypt#!3#!NfK#!encrypt#!5#!NI&nQ#!encrypt#!2#!g
#!encrypt#!9#!+$xq;=R9##!encrypt#!3#!N.K#!encrypt#!10#!N+E]d~*eyj#!encrypt#!2#!NG#!encrypt#!5#!NI&n|#!encrypt#!2#!g
#!encrypt#!9#!+$xq;=R9##!encrypt#!3#!N.K#!encrypt#!10#!N+E]d~*eyj#!encrypt#!3#!Nfb#!encrypt#!5#!NI&nJ#!encrypt#!2#!g
#!encrypt#!9#!+$xq;=R9##!encrypt#!3#!N.K#!encrypt#!10#!N+E]d~*eyj#!encrypt#!3#!NII#!encrypt#!5#!NI&n #!encrypt#!2#!g
#!encrypt#!9#!+$xq;=s!@#!encrypt#!7#!NQffN~*#!encrypt#!5#!NI&Or#!encrypt#!5#!NI&OB#!encrypt#!5#!NI&Oa#!encrypt#!5#!NI&Om#!encrypt#!2#!g
#!encrypt#!9#!+$xq;=R9##!encrypt#!3#!N.&#!encrypt#!10#!N+E]d~*eyj#!encrypt#!3#!NfK#!encrypt#!5#!NI&Or#!encrypt#!2#!g
#!encrypt#!9#!+$xq;=R9##!encrypt#!3#!N.&#!encrypt#!10#!N+E]d~*eyj#!encrypt#!2#!NG#!encrypt#!5#!NI&OB#!encrypt#!2#!g
#!encrypt#!9#!+$xq;=R9##!encrypt#!3#!N.&#!encrypt#!10#!N+E]d~*eyj#!encrypt#!3#!Nfb#!encrypt#!5#!NI&Oa#!encrypt#!2#!g
#!encrypt#!9#!+$xq;=R9##!encrypt#!3#!N.&#!encrypt#!10#!N+E]d~*eyj#!encrypt#!3#!NII#!encrypt#!5#!NI&Om#!encrypt#!2#!g
#!encrypt#!9#!+$xq;=s!@#!encrypt#!7#!NQffL~*#!encrypt#!5#!NI&ON#!encrypt#!5#!NI&OL#!encrypt#!5#!NI&OQ#!encrypt#!5#!NI&O|#!encrypt#!2#!g
#!encrypt#!9#!+$xq;=R9##!encrypt#!3#!N.t#!encrypt#!10#!N+E]d~*eyj#!encrypt#!3#!NfK#!encrypt#!5#!NI&ON#!encrypt#!2#!g
#!encrypt#!9#!+$xq;=R9##!encrypt#!3#!N.t#!encrypt#!10#!N+E]d~*eyj#!encrypt#!2#!NG#!encrypt#!5#!NI&OL#!encrypt#!2#!g
#!encrypt#!9#!+$xq;=R9##!encrypt#!3#!N.t#!encrypt#!10#!N+E]d~*eyj#!encrypt#!3#!Nfb#!encrypt#!5#!NI&OQ#!encrypt#!2#!g
#!encrypt#!9#!+$xq;=R9##!encrypt#!3#!N.t#!encrypt#!10#!N+E]d~*eyj#!encrypt#!3#!NII#!encrypt#!5#!NI&O|#!encrypt#!2#!g
#!encrypt#!9#!+$xq;=s!@#!encrypt#!7#!N{M~x~*#!encrypt#!5#!NI&OJ#!encrypt#!5#!NI&O #!encrypt#!5#!NI&7r#!encrypt#!5#!NI&7B#!encrypt#!2#!g
#!encrypt#!9#!+$xq;=R9##!encrypt#!3#!NYI#!encrypt#!10#!N+E]d~*eyj#!encrypt#!3#!NfK#!encrypt#!5#!NI&OJ#!encrypt#!2#!g
#!encrypt#!9#!+$xq;=R9##!encrypt#!3#!NYI#!encrypt#!10#!N+E]d~*eyj#!encrypt#!2#!NG#!encrypt#!5#!NI&O #!encrypt#!2#!g
#!encrypt#!9#!+$xq;=R9##!encrypt#!3#!NYI#!encrypt#!10#!N+E]d~*eyj#!encrypt#!3#!Nfb#!encrypt#!5#!NI&7r#!encrypt#!2#!g
#!encrypt#!9#!+$xq;=R9##!encrypt#!3#!NYI#!encrypt#!10#!N+E]d~*eyj#!encrypt#!3#!NII#!encrypt#!5#!NI&7B#!encrypt#!2#!g
#!encrypt#!9#!+$xq;=s!@#!encrypt#!7#!N)y+7~*#!encrypt#!5#!NI&7a#!encrypt#!5#!NI&7m#!encrypt#!5#!NI&7N#!encrypt#!5#!NI&7L#!encrypt#!2#!g
#!encrypt#!9#!+$xq;=R9##!encrypt#!3#!NY8#!encrypt#!10#!N+E]d~*eyj#!encrypt#!3#!NfK#!encrypt#!5#!NI&7a#!encrypt#!2#!g
#!encrypt#!9#!+$xq;=R9##!encrypt#!3#!NY8#!encrypt#!10#!N+E]d~*eyj#!encrypt#!2#!NY#!encrypt#!5#!NI&7m#!encrypt#!2#!g
#!encrypt#!9#!+$xq;=R9##!encrypt#!3#!NY8#!encrypt#!10#!N+E]d~*eyj#!encrypt#!3#!Nfb#!encrypt#!5#!NI&7N#!encrypt#!2#!g
#!encrypt#!9#!+$xq;=R9##!encrypt#!3#!NY8#!encrypt#!10#!N+E]d~*eyj#!encrypt#!3#!NII#!encrypt#!5#!NI&7L#!encrypt#!2#!g
#!encrypt#!9#!+$xq;=s!@#!encrypt#!9#!N{M~x=M#_#!encrypt#!5#!NI&7Q#!encrypt#!2#!g
#!encrypt#!9#!+$xq;=R9##!encrypt#!3#!NYI#!encrypt#!10#!N+Yp$P*eyj#!encrypt#!3#!NII#!encrypt#!5#!NI&7Q#!encrypt#!2#!g
#!encrypt#!9#!+$xq;=s!@#!encrypt#!8#!NPyRq"A5#!encrypt#!5#!NI&7|#!encrypt#!2#!g
#!encrypt#!9#!+$xq;=R9##!encrypt#!3#!NYo#!encrypt#!10#!N+Yp$P*eyj#!encrypt#!3#!NII#!encrypt#!5#!NI&7|#!encrypt#!2#!g
#!encrypt#!9#!+$xq;=s!@#!encrypt#!9#!NQffB=M#_#!encrypt#!5#!NI&7J#!encrypt#!2#!g
#!encrypt#!9#!+$xq;=R9##!encrypt#!3#!NYu#!encrypt#!10#!N+Yp$P*eyj#!encrypt#!3#!NII#!encrypt#!5#!NI&7J#!encrypt#!2#!g
#!encrypt#!9#!+$xq;=s!@#!encrypt#!9#!NQffa=M#_#!encrypt#!5#!NI&7 #!encrypt#!2#!g
#!encrypt#!9#!+$xq;=R9##!encrypt#!3#!NYA#!encrypt#!10#!N+Yp$P*eyj#!encrypt#!3#!NII#!encrypt#!5#!NI&7 #!encrypt#!2#!g
#!encrypt#!9#!+$xq;=s!@#!encrypt#!9#!NQffm=M#_#!encrypt#!5#!NI&?r#!encrypt#!2#!g
#!encrypt#!9#!+$xq;=R9##!encrypt#!3#!N.K#!encrypt#!10#!N+Yp$P*eyj#!encrypt#!3#!NII#!encrypt#!5#!NI&?r#!encrypt#!2#!g
#!encrypt#!9#!+$xq;=s!@#!encrypt#!9#!NQffN=M#_#!encrypt#!5#!NI&?B#!encrypt#!2#!g
#!encrypt#!9#!+$xq;=R9##!encrypt#!3#!N.&#!encrypt#!10#!N+Yp$P*eyj#!encrypt#!3#!NII#!encrypt#!5#!NI&?B#!encrypt#!2#!g
#!encrypt#!9#!+$xq;=s!@#!encrypt#!9#!NQffL=M#_#!encrypt#!5#!NI&?a#!encrypt#!2#!g
#!encrypt#!9#!+$xq;=R9##!encrypt#!3#!N.t#!encrypt#!10#!N+Yp$P*eyj#!encrypt#!3#!NII#!encrypt#!5#!NI&?a#!encrypt#!2#!g
#!encrypt#!9#!+$xq;=s!@#!encrypt#!8#!No<]2/M:#!encrypt#!5#!NI&?m#!encrypt#!2#!g
#!encrypt#!9#!+$xq;=R9##!encrypt#!3#!NYO#!encrypt#!10#!N+E]d~*eyj#!encrypt#!3#!NII#!encrypt#!5#!NI&?m#!encrypt#!2#!g
#!encrypt#!9#!+$xq;=R9##!encrypt#!3#!NYO#!encrypt#!10#!N+E]d~*eyj#!encrypt#!2#!N;#!encrypt#!5#!NI&?m#!encrypt#!2#!g
#!encrypt#!9#!+$xq;=s!@#!encrypt#!7#!N{M~x"*#!encrypt#!5#!NI&?N#!encrypt#!2#!g
#!encrypt#!9#!+$xq;=R9##!encrypt#!3#!NYI#!encrypt#!10#!N+E]d~*eyj#!encrypt#!3#!NII#!encrypt#!5#!NI&?N#!encrypt#!2#!g
#!encrypt#!9#!+$xq;=R9##!encrypt#!3#!NYI#!encrypt#!10#!N+E]d~*eyj#!encrypt#!2#!N;#!encrypt#!5#!NI&?N#!encrypt#!2#!g
#!encrypt#!9#!+$xq;=s!@#!encrypt#!6#!NPyR(~#!encrypt#!5#!NI&?L#!encrypt#!2#!g
#!encrypt#!9#!+$xq;=R9##!encrypt#!3#!NYo#!encrypt#!10#!N+E]d~*eyj#!encrypt#!3#!NII#!encrypt#!5#!NI&?L#!encrypt#!2#!g
#!encrypt#!9#!+$xq;=R9##!encrypt#!3#!NYo#!encrypt#!10#!N+E]d~*eyj#!encrypt#!2#!N;#!encrypt#!5#!NI&?L#!encrypt#!2#!g
#!encrypt#!9#!+$xq;=s!@#!encrypt#!7#!NQffB"*#!encrypt#!5#!NI&?Q#!encrypt#!2#!g
#!encrypt#!9#!+$xq;=R9##!encrypt#!3#!NYu#!encrypt#!10#!N+E]d~*eyj#!encrypt#!3#!NII#!encrypt#!5#!NI&?Q#!encrypt#!2#!g
#!encrypt#!9#!+$xq;=R9##!encrypt#!3#!NYu#!encrypt#!10#!N+E]d~*eyj#!encrypt#!2#!N;#!encrypt#!5#!NI&?Q#!encrypt#!2#!g
#!encrypt#!9#!+$xq;=s!@#!encrypt#!7#!NQffa"*#!encrypt#!5#!NI&?|#!encrypt#!2#!g
#!encrypt#!9#!+$xq;=R9##!encrypt#!3#!NYA#!encrypt#!10#!N+E]d~*eyj#!encrypt#!3#!NII#!encrypt#!5#!NI&?|#!encrypt#!2#!g
#!encrypt#!9#!+$xq;=R9##!encrypt#!3#!NYA#!encrypt#!10#!N+E]d~*eyj#!encrypt#!2#!N;#!encrypt#!5#!NI&?|#!encrypt#!2#!g
#!encrypt#!9#!+$xq;=s!@#!encrypt#!7#!NQffm"*#!encrypt#!5#!NI&?J#!encrypt#!2#!g
#!encrypt#!9#!+$xq;=R9##!encrypt#!3#!N.K#!encrypt#!10#!N+E]d~*eyj#!encrypt#!3#!NII#!encrypt#!5#!NI&?J#!encrypt#!2#!g
#!encrypt#!9#!+$xq;=R9##!encrypt#!3#!N.K#!encrypt#!10#!N+E]d~*eyj#!encrypt#!2#!N;#!encrypt#!5#!NI&?J#!encrypt#!2#!g
#!encrypt#!9#!+$xq;=s!@#!encrypt#!7#!NQffN"*#!encrypt#!5#!NI&? #!encrypt#!2#!g
#!encrypt#!9#!+$xq;=R9##!encrypt#!3#!N.&#!encrypt#!10#!N+E]d~*eyj#!encrypt#!3#!NII#!encrypt#!5#!NI&? #!encrypt#!2#!g
#!encrypt#!9#!+$xq;=R9##!encrypt#!3#!N.&#!encrypt#!10#!N+E]d~*eyj#!encrypt#!2#!N;#!encrypt#!5#!NI&? #!encrypt#!2#!g
#!encrypt#!9#!+$xq;=s!@#!encrypt#!7#!NQffL"*#!encrypt#!5#!NI&jr#!encrypt#!2#!g
#!encrypt#!9#!+$xq;=R9##!encrypt#!3#!N.t#!encrypt#!10#!N+E]d~*eyj#!encrypt#!3#!NII#!encrypt#!5#!NI&jr#!encrypt#!2#!g
#!encrypt#!9#!+$xq;=R9##!encrypt#!3#!N.t#!encrypt#!10#!N+E]d~*eyj#!encrypt#!2#!N;#!encrypt#!5#!NI&jr#!encrypt#!2#!g
#!encrypt#!9#!+$xq;=s!@#!encrypt#!6#!N{4P$~#!encrypt#!5#!NI&j|#!encrypt#!5#!NIKc #!encrypt#!2#!g
#!encrypt#!9#!+$xq;=R9##!encrypt#!3#!N.I#!encrypt#!10#!N+E]d~*eyj#!encrypt#!3#!NfK#!encrypt#!5#!NI&j|#!encrypt#!2#!g
#!encrypt#!9#!+$xq;=s!@#!encrypt#!8#!N{4Pq"A5#!encrypt#!5#!NI&jJ#!encrypt#!2#!g
#!encrypt#!9#!+$xq;=R9##!encrypt#!3#!N.I#!encrypt#!10#!N+Yp$P*eyj#!encrypt#!3#!NII#!encrypt#!5#!NI&jJ#!encrypt#!2#!g
#!encrypt#!9#!+$xq;=s!@#!encrypt#!6#!N{4P(~#!encrypt#!5#!NI&j #!encrypt#!2#!g
#!encrypt#!9#!+$xq;=R9##!encrypt#!3#!N.I#!encrypt#!10#!N+E]d~*eyj#!encrypt#!3#!NII#!encrypt#!5#!NI&j #!encrypt#!2#!g
#!encrypt#!9#!+$xq;=R9##!encrypt#!3#!N.I#!encrypt#!10#!N+E]d~*eyj#!encrypt#!2#!N;#!encrypt#!5#!NI&j #!encrypt#!2#!g
#!encrypt#!9#!+$xq;=s!@#!encrypt#!8#!NQffLiA5#!encrypt#!5#!NI&?a#!encrypt#!2#!g
#!encrypt#!9#!+$xq;=s!@#!encrypt#!8#!NQffNiA5#!encrypt#!5#!NI&?B#!encrypt#!2#!g
#!encrypt#!9#!+$xq;=s!@#!encrypt#!8#!NQffmiA5#!encrypt#!5#!NI&?r#!encrypt#!2#!g
#!encrypt#!9#!+$xq;=s!@#!encrypt#!8#!NQffaiA5#!encrypt#!5#!NI&7 #!encrypt#!2#!g
#!encrypt#!9#!+$xq;=s!@#!encrypt#!8#!NQffBiA5#!encrypt#!5#!NI&7J#!encrypt#!2#!g
#!encrypt#!9#!+$xq;=s!@#!encrypt#!7#!NPyRSK?#!encrypt#!5#!NI&7|#!encrypt#!2#!g
#!encrypt#!9#!+$xq;=s!@#!encrypt#!8#!N{M~xiA5#!encrypt#!5#!NI&7Q#!encrypt#!2#!g
#!encrypt#!9#!+$xq;=s!@#!encrypt#!8#!N)y+7iA5#!encrypt#!5#!NItna#!encrypt#!2#!g
#!encrypt#!9#!+$xq;=R9##!encrypt#!3#!NY8#!encrypt#!10#!N+Yp$P*eyj#!encrypt#!3#!NII#!encrypt#!5#!NItna#!encrypt#!2#!g
#!encrypt#!37#!~1}GD=pd9#<X:qu[L)@{_qQDga>;5QJrflJF
#!encrypt#!10#!w$GqqBr47'#!encrypt#!5#!N)y+7#!encrypt#!2#!g
#!encrypt#!10#!w$GqqBr47'#!encrypt#!5#!N{M~x#!encrypt#!2#!g
#!encrypt#!9#!+$xq;=s!@#!encrypt#!11#!N{<]2/SF^j=#!encrypt#!5#!NItn #!encrypt#!2#!g
#!encrypt#!9#!+$xq;=R9##!encrypt#!3#!NYO#!encrypt#!10#!N+Yp$P*eyj#!encrypt#!3#!NGA#!encrypt#!5#!NItn #!encrypt#!2#!g
#!encrypt#!9#!+$xq;=s!@#!encrypt#!8#!N{<]2/*:#!encrypt#!5#!NItOr#!encrypt#!2#!g
#!encrypt#!9#!+$xq;=R9##!encrypt#!3#!NYO#!encrypt#!10#!N+E]d~*eyj#!encrypt#!3#!NGA#!encrypt#!5#!NItOr#!encrypt#!2#!g
#!encrypt#!9#!+$xq;=s!@#!encrypt#!10#!N{<]2/_lP.#!encrypt#!5#!NItOB#!encrypt#!2#!g
#!encrypt#!9#!+$xq;=R9##!encrypt#!4#!NItn#!encrypt#!10#!N+Yp$P*eyj#!encrypt#!3#!NII#!encrypt#!5#!NItOB#!encrypt#!2#!g
#!encrypt#!9#!+$xq;=s!@#!encrypt#!8#!N{<]2/M:#!encrypt#!5#!NItOa#!encrypt#!2#!g
#!encrypt#!9#!+$xq;=R9##!encrypt#!4#!NItn#!encrypt#!10#!N+E]d~*eyj#!encrypt#!3#!NII#!encrypt#!5#!NItOa#!encrypt#!2#!g
#!encrypt#!9#!+$xq;=R9##!encrypt#!4#!NItn#!encrypt#!10#!N+E]d~*eyj#!encrypt#!2#!N;#!encrypt#!5#!NItOa#!encrypt#!2#!g
#!encrypt#!4#!b8:3#!encrypt#!9#!NamPVw*@=#!encrypt#!13#!N+M\$"C:dpb#}#!encrypt#!16#!NamPVw*@=#,,pAL*#!encrypt#!2#!g
#!encrypt#!3#!{t|#!encrypt#!5#!N)y+7#!encrypt#!6#!No<]2/#!encrypt#!13#!N+M\$"C:dpb#}#!encrypt#!6#!N@|J5)#!encrypt#!2#!g
#!encrypt#!3#!68=#!encrypt#!5#!N)y+7#!encrypt#!6#!No<]2/#!encrypt#!13#!N+M\$"C:dpb#}#!encrypt#!6#!Nt|J5)#!encrypt#!2#!g
#!encrypt#!3#!68=#!encrypt#!5#!N)y+7#!encrypt#!5#!N{M~x#!encrypt#!13#!N+M\$"C:dpb#}#!encrypt#!7#!NVkS9!p#!encrypt#!2#!g
#!encrypt#!3#!{t|#!encrypt#!5#!N{M~x#!encrypt#!5#!N)y+7#!encrypt#!13#!N+M\$"C:dpb#}#!encrypt#!12#!N@w`cP?0}E \#!encrypt#!2#!g
#!encrypt#!4#!b8:3#!encrypt#!12#!N@w`cP?0}E \#!encrypt#!13#!N+M\$"C:dpb#}#!encrypt#!5#!N&.9G#!encrypt#!2#!g
#!encrypt#!12#!@qFqqNld\Ai/#!encrypt#!8#!N+y#TKB\#!encrypt#!5#!N&.9G#!encrypt#!5#!N)y+7#!encrypt#!13#!N+M\$"C:dpb#}#!encrypt#!9#!N&.9G.i37#!encrypt#!2#!g
#!encrypt#!12#!@qFqqNld\Ai/#!encrypt#!17#!N+qkK%o#xjYeGaXAt#!encrypt#!8#!N+y#TKB\#!encrypt#!5#!N&.9G#!encrypt#!5#!N)y+7#!encrypt#!13#!N+M\$"C:dpb#}#!encrypt#!8#!N&.9Gop3#!encrypt#!2#!g
#!encrypt#!4#!b8:3#!encrypt#!5#!N&.9G#!encrypt#!13#!N+M\$"C:dpb#}#!encrypt#!8#!N~wmvx{!#!encrypt#!2#!g
#!encrypt#!4#!b8:3#!encrypt#!8#!N~wmvx{!#!encrypt#!13#!N+M\$"C:dpb#}#!encrypt#!9#!N(L(=brY7#!encrypt#!2#!g
#!encrypt#!10#!tbGSzJp! e#!encrypt#!1#!
#!encrypt#!7#!b8 zGh{#!encrypt#!4#!NPyR#!encrypt#!5#!NQffB#!encrypt#!4#!N+0g#!encrypt#!5#!NQqkZ#!encrypt#!2#!g
#!encrypt#!7#!b8 zGh{#!encrypt#!5#!NQffB#!encrypt#!5#!NQffa#!encrypt#!4#!N+0g#!encrypt#!4#!Nkyp#!encrypt#!2#!g
#!encrypt#!7#!b8 zGh{#!encrypt#!5#!NQffm#!encrypt#!5#!NQffa#!encrypt#!4#!N+0g#!encrypt#!5#!Nkypa#!encrypt#!2#!g
#!encrypt#!7#!b8 zGh{#!encrypt#!5#!NQffm#!encrypt#!5#!NQffN#!encrypt#!4#!N+0g#!encrypt#!5#!Nkypm#!encrypt#!2#!g
#!encrypt#!7#!b8 zGh{#!encrypt#!5#!NQffN#!encrypt#!5#!NQffL#!encrypt#!4#!N+0g#!encrypt#!5#!NkypN#!encrypt#!2#!g
#!encrypt#!7#!b8 zGh{#!encrypt#!5#!NQffL#!encrypt#!4#!N{4P#!encrypt#!2#!g
#!encrypt#!5#!
16`G#!encrypt#!15#!N1K.Z2(yd#(4I;
#!encrypt#!4#!N%Ti#!encrypt#!49#!b$:9gRpg3.{#K#Ke#p#Th[7yJS/k>Pi0d%mvO/6g5jQeplNB
#!encrypt#!4#!N%Ti#!encrypt#!7#!k-DM;Ds#!encrypt#!6#!No<]2/#!encrypt#!2#!NG#!encrypt#!32#!NLT6FV8@]/B.9#'E9^#{sZ1OoGll'#'c#!encrypt#!1#!
#!encrypt#!2#!1
#!encrypt#!5#!
16`G#!encrypt#!14#!N1&.<K!IUfsp*
#!encrypt#!4#!N%Ti#!encrypt#!47#!b$:9gRpg3mGG#`9J'-iCh5=*VSStv:xzN)y+7VD\=/,,l7
#!encrypt#!4#!N%Ti#!encrypt#!7#!k-DM;Ds#!encrypt#!5#!N)y+7#!encrypt#!2#!NG#!encrypt#!32#!NLT6FV8@]/B.9#'E9^#{sZ1OoGll'#'p#!encrypt#!1#!
#!encrypt#!2#!1
#!encrypt#!5#!
16`G#!encrypt#!14#!N1t.(\6eUfsp*
#!encrypt#!4#!N%Ti#!encrypt#!47#!b$:9gRpg3wA1J`9J'-iCh5=*VSStv:xzN{M~xVD\=/,,l7
#!encrypt#!4#!N%Ti#!encrypt#!7#!k-DM;Ds#!encrypt#!5#!N{M~x#!encrypt#!2#!NG#!encrypt#!32#!NLT6FV8@]/B.9#'E9^#{sZ1OoGll'#'`#!encrypt#!1#!
#!encrypt#!2#!1
#!encrypt#!5#!
16`G#!encrypt#!13#!N1b.2KhfIv8V
#!encrypt#!4#!N%Ti#!encrypt#!45#!b$:9gRpg3_G4GURq`}tC{7oyV\$q(gbr a&i/^+:%6%j
#!encrypt#!4#!N%Ti#!encrypt#!7#!k-DM;Ds#!encrypt#!4#!NPyR#!encrypt#!2#!NG#!encrypt#!32#!NLT6FV8@]/B.9#'E9^#{sZ1OoGll'#'C#!encrypt#!1#!
#!encrypt#!2#!1
#!encrypt#!5#!
16`G#!encrypt#!14#!N1O.&wG5Ufsp*
#!encrypt#!4#!N%Ti#!encrypt#!47#!b$:9gRpg3YaJX`9J'-iCh5=*VSStv:xzNQqkZVD\=/,,l7
#!encrypt#!4#!N%Ti#!encrypt#!7#!k-DM;Ds#!encrypt#!5#!NQqkZ#!encrypt#!2#!NG#!encrypt#!32#!NLT6FV8@]/B.9#'E9^#{sZ1OoGll'#'J#!encrypt#!1#!
#!encrypt#!2#!1
#!encrypt#!5#!
16`G#!encrypt#!14#!N18.&^*]Ufsp*
#!encrypt#!4#!N%Ti#!encrypt#!47#!b$:9gRpg3Y,e2`9J'-iCh5=*VSStv:xzNQffBVD\=/,,l7
#!encrypt#!4#!N%Ti#!encrypt#!7#!k-DM;Ds#!encrypt#!5#!NQffB#!encrypt#!2#!NG#!encrypt#!32#!NLT6FV8@]/B.9#'E9^#{sZ1OoGll'#'Q#!encrypt#!1#!
#!encrypt#!2#!1
#!encrypt#!5#!
16`G#!encrypt#!13#!N1I./KnfIv8V
#!encrypt#!4#!N%Ti#!encrypt#!45#!b$:9gRpg3<GnGURq`}tC{7oyV\$q(gbrWa4i/^+:%6%j
#!encrypt#!4#!N%Ti#!encrypt#!7#!k-DM;Ds#!encrypt#!4#!Nkyp#!encrypt#!2#!NG#!encrypt#!32#!NLT6FV8@]/B.9#'E9^#{sZ1OoGll'#'V#!encrypt#!1#!
#!encrypt#!2#!1
#!encrypt#!5#!
16`G#!encrypt#!14#!N1o.&^*<Ufsp*
#!encrypt#!4#!N%Ti#!encrypt#!47#!b$:9gRpg3Y,e4`9J'-iCh5=*VSStv:xzNQffaVD\=/,,l7
#!encrypt#!4#!N%Ti#!encrypt#!7#!k-DM;Ds#!encrypt#!5#!NQffa#!encrypt#!2#!NG#!encrypt#!32#!NLT6FV8@]/B.9#'E9^#{sZ1OoGll'#'4#!encrypt#!1#!
#!encrypt#!2#!1
#!encrypt#!5#!
16`G#!encrypt#!14#!N1u./Kn<Ufsp*
#!encrypt#!4#!N%Ti#!encrypt#!47#!b$:9gRpg3<Gn4`9J'-iCh5=*VSStv:xzNkypaVD\=/,,l7
#!encrypt#!4#!N%Ti#!encrypt#!7#!k-DM;Ds#!encrypt#!5#!Nkypa#!encrypt#!2#!NG#!encrypt#!32#!NLT6FV8@]/B.9#'E9^#{sZ1OoGll'#'\#!encrypt#!1#!
#!encrypt#!2#!1
#!encrypt#!5#!
16`G#!encrypt#!14#!N1A.&^*wUfsp*
#!encrypt#!4#!N%Ti#!encrypt#!47#!b$:9gRpg3Y,e/`9J'-iCh5=*VSStv:xzNQffmVD\=/,,l7
#!encrypt#!4#!N%Ti#!encrypt#!7#!k-DM;Ds#!encrypt#!5#!NQffm#!encrypt#!2#!NG#!encrypt#!32#!NLT6FV8@]/B.9#'E9^#{sZ1OoGll'#'^#!encrypt#!1#!
#!encrypt#!2#!1
#!encrypt#!5#!
16`G#!encrypt#!15#!N1&&q(AFS#(4I;
#!encrypt#!4#!N%Ti#!encrypt#!47#!b$:9gRpg3<Gn/`9J'-iCh5=*VSStv:xzNkypmVD\=/,,l7
#!encrypt#!4#!N%Ti#!encrypt#!7#!k-DM;Ds#!encrypt#!5#!Nkypm#!encrypt#!2#!NG#!encrypt#!32#!NLT6FV8@]/B.9#'E9^#{sZ1OoGll'#@c#!encrypt#!1#!
#!encrypt#!2#!1
#!encrypt#!5#!
16`G#!encrypt#!15#!N1&Rq}(:e#(4I;
#!encrypt#!4#!N%Ti#!encrypt#!47#!b$:9gRpg3Y,e7`9J'-iCh5=*VSStv:xzNQffNVD\=/,,l7
#!encrypt#!4#!N%Ti#!encrypt#!7#!k-DM;Ds#!encrypt#!5#!NQffN#!encrypt#!2#!NG#!encrypt#!32#!NLT6FV8@]/B.9#'E9^#{sZ1OoGll'#@p#!encrypt#!1#!
#!encrypt#!2#!1
#!encrypt#!5#!
16`G#!encrypt#!15#!N1&nq(AFe#(4I;
#!encrypt#!4#!N%Ti#!encrypt#!47#!b$:9gRpg3<Gn7`9J'-iCh5=*VSStv:xzNkypNVD\=/,,l7
#!encrypt#!4#!N%Ti#!encrypt#!7#!k-DM;Ds#!encrypt#!5#!NkypN#!encrypt#!2#!NG#!encrypt#!32#!NLT6FV8@]/B.9#'E9^#{sZ1OoGll'#@`#!encrypt#!1#!
#!encrypt#!2#!1
#!encrypt#!5#!
16`G#!encrypt#!15#!N1&Oq}(:W#(4I;
#!encrypt#!4#!N%Ti#!encrypt#!47#!b$:9gRpg3Y,ew`9J'-iCh5=*VSStv:xzNQffLVD\=/,,l7
#!encrypt#!4#!N%Ti#!encrypt#!7#!k-DM;Ds#!encrypt#!5#!NQffL#!encrypt#!2#!NG#!encrypt#!32#!NLT6FV8@]/B.9#'E9^#{sZ1OoGll'#@C#!encrypt#!1#!
#!encrypt#!2#!1
#!encrypt#!5#!
16`G#!encrypt#!14#!N1&7q"n0Ufsp*
#!encrypt#!4#!N%Ti#!encrypt#!45#!b$:9gRpg3w)oGURq`}tC{7oyV\$q(gbr>OYi/^+:%6%j
#!encrypt#!4#!N%Ti#!encrypt#!7#!k-DM;Ds#!encrypt#!4#!N{4P#!encrypt#!2#!NG#!encrypt#!32#!NLT6FV8@]/B.9#'E9^#{sZ1OoGll'#@J#!encrypt#!1#!
#!encrypt#!2#!1
#!encrypt#!5#!
16`G#!encrypt#!14#!N1&?qwnlUfsp*
#!encrypt#!4#!N%Ti#!encrypt#!51#!b$:9gRpg3S)^GURq`}tC{7oyV\$q(gbr.OhpYK*@=xV#}5%}uh
#!encrypt#!4#!N%Ti#!encrypt#!7#!k-DM;Ds#!encrypt#!10#!Nc4*{wA:Zc#!encrypt#!2#!NG#!encrypt#!32#!NLT6FV8@]/B.9#'E9^#{sZ1OoGll'#@Q#!encrypt#!1#!
#!encrypt#!2#!1
#!encrypt#!5#!
16`G#!encrypt#!14#!N1&jqK?0Ufsp*
#!encrypt#!4#!N%Ti#!encrypt#!50#!b$:9gRpg3XYoGURq`}tC{7oyV\$q(gbrqoY\Y~G>g<,|9Re$B
#!encrypt#!4#!N%Ti#!encrypt#!7#!k-DM;Ds#!encrypt#!9#!NamPVw*@=#!encrypt#!2#!NG#!encrypt#!32#!NLT6FV8@]/B.9#'E9^#{sZ1OoGll'#@V#!encrypt#!1#!
#!encrypt#!2#!1
#!encrypt#!5#!
16`G#!encrypt#!16#!N1&%q%L\d_MC4u-
#!encrypt#!4#!N%Ti#!encrypt#!46#!b$:9gRpg3.{#K#KeOp#!vnx!5rOqG}OoNo<]2/%\x:,'D
#!encrypt#!4#!N%Ti#!encrypt#!5#!{tF`G#!encrypt#!6#!No<]2/#!encrypt#!6#!N+-fp~#!encrypt#!2#!N;#!encrypt#!3#!Nd8#!encrypt#!32#!NLT6FV8@]/B.9#'E9^#{sZ1OoGll'#@4#!encrypt#!1#!
#!encrypt#!4#!N%Ti#!encrypt#!5#!{tF`G#!encrypt#!6#!No<]2/#!encrypt#!6#!N+-fp~#!encrypt#!3#!Nd8#!encrypt#!3#!N[K#!encrypt#!32#!NLT6FV8@]/B.9#'E9^#{sZ1OoGll'#@\#!encrypt#!1#!
#!encrypt#!2#!1
#!encrypt#!5#!
16`G#!encrypt#!15#!N1&cqgAI'#(vI;
#!encrypt#!4#!N%Ti#!encrypt#!44#!b$:9gRpg3mGG#`9='-cT;l/XqkW`"JRrdal+w^BR%gn
#!encrypt#!4#!N%Ti#!encrypt#!5#!{tF`G#!encrypt#!5#!N)y+7#!encrypt#!6#!N+-fp~#!encrypt#!2#!N;#!encrypt#!3#!Nd8#!encrypt#!32#!NLT6FV8@]/B.9#'E9^#{sZ1OoGll'#@^#!encrypt#!1#!
#!encrypt#!4#!N%Ti#!encrypt#!5#!{tF`G#!encrypt#!5#!N)y+7#!encrypt#!6#!N+-fp~#!encrypt#!3#!Nd8#!encrypt#!3#!N[K#!encrypt#!32#!NLT6FV8@]/B.9#'E9^#{sZ1OoGll'#]c#!encrypt#!1#!
#!encrypt#!2#!1
#!encrypt#!5#!
16`G#!encrypt#!15#!N1&uq}(::#(vI;
#!encrypt#!4#!N%Ti#!encrypt#!44#!b$:9gRpg3Y,e2`9='-cT;l/XqkW`"JRrFlERw^BR%gn
#!encrypt#!4#!N%Ti#!encrypt#!5#!{tF`G#!encrypt#!5#!NQffB#!encrypt#!6#!N+-fp~#!encrypt#!2#!N;#!encrypt#!3#!Nd8#!encrypt#!32#!NLT6FV8@]/B.9#'E9^#{sZ1OoGll'#]p#!encrypt#!1#!
#!encrypt#!4#!N%Ti#!encrypt#!5#!{tF`G#!encrypt#!5#!NQffB#!encrypt#!6#!N+-fp~#!encrypt#!3#!Nd8#!encrypt#!3#!N[K#!encrypt#!32#!NLT6FV8@]/B.9#'E9^#{sZ1OoGll'#]`#!encrypt#!1#!
#!encrypt#!2#!1
#!encrypt#!5#!
16`G#!encrypt#!15#!N1t&q}(:J#(vI;
#!encrypt#!4#!N%Ti#!encrypt#!44#!b$:9gRpg3Y,e4`9='-cT;l/XqkW`"JRrFlEnw^BR%gn
#!encrypt#!4#!N%Ti#!encrypt#!5#!{tF`G#!encrypt#!5#!NQffa#!encrypt#!6#!N+-fp~#!encrypt#!2#!N;#!encrypt#!3#!Nd8#!encrypt#!32#!NLT6FV8@]/B.9#'E9^#{sZ1OoGll'#]C#!encrypt#!1#!
#!encrypt#!4#!N%Ti#!encrypt#!5#!{tF`G#!encrypt#!5#!NQffa#!encrypt#!6#!N+-fp~#!encrypt#!3#!Nd8#!encrypt#!3#!N[K#!encrypt#!32#!NLT6FV8@]/B.9#'E9^#{sZ1OoGll'#]J#!encrypt#!1#!
#!encrypt#!2#!1
#!encrypt#!5#!
16`G#!encrypt#!15#!N1tRq}(:S#(vI;
#!encrypt#!4#!N%Ti#!encrypt#!44#!b$:9gRpg3Y,e/`9='-cT;l/XqkW`"JRrFlEOw^BR%gn
#!encrypt#!4#!N%Ti#!encrypt#!5#!{tF`G#!encrypt#!5#!NQffm#!encrypt#!6#!N+-fp~#!encrypt#!2#!N;#!encrypt#!3#!Nd8#!encrypt#!32#!NLT6FV8@]/B.9#'E9^#{sZ1OoGll'#]Q#!encrypt#!1#!
#!encrypt#!4#!N%Ti#!encrypt#!5#!{tF`G#!encrypt#!5#!NQffm#!encrypt#!6#!N+-fp~#!encrypt#!3#!Nd8#!encrypt#!3#!N[K#!encrypt#!32#!NLT6FV8@]/B.9#'E9^#{sZ1OoGll'#]V#!encrypt#!1#!
#!encrypt#!2#!1
#!encrypt#!5#!
16`G#!encrypt#!15#!N1tnq}(:e#(vI;
#!encrypt#!4#!N%Ti#!encrypt#!44#!b$:9gRpg3Y,e7`9='-cT;l/XqkW`"JRrFlE7w^BR%gn
#!encrypt#!4#!N%Ti#!encrypt#!5#!{tF`G#!encrypt#!5#!NQffN#!encrypt#!6#!N+-fp~#!encrypt#!2#!N;#!encrypt#!3#!Nd8#!encrypt#!32#!NLT6FV8@]/B.9#'E9^#{sZ1OoGll'#]4#!encrypt#!1#!
#!encrypt#!4#!N%Ti#!encrypt#!5#!{tF`G#!encrypt#!5#!NQffN#!encrypt#!6#!N+-fp~#!encrypt#!3#!Nd8#!encrypt#!3#!N[K#!encrypt#!32#!NLT6FV8@]/B.9#'E9^#{sZ1OoGll'#]\#!encrypt#!1#!
#!encrypt#!2#!1
#!encrypt#!5#!
16`G#!encrypt#!15#!N1tOq}(:W#(vI;
#!encrypt#!4#!N%Ti#!encrypt#!44#!b$:9gRpg3Y,ew`9='-cT;l/XqkW`"JRrFlE?w^BR%gn
#!encrypt#!4#!N%Ti#!encrypt#!5#!{tF`G#!encrypt#!5#!NQffL#!encrypt#!6#!N+-fp~#!encrypt#!2#!N;#!encrypt#!3#!Nd8#!encrypt#!32#!NLT6FV8@]/B.9#'E9^#{sZ1OoGll'#]^#!encrypt#!1#!
#!encrypt#!4#!N%Ti#!encrypt#!5#!{tF`G#!encrypt#!5#!NQffL#!encrypt#!6#!N+-fp~#!encrypt#!3#!Nd8#!encrypt#!3#!N[K#!encrypt#!32#!NLT6FV8@]/B.9#'E9^#{sZ1OoGll'RYc#!encrypt#!1#!
#!encrypt#!2#!1
#!encrypt#!5#!
16`G#!encrypt#!14#!N1t7qwnlUf5p*
#!encrypt#!4#!N%Ti#!encrypt#!48#!b$:9gRpg3S)^GUmq`.i!6DX1GnkLz<gao{4;K~G>gj`dp:B
#!encrypt#!4#!N%Ti#!encrypt#!5#!{tF`G#!encrypt#!10#!Nc4*{wA:Zc#!encrypt#!6#!N+-fp~#!encrypt#!2#!N;#!encrypt#!3#!Nd8#!encrypt#!32#!NLT6FV8@]/B.9#'E9^#{sZ1OoGll'RYp#!encrypt#!1#!
#!encrypt#!4#!N%Ti#!encrypt#!5#!{tF`G#!encrypt#!10#!Nc4*{wA:Zc#!encrypt#!6#!N+-fp~#!encrypt#!3#!Nd8#!encrypt#!3#!N[K#!encrypt#!32#!NLT6FV8@]/B.9#'E9^#{sZ1OoGll'RY`#!encrypt#!1#!
#!encrypt#!2#!1
#!encrypt#!5#!
16`G#!encrypt#!14#!N1t?qK?0Uf5p*
#!encrypt#!4#!N%Ti#!encrypt#!47#!b$:9gRpg3XYoGUmq`.i!6DX1GnkLz<g0?)p;$\+g%mE#l7
#!encrypt#!4#!N%Ti#!encrypt#!5#!{tF`G#!encrypt#!9#!NamPVw*@=#!encrypt#!6#!N+-fp~#!encrypt#!2#!N;#!encrypt#!3#!Nd8#!encrypt#!32#!NLT6FV8@]/B.9#'E9^#{sZ1OoGll'RYC#!encrypt#!1#!
#!encrypt#!4#!N%Ti#!encrypt#!5#!{tF`G#!encrypt#!9#!NamPVw*@=#!encrypt#!6#!N+-fp~#!encrypt#!3#!Nd8#!encrypt#!3#!N[K#!encrypt#!32#!NLT6FV8@]/B.9#'E9^#{sZ1OoGll'RYJ#!encrypt#!1#!
#!encrypt#!2#!1
#!encrypt#!168#!
`VA^tq`vPXk%er;*f-k0XE^u>I44*yW"`VA^tq`vPXk%er;*f-k0XE^u>I44*yW"`VA^tq`v
aTpC^]q3#"FuH;(R$V=b
W"`VA^tq`vPXk%er;*f-k0XE^u>I44*yW"`VA^tq`vPXk%er;*f-k0XE^u>I44*yW"`VA^tq
#!encrypt#!1#!
#!encrypt#!1#!
#!encrypt#!1#!
#!encrypt#!168#!
`VA^tq`vPXk%er;*f-k0XE^u>I44*yW"`VA^tq`vPXk%er;*f-k0XE^u>I44*yW"`VA^tq`v
2^9<G&5Xci{EMN2J$V=b
W"`VA^tq`vPXk%er;*f-k0XE^u>I44*yW"`VA^tq`vPXk%er;*f-k0XE^u>I44*yW"`VA^tq
[WARN] Neither hcell nor -automatch option is specified.
#!encrypt#!69#!+OW]#VZl1m1#(5I3W.j]+JI,qrg$,K]"|Izowfn %x?TpuZmQ*#<Vj%$=&76::gp!wA}
#!encrypt#!63#!+OW]#VZlZ_bO6<XI`ScL{=G!:BZ:";g6okfi$f(gtpe#IA':M-cdx!HR0c<*{b
#!encrypt#!61#!+OW]#VZyPvM^E[I3W.j]+w[#oAta>IO_Q%E1OV7Flj8:{1^3]:~=&o7#IecV
#!encrypt#!63#!+OW]#VZ%%/sO6<XI`ScL{=YeqcZ:";g6okfi$f(gtpe#IA':M-cdx!HR0c<*<b
#!encrypt#!63#!+OW]#VZ%%/5O6<XI`ScL{=YeqwZ:";g6okfi$f(gtpe#IA':M-cdx!HR0c<*@b
#!encrypt#!63#!+OW]#VZ%%/PO6<XI`ScL{=YequZ:";g6okfi$f(gtpe#IA':M-cdx!HR0c<k,b
#!encrypt#!63#!+OW]#VZ%%/#O6<XI`ScL{=YeqeZ:";g6okfi$f(gtpe#IA':M-cdx!HR0c<kMb
#!encrypt#!63#!+OW]#VZ%%/CO6<XI`ScL{=Yeq\Z:";g6okfi$f(gtpe#IA':M-cdx!HR0c<k'b
#!encrypt#!160#!k{f${~A@_x@HR$I3W3#"FnH$IultI}gmqPfiFfG%%Manp-wf97aEvJp)oUBg|1*!S@FGFxtV #iKy+vmN*c2&:tK|3V%l#qcuqkSF"DoaUI^P#q^$Ded35[d0dk7>y*oQcE]<V!@=x,,pC:*0.qr{oH(%`+tI&}
#!encrypt#!160#!k{f${~A@_x@HR$I3W3#"FnH$Iu.tI}gmqPfiFfG%%Manp-wf97aEvJp)oUBg|1*!S@FGFxtV #iKy+vmN*c2&:tK|3V%l#qcuqkSF"DoaUI^P#q^$Ded35[d0dk7>y*oQcE]<V!@=x,,pC:*0.qr{oH(%`+tI&}
#!encrypt#!160#!k{f${~A@_x@HR$I3W3#"FnH$IeEtI}gmqPfiFfG%%Manp-wf97aEvJp)oUBg|1*!S@FGFxtV #iKy+vmN*c2&:tK|3V%l#qcuqkSF"DoaUI^P#q^$Ded35[d0dk7>y*oQcE]<V!@=x,,pC:*0.qr{oH(%`+tI&}
#!encrypt#!160#!k{f${~A@_x@HR$I3W3#"FnH$I\/tI}gmqPfiFfG%%Manp-wf97aEvJp)oUBg|1*!S@FGFxtV #iKy+vmN*c2&:tK|3V%l#qcuqkSF"DoaUI^P#q^$Ded35[d0dk7>y*oQcE]<V!@=x,,pC:*0.qr{oH(%`+tI&}
#!encrypt#!160#!k{f${~A@_x@HR$I3W3#"FnH$I\)tI}gmqPfiFfG%%Manp-wf97aEvJp)oUBg|1*!S@FGFxtV #iKy+vmN*c2&:tK|3V%l#qcuqkSF"DoaUI^P#q^$Ded35[d0dk7>y*oQcE]<V!@=x,,pC:*0.qr{oH(%`+tI&}
#!encrypt#!160#!k{f${~A@_x@HR$I3W3#"FnH$IVltI}gmqPfiFfG%%Manp-wf97aEvJp)oUBg|1*!S@FGFxtV #iKy+vmN*c2&:tK|3V%l#qcuqkSF"DoaUI^P#q^$Ded35[d0dk7>y*oQcE]<V!@=x,,pC:*0.qr{oH(%`+tI&}
#!encrypt#!160#!k{f${~A@_x@HR$I3W3#"FnH$IV.tI}gmqPfiFfG%%Manp-wf97aEvJp)oUBg|1*!S@FGFxtV #iKy+vmN*c2&:tK|3V%l#qcuqkSF"DoaUI^P#q^$Ded35[d0dk7>y*oQcE]<V!@=x,,pC:*0.qr{oH(%`+tI&}
#!encrypt#!160#!k{f${~A@_x@HR$I3W3#"FnH$I~EtI}gmqPfiFfG%%Manp-wf97aEvJp)oUBg|1*!S@FGFxtV #iKy+vmN*c2&:tK|3V%l#qcuqkSF"DoaUI^P#q^$Ded35[d0dk7>y*oQcE]<V!@=x,,pC:*0.qr{oH(%`+tI&}
#!encrypt#!160#!k{f${~A@_x@HR$I3W3#"FnH$;umtI}gmqPfiFfG%%Manp-wf97aEvJp)oUBg|1*!S@FGFxtV #iKy+vmN*c2&:tK|3V%l#qcuqkSF"DoaUI^P#q^$Ded35[d0dk7>y*oQcE]<V!@=x,,pC:*0.qr{oH(%`+tI&}
#!encrypt#!161#!k{f${~A@_x@HfvtI`Sh]3V2e0w.*>g rya-]wqa@ljI({RR?|*M,NDG\$aK;k!P??-:Miqr_-%MX_LwGWKm!^4Qd9B{Se=kC!X|D6qM tMp<6|hfdx1v/w7A(^t`p4!? lqfOg%IZc8#(R\sYXcib5~eZ_|K>g:(
#!encrypt#!160#!k{f${~A@_x@X+8I3W3#"FnH$;5StI}gmqPfiFfG%%Manp-wf97aEvJp)oUBg|1*!S@FGFxtV #iKy+vmN*c2&:tK|3V%l#qcuqkSF"DoaUI^P#q^$Ded35[d0dk7>y*oQcE]<V!@=x,,pC:*0.qr{oH(%`+tI&}
#!encrypt#!160#!k{f${~A@_x@/f$I3W3#"FnH$;5)tI}gmqPfiFfG%%Manp-wf97aEvJp)oUBg|1*!S@FGFxtV #iKy+vmN*c2&:tK|3V%l#qcuqkSF"DoaUI^P#q^$Ded35[d0dk7>y*oQcE]<V!@=x,,pC:*0.qr{oH(%`+tI&}
#!encrypt#!160#!k{f${~A@_x@/f$I3W3#"FnH$;5ctI}gmqPfiFfG%%Manp-wf97aEvJp)oUBg|1*!S@FGFxtV #iKy+vmN*c2&:tK|3V%l#qcuqkSF"DoaUI^P#q^$Ded35[d0dk7>y*oQcE]<V!@=x,,pC:*0.qr{oH(%`+tI&}
#!encrypt#!160#!k{f${~A@_x@X+8I3W3#"FnH$;5.tI}gmqPfiFfG%%Manp-wf97aEvJp)oUBg|1*!S@FGFxtV #iKy+vmN*c2&:tK|3V%l#qcuqkSF"DoaUI^P#q^$Ded35[d0dk7>y*oQcE]<V!@=x,,pC:*0.qr{oH(%`+tI&}
#!encrypt#!161#!k{f${~A@_x@HfvtI`Sh]3V2e0w.j>g rya-]wqa@ljI({RR?|*M,NDG\$aK;k!P??-:Miqr_-%MX_LwGWKm!^4Qd9B{Se=kC!X|D6qM tMp<6|hfdx1v/w7A(^t`p4!? lqfOg%IZc8#(R\sYXcib5~eZ_|K>g:(
#!encrypt#!169#!k{f${~A@_x@q_'1Q1do/s% h0kqtrg ?NfA&wK?g'X=#I+3]Q*_2V4k\xRw%pkPLS@FG1RM\_?"yR+!+-x3j]2p>GH+L%r-<*^%m>Lhw(#*Ay+LR>M1JDg4@_xds]<g0C%mk$V7\djaepXxZ!^#e[4XkqAtqo4i?F<g]wK*Q
#!encrypt#!169#!k{f${~A@_x@q_'1Q1do/s% h0kqtrg ?NfARwK?g'X=#I+3]Q*_2V4k\xRw%pkPLS@FG1RM\_?"yR+!+-x3j]2p>GH+L%r-<*^%m>Lhw(#*Ay+LR>M1JDg4@_xds]<g0C%mk$V7\djaepXxZ!^#e[4XkqAtqo4i?F<g]wK*Q
#!encrypt#!161#!k{f${~A@_x@HfvtI`Sh]3V2e0w"Z>g rya-]wqa@ljI({RR?|*M,NDG\$aK;k!P??-:Miqr_-%MX_LwGWKm!^4Qd9B{Se=kC!X|D6qM tMp<6|hfdx1v/w7A(^t`p4!? lqfOg%IZc8#(R\sYXcib5~eZ_|K>g:(
#!encrypt#!161#!k{f${~A@_x@HfvtI`Sh]3V2e0w"*>g rya-]wqa@ljI({RR?|*M,NDG\$aK;k!P??-:Miqr_-%MX_LwGWKm!^4Qd9B{Se=kC!X|D6qM tMp<6|hfdx1v/w7A(^t`p4!? lqfOg%IZc8#(R\sYXcib5~eZ_|K>g:(
#!encrypt#!167#!k{f${~A@_x@Kg"v!x1wb`=7xq^b:"rg`]GT_ZV!#dj8<=aG 3j8e,"ee(;q`seS:s$^((^?7#zi<R"iG}o'be2I,2dTKKyrkcV;gB0Kf}'q<6|Z?HMS63Ml>J1Dh>g!r?<EiT^6\m/,oIN./`*Qe^1nA=nyt(r(KWlT_$k
#!encrypt#!164#!k{f${~A@_x@wLS,^-eW]V;7Nhd+tV[]rqoT+K/(gahA:p+\m9P_h&j%1%'{B$6c>k{f#5i49atd2y`!f$M,$U42X2Pw%lefdfIb&q</bawVxo9w.{u'5IY~k:^_Y>}GqNBf~Ow*\xx4J}u%}9j%EFn+v01+\G|*rq#2
#!encrypt#!164#!k{f${~A@_x@wLS,^-eW]V;7Nhd+tV#qrqoT+K/(gahA:p+\m9P_h&j%1%'{B$6c>k{f#5i49atd2y`!f$M,$U42X2Pw%lefdfIb&q</bawVxo9w.{u'5IY~k:^_Y>}GqNBf~Ow*\xx4J}u%}9j%EFn+v01+\G|*rq#2
#!encrypt#!164#!k{f${~A@_x@wLS,^-eW]V;7Nhd+tV#'rqoT+K/(gahA:p+\m9P_h&j%1%'{B$6c>k{f#5i49atd2y`!f$M,$U42X2Pw%lefdfIb&q</bawVxo9w.{u'5IY~k:^_Y>}GqNBf~Ow*\xx4J}u%}9j%EFn+v01+\G|*rq#2
#!encrypt#!164#!k{f${~A@_x@wLS,^-eW]V;7Nhd+tV%]rqoT+K/(gahA:p+\m9P_h&j%1%'{B$6c>k{f#5i49atd2y`!f$M,$U42X2Pw%lefdfIb&q</bawVxo9w.{u'5IY~k:^_Y>}GqNBf~Ow*\xx4J}u%}9j%EFn+v01+\G|*rq#2
#!encrypt#!164#!k{f${~A@_x@wLS,^-eW]V;7Nhd+tV.qrqoT+K/(gahA:p+\m9P_h&j%1%'{B$6c>k{f#5i49atd2y`!f$M,$U42X2Pw%lefdfIb&q</bawVxo9w.{u'5IY~k:^_Y>}GqNBf~Ow*\xx4J}u%}9j%EFn+v01+\G|*rq#2
#!encrypt#!162#!k{f${~A@_x@X+'u2i-8E{w[;2^m'n4x!N4y~OVTKZY,<uc%J3em8B;/6~lZ)7@AbQoD!vxT9hEqOR8v?$Sje;uH`(;MWXjXpV;nL;hTl5JI+oYyA|J,\R14$hJ$LG&g<QPf;$^Bg'\Qppl%lq3z!W#7R2zkD:4xq,
#!encrypt#!162#!k{f${~A@_x@X+'u2i-8E{w[;2^m'<4x!N4y~OVTKZY,<uc%J3em8B;/6~lZ)7@AbQoD!vxT9hEqOR8v?$Sje;uH`(;MWXjXpV;nL;hTl5JI+oYyA|J,\R14$hJ$LG&g<QPf;$^Bg'\Qppl%lq3z!W#7R2zkD:4xq,
#!encrypt#!162#!k{f${~A@_x@X+'u2i-8E{w[;2^m{'4x!N4y~OVTKZY,<uc%J3em8B;/6~lZ)7@AbQoD!vxT9hEqOR8v?$Sje;uH`(;MWXjXpV;nL;hTl5JI+oYyA|J,\R14$hJ$LG&g<QPf;$^Bg'\Qppl%lq3z!W#7R2zkD:4xq,
#!encrypt#!162#!k{f${~A@_x@X+'u2i-8E{w[;2^m{V4x!N4y~OVTKZY,<uc%J3em8B;/6~lZ)7@AbQoD!vxT9hEqOR8v?$Sje;uH`(;MWXjXpV;nL;hTl5JI+oYyA|J,\R14$hJ$LG&g<QPf;$^Bg'\Qppl%lq3z!W#7R2zkD:4xq,
#!encrypt#!162#!k{f${~A@_x@X+'u2i-8E{w[;2^E$'4x!N4y~OVTKZY,<uc%J3em8B;/6~lZ)7@AbQoD!vxT9hEqOR8v?$Sje;uH`(;MWXjXpV;nL;hTl5JI+oYyA|J,\R14$hJ$LG&g<QPf;$^Bg'\Qppl%lq3z!W#7R2zkD:4xq,
#!encrypt#!162#!k{f${~A@_x@X+'u2i-8E{w[;2^E$V4x!N4y~OVTKZY,<uc%J3em8B;/6~lZ)7@AbQoD!vxT9hEqOR8v?$Sje;uH`(;MWXjXpV;nL;hTl5JI+oYyA|J,\R14$hJ$LG&g<QPf;$^Bg'\Qppl%lq3z!W#7R2zkD:4xq,
#!encrypt#!162#!k{f${~A@_x@X+'u2i-8E{w[;2^E$n4x!N4y~OVTKZY,<uc%J3em8B;/6~lZ)7@AbQoD!vxT9hEqOR8v?$Sje;uH`(;MWXjXpV;nL;hTl5JI+oYyA|J,\R14$hJ$LG&g<QPf;$^Bg'\Qppl%lq3z!W#7R2zkD:4xq,
#!encrypt#!162#!k{f${~A@_x@X+'u2i-8E{w[;2^E$<4x!N4y~OVTKZY,<uc%J3em8B;/6~lZ)7@AbQoD!vxT9hEqOR8v?$Sje;uH`(;MWXjXpV;nL;hTl5JI+oYyA|J,\R14$hJ$LG&g<QPf;$^Bg'\Qppl%lq3z!W#7R2zkD:4xq,
#!encrypt#!71#!~aH]8Vol]!T+2-w>HP<]{oHx:t/VtS1c,dbiwp(%ZcbuI4VP_Mp\#>pUJ5)t>1*E*Tu}Jn
#!encrypt#!1#!
#!encrypt#!171#!
`VA^tq`vPXk%er;*f-k0XE^u>I44*yW"`VA^tq`vPXk%er;*f-k0XE^u>I44*yW"`VA^tq`v
&J{XUxG- $TDM10pO7z4}(,
VA^tq`vPXk%er;*f-k0XE^u>I44*yW"`VA^tq`vPXk%er;*f-k0XE^u>I44*yW"`VA^tq`vP
#!encrypt#!43#!%OeIK%yg\pb#}uTm,nz!W5PA:R$:"|YCy7-"{"%QzU
#!encrypt#!22#!
&|mgD%V_wReI":gQSeO

#!encrypt#!31#!tOE]8VR@_xgJPuR0`P?I?<W-6^lb'3
#!encrypt#!88#!sqGJgV!#djOpot.g9Mg$&pp@2Jv7G113%&.-z"(5@4!XoV[M$":hI"JxrRtJ:F!dfv>2==+C_MGhPy;ZH@j8<N8
#!encrypt#!17#!sqGJgV7#>jOp2ip5
#!encrypt#!19#!sqGJgVD\=JGJX]x5Hb
#!encrypt#!24#!sqGJgV6#^c)|JuXmQ*>]_MJ
#!encrypt#!34#!+OJfwpG0PkG#U]xJ'P?Ic77#I3<{#RY`R
#!encrypt#!34#!+OJfwxo[%J;#U]xJmp?I,<7#I3<{#RY`R
#!encrypt#!40#!dOEpw>no%xRhE5x&]-%8&o7k=AqY>4grK%K}r|h
#!encrypt#!40#!>JWIKwnygJGNpu.Z`K8EV5Tx(R$r"g:rK%&]1|J
#!encrypt#!18#!FO`#K?A[1/GJX]xJ

#!encrypt#!45#! <4PK%ygmj=1Ivtc#xocr2Q>xWV2nSk^VGK?NXJWgUp+
#!encrypt#!45#!%r>R6Rpf #qK+"K~_P0#>7-Ly</tH4.? PT_TV(%y/b+
#!encrypt#!42#! <4PK%ygmj=1IhRF#",{IM % ~m$@S$c;duuBV'Qz
#!encrypt#!42#! <4PK%ygmj=1IhRF#",{IM % ~m$@S$c;duuaV'Qz
#!encrypt#!45#! <4PK%ygmj=1I[/ Y"DZ)>Q>xWV2nSk^VGK?NXJWgUp+
#!encrypt#!45#! <4PK%ygmj=1IY/ Y"DZ)>Q>xWV2nSk^VGK?NXJ]gUp+
#!encrypt#!24#! <4PK%ygmj=1I<XRj=t]<Yo
#!encrypt#!75#!~aH]8Vol]!T+`-w>HP)]{oHx:t/V, 1c,Gtiwp(%ZcbuI-p@mN_ZaYgW~ccV{hgr>l40nC]Q?T
#!encrypt#!1#!
#!encrypt#!15#!
xf~2VtClY)|J]
#!encrypt#!77#!'+^-1s8A6F~]\&FY(4Xp6lxGf-Ggk@%>'+^-1s8A6F~]\&FY(4Xp6lxGf-Ggk@%>'+^-1s8A6F~]
#!encrypt#!8#!N%Ti6oSH#!encrypt#!1#!N#!encrypt#!1#!N#!encrypt#!1#!N#!encrypt#!1#!N#!encrypt#!1#!N#!encrypt#!1#!N#!encrypt#!1#!N#!encrypt#!1#!N#!encrypt#!1#!N#!encrypt#!1#!N#!encrypt#!1#!N#!encrypt#!1#!N#!encrypt#!1#!N#!encrypt#!1#!N#!encrypt#!1#!N#!encrypt#!1#!N#!encrypt#!1#!N#!encrypt#!1#!N#!encrypt#!1#!N#!encrypt#!1#!N#!encrypt#!1#!N#!encrypt#!1#!N#!encrypt#!1#!N#!encrypt#!60#!N%TigJtYF>qqIux3p)onsQl+0^$t>4/9w(>mwV%ggx8p|k1b`-#]{57$$7RB#!encrypt#!78#!
+^-1s8A6F~]\&FY(4Xp6lxGf-Ggk@%>'+^-1s8A6F~]\&FY(4Xp6lxGf-Ggk@%>'+^-1s8A6F~]\
#!encrypt#!27#!%r>R6Rpf #qK+"K~_P0#>7-Ly</#!encrypt#!1#!N#!encrypt#!1#!N#!encrypt#!1#!N#!encrypt#!1#!N#!encrypt#!61#!N%TiwV%ggx8 Iux3`-#]{57y0^$t>4grN%T&wV%ggx8pIuxJ`-#]{57$0^$$
#!encrypt#!24#!+ILRqh_b}>dOF=Rt_ND-c>U##!encrypt#!1#!N#!encrypt#!1#!N#!encrypt#!1#!N#!encrypt#!1#!N#!encrypt#!1#!N#!encrypt#!1#!N#!encrypt#!1#!N#!encrypt#!61#!N%TiwV%ggx8 Iux3`-#]{57~0^$t>4grN%T&wV%ggx8pIuxJ`-#]{57$0^$$
#!encrypt#!24#!+ILRqh_b}>dOF=Rt_ND-c>U-#!encrypt#!1#!N#!encrypt#!1#!N#!encrypt#!1#!N#!encrypt#!1#!N#!encrypt#!1#!N#!encrypt#!1#!N#!encrypt#!1#!N#!encrypt#!61#!N%TiwV%ggx8 Iux3`-#]{57~0^$t>4grN%T&wV%ggx8pIux=`-#]{57$0^$#
#!encrypt#!27#!?4ffq|h )#qK+"K~_P0#>7-Ly</#!encrypt#!1#!N#!encrypt#!1#!N#!encrypt#!1#!N#!encrypt#!1#!N#!encrypt#!61#!N%TiwV%ggx8 Iux3`-#]{57-0^$t>4grN%T&wV%ggx8pIuxJ`-#]{57$0^$$
#!encrypt#!27#!>4ffq|h )#qK+"K~_P0#>7-Ly<<#!encrypt#!1#!N#!encrypt#!1#!N#!encrypt#!1#!N#!encrypt#!1#!N#!encrypt#!61#!N%TiwV%ggx8 Iux3`-#]{57-0^$t>4grN%T&wV%ggx8pIuxJ`-#]{57$0^$$
#!encrypt#!6#!qog&m?#!encrypt#!1#!N#!encrypt#!1#!N#!encrypt#!1#!N#!encrypt#!1#!N#!encrypt#!1#!N#!encrypt#!1#!N#!encrypt#!1#!N#!encrypt#!1#!N#!encrypt#!1#!N#!encrypt#!1#!N#!encrypt#!1#!N#!encrypt#!1#!N#!encrypt#!1#!N#!encrypt#!1#!N#!encrypt#!1#!N#!encrypt#!1#!N#!encrypt#!1#!N#!encrypt#!1#!N#!encrypt#!1#!N#!encrypt#!1#!N#!encrypt#!1#!N#!encrypt#!1#!N#!encrypt#!1#!N#!encrypt#!1#!N#!encrypt#!1#!N#!encrypt#!61#!N%TiwV%ggx8%Iux3`-#]{5k70^$t>4grN%T&wV%ggx8pIuxJ`-#]{57$0^$$
#!encrypt#!77#!'+^-1s8A6F~]\&FY(4Xp6lxGf-Ggk@%>'+^-1s8A6F~]\&FY(4Xp6lxGf-Ggk@%>'+^-1s8A6F~]
#!encrypt#!58#!~8=G.V9!\-8ZI}B3`q;A`% >#^:t{ngrs(w8G4/4g!8vF7x3?o/Qw5&$V
#!encrypt#!16#!
M4gOZ%_]Yen}o2
#!encrypt#!77#!'+^-1s8A6F~]\&FY(4Xp6lxGf-Ggk@%>'+^-1s8A6F~]\&FY(4Xp6lxGf-Ggk@%>'+^-1s8A6F~]
#!encrypt#!9#!N%Ti.x !2#!encrypt#!1#!N#!encrypt#!1#!N#!encrypt#!1#!N#!encrypt#!1#!N#!encrypt#!1#!N#!encrypt#!1#!N#!encrypt#!1#!N#!encrypt#!1#!N#!encrypt#!1#!N#!encrypt#!1#!N#!encrypt#!1#!N#!encrypt#!1#!N#!encrypt#!1#!N#!encrypt#!1#!N#!encrypt#!46#!N%Tig<%ggx8pI?gr`-#]{5}DB^$t>4grN-:zwV%ggx8\QL#!encrypt#!78#!
+^-1s8A6F~]\&FY(4Xp6lxGf-Ggk@%>'+^-1s8A6F~]\&FY(4Xp6lxGf-Ggk@%>'+^-1s8A6F~]\
#!encrypt#!3#! a&#!encrypt#!1#!N#!encrypt#!1#!N#!encrypt#!1#!N#!encrypt#!1#!N#!encrypt#!1#!N#!encrypt#!1#!N#!encrypt#!1#!N#!encrypt#!1#!N#!encrypt#!1#!N#!encrypt#!1#!N#!encrypt#!1#!N#!encrypt#!1#!N#!encrypt#!1#!N#!encrypt#!1#!N#!encrypt#!1#!N#!encrypt#!1#!N#!encrypt#!1#!N#!encrypt#!1#!N#!encrypt#!1#!N#!encrypt#!1#!N#!encrypt#!46#!N%&&B0%ggx8pIuRJ`-#]{57$0S$t>4grN%&nwV%ggx8pIy#!encrypt#!1#!
#!encrypt#!4#!FcM##!encrypt#!1#!N#!encrypt#!1#!N#!encrypt#!1#!N#!encrypt#!1#!N#!encrypt#!1#!N#!encrypt#!1#!N#!encrypt#!1#!N#!encrypt#!1#!N#!encrypt#!1#!N#!encrypt#!1#!N#!encrypt#!1#!N#!encrypt#!1#!N#!encrypt#!1#!N#!encrypt#!1#!N#!encrypt#!1#!N#!encrypt#!1#!N#!encrypt#!1#!N#!encrypt#!1#!N#!encrypt#!1#!N#!encrypt#!46#!N%&&Be%ggx8pIux,`-#]{57$0S$t>4grN%T%wV%ggx8pIy#!encrypt#!1#!
#!encrypt#!4#!FlER#!encrypt#!1#!N#!encrypt#!1#!N#!encrypt#!1#!N#!encrypt#!1#!N#!encrypt#!1#!N#!encrypt#!1#!N#!encrypt#!1#!N#!encrypt#!1#!N#!encrypt#!1#!N#!encrypt#!1#!N#!encrypt#!1#!N#!encrypt#!1#!N#!encrypt#!1#!N#!encrypt#!1#!N#!encrypt#!1#!N#!encrypt#!1#!N#!encrypt#!1#!N#!encrypt#!1#!N#!encrypt#!1#!N#!encrypt#!46#!N%&&Bm%ggx8pIuR>`-#]{57$0S$t>4grN%&RwV%ggx8pIy#!encrypt#!1#!
#!encrypt#!3#!Wa4#!encrypt#!1#!N#!encrypt#!1#!N#!encrypt#!1#!N#!encrypt#!1#!N#!encrypt#!1#!N#!encrypt#!1#!N#!encrypt#!1#!N#!encrypt#!1#!N#!encrypt#!1#!N#!encrypt#!1#!N#!encrypt#!1#!N#!encrypt#!1#!N#!encrypt#!1#!N#!encrypt#!1#!N#!encrypt#!1#!N#!encrypt#!1#!N#!encrypt#!1#!N#!encrypt#!1#!N#!encrypt#!1#!N#!encrypt#!1#!N#!encrypt#!46#!N%&&Bn%ggx8pIux>`-#]{57$0S$t>4grN%T&wV%ggx8pIy#!encrypt#!1#!
#!encrypt#!4#!FlEn#!encrypt#!1#!N#!encrypt#!1#!N#!encrypt#!1#!N#!encrypt#!1#!N#!encrypt#!1#!N#!encrypt#!1#!N#!encrypt#!1#!N#!encrypt#!1#!N#!encrypt#!1#!N#!encrypt#!1#!N#!encrypt#!1#!N#!encrypt#!1#!N#!encrypt#!1#!N#!encrypt#!1#!N#!encrypt#!1#!N#!encrypt#!1#!N#!encrypt#!1#!N#!encrypt#!1#!N#!encrypt#!1#!N#!encrypt#!46#!N%&&B`%ggx8pIux>`-#]{57$0S$t>4grN%T&wV%ggx8pIy#!encrypt#!1#!
#!encrypt#!4#!Wa4n#!encrypt#!1#!N#!encrypt#!1#!N#!encrypt#!1#!N#!encrypt#!1#!N#!encrypt#!1#!N#!encrypt#!1#!N#!encrypt#!1#!N#!encrypt#!1#!N#!encrypt#!1#!N#!encrypt#!1#!N#!encrypt#!1#!N#!encrypt#!1#!N#!encrypt#!1#!N#!encrypt#!1#!N#!encrypt#!1#!N#!encrypt#!1#!N#!encrypt#!1#!N#!encrypt#!1#!N#!encrypt#!1#!N#!encrypt#!46#!N%&&BI%ggx8pIux>`-#]{57$0S$t>4grN%T&wV%ggx8pIy#!encrypt#!1#!
#!encrypt#!4#!FlEO#!encrypt#!1#!N#!encrypt#!1#!N#!encrypt#!1#!N#!encrypt#!1#!N#!encrypt#!1#!N#!encrypt#!1#!N#!encrypt#!1#!N#!encrypt#!1#!N#!encrypt#!1#!N#!encrypt#!1#!N#!encrypt#!1#!N#!encrypt#!1#!N#!encrypt#!1#!N#!encrypt#!1#!N#!encrypt#!1#!N#!encrypt#!1#!N#!encrypt#!1#!N#!encrypt#!1#!N#!encrypt#!1#!N#!encrypt#!46#!N%&&a|%ggx8pIux>`-#]{57$0S$t>4grN%T&wV%ggx8pIy#!encrypt#!1#!
#!encrypt#!4#!Wa4O#!encrypt#!1#!N#!encrypt#!1#!N#!encrypt#!1#!N#!encrypt#!1#!N#!encrypt#!1#!N#!encrypt#!1#!N#!encrypt#!1#!N#!encrypt#!1#!N#!encrypt#!1#!N#!encrypt#!1#!N#!encrypt#!1#!N#!encrypt#!1#!N#!encrypt#!1#!N#!encrypt#!1#!N#!encrypt#!1#!N#!encrypt#!1#!N#!encrypt#!1#!N#!encrypt#!1#!N#!encrypt#!1#!N#!encrypt#!46#!N%&&aC%ggx8pIux>`-#]{57$0S$t>4grN%T&wV%ggx8pIy#!encrypt#!1#!
#!encrypt#!4#!FlE7#!encrypt#!1#!N#!encrypt#!1#!N#!encrypt#!1#!N#!encrypt#!1#!N#!encrypt#!1#!N#!encrypt#!1#!N#!encrypt#!1#!N#!encrypt#!1#!N#!encrypt#!1#!N#!encrypt#!1#!N#!encrypt#!1#!N#!encrypt#!1#!N#!encrypt#!1#!N#!encrypt#!1#!N#!encrypt#!1#!N#!encrypt#!1#!N#!encrypt#!1#!N#!encrypt#!1#!N#!encrypt#!1#!N#!encrypt#!46#!N%&&au%ggx8pIux>`-#]{57$0S$t>4grN%T&wV%ggx8pIy#!encrypt#!1#!
#!encrypt#!4#!Wa47#!encrypt#!1#!N#!encrypt#!1#!N#!encrypt#!1#!N#!encrypt#!1#!N#!encrypt#!1#!N#!encrypt#!1#!N#!encrypt#!1#!N#!encrypt#!1#!N#!encrypt#!1#!N#!encrypt#!1#!N#!encrypt#!1#!N#!encrypt#!1#!N#!encrypt#!1#!N#!encrypt#!1#!N#!encrypt#!1#!N#!encrypt#!1#!N#!encrypt#!1#!N#!encrypt#!1#!N#!encrypt#!1#!N#!encrypt#!46#!N%&&a0%ggx8pIux>`-#]{57$0S$t>4grN%T&wV%ggx8pIy#!encrypt#!1#!
#!encrypt#!4#!FlE?#!encrypt#!1#!N#!encrypt#!1#!N#!encrypt#!1#!N#!encrypt#!1#!N#!encrypt#!1#!N#!encrypt#!1#!N#!encrypt#!1#!N#!encrypt#!1#!N#!encrypt#!1#!N#!encrypt#!1#!N#!encrypt#!1#!N#!encrypt#!1#!N#!encrypt#!1#!N#!encrypt#!1#!N#!encrypt#!1#!N#!encrypt#!1#!N#!encrypt#!1#!N#!encrypt#!1#!N#!encrypt#!1#!N#!encrypt#!46#!N%&&ae%ggx8pIux>`-#]{57$0S$t>4grN%T&wV%ggx8pIy#!encrypt#!1#!
#!encrypt#!3#!>OY#!encrypt#!1#!N#!encrypt#!1#!N#!encrypt#!1#!N#!encrypt#!1#!N#!encrypt#!1#!N#!encrypt#!1#!N#!encrypt#!1#!N#!encrypt#!1#!N#!encrypt#!1#!N#!encrypt#!1#!N#!encrypt#!1#!N#!encrypt#!1#!N#!encrypt#!1#!N#!encrypt#!1#!N#!encrypt#!1#!N#!encrypt#!1#!N#!encrypt#!1#!N#!encrypt#!1#!N#!encrypt#!1#!N#!encrypt#!1#!N#!encrypt#!46#!N%&&an%ggx8pIux>`-#]{57$0S$t>4grN%T&wV%ggx8pIy#!encrypt#!1#!
#!encrypt#!77#!'+^-1s8A6F~]\&FY(4Xp6lxGf-Ggk@%>'+^-1s8A6F~]\&FY(4Xp6lxGf-Ggk@%>'+^-1s8A6F~]
#!encrypt#!34#!
x3JSVQhYAg-tuF~j-X+?77#\\/ttSKc

#!encrypt#!75#!~aH]8Vol]!T+`yw>HP)]{oHx:t/V,[1c,Gtiwp(%ZcbuI-p@mi_ZaYgW~c)V{hgr>l40nC]Q?T
#!encrypt#!1#!
#!encrypt#!84#!
@M$$d%QzU
ZY3<L&!d:LC&{ct:REUm#-T_Zn;^^D!LZY3<L&!d:LC&{ct:REUm#-T_Zn;^^D!LZY3<L&!d
#!encrypt#!101#!
Ffw$d%7Zc8Hz[X n3z6F;|$JYd
EUm#-T_Zn;^^D!LZY3<L&!d:LC&{ct:REUm#-T_Zn;^^D!LZY3<L&!d:LC&{ct:REUm#-T_Z
#!encrypt#!102#!
Ffw$d%7Zc8Brh1GI-X/_TfV0YdV
Um#-T_Zn;^^D!LZY3<L&!d:LC&{ct:REUm#-T_Zn;^^D!LZY3<L&!d:LC&{ct:REUm#-T_Zn
#!encrypt#!107#!
Ffw$d%7Zc8q-v!r|"$QjQQH_:Ku94}(,
_Zn;^^D!LZY3<L&!d:LC&{ct:REUm#-T_Zn;^^D!LZY3<L&!d:LC&{ct:REUm#-T_Zn;^^D!
#!encrypt#!97#!
Ffw$d%7Zc8KLwKa[ $]<Yo
ct:REUm#-T_Zn;^^D!LZY3<L&!d:LC&{ct:REUm#-T_Zn;^^D!LZY3<L&!d:LC&{ct:REUm#
#!encrypt#!112#!
Ffw$d%7Zc8Kp|Ul9-$e[;7O%H+h>5OkQ3T}4k
^D!LZY3<L&!d:LC&{ct:REUm#-T_Zn;^^D!LZY3<L&!d:LC&{ct:REUm#-T_Zn;^^D!LZY3<
#!encrypt#!115#!
Ffw$d%7Zc8Kp|Ul9-$e[;7ns_#K(&Xr+OW]#V'Qz
LZY3<L&!d:LC&{ct:REUm#-T_Zn;^^D!LZY3<L&!d:LC&{ct:REUm#-T_Zn;^^D!LZY3<L&!
#!encrypt#!40#!
M4gOZ%_]Yen}oPa99h8{s/R0xkL"r.qqkyfx5x
#!encrypt#!77#!'+^-1s8A6F~]\&FY(4Xp6lxGf-Ggk@%>'+^-1s8A6F~]\&FY(4Xp6lxGf-Ggk@%>'+^-1s8A6F~]
#!encrypt#!9#!N%Ti.x !2#!encrypt#!1#!N#!encrypt#!1#!N#!encrypt#!1#!N#!encrypt#!1#!N#!encrypt#!1#!N#!encrypt#!1#!N#!encrypt#!1#!N#!encrypt#!1#!N#!encrypt#!1#!N#!encrypt#!1#!N#!encrypt#!1#!N#!encrypt#!1#!N#!encrypt#!1#!N#!encrypt#!1#!N#!encrypt#!18#!N%Tig<%ggx8pI$1eI(#!encrypt#!78#!
+^-1s8A6F~]\&FY(4Xp6lxGf-Ggk@%>'+^-1s8A6F~]\&FY(4Xp6lxGf-Ggk@%>'+^-1s8A6F~]\
#!encrypt#!77#!'+^-1s8A6F~]\&FY(4Xp6lxGf-Ggk@%>'+^-1s8A6F~]\&FY(4Xp6lxGf-Ggk@%>'+^-1s8A6F~]
#!encrypt#!41#!
M4gOZ%_]Yen}oPa99h8{s/R0gRTgi+r'M.bGBU?
#!encrypt#!77#!'+^-1s8A6F~]\&FY(4Xp6lxGf-Ggk@%>'+^-1s8A6F~]\&FY(4Xp6lxGf-Ggk@%>'+^-1s8A6F~]
#!encrypt#!9#!N%Ti.x !2#!encrypt#!1#!N#!encrypt#!1#!N#!encrypt#!1#!N#!encrypt#!1#!N#!encrypt#!1#!N#!encrypt#!1#!N#!encrypt#!1#!N#!encrypt#!1#!N#!encrypt#!1#!N#!encrypt#!1#!N#!encrypt#!1#!N#!encrypt#!1#!N#!encrypt#!1#!N#!encrypt#!1#!N#!encrypt#!18#!N%Tig<%ggx8pI$1eI(#!encrypt#!78#!
+^-1s8A6F~]\&FY(4Xp6lxGf-Ggk@%>'+^-1s8A6F~]\&FY(4Xp6lxGf-Ggk@%>'+^-1s8A6F~]\
#!encrypt#!77#!'+^-1s8A6F~]\&FY(4Xp6lxGf-Ggk@%>'+^-1s8A6F~]\&FY(4Xp6lxGf-Ggk@%>'+^-1s8A6F~]
#!encrypt#!46#!
M4gOZ%_]Yen}oPa99h8{s/R0L "7u""~(79qR/VXEgQt
#!encrypt#!77#!'+^-1s8A6F~]\&FY(4Xp6lxGf-Ggk@%>'+^-1s8A6F~]\&FY(4Xp6lxGf-Ggk@%>'+^-1s8A6F~]
#!encrypt#!9#!N%Ti.x !2#!encrypt#!1#!N#!encrypt#!1#!N#!encrypt#!1#!N#!encrypt#!1#!N#!encrypt#!1#!N#!encrypt#!1#!N#!encrypt#!1#!N#!encrypt#!1#!N#!encrypt#!1#!N#!encrypt#!1#!N#!encrypt#!1#!N#!encrypt#!1#!N#!encrypt#!1#!N#!encrypt#!1#!N#!encrypt#!18#!N%Tig<%ggx8pI$1eI(#!encrypt#!78#!
+^-1s8A6F~]\&FY(4Xp6lxGf-Ggk@%>'+^-1s8A6F~]\&FY(4Xp6lxGf-Ggk@%>'+^-1s8A6F~]\
#!encrypt#!77#!'+^-1s8A6F~]\&FY(4Xp6lxGf-Ggk@%>'+^-1s8A6F~]\&FY(4Xp6lxGf-Ggk@%>'+^-1s8A6F~]
#!encrypt#!36#!
M4gOZ%_]Yen}oPa99h8{s/R0p,fKCni~gP
#!encrypt#!77#!'+^-1s8A6F~]\&FY(4Xp6lxGf-Ggk@%>'+^-1s8A6F~]\&FY(4Xp6lxGf-Ggk@%>'+^-1s8A6F~]
#!encrypt#!9#!N%Ti.x !2#!encrypt#!1#!N#!encrypt#!1#!N#!encrypt#!1#!N#!encrypt#!1#!N#!encrypt#!1#!N#!encrypt#!1#!N#!encrypt#!1#!N#!encrypt#!1#!N#!encrypt#!1#!N#!encrypt#!1#!N#!encrypt#!1#!N#!encrypt#!1#!N#!encrypt#!1#!N#!encrypt#!1#!N#!encrypt#!18#!N%Tig<%ggx8pI$1eI(#!encrypt#!78#!
+^-1s8A6F~]\&FY(4Xp6lxGf-Ggk@%>'+^-1s8A6F~]\&FY(4Xp6lxGf-Ggk@%>'+^-1s8A6F~]\
#!encrypt#!77#!'+^-1s8A6F~]\&FY(4Xp6lxGf-Ggk@%>'+^-1s8A6F~]\&FY(4Xp6lxGf-Ggk@%>'+^-1s8A6F~]
#!encrypt#!183#!
`VA^tq`vPXk%er;*f-k0XE^u>I44*yW"`VA^tq`vPXk%er;*f-k0XE^u>I44*yW"`VA^tq`v
"|pY'/0.q]tVHRG1T!INOoNq4f{>no%xp+Z
r;*f-k0XE^u>I44*yW"`VA^tq`vPXk%er;*f-k0XE^u>I44*yW"`VA^tq`vPXk%er;*f-k0X
#!encrypt#!113#!
xM#T~+Cm/Gh>uW&9^8v^O[XG%$cz&OwoBfi4k'
D!LZY3<L&!d:LC&{ct:REUm#-T_Zn;^^D!LZY3<L&!d:LC&{ct:REUm#-T_Zn;^^D!LZY3<L
#!encrypt#!45#!N%TiSOS] |gOy`vfx(31#pU~PSS*< YrqBT]d"n5xj`+
#!encrypt#!1#!
#!encrypt#!45#!N%Ti(?(:U smx`vfx(31#pU~PSS*< krqBT]d"n5xj`+
#!encrypt#!45#!N%TiZ?(:U smx`vfx(31#pU~PSS*< YrqBT]d"n5xj`+
#!encrypt#!42#!N%Ti.CR]U%MH_M[QK=<%#]=W\5"$>g!rQ2hpZg(0z
#!encrypt#!75#!~aH]8Vol]!T+`yw>HP)]{oHx:t/V,[1c,Gtiwp(%ZcbuI-p@mi_ZaYgW~c)V{hgr>l40nC]Q?T
#!encrypt#!1#!
#!encrypt#!34#!
%TDGR/+F>JzruWM[J:5Ix` <^H$Wb}(

#!encrypt#!75#!~aH]8Vol]!T+`yw>HP)]{oHx:t/V,[1c,Gtiwp(%ZcbuI-p@mi_ZaYgW~c)V{hgr>l40nC]Q?T
#!encrypt#!1#!
#!encrypt#!33#!N%kqz!499E]qI?i2do@bt/f%00lI=b}

#!encrypt#!75#!~aH]8Vol]!T+`yw>HP)]{oHx:t/V,[1c,Gtiwp(%ZcbuI-p@mi_ZaYgW~c)V{hgr>l40nC]Q?T
#!encrypt#!1#!
#!encrypt#!15#!
xf~2VtClY)|J]
#!encrypt#!77#!'+^-1s8A6F~]\&FY(4Xp6lxGf-Ggk@%>'+^-1s8A6F~]\&FY(4Xp6lxGf-Ggk@%>'+^-1s8A6F~]
#!encrypt#!8#!N%Ti6oSH#!encrypt#!1#!N#!encrypt#!1#!N#!encrypt#!1#!N#!encrypt#!1#!N#!encrypt#!1#!N#!encrypt#!1#!N#!encrypt#!1#!N#!encrypt#!1#!N#!encrypt#!1#!N#!encrypt#!1#!N#!encrypt#!1#!N#!encrypt#!1#!N#!encrypt#!1#!N#!encrypt#!1#!N#!encrypt#!1#!N#!encrypt#!1#!N#!encrypt#!1#!N#!encrypt#!1#!N#!encrypt#!1#!N#!encrypt#!1#!N#!encrypt#!1#!N#!encrypt#!1#!N#!encrypt#!1#!N#!encrypt#!60#!N%TigJtYF>qqIux3p)onsQl+0^$t>4/9w(>mwV%ggx8p|k1b`-#]{57$$7RB#!encrypt#!78#!
+^-1s8A6F~]\&FY(4Xp6lxGf-Ggk@%>'+^-1s8A6F~]\&FY(4Xp6lxGf-Ggk@%>'+^-1s8A6F~]\
#!encrypt#!24#!+ILRqh_b}>dOF=Rt_ND-c>U-#!encrypt#!1#!N#!encrypt#!1#!N#!encrypt#!1#!N#!encrypt#!1#!N#!encrypt#!1#!N#!encrypt#!1#!N#!encrypt#!1#!N#!encrypt#!61#!N%TiwV%ggx8 Iux3`-#]{57~0^$t>4grN%T&wV%ggx8pIux=`-#]{57$0^$#
#!encrypt#!6#!qog&m?#!encrypt#!1#!N#!encrypt#!1#!N#!encrypt#!1#!N#!encrypt#!1#!N#!encrypt#!1#!N#!encrypt#!1#!N#!encrypt#!1#!N#!encrypt#!1#!N#!encrypt#!1#!N#!encrypt#!1#!N#!encrypt#!1#!N#!encrypt#!1#!N#!encrypt#!1#!N#!encrypt#!1#!N#!encrypt#!1#!N#!encrypt#!1#!N#!encrypt#!1#!N#!encrypt#!1#!N#!encrypt#!1#!N#!encrypt#!1#!N#!encrypt#!1#!N#!encrypt#!1#!N#!encrypt#!1#!N#!encrypt#!1#!N#!encrypt#!1#!N#!encrypt#!61#!N%TiwV%ggx8vIux3`-#]{5hL0^$t>4grN%T&wV%ggx8pIuxJ`-#]{57$0^$$
#!encrypt#!77#!'+^-1s8A6F~]\&FY(4Xp6lxGf-Ggk@%>'+^-1s8A6F~]\&FY(4Xp6lxGf-Ggk@%>'+^-1s8A6F~]
#!encrypt#!58#!~8=G.V9!\-8ZIiB3`q;A`% >#^:t'ngrs(w8G4/4g!8vF7x3?o/Qw5&$V
#!encrypt#!16#!
M4gOZ%_]Yen}o2
#!encrypt#!77#!'+^-1s8A6F~]\&FY(4Xp6lxGf-Ggk@%>'+^-1s8A6F~]\&FY(4Xp6lxGf-Ggk@%>'+^-1s8A6F~]
#!encrypt#!9#!N%Ti.x !2#!encrypt#!1#!N#!encrypt#!1#!N#!encrypt#!1#!N#!encrypt#!1#!N#!encrypt#!1#!N#!encrypt#!1#!N#!encrypt#!1#!N#!encrypt#!1#!N#!encrypt#!1#!N#!encrypt#!1#!N#!encrypt#!1#!N#!encrypt#!1#!N#!encrypt#!1#!N#!encrypt#!1#!N#!encrypt#!46#!N%Tig<%ggx8pI?gr`-#]{5}DB^$t>4grN-:zwV%ggx8\QL#!encrypt#!78#!
+^-1s8A6F~]\&FY(4Xp6lxGf-Ggk@%>'+^-1s8A6F~]\&FY(4Xp6lxGf-Ggk@%>'+^-1s8A6F~]\
#!encrypt#!3#! a&#!encrypt#!1#!N#!encrypt#!1#!N#!encrypt#!1#!N#!encrypt#!1#!N#!encrypt#!1#!N#!encrypt#!1#!N#!encrypt#!1#!N#!encrypt#!1#!N#!encrypt#!1#!N#!encrypt#!1#!N#!encrypt#!1#!N#!encrypt#!1#!N#!encrypt#!1#!N#!encrypt#!1#!N#!encrypt#!1#!N#!encrypt#!1#!N#!encrypt#!1#!N#!encrypt#!1#!N#!encrypt#!1#!N#!encrypt#!1#!N#!encrypt#!46#!N%&&B0%ggx8pIuRJ`-#]{57$0S$t>4grN%&nwV%ggx8pIy#!encrypt#!1#!
#!encrypt#!4#!FcM##!encrypt#!1#!N#!encrypt#!1#!N#!encrypt#!1#!N#!encrypt#!1#!N#!encrypt#!1#!N#!encrypt#!1#!N#!encrypt#!1#!N#!encrypt#!1#!N#!encrypt#!1#!N#!encrypt#!1#!N#!encrypt#!1#!N#!encrypt#!1#!N#!encrypt#!1#!N#!encrypt#!1#!N#!encrypt#!1#!N#!encrypt#!1#!N#!encrypt#!1#!N#!encrypt#!1#!N#!encrypt#!1#!N#!encrypt#!46#!N%&&Be%ggx8pIux,`-#]{57$0S$t>4grN%T%wV%ggx8pIy#!encrypt#!1#!
#!encrypt#!4#!FlER#!encrypt#!1#!N#!encrypt#!1#!N#!encrypt#!1#!N#!encrypt#!1#!N#!encrypt#!1#!N#!encrypt#!1#!N#!encrypt#!1#!N#!encrypt#!1#!N#!encrypt#!1#!N#!encrypt#!1#!N#!encrypt#!1#!N#!encrypt#!1#!N#!encrypt#!1#!N#!encrypt#!1#!N#!encrypt#!1#!N#!encrypt#!1#!N#!encrypt#!1#!N#!encrypt#!1#!N#!encrypt#!1#!N#!encrypt#!46#!N%&&Bm%ggx8pIuR>`-#]{57$0S$t>4grN%&RwV%ggx8pIy#!encrypt#!1#!
#!encrypt#!3#!Wa4#!encrypt#!1#!N#!encrypt#!1#!N#!encrypt#!1#!N#!encrypt#!1#!N#!encrypt#!1#!N#!encrypt#!1#!N#!encrypt#!1#!N#!encrypt#!1#!N#!encrypt#!1#!N#!encrypt#!1#!N#!encrypt#!1#!N#!encrypt#!1#!N#!encrypt#!1#!N#!encrypt#!1#!N#!encrypt#!1#!N#!encrypt#!1#!N#!encrypt#!1#!N#!encrypt#!1#!N#!encrypt#!1#!N#!encrypt#!1#!N#!encrypt#!46#!N%&&Bn%ggx8pIux>`-#]{57$0S$t>4grN%T&wV%ggx8pIy#!encrypt#!1#!
#!encrypt#!4#!FlEn#!encrypt#!1#!N#!encrypt#!1#!N#!encrypt#!1#!N#!encrypt#!1#!N#!encrypt#!1#!N#!encrypt#!1#!N#!encrypt#!1#!N#!encrypt#!1#!N#!encrypt#!1#!N#!encrypt#!1#!N#!encrypt#!1#!N#!encrypt#!1#!N#!encrypt#!1#!N#!encrypt#!1#!N#!encrypt#!1#!N#!encrypt#!1#!N#!encrypt#!1#!N#!encrypt#!1#!N#!encrypt#!1#!N#!encrypt#!46#!N%&&B`%ggx8pIux>`-#]{57$0S$t>4grN%T&wV%ggx8pIy#!encrypt#!1#!
#!encrypt#!4#!Wa4n#!encrypt#!1#!N#!encrypt#!1#!N#!encrypt#!1#!N#!encrypt#!1#!N#!encrypt#!1#!N#!encrypt#!1#!N#!encrypt#!1#!N#!encrypt#!1#!N#!encrypt#!1#!N#!encrypt#!1#!N#!encrypt#!1#!N#!encrypt#!1#!N#!encrypt#!1#!N#!encrypt#!1#!N#!encrypt#!1#!N#!encrypt#!1#!N#!encrypt#!1#!N#!encrypt#!1#!N#!encrypt#!1#!N#!encrypt#!46#!N%&&BI%ggx8pIux>`-#]{57$0S$t>4grN%T&wV%ggx8pIy#!encrypt#!1#!
#!encrypt#!4#!FlEO#!encrypt#!1#!N#!encrypt#!1#!N#!encrypt#!1#!N#!encrypt#!1#!N#!encrypt#!1#!N#!encrypt#!1#!N#!encrypt#!1#!N#!encrypt#!1#!N#!encrypt#!1#!N#!encrypt#!1#!N#!encrypt#!1#!N#!encrypt#!1#!N#!encrypt#!1#!N#!encrypt#!1#!N#!encrypt#!1#!N#!encrypt#!1#!N#!encrypt#!1#!N#!encrypt#!1#!N#!encrypt#!1#!N#!encrypt#!46#!N%&&a|%ggx8pIux>`-#]{57$0S$t>4grN%T&wV%ggx8pIy#!encrypt#!1#!
#!encrypt#!4#!Wa4O#!encrypt#!1#!N#!encrypt#!1#!N#!encrypt#!1#!N#!encrypt#!1#!N#!encrypt#!1#!N#!encrypt#!1#!N#!encrypt#!1#!N#!encrypt#!1#!N#!encrypt#!1#!N#!encrypt#!1#!N#!encrypt#!1#!N#!encrypt#!1#!N#!encrypt#!1#!N#!encrypt#!1#!N#!encrypt#!1#!N#!encrypt#!1#!N#!encrypt#!1#!N#!encrypt#!1#!N#!encrypt#!1#!N#!encrypt#!46#!N%&&aC%ggx8pIux>`-#]{57$0S$t>4grN%T&wV%ggx8pIy#!encrypt#!1#!
#!encrypt#!4#!FlE7#!encrypt#!1#!N#!encrypt#!1#!N#!encrypt#!1#!N#!encrypt#!1#!N#!encrypt#!1#!N#!encrypt#!1#!N#!encrypt#!1#!N#!encrypt#!1#!N#!encrypt#!1#!N#!encrypt#!1#!N#!encrypt#!1#!N#!encrypt#!1#!N#!encrypt#!1#!N#!encrypt#!1#!N#!encrypt#!1#!N#!encrypt#!1#!N#!encrypt#!1#!N#!encrypt#!1#!N#!encrypt#!1#!N#!encrypt#!46#!N%&&au%ggx8pIux>`-#]{57$0S$t>4grN%T&wV%ggx8pIy#!encrypt#!1#!
#!encrypt#!4#!Wa47#!encrypt#!1#!N#!encrypt#!1#!N#!encrypt#!1#!N#!encrypt#!1#!N#!encrypt#!1#!N#!encrypt#!1#!N#!encrypt#!1#!N#!encrypt#!1#!N#!encrypt#!1#!N#!encrypt#!1#!N#!encrypt#!1#!N#!encrypt#!1#!N#!encrypt#!1#!N#!encrypt#!1#!N#!encrypt#!1#!N#!encrypt#!1#!N#!encrypt#!1#!N#!encrypt#!1#!N#!encrypt#!1#!N#!encrypt#!46#!N%&&a0%ggx8pIux>`-#]{57$0S$t>4grN%T&wV%ggx8pIy#!encrypt#!1#!
#!encrypt#!4#!FlE?#!encrypt#!1#!N#!encrypt#!1#!N#!encrypt#!1#!N#!encrypt#!1#!N#!encrypt#!1#!N#!encrypt#!1#!N#!encrypt#!1#!N#!encrypt#!1#!N#!encrypt#!1#!N#!encrypt#!1#!N#!encrypt#!1#!N#!encrypt#!1#!N#!encrypt#!1#!N#!encrypt#!1#!N#!encrypt#!1#!N#!encrypt#!1#!N#!encrypt#!1#!N#!encrypt#!1#!N#!encrypt#!1#!N#!encrypt#!46#!N%&&ae%ggx8pIux>`-#]{57$0S$t>4grN%T&wV%ggx8pIy#!encrypt#!1#!
#!encrypt#!3#!>OY#!encrypt#!1#!N#!encrypt#!1#!N#!encrypt#!1#!N#!encrypt#!1#!N#!encrypt#!1#!N#!encrypt#!1#!N#!encrypt#!1#!N#!encrypt#!1#!N#!encrypt#!1#!N#!encrypt#!1#!N#!encrypt#!1#!N#!encrypt#!1#!N#!encrypt#!1#!N#!encrypt#!1#!N#!encrypt#!1#!N#!encrypt#!1#!N#!encrypt#!1#!N#!encrypt#!1#!N#!encrypt#!1#!N#!encrypt#!1#!N#!encrypt#!46#!N%&&an%ggx8pIux>`-#]{57$0S$t>4grN%T&wV%ggx8pIy#!encrypt#!1#!
#!encrypt#!77#!'+^-1s8A6F~]\&FY(4Xp6lxGf-Ggk@%>'+^-1s8A6F~]\&FY(4Xp6lxGf-Ggk@%>'+^-1s8A6F~]
#!encrypt#!75#!~aH]8Vol]!T+`yw>HP)]{oHx:t/V,[1c,Gtiwp(%ZcbuI-p@mi_ZaYgW~c)V{hgr>l40nC]Q?T
#!encrypt#!1#!
#!encrypt#!107#!
xM"(Po:P.Ep|<%/W^g_T5>Av1Osl4}(,
_Zn;^^D!LZY3<L&!d:LC&{ct:REUm#-T_Zn;^^D!LZY3<L&!d:LC&{ct:REUm#-T_Zn;^^D!
#!encrypt#!73#!~aH]8Vol]!T+`yw>HP)]{oHx:t/V,[1c,Gtiwp(%ZcbuI4VOjMp\app#AY)k>4P?oC_R|k>}
#!encrypt#!1#!
#!encrypt#!105#!
$mp2L"#_:8Hp#h3VCmv3}GA=nwt=b}
-T_Zn;^^D!LZY3<L&!d:LC&{ct:REUm#-T_Zn;^^D!LZY3<L&!d:LC&{ct:REUm#-T_Zn;^^
#!encrypt#!73#!~aH]8Vol]!T+`yw>HP)]{oHx:t/V,[1c,Gbiwp(%ZcbuI4VOjMp\app#;Y)Z>4P?oC_R|k>}
#!encrypt#!1#!
#!encrypt#!91#!
~f$p^%H1n,|TuV@H
d:LC&{ct:REUm#-T_Zn;^^D!LZY3<L&!d:LC&{ct:REUm#-T_Zn;^^D!LZY3<L&!d:LC&{ct
#!encrypt#!17#!N%Ti2KhgDx2AI#UJ
#!encrypt#!70#!N%Tip^?\=p?#I#'E9^#"FpN${)ZtE4>ANp:zw;%OOx 3+u<3K&#YsP7{0ulN>7nHNTTOQ
#!encrypt#!1#!
#!encrypt#!19#!N%Ti&wG5g!8w~uGl!.
#!encrypt#!71#!N%Tip^?\=p?#I#'E9^#<^D2v0T?">Ug:P%3!eV^g?,8\HMxL`iN]t_ $c^l*o4Sg6%_iaX
#!encrypt#!1#!
#!encrypt#!19#!N%Ti&^*]g!8w~uG YP
#!encrypt#!71#!N%Tip^?\=p?#I#'E9^#<&;kv0T?">Ug:P%3!eV^gW,8\HMxL`gN]t_ $c^l*o4Sg6%_iaX
#!encrypt#!1#!
#!encrypt#!73#!~aH]8Vol]!T+`yw>HP)]{oHx:t/V,[1c,Gbiwp(%ZcbuI4VOjMp\app#;Y)Z>4P?oC_R|k>}
#!encrypt#!1#!
#!encrypt#!72#!~aH]8Vol]!T+`yw>HP)]{oHx:t/V,[1c,Gbiwp(%ZcbuI4VOjMp\appUJV<t>1*E*T&%4nV
#!encrypt#!1#!
#!encrypt#!170#!
`VA^tq`vPXk%er;*f-k0XE^u>I44*yW"`VA^tq`vPXk%er;*f-k0XE^u>I44*yW"`VA^tq`v
+,pC:*9-o^&oI1h_tY>b}(
`VA^tq`vPXk%er;*f-k0XE^u>I44*yW"`VA^tq`vPXk%er;*f-k0XE^u>I44*yW"`VA^tq`v
#!encrypt#!23#!

M*OZn:P\Yp>E.s,p#Zep
#!encrypt#!4#!N%Ti#!encrypt#!7#!b8 zGh{#!encrypt#!4#!NPyR#!encrypt#!5#!NQffB#!encrypt#!4#!N+0g#!encrypt#!5#!NQqkZ#!encrypt#!1#!
#!encrypt#!4#!N%Ti#!encrypt#!7#!b8 zGh{#!encrypt#!5#!NQffB#!encrypt#!5#!NQffa#!encrypt#!4#!N+0g#!encrypt#!4#!Nkyp#!encrypt#!1#!
#!encrypt#!4#!N%Ti#!encrypt#!7#!b8 zGh{#!encrypt#!5#!NQffm#!encrypt#!5#!NQffa#!encrypt#!4#!N+0g#!encrypt#!5#!Nkypa#!encrypt#!1#!
#!encrypt#!4#!N%Ti#!encrypt#!7#!b8 zGh{#!encrypt#!5#!NQffm#!encrypt#!5#!NQffN#!encrypt#!4#!N+0g#!encrypt#!5#!Nkypm#!encrypt#!1#!
#!encrypt#!4#!N%Ti#!encrypt#!7#!b8 zGh{#!encrypt#!5#!NQffN#!encrypt#!5#!NQffL#!encrypt#!4#!N+0g#!encrypt#!5#!NkypN#!encrypt#!1#!
#!encrypt#!4#!N%Ti#!encrypt#!7#!b8 zGh{#!encrypt#!5#!NQffL#!encrypt#!4#!N{4P#!encrypt#!1#!
#!encrypt#!73#!-T_Zn;^^D!LZY3<L&!d:LC&{ct:REUm#-T_Zn;^^D!LZY3<L&!d:LC&{ct:REUm#-T_Zn;^^
#!encrypt#!26#!

|qXD9!g'+Hf'YMIqoc{Yo*0
#!encrypt#!20#!m3yfOVs!nEqq:uV@H-

#!encrypt#!75#!~aH]8Vol]!T+`-w>HP|]{oHx:t/V,#1c,GOiwp(%ZcbuI-~@mP_Z?Yg-~w/V{.gr>l40nuKQ?H
#!encrypt#!1#!
#!encrypt#!21#!N%Ti<^6\+j81{o%/`uzZ
#!encrypt#!22#!N%Ti<^6\+j81{o%/`?gT;
#!encrypt#!22#!N%Ti<^6\+j81{o%/`?mE,
#!encrypt#!21#!N%Ti<^6\+j81{o%/`Cz$
#!encrypt#!22#!N%Ti<^6\+j81{o%/`Cz$p
#!encrypt#!22#!N%Ti<^6\+j81{o%/`Cz$#
#!encrypt#!22#!N%Ti<^6\+j81{o%/`Cz$c
#!encrypt#!1#!
#!encrypt#!170#!
`VA^tq`vPXk%er;*f-k0XE^u>I44*yW"`VA^tq`vPXk%er;*f-k0XE^u>I44*yW"`VA^tq`v
2.9Y:*YXci{EHd`%qY>b}(
`VA^tq`vPXk%er;*f-k0XE^u>I44*yW"`VA^tq`vPXk%er;*f-k0XE^u>I44*yW"`VA^tq`v
#!encrypt#!1#!
#!encrypt#!75#!N%T(eo%HFW+AIQn!?):c@5JkZ&bypg_?NFy"OV9sExLpIux3`-#unjZ$_LBT>UgrN%TiwVK"tQ
#!encrypt#!75#!N%T9\R%HFW+AIQn!?):c@5JkZ&bypg_?NFy"OV9sExLpIux3`-#unjZ$_LBT>UgrN%TiwVK"tQ
#!encrypt#!75#!N@w`cblLge23fhn--x:/@5JkZ&bypg_?NFy"OV9sExLpIux3`-#unjZ$_LBT>UgrN%TiwVK"tQ
#!encrypt#!75#!N@w`cblLg`+X:FO2v);)@5JkZ&bypg_?NFy"OV9sExLpIux3`-#unjZ$_LBT>UgrN%TiwVK"tQ
#!encrypt#!75#!N%TiwV%ggx8pIux3kqvQ@5JkZ&bypg_?NFy"OV9sExLpIux3`-#unjZ$_LBT>UgrN%TiwVK"tQ
#!encrypt#!75#!N%TiG<4!ge23fhn--x:/@5JkZ&bypg_?NFy"OV9sExLpIux3`-#unjZ$_LBT>UgrN%TiwVK"tQ
#!encrypt#!75#!N%TiG<4!g`+X:FO2v);)@5JkZ&bypg_?NFy"OV9sExLpIux3`-#unjZ$_LBT>UgrN%TiwVK"tQ
#!encrypt#!75#!N%TiwV%ggx8pIux+IoKW@5JkZ&bypg_?NFy"OV9sExLpIux3`-#unjZ$_LBT>UgrN%TiwVK"tQ
#!encrypt#!75#!N%TiwV%d9A8$Rz1^`e@b@5JkZ&bypg_?NFy"OV9sExLpIux3`-#unjZ$_LBT>UgrN%TiwVK"tQ
#!encrypt#!75#!N%TiwV%Y[|8$Rz1^`e@b@5JkZ&bypg_?NFy"OV9sExLpIux3`-#unjZ$_LBT>UgrN%TiwVK"tQ
#!encrypt#!75#!N%TiwV%ggx8p+q03gJwj@5JkZ&bypg_?NFy"OV9sExLpIux3`-#unjZ$_LBT>UgrN%TiwVK"tQ
#!encrypt#!75#!N%TiwV%ggx8pI81rkq$H@5JkZ&bypg_?NFy"OV9sExLpIux3`-#unjZ$_LBT>UgrN%TiwVK"tQ
#!encrypt#!75#!N%TiwV%u-aqqdh!r[d.A@5JkZ&bypg_?NFy"OV9sExLpIux3`-#unjZ$_LBT>UgrN%TiwVK"tQ
#!encrypt#!75#!N%TiwV%ggx8pILnrx),)@5JkZ&bypg_?NFy"OV9sExLpIux3`-#unjZ$_LBT>UgrN%TiwVK"tQ
#!encrypt#!75#!N%TiwV%ggx8pIuq2^q,Q@5JkZ&bypg_?NFy"OV9sExLpIux3`-#unjZ$_LBT>UgrN%TiwVK"tQ
#!encrypt#!75#!N%TiwV%ggx8pIux3`)@b@5JkZ&bypg_?NFy"OV9sExLpIux3`-#unjZ$_LBT>UgrN%TiwVK"tQ
#!encrypt#!75#!N%TiwV%sFe1q~MKFgO,Y@5JkZ&bypg_?NFy"OV9sExLpIux3`-#unjZ$_LBT>UgrN%TiwVK"tQ
#!encrypt#!75#!N%TiwV%ggx8p_ST3=q /@5JkZ&bypg_?NFy"OV9sExLpIux3`-#unjZ$_LBT>UgrN%TiwVK"tQ
#!encrypt#!2#!

#!encrypt#!41#!~<Ep2V9sEx1lWRx3`-#]{57$0^$t>4grN%PiB{7~
#!encrypt#!41#!~<Ep2V/\1_8-EA%3`-#]{57$0^$t>4grN%Pia{7~
#!encrypt#!42#!%l40wp(%ZcbpO1%j`-#]{57$0^$t>4grN%PiaC$u<
#!encrypt#!43#!~<Ep2Vl>P:Gh{#x-9}~eNo|$0^$t>4grN%Pia`$w(Q
#!encrypt#!38#!~<Ep2VQD xN.KRv79ja8{57$0^$t>4grN%Pir
#!encrypt#!42#!~<Ep2VQD xN#T6h*>-#]{57$0^$t>4grN%PirV$W<
#!encrypt#!102#!)KH"{Z[gmpYpbRxZ!:cL{V2$&AbK>eHKFl%;{^h=}j;Y9aL?=54j6AGe=lZ)7ecB2xnG9hTb1m,huRK:M|_/yqQR`d{:"|YCy7J\&
#!encrypt#!35#!

($OP*#_:8#(5dmn3zT;5ixqkuy_rg(,7
#!encrypt#!2#!

#!encrypt#!28#!6lE~Kd*g%6?|{C#&!.#CFn[dUR;t#!encrypt#!37#!?<e"{/6ezxFJXuY]{-<3{p6]Ve%#@4ecpd


#!encrypt#!65#!
b az'%ggx"#>cZs>-,TxJIRhJkL>7x!qB,]<k%uZ.8/z|xJr-<t@76];<$#,RK

