*Info*    Exporting services from client ... 

*Info*    Client has finished starting ... 



*Info*    Configuring the session ...

	Library      = ADC
	Cell         = inv_tb_YT
	View         = schematic
	Simulator    = spectre
	State Path   = $AXL_SETUPDB_DIR/test_states
	State Name   = ExplorerRun.0
	Results DB   = /home/cae1/Desktop/ASIC_ADC/Cadence_sky/ADC/inv_tb_YT/DC#2dSweep/results/maestro/ExplorerRun.0.rdb
	Results Dir  = /home/cae1/simulation/ADC/inv_tb_YT/DC-Sweep/results/maestro/ExplorerRun.0/1/ADC_inv_tb_YT_1
	Results Loc  = /home/cae1/simulation/ADC/inv_tb_YT/DC-Sweep/results/maestro
	Project Dir  = /home/cae1/simulation
	Setup DB loc = /home/cae1/Desktop/ASIC_ADC/Cadence_sky/ADC/inv_tb_YT/DC#2dSweep
	File Encoding = 0


*Info*    The simulation mode in Spectre has been changed from
          'interactive' to 'batch' mode because ICLP.


*Info*    The auto suspension is disabled.

Loading monte.cxt 





*Info*    Run start for Point ID (0 1) on testbench [ ADC_inv_tb_YT_1
          ].

Resetting statistical vars

*Info*    Setting parameter values ...

Setting var nL = "150n"
Setting var nW = "420n"
Setting var pL = "150n"
Setting var pW = "550n"
Setting var temperature = "27"
Setting temp(T) = 27

*Info*    Netlist Directory =
          /home/cae1/simulation/ADC/inv_tb_YT/DC-Sweep/results/maestro/ExplorerRun.0/1/ADC_inv_tb_YT_1/netlist


*Info*    Data Directory    =
          /home/cae1/simulation/ADC/inv_tb_YT/DC-Sweep/results/maestro/ExplorerRun.0/1/ADC_inv_tb_YT_1


*Info*    Creating Netlist for Point ID (0 1)

generate netlist...
Loading hnlInit.cxt 
Loading seCore.cxt 
Begin Incremental Netlisting Oct 13 17:33:45 2024
WARNING (OSSHNL-226): There are more design variables used in the current netlisting session as
compared to the last session in the current run directory. The netlist(s)
generated in the last netlisting session cannot be reused for incremental
netlisting. Therefore re-netlisting the design.

Loading json.cxt 
End netlisting Oct 13 17:33:45 2024

Netlisting Statistics:
	Number of components:    6

	Elapsed time:          0.0s
Errors: 0	Warnings: 0
      ...successful.
compose simulator input file...
      ...successful.

*Info*    Running simulation on testbench [ ADC_inv_tb_YT_1 ] for
          Point ID (0 1).

Delete psf data in /home/cae1/simulation/ADC/inv_tb_YT/DC-Sweep/results/maestro/ExplorerRun.0/1/ADC_inv_tb_YT_1/psf.
compose simulator input file...
      ...successful.
start simulator if needed...
      ...successful.
simulate...
To view the simulator output, right-click on the test name, result 
name, or any value in the "Results" tab of the Outputs section and 
choose "Output Log" menu option.
INFO (ADE-3071): Simulation completed successfully.
reading simulation data...
      ...successful.
*Info*    Client has finished evaluating ... 


*Info*    Run complete for Point ID (0 1) on testbench [
          ADC_inv_tb_YT_1 ].





Simulation design variables differ from those on the cellView,
they have been saved in the file "/tmp/saved-design-variables1".
To save future changes, copy variables to cellView before exiting.
