Running: /eda/cadence/2023-24/RHELx86/PEGASUS_23.11.000/tools.lnx86/Pegasus/bin/64bit/pegasusvirt \
  -isPegasus \
  -mode drc \
  -global_log_file /home/cae1/Desktop/FPGA-OpenFPGA/ASIC_ADC/Cadence_sky/Sky130_DRC/drc_run/pegasusuidrc.log \
  -control /home/cae1/Desktop/FPGA-OpenFPGA/ASIC_ADC/Cadence_sky/Sky130_DRC/drc_run/pegasusdrcctl \
  -cell_tree /home/cae1/Desktop/FPGA-OpenFPGA/ASIC_ADC/Cadence_sky/Sky130_DRC/drc_run//cell_tree.txt \
  -layLibName ADC \
  -layCellName inv03f \
  -layViewName layout \
  -igds /home/cae1/Desktop/FPGA-OpenFPGA/ASIC_ADC/Cadence_sky/Sky130_DRC/drc_run/inv03f.gds.gz \
  -layScale 0.001 \
  -layTechLib sky130_fd_pr_main \
  -convertPin geometry \
  -replaceBusBitChar nil \
  -noConvertHalfWidthPath nil \
  -layHierDepth 32 \
  -layMaxVertices 2048 \
  -enableColoring yes \
  -rulesFile /home/cae1/Desktop/FPGA-OpenFPGA/ASIC_ADC/Cadence_sky/Sky130_DRC/drc_run/.technology.rul \
  -log_dir LOGS \
  -df2_version IC23.1.0 \
  -sign IPVS_1731934135_491469 \
  -run_dir /home/cae1/Desktop/FPGA-OpenFPGA/ASIC_ADC/Cadence_sky/Sky130_DRC/drc_run/ \
  -no_rules_check



Virtuoso Framework License (111) was checked out successfully. Total checkout time was 0.04s.
********************************************************************************
Product   : Virtuoso(R) XStream Out
Program   : @(#)$CDS: strmout version IC23.1-64b 09/20/2023 08:16 (cpgbld16) $
          : sub-version  IC23.1-64b.ISR2.29 
Started at: 18-Nov-2024  13:48:58
User Name : cae1
Host Name : cae-europractice1.othr.de
Directory : /home/cae1/Desktop/FPGA-OpenFPGA/ASIC_ADC/Cadence_sky
CADENCE Design Systems, Inc.
********************************************************************************
Info: Cellview Rev Num:99,  Tech Rev Num:59

WARNING (XSTRM-20): Output Stream file '/home/cae1/Desktop/FPGA-OpenFPGA/ASIC_ADC/Cadence_sky/Sky130_DRC/drc_run/inv03f.gds.gz' already exists. It will be overwritten.
Loading sky130_fd_pr_main/libInit.il ...
	Loading sky130_fd_pr_main/loadCxt.ile ... done!
	Loading context 'sky130_fd_pr_main' from library 'sky130_fd_pr_main' ... done!
	Loading context 'pdkUtils' from library 'sky130_fd_pr_main' ... done!
	Loading sky130_fd_pr_main/libInitCktPro.il ... done!
	Loading sky130_fd_pr_main/libInitCustomExit.il ... 	Loading Environment Settings ...
done!
Loaded sky130_fd_pr_main/libInit.il successfully!
INFO (XSTRM-217): Reading the layer map file, /mnt/cae_storage_sw/eda/cadence/pdks/sky130/sky130_release_004a/libs/sky130_fd_pr_main/sky130_fd_pr_main.layermap
WARNING (XSTRM-333): The '-enableColoring' option will be ignored during XStream Out. This is because there is no color entry in the layer map and the object map file.
INFO (XSTRM-427): Based on current hardware configuration, running XStream Out translation in multi-threaded mode with 4 threads.
INFO (XSTRM-280): The output file will be a compressed file because the file name has extension .gz
INFO (XSTRM-162): You have not used the '-viaMap' option. If the OpenAccess design has native oaVia instances, use the '-viaMap' option for preserving oaVia instances in a XStream Out - XStream In round trip. Using the '-viaMap' option improves performance and VM usage of applications using the Streamed-In design.

Summary of Options :
library                                 ADC
strmFile                                /home/cae1/Desktop/FPGA-OpenFPGA/ASIC_ADC/Cadence_sky/Sky130_DRC/drc_run/inv03f.gds.gz
topCell                                 inv03f
view                                    layout
runDir                                  /home/cae1/Desktop/FPGA-OpenFPGA/ASIC_ADC/Cadence_sky/Sky130_DRC/drc_run/
logFile                                 /home/cae1/Desktop/FPGA-OpenFPGA/ASIC_ADC/Cadence_sky/Sky130_DRC/drc_run//PIPO1.LOG
techLib                                 sky130_fd_pr_main
hierDepth                               32
maxVertices                             2048
layerMap                                /mnt/cae_storage_sw/eda/cadence/pdks/sky130/sky130_release_004a/libs/sky130_fd_pr_main/sky130_fd_pr_main.layermap
userSkillFile                           /home/cae1/Desktop/FPGA-OpenFPGA/ASIC_ADC/Cadence_sky/Sky130_DRC/drc_run//strmout.il
labelDepth                              32
case                                    Preserve
convertDot                              node

INFO (XSTRM-180): You have not used the '-objectMap' option. The design has instance(s) of at least one of following OpenAccess objects: oaBlockage, oaBoundary, oaRow, and oaMarker. Any information about these objects will not be translated into the generated stream file. Use the '-objectMap' option to translate/preserve these objects using XStream.
INFO (XSTRM-223): 1. Translating stdVia sky130_fd_pr_main/PYL1CON_C/layout as STRUCTURE PYL1CON_C_CDNS_731934138460.
INFO (XSTRM-223): 2. Translating stdVia sky130_fd_pr_main/L1M1_C/layout as STRUCTURE L1M1_C_CDNS_731934138461.
INFO (XSTRM-223): 3. Translating stdVia sky130_fd_pr_main/L1M1_C/layout as STRUCTURE L1M1_C_CDNS_731934138462.
INFO (XSTRM-223): 4. Translating cellview sky130_fd_pr_main/nfet_01v8/layout as STRUCTURE nfet_01v8_CDNS_731934138460.
INFO (XSTRM-223): 5. Translating cellview sky130_fd_pr_main/pfet_01v8/layout as STRUCTURE pfet_01v8_CDNS_731934138461.
INFO (XSTRM-223): 6. Translating cellview ADC/inv03f/layout as STRUCTURE inv03f.

Summary of Objects Translated:
	Scalar Instances:                       2
	Array Instances:                        0
	Polygons:                               0
	Paths:                                  0
	Rectangles:                             73
	Lines:                                  0
	Arcs:                                   0
	Donuts:                                 0
	Dots:                                   0
	Ellipses:                               0
	Boundaries:                             0
	Area Blockages:                         0
	Layer Blockages:                        0
	Area Halos:                             0
	Markers:                                0
	Rows:                                   0
	Stitch:                                 0
	Standard Vias                           4
	Custom Vias:                            0
	CdsGen Vias:                            0
	Pathsegs:                               1
	Text:                                   0
	TextDisplay:                            0
	Cells:                                  6

Elapsed Time: 0.4s   User Time: 0.1s   CPU Time: 0.0s   Peak VM: 33524KB
INFO (XSTRM-234): Translation completed. '0' error(s) and '2' warning(s) found.


Pegasus 23.11-s009 FbGK7KjMGPhkNci2o09sLg 2024-11-18 13:48:59 550543 cae-europractice1.othr.de
Copyright 2023 Cadence Design Systems, Inc.
All rights reserved worldwide.

INFO:    Command Line Options: --log_dir LOGS -top_cell inv03f -ui_data --control /home/cae1/Desktop/FPGA-OpenFPGA/ASIC_ADC/Cadence_sky/Sky130_DRC/drc_run/pegasusdrcctl /home/cae1/Desktop/FPGA-OpenFPGA/ASIC_ADC/Cadence_sky/Sky130_DRC/drc_run/.technology.rul
INFO:    Launch host CPU: Model: AMD Ryzen Threadripper PRO 5975WX 32-Cores, OS: Oracle Linux Server release 8.10, Logical cores: 16, Physical cores: 16, Cache: 512 KB, CPU Speed: 3593.24 MHz
         Launch host Memory: MemTotal: 31806 MB,  MemFree: 699 MB,  SwapTotal: 0 MB,  SwapFree: 0 MB,  VmallocTotal: 33554431 MB,  VmallocUsed: 77 MB
INFO:    Current path: /home/cae1/Desktop/FPGA-OpenFPGA/ASIC_ADC/Cadence_sky/Sky130_DRC/drc_run
INFO:    Run directory same as current path
INFO:    Log directory: /home/cae1/Desktop/FPGA-OpenFPGA/ASIC_ADC/Cadence_sky/Sky130_DRC/drc_run/LOGS
INFO:    Setting LAYOUT_PRIMARY to: inv03f 
INFO:    PVL parsing results:
WARNING: The rule set 'Metal Fill' in technology 'sky130_fd_pr_main' has file './pvlFILL.rul' given for 'DrcRules'. However, this file does not exist, or cannot be read, and will be ignored.
WARNING: The rule set 'antenna' in technology 'sky130_fd_pr_main' has file './pvlAnt.rul' given for 'DrcRules'. However, this file does not exist, or cannot be read, and will be ignored.
WARNING: In technology 'sky130_fd_pr_main', the rule set 'default' is not a Pegasus rule set.
It will be accepted for this run but should be changed to a pegasusRuleSet.
WARNING: INCR_CONN at line 2 in file /home/cae1/Desktop/FPGA-OpenFPGA/ASIC_ADC/Cadence_sky/Sky130_DRC/pvs/./pvlDRC.rul is skipped. It is set in control file.
WARNING: RESULTS_DB -ascii at line 3 in file /home/cae1/Desktop/FPGA-OpenFPGA/ASIC_ADC/Cadence_sky/Sky130_DRC/pvs/./pvlDRC.rul is skipped. It is set in control file.

INFO:    See "/home/cae1/Desktop/FPGA-OpenFPGA/ASIC_ADC/Cadence_sky/Sky130_DRC/drc_run/LOGS/pvl.log" for additional details.

INFO:    Checking out 1 license(s) of feature: 'Pegasus_DRC' version 23.1
INFO:    License checkout successful ... 2024-11-18 13:49:01

INFO:    Checking out 1 license(s) of feature: 'Pegasus_16nm' version 23.1
INFO:    License checkout successful ... 2024-11-18 13:49:01
INFO:    Worker 0 started on host cae-europractice1.othr.de with 1 cpu(s)
         CPU: Model: AMD Ryzen Threadripper PRO 5975WX 32-Cores, OS: Oracle Linux Server release 8.10, Logical cores: 16, Physical cores: 16, Cache: 512 KB, CPU Speed: 3593.24 MHz
         Memory: MemTotal: 31806 MB,  MemFree: 701 MB,  SwapTotal: 0 MB,  SwapFree: 0 MB,  VmallocTotal: 33554431 MB,  VmallocUsed: 77 MB

INFO:    Gdsii input summary
         File name: /home/cae1/Desktop/FPGA-OpenFPGA/ASIC_ADC/Cadence_sky/Sky130_DRC/drc_run/inv03f.gds.gz
         File size: 1261
         Version: 5.0
         Library name: ADC
         Last modified: 2024-11-18 1:14:40
         Last accessed: 2024-11-18 13:48:58
         Database unit in user units: 0.001
         Database unit in meters: 1e-09
         Magnification: 1 

INFO:    Cell Summary:
         ----------------------------------------------------------------------------
             CELL                           INSTANCE    GEOMETRY      LABELS        HREF        FREF
         ----------------------------------------------------------------------------
         PYL1CON_C_CDNS_731934138460               0           1           0           1           1
         L1M1_C_CDNS_731934138461                  0           3           0           1           1
         L1M1_C_CDNS_731934138462                  0           3           0           2           2
         nfet_01v8_CDNS_731934138460               0          10           0           1           1
         pfet_01v8_CDNS_731934138461               0          11           0           1           1
         inv03f                                    6          19           0           1           1
         ----------------------------------------------------------------------------
         TOTAL CELL = 6;  INSTANCE = 6;  GEOMETRY = 47;  LABEL = 0

INFO:    Layer Summary:
         ----------------------------------------------------------------------------
             LAYER                   ID       HPN      HTC        FPN       FTC
         ----------------------------------------------------------------------------
         nwell                     1000         2         0         2         0
         diff                      1001         6         0         6         0
         poly                      1008        12         0        12         0
         li1                       1013        11         0        12         0
         mcon                      1014         6         0         7         0
         met1                      1015        10         0        11         0
         via                       1016         0         0         0         0
         met2                      1017         0         0         0         0
         via2                      1019         0         0         0         0
         met3                      1020         0         0         0         0
         via3                      1021         0         0         0         0
         met4                      1022         0         0         0         0
         via4                      1023         0         0         0         0
         met5                      1024         0         0         0         0
         pad                       1026         0         0         0         0
         capacitor                 1031         0         0         0         0
         inductor                  1034         0         0         0         0
         ----------------------------------------------------------------------------

INFO:    CHIP EXTENT: -180 -200 1560 4445


INFO:    Ports ...
         ========================================================================

INFO:    Texts For Connectivity ...
         ========================================================================

INFO:    Texts For SELECT -LABEL ...
         ========================================================================

INFO:    Texts For EXPAND_TEXT_ORIGIN ...
         ========================================================================

INFO:    Texts For DFM_TEXT ...
         ========================================================================

INFO:    Layer Summary(Texts For Connectivity):
         ----------------------------------------------------------------------------
             LAYER                   ID       TEXTS
         ----------------------------------------------------------------------------
         ----------------------------------------------------------------------------

INFO:    Layer Summary(Texts For SELECT -LABEL):
         ----------------------------------------------------------------------------
             LAYER                   ID       TEXTS
         ----------------------------------------------------------------------------
         ----------------------------------------------------------------------------

INFO:    Layer Summary(Texts For EXPAND_TEXT_ORIGIN):
         ----------------------------------------------------------------------------
             LAYER                   ID       TEXTS
         ----------------------------------------------------------------------------
         ----------------------------------------------------------------------------

INFO:    Layer Summary(Texts For DFM_TEXT):
         ----------------------------------------------------------------------------
             LAYER                   ID       TEXTS
         ----------------------------------------------------------------------------
         ----------------------------------------------------------------------------

INFO:    Expanded Cell Summary
         PYL1CON_C_CDNS_731934138460 is expanded.
         L1M1_C_CDNS_731934138461 is expanded.
         nfet_01v8_CDNS_731934138460 is expanded.
         pfet_01v8_CDNS_731934138461 is expanded.
         L1M1_C_CDNS_731934138462 is expanded.
INFO:    Rule R0_nwell_X1 completed with no violations, 1/26
INFO:    Rule R1_diff_X1 completed with no violations, 2/26
INFO:    Rule R2_poly_X1 completed with no violations, 3/26
INFO:    Rule R3_li1_X1 completed with no violations, 4/26
INFO:    Rule R4_mcon_X1 completed with no violations, 5/26
INFO:    Rule R5_met1_X1 completed with no violations, 6/26
INFO:    Rule R6_via_X1 completed with no violations, 7/26
INFO:    Rule R7_met2_X1 completed with no violations, 8/26
INFO:    Rule R8_via2_X1 completed with no violations, 9/26
INFO:    Rule R9_met3_X1 completed with no violations, 10/26
INFO:    Rule R10_via3_X1 completed with no violations, 11/26
INFO:    Rule R11_met4_X1 completed with no violations, 12/26
INFO:    Rule R12_via4_X1 completed with no violations, 13/26
INFO:    Rule R13_met5_X1 completed with no violations, 14/26
INFO:    Rule R14_pad_X1 completed with no violations, 15/26
INFO:    Rule R15_cap_X1 completed with no violations, 16/26
         Remaining rules: R16_ind_X1  R17_nwell_X2  R18_diff_X2  R19_met1_X2  R20_met2_X2  R21_met3_X2  R22_met4_X2  R23_met5_X2  R24_cap_X2  R25_ind_X2 
INFO:    Rule R16_ind_X1 completed with no violations, 17/26
         Remaining rules: R17_nwell_X2  R18_diff_X2  R19_met1_X2  R20_met2_X2  R21_met3_X2  R22_met4_X2  R23_met5_X2  R24_cap_X2  R25_ind_X2 
INFO:    Rule R17_nwell_X2 completed with no violations, 18/26
         Remaining rules: R18_diff_X2  R19_met1_X2  R20_met2_X2  R21_met3_X2  R22_met4_X2  R23_met5_X2  R24_cap_X2  R25_ind_X2 
INFO:    Rule R18_diff_X2 completed with no violations, 19/26
         Remaining rules: R19_met1_X2  R20_met2_X2  R21_met3_X2  R22_met4_X2  R23_met5_X2  R24_cap_X2  R25_ind_X2 
INFO:    Rule R19_met1_X2 completed with no violations, 20/26
         Remaining rules: R20_met2_X2  R21_met3_X2  R22_met4_X2  R23_met5_X2  R24_cap_X2  R25_ind_X2 
INFO:    Rule R20_met2_X2 completed with no violations, 21/26
         Remaining rules: R21_met3_X2  R22_met4_X2  R23_met5_X2  R24_cap_X2  R25_ind_X2 
INFO:    Rule R21_met3_X2 completed with no violations, 22/26
         Remaining rules: R22_met4_X2  R23_met5_X2  R24_cap_X2  R25_ind_X2 
INFO:    Rule R22_met4_X2 completed with no violations, 23/26
         Remaining rules: R23_met5_X2  R24_cap_X2  R25_ind_X2 
INFO:    Rule R23_met5_X2 completed with no violations, 24/26
         Remaining rules: R24_cap_X2  R25_ind_X2 
INFO:    Rule R24_cap_X2 completed with no violations, 25/26
         Remaining rules: R25_ind_X2 
INFO:    Rule R25_ind_X2 completed with no violations, 26/26
INFO:    Status: Runset 100% complete as of 2024-11-18 13:49:03   Elapsed: 00:00:01
         Worker: Active CPUs  Total Mem(MB)  Active Mem(MB)  CPU time(s)
              0:    1 /   1             17               8            1
INFO:	 Status: Finishing as of 2024-11-18 13:49:03   Elapsed: 00:00:01   CPU time[s]: 1
INFO:    Resource usage by worker at exit:
                  CPU      Elapsed  CPUs       CPU       Peak        Peak engine
         Worker:  time[s]  time[s]  Allocated  usage[%]  Memory[MB]  Memory[MB]
              0:        1        1          1     72.17          17            8
         Worker resource usage  summary: Total CPU[s]: 1  Run duration[s]: 1  Max peak memory[MB]: 17
         Worker CPU utilization summary: 1 of 1 available CPU seconds (100.00%) with 1 average available CPU(s)
INFO:    Generating summary in /home/cae1/Desktop/FPGA-OpenFPGA/ASIC_ADC/Cadence_sky/Sky130_DRC/drc_run/inv03f.sum
INFO:    All selected rules completed
         Total CPU Time                    : 1(s)
         Total Real Time                   : 2(s)
         Total Original Geometry           : 47(50)
         Total DRC RuleChecks              : 26
         Total DRC Results                 : 0 (0)
         ASCII report database is /home/cae1/Desktop/FPGA-OpenFPGA/ASIC_ADC/Cadence_sky/Sky130_DRC/drc_run/inv03f.drc_errors.ascii
INFO:    Checking in all SoftShare licenses.

Pegasus finished normally. 2024-11-18 13:49:03


